2024-12-19 05:18:41,149 - INFO - load model from: https://download.openmmlab.com/mmaction/recognition/csn/ircsn_from_scratch_r50_ig65m_20210617-ce545a37.pth
2024-12-19 05:18:41,150 - INFO - load checkpoint from http path: https://download.openmmlab.com/mmaction/recognition/csn/ircsn_from_scratch_r50_ig65m_20210617-ce545a37.pth
2024-12-19 05:20:39,041 - INFO - Epoch [1/60], Train Loss: 3.9273
2024-12-19 05:21:15,133 - INFO - Epoch [1/60], Validation Accuracy: 0.2431
2024-12-19 05:23:08,947 - INFO - Epoch [2/60], Train Loss: 3.7164
2024-12-19 05:23:45,349 - INFO - Epoch [2/60], Validation Accuracy: 0.4072
2024-12-19 05:25:38,413 - INFO - Epoch [3/60], Train Loss: 3.4960
2024-12-19 05:26:15,018 - INFO - Epoch [3/60], Validation Accuracy: 0.5183
2024-12-19 05:28:08,029 - INFO - Epoch [4/60], Train Loss: 3.3269
2024-12-19 05:28:44,835 - INFO - Epoch [4/60], Validation Accuracy: 0.5601
2024-12-19 05:30:37,654 - INFO - Epoch [5/60], Train Loss: 3.1610
2024-12-19 05:31:14,458 - INFO - Epoch [5/60], Validation Accuracy: 0.6196
2024-12-19 05:33:07,905 - INFO - Epoch [6/60], Train Loss: 3.0293
2024-12-19 05:33:44,528 - INFO - Epoch [6/60], Validation Accuracy: 0.6425
2024-12-19 05:35:37,440 - INFO - Epoch [7/60], Train Loss: 2.8846
2024-12-19 05:36:14,047 - INFO - Epoch [7/60], Validation Accuracy: 0.6673
2024-12-19 05:38:07,530 - INFO - Epoch [8/60], Train Loss: 2.7785
2024-12-19 05:38:44,255 - INFO - Epoch [8/60], Validation Accuracy: 0.6804
2024-12-19 05:40:37,196 - INFO - Epoch [9/60], Train Loss: 2.6575
2024-12-19 05:41:13,839 - INFO - Epoch [9/60], Validation Accuracy: 0.6948
2024-12-19 05:43:06,877 - INFO - Epoch [10/60], Train Loss: 2.5604
2024-12-19 05:43:43,566 - INFO - Epoch [10/60], Validation Accuracy: 0.6967
2024-12-19 05:45:36,506 - INFO - Epoch [11/60], Train Loss: 2.4791
2024-12-19 05:46:13,173 - INFO - Epoch [11/60], Validation Accuracy: 0.7150
2024-12-19 05:48:06,452 - INFO - Epoch [12/60], Train Loss: 2.4002
2024-12-19 05:48:43,091 - INFO - Epoch [12/60], Validation Accuracy: 0.7235
2024-12-19 05:50:36,731 - INFO - Epoch [13/60], Train Loss: 2.3613
2024-12-19 05:51:13,226 - INFO - Epoch [13/60], Validation Accuracy: 0.7124
2024-12-19 05:53:06,423 - INFO - Epoch [14/60], Train Loss: 2.3010
2024-12-19 05:53:43,271 - INFO - Epoch [14/60], Validation Accuracy: 0.7405
2024-12-19 05:55:36,625 - INFO - Epoch [15/60], Train Loss: 2.2393
2024-12-19 05:56:13,487 - INFO - Epoch [15/60], Validation Accuracy: 0.7510
2024-12-19 05:58:06,708 - INFO - Epoch [16/60], Train Loss: 2.2128
2024-12-19 05:58:43,442 - INFO - Epoch [16/60], Validation Accuracy: 0.7556
2024-12-19 06:00:37,075 - INFO - Epoch [17/60], Train Loss: 2.1219
2024-12-19 06:01:13,842 - INFO - Epoch [17/60], Validation Accuracy: 0.7484
2024-12-19 06:03:07,050 - INFO - Epoch [18/60], Train Loss: 2.1209
2024-12-19 06:03:43,919 - INFO - Epoch [18/60], Validation Accuracy: 0.7595
2024-12-19 06:05:36,807 - INFO - Epoch [19/60], Train Loss: 2.0762
2024-12-19 06:06:13,522 - INFO - Epoch [19/60], Validation Accuracy: 0.7595
2024-12-19 06:08:07,178 - INFO - Epoch [20/60], Train Loss: 2.0299
2024-12-19 06:08:43,898 - INFO - Epoch [20/60], Validation Accuracy: 0.7562
2024-12-19 06:10:37,202 - INFO - Epoch [21/60], Train Loss: 2.0266
2024-12-19 06:11:13,955 - INFO - Epoch [21/60], Validation Accuracy: 0.7608
2024-12-19 06:13:07,139 - INFO - Epoch [22/60], Train Loss: 1.9757
2024-12-19 06:13:43,806 - INFO - Epoch [22/60], Validation Accuracy: 0.7641
2024-12-19 06:15:37,418 - INFO - Epoch [23/60], Train Loss: 1.9712
2024-12-19 06:16:14,300 - INFO - Epoch [23/60], Validation Accuracy: 0.7739
2024-12-19 06:18:07,448 - INFO - Epoch [24/60], Train Loss: 1.9236
2024-12-19 06:18:44,066 - INFO - Epoch [24/60], Validation Accuracy: 0.7601
2024-12-19 06:20:37,130 - INFO - Epoch [25/60], Train Loss: 1.9196
2024-12-19 06:21:13,980 - INFO - Epoch [25/60], Validation Accuracy: 0.7549
2024-12-19 06:23:07,508 - INFO - Epoch [26/60], Train Loss: 1.9008
2024-12-19 06:23:44,277 - INFO - Epoch [26/60], Validation Accuracy: 0.7627
2024-12-19 06:25:37,383 - INFO - Epoch [27/60], Train Loss: 1.8833
2024-12-19 06:26:14,155 - INFO - Epoch [27/60], Validation Accuracy: 0.7641
2024-12-19 06:28:07,815 - INFO - Epoch [28/60], Train Loss: 1.8494
2024-12-19 06:28:44,554 - INFO - Epoch [28/60], Validation Accuracy: 0.7588
2024-12-19 06:30:37,735 - INFO - Epoch [29/60], Train Loss: 1.8163
2024-12-19 06:31:14,480 - INFO - Epoch [29/60], Validation Accuracy: 0.7660
2024-12-19 06:33:07,299 - INFO - Epoch [30/60], Train Loss: 1.8025
2024-12-19 06:33:44,137 - INFO - Epoch [30/60], Validation Accuracy: 0.7510
2024-12-19 06:35:37,492 - INFO - Epoch [31/60], Train Loss: 1.7869
2024-12-19 06:36:14,271 - INFO - Epoch [31/60], Validation Accuracy: 0.7627
2024-12-19 06:38:07,265 - INFO - Epoch [32/60], Train Loss: 1.7766
2024-12-19 06:38:44,279 - INFO - Epoch [32/60], Validation Accuracy: 0.7693
2024-12-19 06:40:37,527 - INFO - Epoch [33/60], Train Loss: 1.7476
2024-12-19 06:41:14,349 - INFO - Epoch [33/60], Validation Accuracy: 0.7765
2024-12-19 06:43:07,646 - INFO - Epoch [34/60], Train Loss: 1.7398
2024-12-19 06:43:44,496 - INFO - Epoch [34/60], Validation Accuracy: 0.7641
2024-12-19 06:45:37,781 - INFO - Epoch [35/60], Train Loss: 1.7569
2024-12-19 06:46:14,684 - INFO - Epoch [35/60], Validation Accuracy: 0.7569
2024-12-19 06:48:08,169 - INFO - Epoch [36/60], Train Loss: 1.6989
2024-12-19 06:48:44,621 - INFO - Epoch [36/60], Validation Accuracy: 0.7621
2024-12-19 06:50:37,851 - INFO - Epoch [37/60], Train Loss: 1.6899
2024-12-19 06:51:14,694 - INFO - Epoch [37/60], Validation Accuracy: 0.7758
2024-12-19 06:53:08,001 - INFO - Epoch [38/60], Train Loss: 1.6901
2024-12-19 06:53:44,751 - INFO - Epoch [38/60], Validation Accuracy: 0.7582
2024-12-19 06:55:37,894 - INFO - Epoch [39/60], Train Loss: 1.6815
2024-12-19 06:56:14,740 - INFO - Epoch [39/60], Validation Accuracy: 0.7569
2024-12-19 06:58:07,445 - INFO - Epoch [40/60], Train Loss: 1.6462
2024-12-19 06:58:44,405 - INFO - Epoch [40/60], Validation Accuracy: 0.7497
2024-12-19 07:00:38,011 - INFO - Epoch [41/60], Train Loss: 1.6353
2024-12-19 07:01:14,742 - INFO - Epoch [41/60], Validation Accuracy: 0.7595
2024-12-19 07:03:08,180 - INFO - Epoch [42/60], Train Loss: 1.6641
2024-12-19 07:03:45,018 - INFO - Epoch [42/60], Validation Accuracy: 0.7627
2024-12-19 07:05:38,101 - INFO - Epoch [43/60], Train Loss: 1.6135
2024-12-19 07:06:15,019 - INFO - Epoch [43/60], Validation Accuracy: 0.7608
2024-12-19 07:08:07,825 - INFO - Epoch [44/60], Train Loss: 1.6015
2024-12-19 07:08:44,754 - INFO - Epoch [44/60], Validation Accuracy: 0.7484
2024-12-19 07:10:38,514 - INFO - Epoch [45/60], Train Loss: 1.5882
2024-12-19 07:11:15,230 - INFO - Epoch [45/60], Validation Accuracy: 0.7601
2024-12-19 07:13:09,163 - INFO - Epoch [46/60], Train Loss: 1.5890
2024-12-19 07:13:45,896 - INFO - Epoch [46/60], Validation Accuracy: 0.7575
2024-12-19 07:15:39,013 - INFO - Epoch [47/60], Train Loss: 1.5738
2024-12-19 07:16:15,842 - INFO - Epoch [47/60], Validation Accuracy: 0.7503
2024-12-19 07:18:09,583 - INFO - Epoch [48/60], Train Loss: 1.6014
2024-12-19 07:18:46,369 - INFO - Epoch [48/60], Validation Accuracy: 0.7549
2024-12-19 07:20:39,647 - INFO - Epoch [49/60], Train Loss: 1.5457
2024-12-19 07:21:16,449 - INFO - Epoch [49/60], Validation Accuracy: 0.7536
2024-12-19 07:23:10,004 - INFO - Epoch [50/60], Train Loss: 1.5303
2024-12-19 07:23:46,621 - INFO - Epoch [50/60], Validation Accuracy: 0.7575
2024-12-19 07:25:40,357 - INFO - Epoch [51/60], Train Loss: 1.5482
2024-12-19 07:26:17,089 - INFO - Epoch [51/60], Validation Accuracy: 0.7569
2024-12-19 07:28:10,340 - INFO - Epoch [52/60], Train Loss: 1.5474
2024-12-19 07:28:47,273 - INFO - Epoch [52/60], Validation Accuracy: 0.7431
2024-12-19 07:30:40,962 - INFO - Epoch [53/60], Train Loss: 1.5423
2024-12-19 07:31:17,901 - INFO - Epoch [53/60], Validation Accuracy: 0.7601
2024-12-19 07:33:11,081 - INFO - Epoch [54/60], Train Loss: 1.5223
2024-12-19 07:33:48,051 - INFO - Epoch [54/60], Validation Accuracy: 0.7425
2024-12-19 07:35:41,379 - INFO - Epoch [55/60], Train Loss: 1.5187
2024-12-19 07:36:18,178 - INFO - Epoch [55/60], Validation Accuracy: 0.7490
2024-12-19 07:38:11,427 - INFO - Epoch [56/60], Train Loss: 1.5256
2024-12-19 07:38:48,384 - INFO - Epoch [56/60], Validation Accuracy: 0.7497
2024-12-19 07:40:42,095 - INFO - Epoch [57/60], Train Loss: 1.5096
2024-12-19 07:41:19,047 - INFO - Epoch [57/60], Validation Accuracy: 0.7464
2024-12-19 07:43:12,615 - INFO - Epoch [58/60], Train Loss: 1.5115
2024-12-19 07:43:49,379 - INFO - Epoch [58/60], Validation Accuracy: 0.7471
2024-12-19 07:45:42,966 - INFO - Epoch [59/60], Train Loss: 1.4945
2024-12-19 07:46:19,759 - INFO - Epoch [59/60], Validation Accuracy: 0.7412
2024-12-19 07:48:12,918 - INFO - Epoch [60/60], Train Loss: 1.4842
2024-12-19 07:48:49,697 - INFO - Epoch [60/60], Validation Accuracy: 0.7399
2024-12-19 07:48:50,082 - INFO - load model from: https://download.openmmlab.com/mmaction/recognition/csn/ircsn_from_scratch_r50_ig65m_20210617-ce545a37.pth
2024-12-19 07:48:50,083 - INFO - load checkpoint from http path: https://download.openmmlab.com/mmaction/recognition/csn/ircsn_from_scratch_r50_ig65m_20210617-ce545a37.pth
2024-12-19 07:50:43,620 - INFO - Epoch [1/60], Train Loss: 3.9110
2024-12-19 07:51:20,248 - INFO - Epoch [1/60], Validation Accuracy: 0.2660
2024-12-19 07:53:13,970 - INFO - Epoch [2/60], Train Loss: 3.6780
2024-12-19 07:53:50,732 - INFO - Epoch [2/60], Validation Accuracy: 0.3680
2024-12-19 07:55:44,316 - INFO - Epoch [3/60], Train Loss: 3.4964
2024-12-19 07:56:21,004 - INFO - Epoch [3/60], Validation Accuracy: 0.4641
2024-12-19 07:58:14,101 - INFO - Epoch [4/60], Train Loss: 3.3331
2024-12-19 07:58:50,915 - INFO - Epoch [4/60], Validation Accuracy: 0.5216
2024-12-19 08:00:44,343 - INFO - Epoch [5/60], Train Loss: 3.1853
2024-12-19 08:01:20,927 - INFO - Epoch [5/60], Validation Accuracy: 0.5654
2024-12-19 08:03:14,617 - INFO - Epoch [6/60], Train Loss: 3.0467
2024-12-19 08:03:51,233 - INFO - Epoch [6/60], Validation Accuracy: 0.6007
2024-12-19 08:05:44,433 - INFO - Epoch [7/60], Train Loss: 2.9288
2024-12-19 08:06:21,334 - INFO - Epoch [7/60], Validation Accuracy: 0.6216
2024-12-19 08:08:14,750 - INFO - Epoch [8/60], Train Loss: 2.8328
2024-12-19 08:08:51,666 - INFO - Epoch [8/60], Validation Accuracy: 0.6405
2024-12-19 08:10:44,827 - INFO - Epoch [9/60], Train Loss: 2.7393
2024-12-19 08:11:21,434 - INFO - Epoch [9/60], Validation Accuracy: 0.6477
2024-12-19 08:13:14,953 - INFO - Epoch [10/60], Train Loss: 2.6579
2024-12-19 08:13:51,894 - INFO - Epoch [10/60], Validation Accuracy: 0.6699
2024-12-19 08:15:45,404 - INFO - Epoch [11/60], Train Loss: 2.5661
2024-12-19 08:16:22,135 - INFO - Epoch [11/60], Validation Accuracy: 0.6876
2024-12-19 08:18:15,768 - INFO - Epoch [12/60], Train Loss: 2.5087
2024-12-19 08:18:52,703 - INFO - Epoch [12/60], Validation Accuracy: 0.6902
2024-12-19 08:20:46,353 - INFO - Epoch [13/60], Train Loss: 2.4289
2024-12-19 08:21:23,060 - INFO - Epoch [13/60], Validation Accuracy: 0.7026
2024-12-19 08:23:16,758 - INFO - Epoch [14/60], Train Loss: 2.3825
2024-12-19 08:23:53,685 - INFO - Epoch [14/60], Validation Accuracy: 0.7216
2024-12-19 08:25:46,672 - INFO - Epoch [15/60], Train Loss: 2.3421
2024-12-19 08:26:23,419 - INFO - Epoch [15/60], Validation Accuracy: 0.7294
2024-12-19 08:28:16,897 - INFO - Epoch [16/60], Train Loss: 2.2851
2024-12-19 08:28:53,793 - INFO - Epoch [16/60], Validation Accuracy: 0.7320
2024-12-19 08:30:46,799 - INFO - Epoch [17/60], Train Loss: 2.2347
2024-12-19 08:31:23,589 - INFO - Epoch [17/60], Validation Accuracy: 0.7444
2024-12-19 08:33:16,695 - INFO - Epoch [18/60], Train Loss: 2.2152
2024-12-19 08:33:53,357 - INFO - Epoch [18/60], Validation Accuracy: 0.7458
2024-12-19 08:35:47,150 - INFO - Epoch [19/60], Train Loss: 2.1779
2024-12-19 08:36:23,875 - INFO - Epoch [19/60], Validation Accuracy: 0.7503
2024-12-19 08:38:17,450 - INFO - Epoch [20/60], Train Loss: 2.1051
2024-12-19 08:38:54,198 - INFO - Epoch [20/60], Validation Accuracy: 0.7569
2024-12-19 08:40:47,744 - INFO - Epoch [21/60], Train Loss: 2.1131
2024-12-19 08:41:24,504 - INFO - Epoch [21/60], Validation Accuracy: 0.7562
2024-12-19 08:43:17,893 - INFO - Epoch [22/60], Train Loss: 2.0571
2024-12-19 08:43:54,763 - INFO - Epoch [22/60], Validation Accuracy: 0.7542
2024-12-19 08:45:48,779 - INFO - Epoch [23/60], Train Loss: 2.0616
2024-12-19 08:46:25,780 - INFO - Epoch [23/60], Validation Accuracy: 0.7523
2024-12-19 08:48:19,062 - INFO - Epoch [24/60], Train Loss: 2.0222
2024-12-19 08:48:55,849 - INFO - Epoch [24/60], Validation Accuracy: 0.7569
2024-12-19 08:50:49,098 - INFO - Epoch [25/60], Train Loss: 1.9803
2024-12-19 08:51:25,827 - INFO - Epoch [25/60], Validation Accuracy: 0.7562
2024-12-19 08:53:19,324 - INFO - Epoch [26/60], Train Loss: 1.9649
2024-12-19 08:53:56,027 - INFO - Epoch [26/60], Validation Accuracy: 0.7471
2024-12-19 08:55:49,501 - INFO - Epoch [27/60], Train Loss: 1.9409
2024-12-19 08:56:26,497 - INFO - Epoch [27/60], Validation Accuracy: 0.7516
2024-12-19 08:58:20,209 - INFO - Epoch [28/60], Train Loss: 1.9183
2024-12-19 08:58:57,161 - INFO - Epoch [28/60], Validation Accuracy: 0.7542
2024-12-19 09:00:50,650 - INFO - Epoch [29/60], Train Loss: 1.9098
2024-12-19 09:01:27,377 - INFO - Epoch [29/60], Validation Accuracy: 0.7582
2024-12-19 09:03:20,330 - INFO - Epoch [30/60], Train Loss: 1.8897
2024-12-19 09:03:57,126 - INFO - Epoch [30/60], Validation Accuracy: 0.7575
2024-12-19 09:05:50,734 - INFO - Epoch [31/60], Train Loss: 1.8781
2024-12-19 09:06:27,774 - INFO - Epoch [31/60], Validation Accuracy: 0.7588
2024-12-19 09:08:21,468 - INFO - Epoch [32/60], Train Loss: 1.8460
2024-12-19 09:08:58,317 - INFO - Epoch [32/60], Validation Accuracy: 0.7490
2024-12-19 09:10:51,395 - INFO - Epoch [33/60], Train Loss: 1.7964
2024-12-19 09:11:28,282 - INFO - Epoch [33/60], Validation Accuracy: 0.7497
2024-12-19 09:13:21,753 - INFO - Epoch [34/60], Train Loss: 1.7926
2024-12-19 09:13:58,516 - INFO - Epoch [34/60], Validation Accuracy: 0.7418
2024-12-19 09:15:52,056 - INFO - Epoch [35/60], Train Loss: 1.8024
2024-12-19 09:16:28,882 - INFO - Epoch [35/60], Validation Accuracy: 0.7451
2024-12-19 09:18:22,235 - INFO - Epoch [36/60], Train Loss: 1.7918
2024-12-19 09:18:59,232 - INFO - Epoch [36/60], Validation Accuracy: 0.7490
2024-12-19 09:20:52,873 - INFO - Epoch [37/60], Train Loss: 1.7574
2024-12-19 09:21:29,761 - INFO - Epoch [37/60], Validation Accuracy: 0.7516
2024-12-19 09:23:23,111 - INFO - Epoch [38/60], Train Loss: 1.7485
2024-12-19 09:23:59,834 - INFO - Epoch [38/60], Validation Accuracy: 0.7438
2024-12-19 09:25:53,450 - INFO - Epoch [39/60], Train Loss: 1.7197
2024-12-19 09:26:30,259 - INFO - Epoch [39/60], Validation Accuracy: 0.7503
2024-12-19 09:28:23,752 - INFO - Epoch [40/60], Train Loss: 1.7318
2024-12-19 09:29:00,600 - INFO - Epoch [40/60], Validation Accuracy: 0.7510
2024-12-19 09:30:54,360 - INFO - Epoch [41/60], Train Loss: 1.6963
2024-12-19 09:31:31,102 - INFO - Epoch [41/60], Validation Accuracy: 0.7549
2024-12-19 09:33:24,461 - INFO - Epoch [42/60], Train Loss: 1.6959
2024-12-19 09:34:01,234 - INFO - Epoch [42/60], Validation Accuracy: 0.7458
2024-12-19 09:35:54,484 - INFO - Epoch [43/60], Train Loss: 1.6691
2024-12-19 09:36:31,401 - INFO - Epoch [43/60], Validation Accuracy: 0.7366
2024-12-19 09:38:24,837 - INFO - Epoch [44/60], Train Loss: 1.7006
2024-12-19 09:39:01,500 - INFO - Epoch [44/60], Validation Accuracy: 0.7379
2024-12-19 09:40:54,926 - INFO - Epoch [45/60], Train Loss: 1.6638
2024-12-19 09:41:31,932 - INFO - Epoch [45/60], Validation Accuracy: 0.7399
2024-12-19 09:43:25,032 - INFO - Epoch [46/60], Train Loss: 1.6553
2024-12-19 09:44:01,871 - INFO - Epoch [46/60], Validation Accuracy: 0.7327
2024-12-19 09:45:55,510 - INFO - Epoch [47/60], Train Loss: 1.6435
2024-12-19 09:46:32,299 - INFO - Epoch [47/60], Validation Accuracy: 0.7392
2024-12-19 09:48:25,982 - INFO - Epoch [48/60], Train Loss: 1.6076
2024-12-19 09:49:02,706 - INFO - Epoch [48/60], Validation Accuracy: 0.7458
2024-12-19 09:50:56,478 - INFO - Epoch [49/60], Train Loss: 1.6199
2024-12-19 09:51:33,386 - INFO - Epoch [49/60], Validation Accuracy: 0.7444
2024-12-19 09:53:26,983 - INFO - Epoch [50/60], Train Loss: 1.6110
2024-12-19 09:54:03,945 - INFO - Epoch [50/60], Validation Accuracy: 0.7418
2024-12-19 09:55:57,482 - INFO - Epoch [51/60], Train Loss: 1.5968
2024-12-19 09:56:34,409 - INFO - Epoch [51/60], Validation Accuracy: 0.7510
2024-12-19 09:58:28,170 - INFO - Epoch [52/60], Train Loss: 1.6048
2024-12-19 09:59:05,053 - INFO - Epoch [52/60], Validation Accuracy: 0.7458
2024-12-19 10:00:58,135 - INFO - Epoch [53/60], Train Loss: 1.5740
2024-12-19 10:01:34,931 - INFO - Epoch [53/60], Validation Accuracy: 0.7379
2024-12-19 10:03:28,746 - INFO - Epoch [54/60], Train Loss: 1.5606
2024-12-19 10:04:05,574 - INFO - Epoch [54/60], Validation Accuracy: 0.7392
2024-12-19 10:05:59,466 - INFO - Epoch [55/60], Train Loss: 1.5568
2024-12-19 10:06:36,435 - INFO - Epoch [55/60], Validation Accuracy: 0.7399
2024-12-19 10:08:29,507 - INFO - Epoch [56/60], Train Loss: 1.5516
2024-12-19 10:09:06,130 - INFO - Epoch [56/60], Validation Accuracy: 0.7458
2024-12-19 10:10:59,860 - INFO - Epoch [57/60], Train Loss: 1.5638
2024-12-19 10:11:36,723 - INFO - Epoch [57/60], Validation Accuracy: 0.7458
2024-12-19 10:13:29,992 - INFO - Epoch [58/60], Train Loss: 1.5553
2024-12-19 10:14:06,754 - INFO - Epoch [58/60], Validation Accuracy: 0.7471
2024-12-19 10:16:00,468 - INFO - Epoch [59/60], Train Loss: 1.5229
2024-12-19 10:16:37,480 - INFO - Epoch [59/60], Validation Accuracy: 0.7444
2024-12-19 10:18:31,137 - INFO - Epoch [60/60], Train Loss: 1.5373
2024-12-19 10:19:07,981 - INFO - Epoch [60/60], Validation Accuracy: 0.7379
2024-12-19 10:19:08,378 - INFO - load model from: https://download.openmmlab.com/mmaction/recognition/csn/ircsn_from_scratch_r50_ig65m_20210617-ce545a37.pth
2024-12-19 10:19:08,379 - INFO - load checkpoint from http path: https://download.openmmlab.com/mmaction/recognition/csn/ircsn_from_scratch_r50_ig65m_20210617-ce545a37.pth
2024-12-19 10:21:01,893 - INFO - Epoch [1/60], Train Loss: 3.9197
2024-12-19 10:21:38,814 - INFO - Epoch [1/60], Validation Accuracy: 0.2895
2024-12-19 10:23:32,419 - INFO - Epoch [2/60], Train Loss: 3.6978
2024-12-19 10:24:09,160 - INFO - Epoch [2/60], Validation Accuracy: 0.4915
2024-12-19 10:26:02,360 - INFO - Epoch [3/60], Train Loss: 3.4982
2024-12-19 10:26:39,302 - INFO - Epoch [3/60], Validation Accuracy: 0.5667
2024-12-19 10:28:32,630 - INFO - Epoch [4/60], Train Loss: 3.3157
2024-12-19 10:29:09,318 - INFO - Epoch [4/60], Validation Accuracy: 0.5863
2024-12-19 10:31:02,280 - INFO - Epoch [5/60], Train Loss: 3.1517
2024-12-19 10:31:39,101 - INFO - Epoch [5/60], Validation Accuracy: 0.6046
2024-12-19 10:33:32,700 - INFO - Epoch [6/60], Train Loss: 3.0169
2024-12-19 10:34:09,510 - INFO - Epoch [6/60], Validation Accuracy: 0.6379
2024-12-19 10:36:03,193 - INFO - Epoch [7/60], Train Loss: 2.8885
2024-12-19 10:36:39,837 - INFO - Epoch [7/60], Validation Accuracy: 0.6575
2024-12-19 10:38:33,002 - INFO - Epoch [8/60], Train Loss: 2.7691
2024-12-19 10:39:09,774 - INFO - Epoch [8/60], Validation Accuracy: 0.6575
2024-12-19 10:41:03,275 - INFO - Epoch [9/60], Train Loss: 2.6791
2024-12-19 10:41:40,037 - INFO - Epoch [9/60], Validation Accuracy: 0.6647
2024-12-19 10:43:33,450 - INFO - Epoch [10/60], Train Loss: 2.5895
2024-12-19 10:44:10,229 - INFO - Epoch [10/60], Validation Accuracy: 0.6850
2024-12-19 10:46:03,951 - INFO - Epoch [11/60], Train Loss: 2.5266
2024-12-19 10:46:40,753 - INFO - Epoch [11/60], Validation Accuracy: 0.6967
2024-12-19 10:48:33,873 - INFO - Epoch [12/60], Train Loss: 2.4463
2024-12-19 10:49:10,890 - INFO - Epoch [12/60], Validation Accuracy: 0.7131
2024-12-19 10:51:04,930 - INFO - Epoch [13/60], Train Loss: 2.3894
2024-12-19 10:51:41,785 - INFO - Epoch [13/60], Validation Accuracy: 0.7092
2024-12-19 10:53:35,332 - INFO - Epoch [14/60], Train Loss: 2.3220
2024-12-19 10:54:12,196 - INFO - Epoch [14/60], Validation Accuracy: 0.7373
2024-12-19 10:56:05,495 - INFO - Epoch [15/60], Train Loss: 2.2729
2024-12-19 10:56:42,271 - INFO - Epoch [15/60], Validation Accuracy: 0.7359
2024-12-19 10:58:36,037 - INFO - Epoch [16/60], Train Loss: 2.2189
2024-12-19 10:59:12,780 - INFO - Epoch [16/60], Validation Accuracy: 0.7516
2024-12-19 11:01:06,543 - INFO - Epoch [17/60], Train Loss: 2.2004
2024-12-19 11:01:43,451 - INFO - Epoch [17/60], Validation Accuracy: 0.7510
2024-12-19 11:03:37,019 - INFO - Epoch [18/60], Train Loss: 2.1529
2024-12-19 11:04:13,864 - INFO - Epoch [18/60], Validation Accuracy: 0.7471
2024-12-19 11:06:07,430 - INFO - Epoch [19/60], Train Loss: 2.1333
2024-12-19 11:06:44,309 - INFO - Epoch [19/60], Validation Accuracy: 0.7431
2024-12-19 11:08:37,881 - INFO - Epoch [20/60], Train Loss: 2.0882
2024-12-19 11:09:14,723 - INFO - Epoch [20/60], Validation Accuracy: 0.7438
2024-12-19 11:11:07,943 - INFO - Epoch [21/60], Train Loss: 2.0534
2024-12-19 11:11:44,855 - INFO - Epoch [21/60], Validation Accuracy: 0.7556
2024-12-19 11:13:38,386 - INFO - Epoch [22/60], Train Loss: 2.0293
2024-12-19 11:14:15,270 - INFO - Epoch [22/60], Validation Accuracy: 0.7503
2024-12-19 11:16:08,839 - INFO - Epoch [23/60], Train Loss: 2.0251
2024-12-19 11:16:45,662 - INFO - Epoch [23/60], Validation Accuracy: 0.7484
2024-12-19 11:18:39,022 - INFO - Epoch [24/60], Train Loss: 1.9625
2024-12-19 11:19:15,859 - INFO - Epoch [24/60], Validation Accuracy: 0.7556
2024-12-19 11:21:10,233 - INFO - Epoch [25/60], Train Loss: 1.9587
2024-12-19 11:21:47,328 - INFO - Epoch [25/60], Validation Accuracy: 0.7510
2024-12-19 11:23:40,881 - INFO - Epoch [26/60], Train Loss: 1.9380
2024-12-19 11:24:17,630 - INFO - Epoch [26/60], Validation Accuracy: 0.7503
2024-12-19 11:26:11,595 - INFO - Epoch [27/60], Train Loss: 1.8970
2024-12-19 11:26:48,612 - INFO - Epoch [27/60], Validation Accuracy: 0.7497
2024-12-19 11:28:41,887 - INFO - Epoch [28/60], Train Loss: 1.8899
2024-12-19 11:29:18,802 - INFO - Epoch [28/60], Validation Accuracy: 0.7497
2024-12-19 11:31:12,106 - INFO - Epoch [29/60], Train Loss: 1.8628
2024-12-19 11:31:48,963 - INFO - Epoch [29/60], Validation Accuracy: 0.7405
2024-12-19 11:33:42,284 - INFO - Epoch [30/60], Train Loss: 1.8160
2024-12-19 11:34:19,192 - INFO - Epoch [30/60], Validation Accuracy: 0.7484
2024-12-19 11:36:13,018 - INFO - Epoch [31/60], Train Loss: 1.8154
2024-12-19 11:36:49,995 - INFO - Epoch [31/60], Validation Accuracy: 0.7523
2024-12-19 11:38:43,720 - INFO - Epoch [32/60], Train Loss: 1.8040
2024-12-19 11:39:20,656 - INFO - Epoch [32/60], Validation Accuracy: 0.7536
2024-12-19 11:41:14,770 - INFO - Epoch [33/60], Train Loss: 1.8023
2024-12-19 11:41:51,587 - INFO - Epoch [33/60], Validation Accuracy: 0.7536
2024-12-19 11:43:45,405 - INFO - Epoch [34/60], Train Loss: 1.7933
2024-12-19 11:44:22,196 - INFO - Epoch [34/60], Validation Accuracy: 0.7516
2024-12-19 11:46:15,718 - INFO - Epoch [35/60], Train Loss: 1.7643
2024-12-19 11:46:52,616 - INFO - Epoch [35/60], Validation Accuracy: 0.7405
2024-12-19 11:48:46,081 - INFO - Epoch [36/60], Train Loss: 1.7693
2024-12-19 11:49:22,931 - INFO - Epoch [36/60], Validation Accuracy: 0.7503
2024-12-19 11:51:16,375 - INFO - Epoch [37/60], Train Loss: 1.7597
2024-12-19 11:51:53,391 - INFO - Epoch [37/60], Validation Accuracy: 0.7510
2024-12-19 11:53:46,676 - INFO - Epoch [38/60], Train Loss: 1.7250
2024-12-19 11:54:23,610 - INFO - Epoch [38/60], Validation Accuracy: 0.7510
2024-12-19 11:56:17,864 - INFO - Epoch [39/60], Train Loss: 1.7208
2024-12-19 11:56:54,645 - INFO - Epoch [39/60], Validation Accuracy: 0.7477
2024-12-19 11:58:48,427 - INFO - Epoch [40/60], Train Loss: 1.6891
2024-12-19 11:59:25,223 - INFO - Epoch [40/60], Validation Accuracy: 0.7497
2024-12-19 12:01:19,071 - INFO - Epoch [41/60], Train Loss: 1.6938
2024-12-19 12:01:56,046 - INFO - Epoch [41/60], Validation Accuracy: 0.7542
2024-12-19 12:03:49,753 - INFO - Epoch [42/60], Train Loss: 1.6955
2024-12-19 12:04:26,466 - INFO - Epoch [42/60], Validation Accuracy: 0.7431
2024-12-19 12:06:20,095 - INFO - Epoch [43/60], Train Loss: 1.6451
2024-12-19 12:06:56,977 - INFO - Epoch [43/60], Validation Accuracy: 0.7425
2024-12-19 12:08:50,543 - INFO - Epoch [44/60], Train Loss: 1.6682
2024-12-19 12:09:27,606 - INFO - Epoch [44/60], Validation Accuracy: 0.7536
2024-12-19 12:11:20,620 - INFO - Epoch [45/60], Train Loss: 1.6313
2024-12-19 12:11:57,515 - INFO - Epoch [45/60], Validation Accuracy: 0.7523
2024-12-19 12:13:51,357 - INFO - Epoch [46/60], Train Loss: 1.6223
2024-12-19 12:14:28,268 - INFO - Epoch [46/60], Validation Accuracy: 0.7549
2024-12-19 12:16:22,234 - INFO - Epoch [47/60], Train Loss: 1.6516
2024-12-19 12:16:59,379 - INFO - Epoch [47/60], Validation Accuracy: 0.7399
2024-12-19 12:18:52,642 - INFO - Epoch [48/60], Train Loss: 1.5957
2024-12-19 12:19:29,523 - INFO - Epoch [48/60], Validation Accuracy: 0.7542
2024-12-19 12:21:23,241 - INFO - Epoch [49/60], Train Loss: 1.5866
2024-12-19 12:22:00,198 - INFO - Epoch [49/60], Validation Accuracy: 0.7392
2024-12-19 12:23:53,344 - INFO - Epoch [50/60], Train Loss: 1.5962
2024-12-19 12:24:30,240 - INFO - Epoch [50/60], Validation Accuracy: 0.7438
2024-12-19 12:26:23,929 - INFO - Epoch [51/60], Train Loss: 1.5997
2024-12-19 12:27:00,608 - INFO - Epoch [51/60], Validation Accuracy: 0.7373
2024-12-19 12:28:54,005 - INFO - Epoch [52/60], Train Loss: 1.5751
2024-12-19 12:29:30,618 - INFO - Epoch [52/60], Validation Accuracy: 0.7556
2024-12-19 12:31:24,432 - INFO - Epoch [53/60], Train Loss: 1.5762
2024-12-19 12:32:01,175 - INFO - Epoch [53/60], Validation Accuracy: 0.7464
2024-12-19 12:33:54,785 - INFO - Epoch [54/60], Train Loss: 1.5467
2024-12-19 12:34:31,525 - INFO - Epoch [54/60], Validation Accuracy: 0.7451
2024-12-19 12:36:25,485 - INFO - Epoch [55/60], Train Loss: 1.5527
2024-12-19 12:37:02,456 - INFO - Epoch [55/60], Validation Accuracy: 0.7412
2024-12-19 12:38:55,617 - INFO - Epoch [56/60], Train Loss: 1.5433
2024-12-19 12:39:32,373 - INFO - Epoch [56/60], Validation Accuracy: 0.7340
2024-12-19 12:41:25,901 - INFO - Epoch [57/60], Train Loss: 1.5325
2024-12-19 12:42:02,726 - INFO - Epoch [57/60], Validation Accuracy: 0.7431
2024-12-19 12:43:56,355 - INFO - Epoch [58/60], Train Loss: 1.5436
2024-12-19 12:44:33,414 - INFO - Epoch [58/60], Validation Accuracy: 0.7444
2024-12-19 12:46:26,843 - INFO - Epoch [59/60], Train Loss: 1.5277
2024-12-19 12:47:03,709 - INFO - Epoch [59/60], Validation Accuracy: 0.7412
2024-12-19 12:48:57,737 - INFO - Epoch [60/60], Train Loss: 1.5336
2024-12-19 12:49:34,585 - INFO - Epoch [60/60], Validation Accuracy: 0.7399
2024-12-19 12:49:34,977 - INFO - load model from: https://download.openmmlab.com/mmaction/recognition/csn/ircsn_from_scratch_r50_ig65m_20210617-ce545a37.pth
2024-12-19 12:49:34,978 - INFO - load checkpoint from http path: https://download.openmmlab.com/mmaction/recognition/csn/ircsn_from_scratch_r50_ig65m_20210617-ce545a37.pth
2024-12-19 12:51:29,041 - INFO - Epoch [1/60], Train Loss: 3.9210
2024-12-19 12:52:06,057 - INFO - Epoch [1/60], Validation Accuracy: 0.2131
2024-12-19 12:53:59,471 - INFO - Epoch [2/60], Train Loss: 3.7089
2024-12-19 12:54:36,193 - INFO - Epoch [2/60], Validation Accuracy: 0.3974
2024-12-19 12:56:29,810 - INFO - Epoch [3/60], Train Loss: 3.5316
2024-12-19 12:57:06,701 - INFO - Epoch [3/60], Validation Accuracy: 0.4634
2024-12-19 12:59:00,201 - INFO - Epoch [4/60], Train Loss: 3.3582
2024-12-19 12:59:37,120 - INFO - Epoch [4/60], Validation Accuracy: 0.5255
2024-12-19 13:01:30,272 - INFO - Epoch [5/60], Train Loss: 3.2050
2024-12-19 13:02:07,221 - INFO - Epoch [5/60], Validation Accuracy: 0.5523
2024-12-19 13:04:00,795 - INFO - Epoch [6/60], Train Loss: 3.0764
2024-12-19 13:04:37,736 - INFO - Epoch [6/60], Validation Accuracy: 0.5967
2024-12-19 13:06:31,784 - INFO - Epoch [7/60], Train Loss: 2.9433
2024-12-19 13:07:08,905 - INFO - Epoch [7/60], Validation Accuracy: 0.6235
2024-12-19 13:09:02,248 - INFO - Epoch [8/60], Train Loss: 2.8353
2024-12-19 13:09:39,232 - INFO - Epoch [8/60], Validation Accuracy: 0.6418
2024-12-19 13:11:32,750 - INFO - Epoch [9/60], Train Loss: 2.7325
2024-12-19 13:12:09,547 - INFO - Epoch [9/60], Validation Accuracy: 0.6641
2024-12-19 13:14:03,110 - INFO - Epoch [10/60], Train Loss: 2.6453
2024-12-19 13:14:39,924 - INFO - Epoch [10/60], Validation Accuracy: 0.6908
2024-12-19 13:16:33,451 - INFO - Epoch [11/60], Train Loss: 2.5736
2024-12-19 13:17:10,384 - INFO - Epoch [11/60], Validation Accuracy: 0.6980
2024-12-19 13:19:04,093 - INFO - Epoch [12/60], Train Loss: 2.5003
2024-12-19 13:19:41,011 - INFO - Epoch [12/60], Validation Accuracy: 0.7209
2024-12-19 13:21:34,297 - INFO - Epoch [13/60], Train Loss: 2.4245
2024-12-19 13:22:11,281 - INFO - Epoch [13/60], Validation Accuracy: 0.7124
2024-12-19 13:24:05,107 - INFO - Epoch [14/60], Train Loss: 2.3558
2024-12-19 13:24:41,995 - INFO - Epoch [14/60], Validation Accuracy: 0.7216
2024-12-19 13:26:35,765 - INFO - Epoch [15/60], Train Loss: 2.3146
2024-12-19 13:27:12,431 - INFO - Epoch [15/60], Validation Accuracy: 0.7431
2024-12-19 13:29:06,255 - INFO - Epoch [16/60], Train Loss: 2.2664
2024-12-19 13:29:43,156 - INFO - Epoch [16/60], Validation Accuracy: 0.7359
2024-12-19 13:31:36,327 - INFO - Epoch [17/60], Train Loss: 2.2323
2024-12-19 13:32:13,403 - INFO - Epoch [17/60], Validation Accuracy: 0.7542
2024-12-19 13:34:06,915 - INFO - Epoch [18/60], Train Loss: 2.1916
2024-12-19 13:34:43,878 - INFO - Epoch [18/60], Validation Accuracy: 0.7516
2024-12-19 13:36:37,455 - INFO - Epoch [19/60], Train Loss: 2.1164
2024-12-19 13:37:14,196 - INFO - Epoch [19/60], Validation Accuracy: 0.7634
2024-12-19 13:39:07,535 - INFO - Epoch [20/60], Train Loss: 2.0971
2024-12-19 13:39:44,470 - INFO - Epoch [20/60], Validation Accuracy: 0.7536
2024-12-19 13:41:38,524 - INFO - Epoch [21/60], Train Loss: 2.0801
2024-12-19 13:42:15,392 - INFO - Epoch [21/60], Validation Accuracy: 0.7595
2024-12-19 13:44:09,132 - INFO - Epoch [22/60], Train Loss: 2.0252
2024-12-19 13:44:46,255 - INFO - Epoch [22/60], Validation Accuracy: 0.7556
2024-12-19 13:46:40,716 - INFO - Epoch [23/60], Train Loss: 2.0262
2024-12-19 13:47:17,829 - INFO - Epoch [23/60], Validation Accuracy: 0.7575
2024-12-19 13:49:11,654 - INFO - Epoch [24/60], Train Loss: 1.9803
2024-12-19 13:49:48,506 - INFO - Epoch [24/60], Validation Accuracy: 0.7641
2024-12-19 13:51:41,549 - INFO - Epoch [25/60], Train Loss: 1.9524
2024-12-19 13:52:18,435 - INFO - Epoch [25/60], Validation Accuracy: 0.7627
2024-12-19 13:54:13,723 - INFO - Epoch [26/60], Train Loss: 1.9370
2024-12-19 13:54:50,188 - INFO - Epoch [26/60], Validation Accuracy: 0.7595
2024-12-19 13:56:44,506 - INFO - Epoch [27/60], Train Loss: 1.9084
2024-12-19 13:57:21,109 - INFO - Epoch [27/60], Validation Accuracy: 0.7608
2024-12-19 13:59:14,754 - INFO - Epoch [28/60], Train Loss: 1.8869
2024-12-19 13:59:51,426 - INFO - Epoch [28/60], Validation Accuracy: 0.7556
2024-12-19 14:01:44,789 - INFO - Epoch [29/60], Train Loss: 1.8756
2024-12-19 14:02:21,317 - INFO - Epoch [29/60], Validation Accuracy: 0.7621
2024-12-19 14:04:14,786 - INFO - Epoch [30/60], Train Loss: 1.8826
2024-12-19 14:04:51,175 - INFO - Epoch [30/60], Validation Accuracy: 0.7621
2024-12-19 14:06:44,915 - INFO - Epoch [31/60], Train Loss: 1.8269
2024-12-19 14:07:21,392 - INFO - Epoch [31/60], Validation Accuracy: 0.7621
2024-12-19 14:09:15,262 - INFO - Epoch [32/60], Train Loss: 1.8214
2024-12-19 14:09:51,696 - INFO - Epoch [32/60], Validation Accuracy: 0.7732
2024-12-19 14:11:45,079 - INFO - Epoch [33/60], Train Loss: 1.8056
2024-12-19 14:12:21,525 - INFO - Epoch [33/60], Validation Accuracy: 0.7582
2024-12-19 14:14:14,708 - INFO - Epoch [34/60], Train Loss: 1.7561
2024-12-19 14:14:51,325 - INFO - Epoch [34/60], Validation Accuracy: 0.7647
2024-12-19 14:16:44,476 - INFO - Epoch [35/60], Train Loss: 1.7814
2024-12-19 14:17:21,071 - INFO - Epoch [35/60], Validation Accuracy: 0.7582
2024-12-19 14:19:14,493 - INFO - Epoch [36/60], Train Loss: 1.7376
2024-12-19 14:19:50,894 - INFO - Epoch [36/60], Validation Accuracy: 0.7634
2024-12-19 14:21:44,048 - INFO - Epoch [37/60], Train Loss: 1.7586
2024-12-19 14:22:20,520 - INFO - Epoch [37/60], Validation Accuracy: 0.7621
2024-12-19 14:24:14,051 - INFO - Epoch [38/60], Train Loss: 1.7427
2024-12-19 14:24:50,529 - INFO - Epoch [38/60], Validation Accuracy: 0.7647
2024-12-19 14:26:43,608 - INFO - Epoch [39/60], Train Loss: 1.7310
2024-12-19 14:27:20,320 - INFO - Epoch [39/60], Validation Accuracy: 0.7654
2024-12-19 14:29:13,778 - INFO - Epoch [40/60], Train Loss: 1.7171
2024-12-19 14:29:50,311 - INFO - Epoch [40/60], Validation Accuracy: 0.7582
2024-12-19 14:31:43,529 - INFO - Epoch [41/60], Train Loss: 1.6967
2024-12-19 14:32:20,052 - INFO - Epoch [41/60], Validation Accuracy: 0.7549
2024-12-19 14:34:13,113 - INFO - Epoch [42/60], Train Loss: 1.6711
2024-12-19 14:34:49,470 - INFO - Epoch [42/60], Validation Accuracy: 0.7588
2024-12-19 14:36:42,934 - INFO - Epoch [43/60], Train Loss: 1.6651
2024-12-19 14:37:19,466 - INFO - Epoch [43/60], Validation Accuracy: 0.7569
2024-12-19 14:39:12,926 - INFO - Epoch [44/60], Train Loss: 1.6537
2024-12-19 14:39:49,430 - INFO - Epoch [44/60], Validation Accuracy: 0.7556
2024-12-19 14:41:42,467 - INFO - Epoch [45/60], Train Loss: 1.6495
2024-12-19 14:42:19,159 - INFO - Epoch [45/60], Validation Accuracy: 0.7503
2024-12-19 14:44:12,775 - INFO - Epoch [46/60], Train Loss: 1.6268
2024-12-19 14:44:49,119 - INFO - Epoch [46/60], Validation Accuracy: 0.7542
2024-12-19 14:46:45,041 - INFO - Epoch [47/60], Train Loss: 1.6089
2024-12-19 14:47:21,809 - INFO - Epoch [47/60], Validation Accuracy: 0.7621
2024-12-19 14:49:15,568 - INFO - Epoch [48/60], Train Loss: 1.6457
2024-12-19 14:49:52,018 - INFO - Epoch [48/60], Validation Accuracy: 0.7608
2024-12-19 14:51:46,145 - INFO - Epoch [49/60], Train Loss: 1.6276
2024-12-19 14:52:22,682 - INFO - Epoch [49/60], Validation Accuracy: 0.7575
2024-12-19 14:54:16,069 - INFO - Epoch [50/60], Train Loss: 1.6211
2024-12-19 14:54:52,641 - INFO - Epoch [50/60], Validation Accuracy: 0.7614
2024-12-19 14:56:46,109 - INFO - Epoch [51/60], Train Loss: 1.5892
2024-12-19 14:57:22,774 - INFO - Epoch [51/60], Validation Accuracy: 0.7641
2024-12-19 14:59:15,868 - INFO - Epoch [52/60], Train Loss: 1.5589
2024-12-19 14:59:52,249 - INFO - Epoch [52/60], Validation Accuracy: 0.7471
2024-12-19 15:01:45,515 - INFO - Epoch [53/60], Train Loss: 1.5514
2024-12-19 15:02:21,883 - INFO - Epoch [53/60], Validation Accuracy: 0.7529
2024-12-19 15:04:15,384 - INFO - Epoch [54/60], Train Loss: 1.5828
2024-12-19 15:04:51,867 - INFO - Epoch [54/60], Validation Accuracy: 0.7516
2024-12-19 15:06:45,141 - INFO - Epoch [55/60], Train Loss: 1.5400
2024-12-19 15:07:21,464 - INFO - Epoch [55/60], Validation Accuracy: 0.7549
2024-12-19 15:09:14,823 - INFO - Epoch [56/60], Train Loss: 1.5372
2024-12-19 15:09:51,116 - INFO - Epoch [56/60], Validation Accuracy: 0.7529
2024-12-19 15:11:44,836 - INFO - Epoch [57/60], Train Loss: 1.5426
2024-12-19 15:12:21,534 - INFO - Epoch [57/60], Validation Accuracy: 0.7510
2024-12-19 15:14:14,727 - INFO - Epoch [58/60], Train Loss: 1.5445
2024-12-19 15:14:51,109 - INFO - Epoch [58/60], Validation Accuracy: 0.7510
2024-12-19 15:16:44,464 - INFO - Epoch [59/60], Train Loss: 1.5338
2024-12-19 15:17:20,865 - INFO - Epoch [59/60], Validation Accuracy: 0.7510
2024-12-19 15:19:14,494 - INFO - Epoch [60/60], Train Loss: 1.5106
2024-12-19 15:19:50,924 - INFO - Epoch [60/60], Validation Accuracy: 0.7477
2024-12-19 15:19:51,315 - INFO - load model from: https://download.openmmlab.com/mmaction/recognition/csn/ircsn_from_scratch_r50_ig65m_20210617-ce545a37.pth
2024-12-19 15:19:51,316 - INFO - load checkpoint from http path: https://download.openmmlab.com/mmaction/recognition/csn/ircsn_from_scratch_r50_ig65m_20210617-ce545a37.pth
2024-12-19 15:21:44,907 - INFO - Epoch [1/60], Train Loss: 3.9019
2024-12-19 15:22:21,331 - INFO - Epoch [1/60], Validation Accuracy: 0.3072
2024-12-19 15:24:14,653 - INFO - Epoch [2/60], Train Loss: 3.6611
2024-12-19 15:24:51,240 - INFO - Epoch [2/60], Validation Accuracy: 0.4281
2024-12-19 15:26:44,108 - INFO - Epoch [3/60], Train Loss: 3.4580
2024-12-19 15:27:20,567 - INFO - Epoch [3/60], Validation Accuracy: 0.5020
2024-12-19 15:29:13,541 - INFO - Epoch [4/60], Train Loss: 3.2667
2024-12-19 15:29:49,902 - INFO - Epoch [4/60], Validation Accuracy: 0.5242
2024-12-19 15:29:50,291 - INFO - load model from: https://download.openmmlab.com/mmaction/recognition/csn/ircsn_from_scratch_r50_ig65m_20210617-ce545a37.pth
2024-12-19 15:29:50,292 - INFO - load checkpoint from http path: https://download.openmmlab.com/mmaction/recognition/csn/ircsn_from_scratch_r50_ig65m_20210617-ce545a37.pth
2024-12-19 15:31:43,296 - INFO - Epoch [1/60], Train Loss: 3.9107
2024-12-19 15:32:19,777 - INFO - Epoch [1/60], Validation Accuracy: 0.2778
2024-12-19 15:34:12,921 - INFO - Epoch [2/60], Train Loss: 3.6677
2024-12-19 15:34:49,443 - INFO - Epoch [2/60], Validation Accuracy: 0.4307
2024-12-19 15:36:42,987 - INFO - Epoch [3/60], Train Loss: 3.4443
2024-12-19 15:37:19,579 - INFO - Epoch [3/60], Validation Accuracy: 0.4732
2024-12-19 15:37:19,963 - INFO - load model from: https://download.openmmlab.com/mmaction/recognition/csn/ircsn_from_scratch_r50_ig65m_20210617-ce545a37.pth
2024-12-19 15:37:19,963 - INFO - load checkpoint from http path: https://download.openmmlab.com/mmaction/recognition/csn/ircsn_from_scratch_r50_ig65m_20210617-ce545a37.pth
2024-12-19 15:39:12,996 - INFO - Epoch [1/60], Train Loss: 3.9029
2024-12-19 15:39:49,558 - INFO - Epoch [1/60], Validation Accuracy: 0.3111
2024-12-19 15:41:42,870 - INFO - Epoch [2/60], Train Loss: 3.6284
2024-12-19 15:42:19,389 - INFO - Epoch [2/60], Validation Accuracy: 0.4294
2024-12-19 15:44:13,051 - INFO - Epoch [3/60], Train Loss: 3.3980
2024-12-19 15:44:49,448 - INFO - Epoch [3/60], Validation Accuracy: 0.5281
2024-12-19 15:46:42,871 - INFO - Epoch [4/60], Train Loss: 3.2133
2024-12-19 15:47:19,379 - INFO - Epoch [4/60], Validation Accuracy: 0.5536
2024-12-19 15:49:12,874 - INFO - Epoch [5/60], Train Loss: 3.0072
2024-12-19 15:49:49,200 - INFO - Epoch [5/60], Validation Accuracy: 0.5856
2024-12-19 15:51:42,766 - INFO - Epoch [6/60], Train Loss: 2.8603
2024-12-19 15:52:19,283 - INFO - Epoch [6/60], Validation Accuracy: 0.6261
2024-12-19 15:54:12,608 - INFO - Epoch [7/60], Train Loss: 2.6994
2024-12-19 15:54:49,236 - INFO - Epoch [7/60], Validation Accuracy: 0.6464
2024-12-19 15:56:42,841 - INFO - Epoch [8/60], Train Loss: 2.5426
2024-12-19 15:57:19,370 - INFO - Epoch [8/60], Validation Accuracy: 0.6725
2024-12-19 15:59:12,588 - INFO - Epoch [9/60], Train Loss: 2.4293
2024-12-19 15:59:49,010 - INFO - Epoch [9/60], Validation Accuracy: 0.6895
2024-12-19 16:01:42,081 - INFO - Epoch [10/60], Train Loss: 2.3534
2024-12-19 16:02:18,332 - INFO - Epoch [10/60], Validation Accuracy: 0.7026
2024-12-19 16:04:11,731 - INFO - Epoch [11/60], Train Loss: 2.2273
2024-12-19 16:04:48,187 - INFO - Epoch [11/60], Validation Accuracy: 0.6967
2024-12-19 16:06:41,773 - INFO - Epoch [12/60], Train Loss: 2.1406
2024-12-19 16:07:18,354 - INFO - Epoch [12/60], Validation Accuracy: 0.7235
2024-12-19 16:09:12,072 - INFO - Epoch [13/60], Train Loss: 2.0678
2024-12-19 16:09:48,436 - INFO - Epoch [13/60], Validation Accuracy: 0.7222
2024-12-19 16:11:41,578 - INFO - Epoch [14/60], Train Loss: 1.9956
2024-12-19 16:12:18,304 - INFO - Epoch [14/60], Validation Accuracy: 0.7399
2024-12-19 16:14:11,635 - INFO - Epoch [15/60], Train Loss: 1.9566
2024-12-19 16:14:48,266 - INFO - Epoch [15/60], Validation Accuracy: 0.7490
2024-12-19 16:16:41,510 - INFO - Epoch [16/60], Train Loss: 1.9071
2024-12-19 16:17:18,181 - INFO - Epoch [16/60], Validation Accuracy: 0.7477
2024-12-19 16:19:11,951 - INFO - Epoch [17/60], Train Loss: 1.8365
2024-12-19 16:19:48,489 - INFO - Epoch [17/60], Validation Accuracy: 0.7595
2024-12-19 16:21:41,808 - INFO - Epoch [18/60], Train Loss: 1.7898
2024-12-19 16:22:18,196 - INFO - Epoch [18/60], Validation Accuracy: 0.7529
2024-12-19 16:24:11,216 - INFO - Epoch [19/60], Train Loss: 1.7655
2024-12-19 16:24:47,776 - INFO - Epoch [19/60], Validation Accuracy: 0.7549
2024-12-19 16:26:41,172 - INFO - Epoch [20/60], Train Loss: 1.7121
2024-12-19 16:27:17,613 - INFO - Epoch [20/60], Validation Accuracy: 0.7562
2024-12-19 16:29:11,219 - INFO - Epoch [21/60], Train Loss: 1.6390
2024-12-19 16:29:47,639 - INFO - Epoch [21/60], Validation Accuracy: 0.7529
2024-12-19 16:31:40,956 - INFO - Epoch [22/60], Train Loss: 1.6556
2024-12-19 16:32:17,559 - INFO - Epoch [22/60], Validation Accuracy: 0.7627
2024-12-19 16:34:10,842 - INFO - Epoch [23/60], Train Loss: 1.5928
2024-12-19 16:34:47,371 - INFO - Epoch [23/60], Validation Accuracy: 0.7582
2024-12-19 16:36:40,984 - INFO - Epoch [24/60], Train Loss: 1.5998
2024-12-19 16:37:17,465 - INFO - Epoch [24/60], Validation Accuracy: 0.7745
2024-12-19 16:39:10,941 - INFO - Epoch [25/60], Train Loss: 1.5533
2024-12-19 16:39:47,584 - INFO - Epoch [25/60], Validation Accuracy: 0.7536
2024-12-19 16:41:40,695 - INFO - Epoch [26/60], Train Loss: 1.5237
2024-12-19 16:42:17,005 - INFO - Epoch [26/60], Validation Accuracy: 0.7634
2024-12-19 16:44:10,601 - INFO - Epoch [27/60], Train Loss: 1.5190
2024-12-19 16:44:47,119 - INFO - Epoch [27/60], Validation Accuracy: 0.7523
2024-12-19 16:46:40,347 - INFO - Epoch [28/60], Train Loss: 1.4825
2024-12-19 16:47:16,792 - INFO - Epoch [28/60], Validation Accuracy: 0.7523
2024-12-19 16:49:10,720 - INFO - Epoch [29/60], Train Loss: 1.4901
2024-12-19 16:49:47,194 - INFO - Epoch [29/60], Validation Accuracy: 0.7536
2024-12-19 16:51:40,633 - INFO - Epoch [30/60], Train Loss: 1.4376
2024-12-19 16:52:17,270 - INFO - Epoch [30/60], Validation Accuracy: 0.7582
2024-12-19 16:54:10,780 - INFO - Epoch [31/60], Train Loss: 1.4531
2024-12-19 16:54:47,284 - INFO - Epoch [31/60], Validation Accuracy: 0.7562
2024-12-19 16:56:40,365 - INFO - Epoch [32/60], Train Loss: 1.4216
2024-12-19 16:57:16,814 - INFO - Epoch [32/60], Validation Accuracy: 0.7484
2024-12-19 16:59:10,204 - INFO - Epoch [33/60], Train Loss: 1.3867
2024-12-19 16:59:46,765 - INFO - Epoch [33/60], Validation Accuracy: 0.7490
2024-12-19 17:01:40,740 - INFO - Epoch [34/60], Train Loss: 1.3463
2024-12-19 17:02:17,115 - INFO - Epoch [34/60], Validation Accuracy: 0.7556
2024-12-19 17:04:10,793 - INFO - Epoch [35/60], Train Loss: 1.3692
2024-12-19 17:04:47,363 - INFO - Epoch [35/60], Validation Accuracy: 0.7595
2024-12-19 17:06:40,291 - INFO - Epoch [36/60], Train Loss: 1.3684
2024-12-19 17:07:16,857 - INFO - Epoch [36/60], Validation Accuracy: 0.7484
2024-12-19 17:09:10,771 - INFO - Epoch [37/60], Train Loss: 1.3544
2024-12-19 17:09:47,381 - INFO - Epoch [37/60], Validation Accuracy: 0.7549
2024-12-19 17:11:41,439 - INFO - Epoch [38/60], Train Loss: 1.3377
2024-12-19 17:12:17,574 - INFO - Epoch [38/60], Validation Accuracy: 0.7556
2024-12-19 17:14:11,295 - INFO - Epoch [39/60], Train Loss: 1.2612
2024-12-19 17:14:48,050 - INFO - Epoch [39/60], Validation Accuracy: 0.7614
2024-12-19 17:16:41,804 - INFO - Epoch [40/60], Train Loss: 1.3030
2024-12-19 17:17:18,272 - INFO - Epoch [40/60], Validation Accuracy: 0.7510
2024-12-19 17:19:11,939 - INFO - Epoch [41/60], Train Loss: 1.2915
2024-12-19 17:19:48,709 - INFO - Epoch [41/60], Validation Accuracy: 0.7549
2024-12-19 17:21:41,751 - INFO - Epoch [42/60], Train Loss: 1.2748
2024-12-19 17:22:18,252 - INFO - Epoch [42/60], Validation Accuracy: 0.7536
2024-12-19 17:24:12,319 - INFO - Epoch [43/60], Train Loss: 1.2636
2024-12-19 17:24:48,819 - INFO - Epoch [43/60], Validation Accuracy: 0.7523
2024-12-19 17:26:42,413 - INFO - Epoch [44/60], Train Loss: 1.2745
2024-12-19 17:27:18,986 - INFO - Epoch [44/60], Validation Accuracy: 0.7529
2024-12-19 17:29:12,878 - INFO - Epoch [45/60], Train Loss: 1.2633
2024-12-19 17:29:49,240 - INFO - Epoch [45/60], Validation Accuracy: 0.7490
2024-12-19 17:31:42,763 - INFO - Epoch [46/60], Train Loss: 1.2373
2024-12-19 17:32:19,240 - INFO - Epoch [46/60], Validation Accuracy: 0.7458
2024-12-19 17:34:12,380 - INFO - Epoch [47/60], Train Loss: 1.1920
2024-12-19 17:34:48,830 - INFO - Epoch [47/60], Validation Accuracy: 0.7451
2024-12-19 17:36:42,056 - INFO - Epoch [48/60], Train Loss: 1.2551
2024-12-19 17:37:18,725 - INFO - Epoch [48/60], Validation Accuracy: 0.7562
2024-12-19 17:39:12,002 - INFO - Epoch [49/60], Train Loss: 1.2253
2024-12-19 17:39:48,585 - INFO - Epoch [49/60], Validation Accuracy: 0.7497
2024-12-19 17:41:42,250 - INFO - Epoch [50/60], Train Loss: 1.2555
2024-12-19 17:42:18,697 - INFO - Epoch [50/60], Validation Accuracy: 0.7575
2024-12-19 17:44:11,732 - INFO - Epoch [51/60], Train Loss: 1.1782
2024-12-19 17:44:48,156 - INFO - Epoch [51/60], Validation Accuracy: 0.7542
2024-12-19 17:46:41,786 - INFO - Epoch [52/60], Train Loss: 1.2050
2024-12-19 17:47:18,399 - INFO - Epoch [52/60], Validation Accuracy: 0.7438
2024-12-19 17:49:11,676 - INFO - Epoch [53/60], Train Loss: 1.1667
2024-12-19 17:49:48,102 - INFO - Epoch [53/60], Validation Accuracy: 0.7477
2024-12-19 17:51:41,403 - INFO - Epoch [54/60], Train Loss: 1.1503
2024-12-19 17:52:18,088 - INFO - Epoch [54/60], Validation Accuracy: 0.7510
2024-12-19 17:54:11,611 - INFO - Epoch [55/60], Train Loss: 1.1437
2024-12-19 17:54:48,188 - INFO - Epoch [55/60], Validation Accuracy: 0.7471
2024-12-19 17:56:41,825 - INFO - Epoch [56/60], Train Loss: 1.1708
2024-12-19 17:57:18,297 - INFO - Epoch [56/60], Validation Accuracy: 0.7556
2024-12-19 17:59:12,602 - INFO - Epoch [57/60], Train Loss: 1.2036
2024-12-19 17:59:49,221 - INFO - Epoch [57/60], Validation Accuracy: 0.7484
2024-12-19 18:01:42,467 - INFO - Epoch [58/60], Train Loss: 1.1476
2024-12-19 18:02:19,141 - INFO - Epoch [58/60], Validation Accuracy: 0.7497
2024-12-19 18:04:12,429 - INFO - Epoch [59/60], Train Loss: 1.1863
2024-12-19 18:04:49,051 - INFO - Epoch [59/60], Validation Accuracy: 0.7477
2024-12-19 18:06:42,499 - INFO - Epoch [60/60], Train Loss: 1.1673
2024-12-19 18:07:19,265 - INFO - Epoch [60/60], Validation Accuracy: 0.7438
2024-12-19 18:07:19,663 - INFO - load model from: https://download.openmmlab.com/mmaction/recognition/csn/ircsn_from_scratch_r50_ig65m_20210617-ce545a37.pth
2024-12-19 18:07:19,664 - INFO - load checkpoint from http path: https://download.openmmlab.com/mmaction/recognition/csn/ircsn_from_scratch_r50_ig65m_20210617-ce545a37.pth
2024-12-19 18:09:13,293 - INFO - Epoch [1/60], Train Loss: 3.9105
2024-12-19 18:09:49,880 - INFO - Epoch [1/60], Validation Accuracy: 0.2471
2024-12-19 18:09:50,272 - INFO - load model from: https://download.openmmlab.com/mmaction/recognition/csn/ircsn_from_scratch_r50_ig65m_20210617-ce545a37.pth
2024-12-19 18:09:50,273 - INFO - load checkpoint from http path: https://download.openmmlab.com/mmaction/recognition/csn/ircsn_from_scratch_r50_ig65m_20210617-ce545a37.pth
2024-12-19 18:11:43,791 - INFO - Epoch [1/60], Train Loss: 3.9207
2024-12-19 18:12:20,351 - INFO - Epoch [1/60], Validation Accuracy: 0.1948
2024-12-19 18:12:20,741 - INFO - load model from: https://download.openmmlab.com/mmaction/recognition/csn/ircsn_from_scratch_r50_ig65m_20210617-ce545a37.pth
2024-12-19 18:12:20,741 - INFO - load checkpoint from http path: https://download.openmmlab.com/mmaction/recognition/csn/ircsn_from_scratch_r50_ig65m_20210617-ce545a37.pth
2024-12-19 18:14:14,720 - INFO - Epoch [1/60], Train Loss: 3.9105
2024-12-19 18:14:51,217 - INFO - Epoch [1/60], Validation Accuracy: 0.2856
2024-12-19 18:16:44,670 - INFO - Epoch [2/60], Train Loss: 3.6711
2024-12-19 18:17:21,344 - INFO - Epoch [2/60], Validation Accuracy: 0.4196
2024-12-19 18:19:14,268 - INFO - Epoch [3/60], Train Loss: 3.4669
2024-12-19 18:19:50,649 - INFO - Epoch [3/60], Validation Accuracy: 0.4588
2024-12-19 18:19:50,711 - INFO - Best hyperparameters: {'alpha': 3.807947176588889}
2024-12-19 18:19:50,714 - INFO - Best validation accuracy: 0.776471
