2024-12-14 03:41:31,042 - INFO - load model from: https://download.openmmlab.com/mmaction/recognition/csn/ircsn_from_scratch_r50_ig65m_20210617-ce545a37.pth
2024-12-14 03:41:31,043 - INFO - load checkpoint from http path: https://download.openmmlab.com/mmaction/recognition/csn/ircsn_from_scratch_r50_ig65m_20210617-ce545a37.pth
2024-12-14 03:43:29,009 - INFO - Epoch [1/60], Train Loss: 3.9275
2024-12-14 03:44:04,952 - INFO - Epoch [1/60], Validation Accuracy: 0.2529
2024-12-14 03:45:57,539 - INFO - Epoch [2/60], Train Loss: 3.7607
2024-12-14 03:46:33,760 - INFO - Epoch [2/60], Validation Accuracy: 0.3797
2024-12-14 03:48:26,745 - INFO - Epoch [3/60], Train Loss: 3.6073
2024-12-14 03:49:03,430 - INFO - Epoch [3/60], Validation Accuracy: 0.4477
2024-12-14 03:50:55,877 - INFO - Epoch [4/60], Train Loss: 3.4742
2024-12-14 03:51:32,146 - INFO - Epoch [4/60], Validation Accuracy: 0.4889
2024-12-14 03:53:23,955 - INFO - Epoch [5/60], Train Loss: 3.3552
2024-12-14 03:54:00,730 - INFO - Epoch [5/60], Validation Accuracy: 0.5105
2024-12-14 03:55:52,588 - INFO - Epoch [6/60], Train Loss: 3.2387
2024-12-14 03:56:29,203 - INFO - Epoch [6/60], Validation Accuracy: 0.5425
2024-12-14 03:58:21,274 - INFO - Epoch [7/60], Train Loss: 3.1431
2024-12-14 03:58:57,852 - INFO - Epoch [7/60], Validation Accuracy: 0.5667
2024-12-14 04:00:49,744 - INFO - Epoch [8/60], Train Loss: 3.0552
2024-12-14 04:01:26,463 - INFO - Epoch [8/60], Validation Accuracy: 0.6013
2024-12-14 04:03:18,570 - INFO - Epoch [9/60], Train Loss: 2.9821
2024-12-14 04:03:55,216 - INFO - Epoch [9/60], Validation Accuracy: 0.6458
2024-12-14 04:05:47,119 - INFO - Epoch [10/60], Train Loss: 2.8654
2024-12-14 04:06:23,841 - INFO - Epoch [10/60], Validation Accuracy: 0.6529
2024-12-14 04:08:15,854 - INFO - Epoch [11/60], Train Loss: 2.7912
2024-12-14 04:08:52,404 - INFO - Epoch [11/60], Validation Accuracy: 0.6673
2024-12-14 04:10:44,477 - INFO - Epoch [12/60], Train Loss: 2.7177
2024-12-14 04:11:21,312 - INFO - Epoch [12/60], Validation Accuracy: 0.6941
2024-12-14 04:13:13,606 - INFO - Epoch [13/60], Train Loss: 2.6430
2024-12-14 04:13:50,175 - INFO - Epoch [13/60], Validation Accuracy: 0.6967
2024-12-14 04:15:42,561 - INFO - Epoch [14/60], Train Loss: 2.5874
2024-12-14 04:16:19,278 - INFO - Epoch [14/60], Validation Accuracy: 0.7124
2024-12-14 04:18:11,300 - INFO - Epoch [15/60], Train Loss: 2.5504
2024-12-14 04:18:47,985 - INFO - Epoch [15/60], Validation Accuracy: 0.7294
2024-12-14 04:20:40,098 - INFO - Epoch [16/60], Train Loss: 2.4992
2024-12-14 04:21:16,750 - INFO - Epoch [16/60], Validation Accuracy: 0.7379
2024-12-14 04:23:09,262 - INFO - Epoch [17/60], Train Loss: 2.4161
2024-12-14 04:23:45,971 - INFO - Epoch [17/60], Validation Accuracy: 0.7477
2024-12-14 04:25:37,843 - INFO - Epoch [18/60], Train Loss: 2.4030
2024-12-14 04:26:14,532 - INFO - Epoch [18/60], Validation Accuracy: 0.7490
2024-12-14 04:28:06,729 - INFO - Epoch [19/60], Train Loss: 2.3760
2024-12-14 04:28:43,535 - INFO - Epoch [19/60], Validation Accuracy: 0.7288
2024-12-14 04:30:36,144 - INFO - Epoch [20/60], Train Loss: 2.3125
2024-12-14 04:31:12,942 - INFO - Epoch [20/60], Validation Accuracy: 0.7314
2024-12-14 04:33:04,849 - INFO - Epoch [21/60], Train Loss: 2.2664
2024-12-14 04:33:41,398 - INFO - Epoch [21/60], Validation Accuracy: 0.7444
2024-12-14 04:35:33,672 - INFO - Epoch [22/60], Train Loss: 2.2352
2024-12-14 04:36:10,458 - INFO - Epoch [22/60], Validation Accuracy: 0.7516
2024-12-14 04:38:02,879 - INFO - Epoch [23/60], Train Loss: 2.2066
2024-12-14 04:38:39,586 - INFO - Epoch [23/60], Validation Accuracy: 0.7458
2024-12-14 04:40:31,568 - INFO - Epoch [24/60], Train Loss: 2.1889
2024-12-14 04:41:08,424 - INFO - Epoch [24/60], Validation Accuracy: 0.7542
2024-12-14 04:43:00,162 - INFO - Epoch [25/60], Train Loss: 2.1146
2024-12-14 04:43:36,837 - INFO - Epoch [25/60], Validation Accuracy: 0.7542
2024-12-14 04:45:29,663 - INFO - Epoch [26/60], Train Loss: 2.0834
2024-12-14 04:46:06,470 - INFO - Epoch [26/60], Validation Accuracy: 0.7614
2024-12-14 04:47:58,678 - INFO - Epoch [27/60], Train Loss: 2.0696
2024-12-14 04:48:35,431 - INFO - Epoch [27/60], Validation Accuracy: 0.7529
2024-12-14 04:50:27,911 - INFO - Epoch [28/60], Train Loss: 2.0921
2024-12-14 04:51:04,403 - INFO - Epoch [28/60], Validation Accuracy: 0.7497
2024-12-14 04:52:56,613 - INFO - Epoch [29/60], Train Loss: 2.0249
2024-12-14 04:53:33,454 - INFO - Epoch [29/60], Validation Accuracy: 0.7549
2024-12-14 04:55:26,304 - INFO - Epoch [30/60], Train Loss: 2.0303
2024-12-14 04:56:03,090 - INFO - Epoch [30/60], Validation Accuracy: 0.7490
2024-12-14 04:57:55,493 - INFO - Epoch [31/60], Train Loss: 1.9866
2024-12-14 04:58:32,231 - INFO - Epoch [31/60], Validation Accuracy: 0.7503
2024-12-14 05:00:24,271 - INFO - Epoch [32/60], Train Loss: 1.9746
2024-12-14 05:01:01,097 - INFO - Epoch [32/60], Validation Accuracy: 0.7431
2024-12-14 05:02:53,685 - INFO - Epoch [33/60], Train Loss: 1.9826
2024-12-14 05:03:30,491 - INFO - Epoch [33/60], Validation Accuracy: 0.7471
2024-12-14 05:05:22,492 - INFO - Epoch [34/60], Train Loss: 1.9407
2024-12-14 05:05:59,282 - INFO - Epoch [34/60], Validation Accuracy: 0.7490
2024-12-14 05:07:51,280 - INFO - Epoch [35/60], Train Loss: 1.9156
2024-12-14 05:08:27,809 - INFO - Epoch [35/60], Validation Accuracy: 0.7536
2024-12-14 05:10:20,335 - INFO - Epoch [36/60], Train Loss: 1.9130
2024-12-14 05:10:56,969 - INFO - Epoch [36/60], Validation Accuracy: 0.7556
2024-12-14 05:12:48,657 - INFO - Epoch [37/60], Train Loss: 1.8937
2024-12-14 05:13:25,469 - INFO - Epoch [37/60], Validation Accuracy: 0.7523
2024-12-14 05:15:17,545 - INFO - Epoch [38/60], Train Loss: 1.8594
2024-12-14 05:15:54,131 - INFO - Epoch [38/60], Validation Accuracy: 0.7542
2024-12-14 05:17:46,274 - INFO - Epoch [39/60], Train Loss: 1.8905
2024-12-14 05:18:22,880 - INFO - Epoch [39/60], Validation Accuracy: 0.7516
2024-12-14 05:20:14,626 - INFO - Epoch [40/60], Train Loss: 1.8447
2024-12-14 05:20:51,115 - INFO - Epoch [40/60], Validation Accuracy: 0.7418
2024-12-14 05:22:43,554 - INFO - Epoch [41/60], Train Loss: 1.8190
2024-12-14 05:23:19,935 - INFO - Epoch [41/60], Validation Accuracy: 0.7425
2024-12-14 05:25:12,266 - INFO - Epoch [42/60], Train Loss: 1.7875
2024-12-14 05:25:49,071 - INFO - Epoch [42/60], Validation Accuracy: 0.7366
2024-12-14 05:27:41,066 - INFO - Epoch [43/60], Train Loss: 1.7899
2024-12-14 05:28:17,936 - INFO - Epoch [43/60], Validation Accuracy: 0.7444
2024-12-14 05:30:10,287 - INFO - Epoch [44/60], Train Loss: 1.7646
2024-12-14 05:30:46,954 - INFO - Epoch [44/60], Validation Accuracy: 0.7516
2024-12-14 05:32:39,089 - INFO - Epoch [45/60], Train Loss: 1.7655
2024-12-14 05:33:15,844 - INFO - Epoch [45/60], Validation Accuracy: 0.7431
2024-12-14 05:35:08,224 - INFO - Epoch [46/60], Train Loss: 1.7727
2024-12-14 05:35:44,813 - INFO - Epoch [46/60], Validation Accuracy: 0.7569
2024-12-14 05:37:37,350 - INFO - Epoch [47/60], Train Loss: 1.7311
2024-12-14 05:38:14,116 - INFO - Epoch [47/60], Validation Accuracy: 0.7418
2024-12-14 05:40:06,841 - INFO - Epoch [48/60], Train Loss: 1.7043
2024-12-14 05:40:43,563 - INFO - Epoch [48/60], Validation Accuracy: 0.7444
2024-12-14 05:42:35,541 - INFO - Epoch [49/60], Train Loss: 1.6991
2024-12-14 05:43:12,353 - INFO - Epoch [49/60], Validation Accuracy: 0.7516
2024-12-14 05:45:04,916 - INFO - Epoch [50/60], Train Loss: 1.6753
2024-12-14 05:45:41,627 - INFO - Epoch [50/60], Validation Accuracy: 0.7490
2024-12-14 05:47:33,430 - INFO - Epoch [51/60], Train Loss: 1.6867
2024-12-14 05:48:10,193 - INFO - Epoch [51/60], Validation Accuracy: 0.7477
2024-12-14 05:50:02,143 - INFO - Epoch [52/60], Train Loss: 1.6430
2024-12-14 05:50:38,991 - INFO - Epoch [52/60], Validation Accuracy: 0.7281
2024-12-14 05:52:30,987 - INFO - Epoch [53/60], Train Loss: 1.6862
2024-12-14 05:53:07,488 - INFO - Epoch [53/60], Validation Accuracy: 0.7392
2024-12-14 05:55:00,306 - INFO - Epoch [54/60], Train Loss: 1.6583
2024-12-14 05:55:37,020 - INFO - Epoch [54/60], Validation Accuracy: 0.7425
2024-12-14 05:57:29,239 - INFO - Epoch [55/60], Train Loss: 1.6468
2024-12-14 05:58:05,952 - INFO - Epoch [55/60], Validation Accuracy: 0.7471
2024-12-14 05:59:58,165 - INFO - Epoch [56/60], Train Loss: 1.6426
2024-12-14 06:00:34,891 - INFO - Epoch [56/60], Validation Accuracy: 0.7425
2024-12-14 06:02:26,903 - INFO - Epoch [57/60], Train Loss: 1.6258
2024-12-14 06:03:03,464 - INFO - Epoch [57/60], Validation Accuracy: 0.7425
2024-12-14 06:04:55,886 - INFO - Epoch [58/60], Train Loss: 1.5928
2024-12-14 06:05:32,596 - INFO - Epoch [58/60], Validation Accuracy: 0.7464
2024-12-14 06:07:24,468 - INFO - Epoch [59/60], Train Loss: 1.5715
2024-12-14 06:08:01,267 - INFO - Epoch [59/60], Validation Accuracy: 0.7438
2024-12-14 06:09:53,269 - INFO - Epoch [60/60], Train Loss: 1.6098
2024-12-14 06:10:29,917 - INFO - Epoch [60/60], Validation Accuracy: 0.7333
2024-12-14 06:10:30,298 - INFO - load model from: https://download.openmmlab.com/mmaction/recognition/csn/ircsn_from_scratch_r50_ig65m_20210617-ce545a37.pth
2024-12-14 06:10:30,299 - INFO - load checkpoint from http path: https://download.openmmlab.com/mmaction/recognition/csn/ircsn_from_scratch_r50_ig65m_20210617-ce545a37.pth
2024-12-14 06:12:22,429 - INFO - Epoch [1/60], Train Loss: 3.9360
2024-12-14 06:12:58,916 - INFO - Epoch [1/60], Validation Accuracy: 0.2013
2024-12-14 06:14:51,170 - INFO - Epoch [2/60], Train Loss: 3.7902
2024-12-14 06:15:27,898 - INFO - Epoch [2/60], Validation Accuracy: 0.3961
2024-12-14 06:17:19,855 - INFO - Epoch [3/60], Train Loss: 3.6395
2024-12-14 06:17:56,301 - INFO - Epoch [3/60], Validation Accuracy: 0.4549
2024-12-14 06:19:48,352 - INFO - Epoch [4/60], Train Loss: 3.5174
2024-12-14 06:20:24,887 - INFO - Epoch [4/60], Validation Accuracy: 0.5020
2024-12-14 06:22:17,196 - INFO - Epoch [5/60], Train Loss: 3.4205
2024-12-14 06:22:54,031 - INFO - Epoch [5/60], Validation Accuracy: 0.5157
2024-12-14 06:24:46,332 - INFO - Epoch [6/60], Train Loss: 3.2949
2024-12-14 06:25:22,936 - INFO - Epoch [6/60], Validation Accuracy: 0.5444
2024-12-14 06:27:14,527 - INFO - Epoch [7/60], Train Loss: 3.1982
2024-12-14 06:27:51,038 - INFO - Epoch [7/60], Validation Accuracy: 0.5745
2024-12-14 06:29:43,756 - INFO - Epoch [8/60], Train Loss: 3.1225
2024-12-14 06:30:20,254 - INFO - Epoch [8/60], Validation Accuracy: 0.5876
2024-12-14 06:32:12,193 - INFO - Epoch [9/60], Train Loss: 3.0180
2024-12-14 06:32:48,931 - INFO - Epoch [9/60], Validation Accuracy: 0.6144
2024-12-14 06:34:40,624 - INFO - Epoch [10/60], Train Loss: 2.9425
2024-12-14 06:35:17,197 - INFO - Epoch [10/60], Validation Accuracy: 0.6327
2024-12-14 06:37:09,571 - INFO - Epoch [11/60], Train Loss: 2.8611
2024-12-14 06:37:46,207 - INFO - Epoch [11/60], Validation Accuracy: 0.6647
2024-12-14 06:39:38,016 - INFO - Epoch [12/60], Train Loss: 2.7877
2024-12-14 06:40:14,608 - INFO - Epoch [12/60], Validation Accuracy: 0.6647
2024-12-14 06:42:06,484 - INFO - Epoch [13/60], Train Loss: 2.7182
2024-12-14 06:42:43,107 - INFO - Epoch [13/60], Validation Accuracy: 0.6830
2024-12-14 06:44:35,650 - INFO - Epoch [14/60], Train Loss: 2.6748
2024-12-14 06:45:12,117 - INFO - Epoch [14/60], Validation Accuracy: 0.7033
2024-12-14 06:47:04,804 - INFO - Epoch [15/60], Train Loss: 2.6032
2024-12-14 06:47:41,407 - INFO - Epoch [15/60], Validation Accuracy: 0.7092
2024-12-14 06:49:33,876 - INFO - Epoch [16/60], Train Loss: 2.5403
2024-12-14 06:50:10,553 - INFO - Epoch [16/60], Validation Accuracy: 0.7131
2024-12-14 06:52:02,618 - INFO - Epoch [17/60], Train Loss: 2.4972
2024-12-14 06:52:39,416 - INFO - Epoch [17/60], Validation Accuracy: 0.7248
2024-12-14 06:54:31,520 - INFO - Epoch [18/60], Train Loss: 2.4842
2024-12-14 06:55:08,170 - INFO - Epoch [18/60], Validation Accuracy: 0.7353
2024-12-14 06:57:00,068 - INFO - Epoch [19/60], Train Loss: 2.4241
2024-12-14 06:57:36,810 - INFO - Epoch [19/60], Validation Accuracy: 0.7405
2024-12-14 06:59:28,979 - INFO - Epoch [20/60], Train Loss: 2.3655
2024-12-14 07:00:05,697 - INFO - Epoch [20/60], Validation Accuracy: 0.7340
2024-12-14 07:01:58,042 - INFO - Epoch [21/60], Train Loss: 2.3400
2024-12-14 07:02:34,709 - INFO - Epoch [21/60], Validation Accuracy: 0.7346
2024-12-14 07:04:26,748 - INFO - Epoch [22/60], Train Loss: 2.2969
2024-12-14 07:05:03,389 - INFO - Epoch [22/60], Validation Accuracy: 0.7418
2024-12-14 07:06:55,609 - INFO - Epoch [23/60], Train Loss: 2.2669
2024-12-14 07:07:32,367 - INFO - Epoch [23/60], Validation Accuracy: 0.7405
2024-12-14 07:09:24,610 - INFO - Epoch [24/60], Train Loss: 2.2591
2024-12-14 07:10:01,288 - INFO - Epoch [24/60], Validation Accuracy: 0.7510
2024-12-14 07:11:53,991 - INFO - Epoch [25/60], Train Loss: 2.2209
2024-12-14 07:12:30,575 - INFO - Epoch [25/60], Validation Accuracy: 0.7575
2024-12-14 07:14:22,601 - INFO - Epoch [26/60], Train Loss: 2.1690
2024-12-14 07:14:59,404 - INFO - Epoch [26/60], Validation Accuracy: 0.7582
2024-12-14 07:16:51,658 - INFO - Epoch [27/60], Train Loss: 2.1535
2024-12-14 07:17:28,370 - INFO - Epoch [27/60], Validation Accuracy: 0.7627
2024-12-14 07:19:20,570 - INFO - Epoch [28/60], Train Loss: 2.1409
2024-12-14 07:19:57,510 - INFO - Epoch [28/60], Validation Accuracy: 0.7614
2024-12-14 07:21:50,177 - INFO - Epoch [29/60], Train Loss: 2.1119
2024-12-14 07:22:26,774 - INFO - Epoch [29/60], Validation Accuracy: 0.7641
2024-12-14 07:24:19,370 - INFO - Epoch [30/60], Train Loss: 2.0561
2024-12-14 07:24:56,198 - INFO - Epoch [30/60], Validation Accuracy: 0.7647
2024-12-14 07:26:48,818 - INFO - Epoch [31/60], Train Loss: 2.0630
2024-12-14 07:27:25,643 - INFO - Epoch [31/60], Validation Accuracy: 0.7680
2024-12-14 07:29:17,952 - INFO - Epoch [32/60], Train Loss: 2.0620
2024-12-14 07:29:54,614 - INFO - Epoch [32/60], Validation Accuracy: 0.7516
2024-12-14 07:31:47,174 - INFO - Epoch [33/60], Train Loss: 2.0041
2024-12-14 07:32:24,009 - INFO - Epoch [33/60], Validation Accuracy: 0.7510
2024-12-14 07:34:16,276 - INFO - Epoch [34/60], Train Loss: 2.0049
2024-12-14 07:34:52,987 - INFO - Epoch [34/60], Validation Accuracy: 0.7595
2024-12-14 07:36:45,342 - INFO - Epoch [35/60], Train Loss: 1.9556
2024-12-14 07:37:22,149 - INFO - Epoch [35/60], Validation Accuracy: 0.7582
2024-12-14 07:39:14,660 - INFO - Epoch [36/60], Train Loss: 1.9607
2024-12-14 07:39:51,554 - INFO - Epoch [36/60], Validation Accuracy: 0.7516
2024-12-14 07:41:43,922 - INFO - Epoch [37/60], Train Loss: 1.9313
2024-12-14 07:42:20,645 - INFO - Epoch [37/60], Validation Accuracy: 0.7608
2024-12-14 07:44:13,135 - INFO - Epoch [38/60], Train Loss: 1.9152
2024-12-14 07:44:49,830 - INFO - Epoch [38/60], Validation Accuracy: 0.7706
2024-12-14 07:46:42,343 - INFO - Epoch [39/60], Train Loss: 1.9237
2024-12-14 07:47:18,916 - INFO - Epoch [39/60], Validation Accuracy: 0.7536
2024-12-14 07:49:11,105 - INFO - Epoch [40/60], Train Loss: 1.8837
2024-12-14 07:49:47,639 - INFO - Epoch [40/60], Validation Accuracy: 0.7490
2024-12-14 07:51:39,773 - INFO - Epoch [41/60], Train Loss: 1.8653
2024-12-14 07:52:16,514 - INFO - Epoch [41/60], Validation Accuracy: 0.7549
2024-12-14 07:54:09,029 - INFO - Epoch [42/60], Train Loss: 1.8365
2024-12-14 07:54:45,744 - INFO - Epoch [42/60], Validation Accuracy: 0.7542
2024-12-14 07:56:38,034 - INFO - Epoch [43/60], Train Loss: 1.8384
2024-12-14 07:57:14,794 - INFO - Epoch [43/60], Validation Accuracy: 0.7621
2024-12-14 07:59:06,770 - INFO - Epoch [44/60], Train Loss: 1.8516
2024-12-14 07:59:43,515 - INFO - Epoch [44/60], Validation Accuracy: 0.7562
2024-12-14 08:01:36,232 - INFO - Epoch [45/60], Train Loss: 1.8335
2024-12-14 08:02:12,813 - INFO - Epoch [45/60], Validation Accuracy: 0.7484
2024-12-14 08:04:05,346 - INFO - Epoch [46/60], Train Loss: 1.7973
2024-12-14 08:04:42,053 - INFO - Epoch [46/60], Validation Accuracy: 0.7497
2024-12-14 08:06:34,391 - INFO - Epoch [47/60], Train Loss: 1.7559
2024-12-14 08:07:11,145 - INFO - Epoch [47/60], Validation Accuracy: 0.7458
2024-12-14 08:09:03,124 - INFO - Epoch [48/60], Train Loss: 1.7760
2024-12-14 08:09:39,726 - INFO - Epoch [48/60], Validation Accuracy: 0.7549
2024-12-14 08:11:31,860 - INFO - Epoch [49/60], Train Loss: 1.7383
2024-12-14 08:12:08,601 - INFO - Epoch [49/60], Validation Accuracy: 0.7490
2024-12-14 08:14:01,073 - INFO - Epoch [50/60], Train Loss: 1.7480
2024-12-14 08:14:37,653 - INFO - Epoch [50/60], Validation Accuracy: 0.7451
2024-12-14 08:16:29,482 - INFO - Epoch [51/60], Train Loss: 1.7236
2024-12-14 08:17:06,284 - INFO - Epoch [51/60], Validation Accuracy: 0.7320
2024-12-14 08:18:58,659 - INFO - Epoch [52/60], Train Loss: 1.6979
2024-12-14 08:19:35,427 - INFO - Epoch [52/60], Validation Accuracy: 0.7529
2024-12-14 08:21:27,451 - INFO - Epoch [53/60], Train Loss: 1.6902
2024-12-14 08:22:04,071 - INFO - Epoch [53/60], Validation Accuracy: 0.7359
2024-12-14 08:23:56,649 - INFO - Epoch [54/60], Train Loss: 1.6716
2024-12-14 08:24:33,367 - INFO - Epoch [54/60], Validation Accuracy: 0.7458
2024-12-14 08:26:25,525 - INFO - Epoch [55/60], Train Loss: 1.6822
2024-12-14 08:27:02,259 - INFO - Epoch [55/60], Validation Accuracy: 0.7366
2024-12-14 08:28:55,017 - INFO - Epoch [56/60], Train Loss: 1.6695
2024-12-14 08:29:31,738 - INFO - Epoch [56/60], Validation Accuracy: 0.7431
2024-12-14 08:31:24,226 - INFO - Epoch [57/60], Train Loss: 1.6761
2024-12-14 08:32:01,028 - INFO - Epoch [57/60], Validation Accuracy: 0.7431
2024-12-14 08:33:53,247 - INFO - Epoch [58/60], Train Loss: 1.6068
2024-12-14 08:34:29,885 - INFO - Epoch [58/60], Validation Accuracy: 0.7471
2024-12-14 08:36:21,999 - INFO - Epoch [59/60], Train Loss: 1.6288
2024-12-14 08:36:58,736 - INFO - Epoch [59/60], Validation Accuracy: 0.7281
2024-12-14 08:38:51,029 - INFO - Epoch [60/60], Train Loss: 1.6099
2024-12-14 08:39:27,856 - INFO - Epoch [60/60], Validation Accuracy: 0.7399
2024-12-14 08:39:28,223 - INFO - load model from: https://download.openmmlab.com/mmaction/recognition/csn/ircsn_from_scratch_r50_ig65m_20210617-ce545a37.pth
2024-12-14 08:39:28,224 - INFO - load checkpoint from http path: https://download.openmmlab.com/mmaction/recognition/csn/ircsn_from_scratch_r50_ig65m_20210617-ce545a37.pth
2024-12-14 08:41:20,996 - INFO - Epoch [1/60], Train Loss: 3.9340
2024-12-14 08:41:57,581 - INFO - Epoch [1/60], Validation Accuracy: 0.2366
2024-12-14 08:43:49,480 - INFO - Epoch [2/60], Train Loss: 3.7794
2024-12-14 08:44:26,148 - INFO - Epoch [2/60], Validation Accuracy: 0.3497
2024-12-14 08:46:18,425 - INFO - Epoch [3/60], Train Loss: 3.6192
2024-12-14 08:46:55,203 - INFO - Epoch [3/60], Validation Accuracy: 0.4163
2024-12-14 08:48:47,133 - INFO - Epoch [4/60], Train Loss: 3.4962
2024-12-14 08:49:23,791 - INFO - Epoch [4/60], Validation Accuracy: 0.4660
2024-12-14 08:51:16,371 - INFO - Epoch [5/60], Train Loss: 3.3905
2024-12-14 08:51:53,213 - INFO - Epoch [5/60], Validation Accuracy: 0.5163
2024-12-14 08:53:45,801 - INFO - Epoch [6/60], Train Loss: 3.2743
2024-12-14 08:54:22,370 - INFO - Epoch [6/60], Validation Accuracy: 0.5516
2024-12-14 08:56:15,027 - INFO - Epoch [7/60], Train Loss: 3.1893
2024-12-14 08:56:51,855 - INFO - Epoch [7/60], Validation Accuracy: 0.5863
2024-12-14 08:58:44,752 - INFO - Epoch [8/60], Train Loss: 3.0957
2024-12-14 08:59:21,219 - INFO - Epoch [8/60], Validation Accuracy: 0.5902
2024-12-14 09:01:13,577 - INFO - Epoch [9/60], Train Loss: 3.0042
2024-12-14 09:01:50,251 - INFO - Epoch [9/60], Validation Accuracy: 0.6092
2024-12-14 09:03:42,836 - INFO - Epoch [10/60], Train Loss: 2.8964
2024-12-14 09:04:19,510 - INFO - Epoch [10/60], Validation Accuracy: 0.6248
2024-12-14 09:06:11,638 - INFO - Epoch [11/60], Train Loss: 2.8285
2024-12-14 09:06:48,383 - INFO - Epoch [11/60], Validation Accuracy: 0.6333
2024-12-14 09:08:40,600 - INFO - Epoch [12/60], Train Loss: 2.7776
2024-12-14 09:09:17,383 - INFO - Epoch [12/60], Validation Accuracy: 0.6582
2024-12-14 09:11:09,596 - INFO - Epoch [13/60], Train Loss: 2.6991
2024-12-14 09:11:46,301 - INFO - Epoch [13/60], Validation Accuracy: 0.6758
2024-12-14 09:13:39,416 - INFO - Epoch [14/60], Train Loss: 2.6663
2024-12-14 09:14:16,170 - INFO - Epoch [14/60], Validation Accuracy: 0.6817
2024-12-14 09:16:08,602 - INFO - Epoch [15/60], Train Loss: 2.6009
2024-12-14 09:16:45,240 - INFO - Epoch [15/60], Validation Accuracy: 0.7000
2024-12-14 09:18:36,917 - INFO - Epoch [16/60], Train Loss: 2.5522
2024-12-14 09:19:13,787 - INFO - Epoch [16/60], Validation Accuracy: 0.7111
2024-12-14 09:21:05,987 - INFO - Epoch [17/60], Train Loss: 2.5029
2024-12-14 09:21:42,645 - INFO - Epoch [17/60], Validation Accuracy: 0.7176
2024-12-14 09:23:35,069 - INFO - Epoch [18/60], Train Loss: 2.4822
2024-12-14 09:24:11,823 - INFO - Epoch [18/60], Validation Accuracy: 0.7163
2024-12-14 09:26:03,910 - INFO - Epoch [19/60], Train Loss: 2.4059
2024-12-14 09:26:40,774 - INFO - Epoch [19/60], Validation Accuracy: 0.7301
2024-12-14 09:28:33,529 - INFO - Epoch [20/60], Train Loss: 2.3507
2024-12-14 09:29:10,226 - INFO - Epoch [20/60], Validation Accuracy: 0.7235
2024-12-14 09:31:02,989 - INFO - Epoch [21/60], Train Loss: 2.3395
2024-12-14 09:31:39,671 - INFO - Epoch [21/60], Validation Accuracy: 0.7412
2024-12-14 09:33:31,993 - INFO - Epoch [22/60], Train Loss: 2.3204
2024-12-14 09:34:08,751 - INFO - Epoch [22/60], Validation Accuracy: 0.7307
2024-12-14 09:36:01,368 - INFO - Epoch [23/60], Train Loss: 2.2591
2024-12-14 09:36:38,109 - INFO - Epoch [23/60], Validation Accuracy: 0.7392
2024-12-14 09:38:30,425 - INFO - Epoch [24/60], Train Loss: 2.2334
2024-12-14 09:39:07,097 - INFO - Epoch [24/60], Validation Accuracy: 0.7490
2024-12-14 09:40:59,386 - INFO - Epoch [25/60], Train Loss: 2.2150
2024-12-14 09:41:36,109 - INFO - Epoch [25/60], Validation Accuracy: 0.7595
2024-12-14 09:43:28,184 - INFO - Epoch [26/60], Train Loss: 2.1737
2024-12-14 09:44:04,599 - INFO - Epoch [26/60], Validation Accuracy: 0.7608
2024-12-14 09:45:56,761 - INFO - Epoch [27/60], Train Loss: 2.1567
2024-12-14 09:46:33,552 - INFO - Epoch [27/60], Validation Accuracy: 0.7536
2024-12-14 09:48:25,508 - INFO - Epoch [28/60], Train Loss: 2.1154
2024-12-14 09:49:02,200 - INFO - Epoch [28/60], Validation Accuracy: 0.7536
2024-12-14 09:50:54,712 - INFO - Epoch [29/60], Train Loss: 2.0988
2024-12-14 09:51:31,532 - INFO - Epoch [29/60], Validation Accuracy: 0.7608
2024-12-14 09:53:23,905 - INFO - Epoch [30/60], Train Loss: 2.0656
2024-12-14 09:54:00,480 - INFO - Epoch [30/60], Validation Accuracy: 0.7621
2024-12-14 09:55:52,966 - INFO - Epoch [31/60], Train Loss: 2.0275
2024-12-14 09:56:29,772 - INFO - Epoch [31/60], Validation Accuracy: 0.7627
2024-12-14 09:58:22,280 - INFO - Epoch [32/60], Train Loss: 2.0104
2024-12-14 09:58:58,803 - INFO - Epoch [32/60], Validation Accuracy: 0.7556
2024-12-14 10:00:51,377 - INFO - Epoch [33/60], Train Loss: 1.9976
2024-12-14 10:01:28,002 - INFO - Epoch [33/60], Validation Accuracy: 0.7582
2024-12-14 10:03:20,312 - INFO - Epoch [34/60], Train Loss: 1.9859
2024-12-14 10:03:57,245 - INFO - Epoch [34/60], Validation Accuracy: 0.7588
2024-12-14 10:05:49,767 - INFO - Epoch [35/60], Train Loss: 2.0194
2024-12-14 10:06:26,568 - INFO - Epoch [35/60], Validation Accuracy: 0.7516
2024-12-14 10:08:18,701 - INFO - Epoch [36/60], Train Loss: 1.9597
2024-12-14 10:08:55,526 - INFO - Epoch [36/60], Validation Accuracy: 0.7660
2024-12-14 10:10:47,833 - INFO - Epoch [37/60], Train Loss: 1.9263
2024-12-14 10:11:24,703 - INFO - Epoch [37/60], Validation Accuracy: 0.7660
2024-12-14 10:13:16,730 - INFO - Epoch [38/60], Train Loss: 1.8890
2024-12-14 10:13:53,578 - INFO - Epoch [38/60], Validation Accuracy: 0.7660
2024-12-14 10:15:46,704 - INFO - Epoch [39/60], Train Loss: 1.9094
2024-12-14 10:16:23,466 - INFO - Epoch [39/60], Validation Accuracy: 0.7556
2024-12-14 10:18:16,072 - INFO - Epoch [40/60], Train Loss: 1.8869
2024-12-14 10:18:52,851 - INFO - Epoch [40/60], Validation Accuracy: 0.7556
2024-12-14 10:20:45,656 - INFO - Epoch [41/60], Train Loss: 1.8417
2024-12-14 10:21:22,292 - INFO - Epoch [41/60], Validation Accuracy: 0.7556
2024-12-14 10:23:14,813 - INFO - Epoch [42/60], Train Loss: 1.8417
2024-12-14 10:23:51,707 - INFO - Epoch [42/60], Validation Accuracy: 0.7418
2024-12-14 10:25:44,315 - INFO - Epoch [43/60], Train Loss: 1.8140
2024-12-14 10:26:21,169 - INFO - Epoch [43/60], Validation Accuracy: 0.7471
2024-12-14 10:28:13,809 - INFO - Epoch [44/60], Train Loss: 1.8372
2024-12-14 10:28:50,470 - INFO - Epoch [44/60], Validation Accuracy: 0.7451
2024-12-14 10:30:42,716 - INFO - Epoch [45/60], Train Loss: 1.7994
2024-12-14 10:31:19,531 - INFO - Epoch [45/60], Validation Accuracy: 0.7542
2024-12-14 10:33:11,813 - INFO - Epoch [46/60], Train Loss: 1.8058
2024-12-14 10:33:48,726 - INFO - Epoch [46/60], Validation Accuracy: 0.7464
2024-12-14 10:35:41,299 - INFO - Epoch [47/60], Train Loss: 1.7686
2024-12-14 10:36:18,023 - INFO - Epoch [47/60], Validation Accuracy: 0.7516
2024-12-14 10:38:10,774 - INFO - Epoch [48/60], Train Loss: 1.7901
2024-12-14 10:38:47,536 - INFO - Epoch [48/60], Validation Accuracy: 0.7490
2024-12-14 10:40:39,865 - INFO - Epoch [49/60], Train Loss: 1.7756
2024-12-14 10:41:16,547 - INFO - Epoch [49/60], Validation Accuracy: 0.7562
2024-12-14 10:43:09,169 - INFO - Epoch [50/60], Train Loss: 1.7171
2024-12-14 10:43:45,872 - INFO - Epoch [50/60], Validation Accuracy: 0.7392
2024-12-14 10:45:38,326 - INFO - Epoch [51/60], Train Loss: 1.7444
2024-12-14 10:46:15,009 - INFO - Epoch [51/60], Validation Accuracy: 0.7307
2024-12-14 10:48:07,378 - INFO - Epoch [52/60], Train Loss: 1.6873
2024-12-14 10:48:44,054 - INFO - Epoch [52/60], Validation Accuracy: 0.7484
2024-12-14 10:50:36,635 - INFO - Epoch [53/60], Train Loss: 1.6770
2024-12-14 10:51:13,439 - INFO - Epoch [53/60], Validation Accuracy: 0.7418
2024-12-14 10:53:05,782 - INFO - Epoch [54/60], Train Loss: 1.6949
2024-12-14 10:53:42,589 - INFO - Epoch [54/60], Validation Accuracy: 0.7438
2024-12-14 10:55:35,217 - INFO - Epoch [55/60], Train Loss: 1.6613
2024-12-14 10:56:12,186 - INFO - Epoch [55/60], Validation Accuracy: 0.7386
2024-12-14 10:58:04,797 - INFO - Epoch [56/60], Train Loss: 1.6915
2024-12-14 10:58:41,543 - INFO - Epoch [56/60], Validation Accuracy: 0.7412
2024-12-14 11:00:33,852 - INFO - Epoch [57/60], Train Loss: 1.6486
2024-12-14 11:01:10,694 - INFO - Epoch [57/60], Validation Accuracy: 0.7425
2024-12-14 11:03:03,023 - INFO - Epoch [58/60], Train Loss: 1.6408
2024-12-14 11:03:39,679 - INFO - Epoch [58/60], Validation Accuracy: 0.7379
2024-12-14 11:05:32,459 - INFO - Epoch [59/60], Train Loss: 1.6584
2024-12-14 11:06:09,228 - INFO - Epoch [59/60], Validation Accuracy: 0.7392
2024-12-14 11:08:02,580 - INFO - Epoch [60/60], Train Loss: 1.5972
2024-12-14 11:08:39,545 - INFO - Epoch [60/60], Validation Accuracy: 0.7418
2024-12-14 11:08:39,931 - INFO - load model from: https://download.openmmlab.com/mmaction/recognition/csn/ircsn_from_scratch_r50_ig65m_20210617-ce545a37.pth
2024-12-14 11:08:39,932 - INFO - load checkpoint from http path: https://download.openmmlab.com/mmaction/recognition/csn/ircsn_from_scratch_r50_ig65m_20210617-ce545a37.pth
2024-12-14 11:10:32,242 - INFO - Epoch [1/60], Train Loss: 3.9239
2024-12-14 11:11:09,131 - INFO - Epoch [1/60], Validation Accuracy: 0.2144
2024-12-14 11:13:01,473 - INFO - Epoch [2/60], Train Loss: 3.7707
2024-12-14 11:13:38,312 - INFO - Epoch [2/60], Validation Accuracy: 0.3595
2024-12-14 11:15:30,935 - INFO - Epoch [3/60], Train Loss: 3.6211
2024-12-14 11:16:07,841 - INFO - Epoch [3/60], Validation Accuracy: 0.4183
2024-12-14 11:18:00,744 - INFO - Epoch [4/60], Train Loss: 3.4927
2024-12-14 11:18:37,323 - INFO - Epoch [4/60], Validation Accuracy: 0.4712
2024-12-14 11:20:29,292 - INFO - Epoch [5/60], Train Loss: 3.4054
2024-12-14 11:21:06,182 - INFO - Epoch [5/60], Validation Accuracy: 0.5229
2024-12-14 11:22:59,010 - INFO - Epoch [6/60], Train Loss: 3.2670
2024-12-14 11:23:35,949 - INFO - Epoch [6/60], Validation Accuracy: 0.5608
2024-12-14 11:25:28,656 - INFO - Epoch [7/60], Train Loss: 3.1779
2024-12-14 11:26:05,573 - INFO - Epoch [7/60], Validation Accuracy: 0.6000
2024-12-14 11:27:58,094 - INFO - Epoch [8/60], Train Loss: 3.0827
2024-12-14 11:28:34,833 - INFO - Epoch [8/60], Validation Accuracy: 0.5980
2024-12-14 11:30:27,092 - INFO - Epoch [9/60], Train Loss: 2.9982
2024-12-14 11:31:03,817 - INFO - Epoch [9/60], Validation Accuracy: 0.6301
2024-12-14 11:32:55,888 - INFO - Epoch [10/60], Train Loss: 2.9166
2024-12-14 11:33:32,662 - INFO - Epoch [10/60], Validation Accuracy: 0.6353
2024-12-14 11:35:25,264 - INFO - Epoch [11/60], Train Loss: 2.8162
2024-12-14 11:36:01,750 - INFO - Epoch [11/60], Validation Accuracy: 0.6634
2024-12-14 11:37:54,089 - INFO - Epoch [12/60], Train Loss: 2.7709
2024-12-14 11:38:30,856 - INFO - Epoch [12/60], Validation Accuracy: 0.6817
2024-12-14 11:40:23,316 - INFO - Epoch [13/60], Train Loss: 2.6888
2024-12-14 11:41:00,024 - INFO - Epoch [13/60], Validation Accuracy: 0.6869
2024-12-14 11:42:52,687 - INFO - Epoch [14/60], Train Loss: 2.6103
2024-12-14 11:43:29,477 - INFO - Epoch [14/60], Validation Accuracy: 0.7020
2024-12-14 11:45:22,092 - INFO - Epoch [15/60], Train Loss: 2.5712
2024-12-14 11:45:59,015 - INFO - Epoch [15/60], Validation Accuracy: 0.7072
2024-12-14 11:47:51,339 - INFO - Epoch [16/60], Train Loss: 2.5387
2024-12-14 11:48:28,095 - INFO - Epoch [16/60], Validation Accuracy: 0.7124
2024-12-14 11:50:20,931 - INFO - Epoch [17/60], Train Loss: 2.4502
2024-12-14 11:50:57,694 - INFO - Epoch [17/60], Validation Accuracy: 0.7085
2024-12-14 11:52:50,380 - INFO - Epoch [18/60], Train Loss: 2.4302
2024-12-14 11:53:27,189 - INFO - Epoch [18/60], Validation Accuracy: 0.7203
2024-12-14 11:55:19,874 - INFO - Epoch [19/60], Train Loss: 2.3764
2024-12-14 11:55:56,631 - INFO - Epoch [19/60], Validation Accuracy: 0.7294
2024-12-14 11:57:49,815 - INFO - Epoch [20/60], Train Loss: 2.3363
2024-12-14 11:58:26,619 - INFO - Epoch [20/60], Validation Accuracy: 0.7196
2024-12-14 12:00:18,656 - INFO - Epoch [21/60], Train Loss: 2.3397
2024-12-14 12:00:55,616 - INFO - Epoch [21/60], Validation Accuracy: 0.7281
2024-12-14 12:02:48,394 - INFO - Epoch [22/60], Train Loss: 2.2761
2024-12-14 12:03:24,883 - INFO - Epoch [22/60], Validation Accuracy: 0.7359
2024-12-14 12:05:17,744 - INFO - Epoch [23/60], Train Loss: 2.2345
2024-12-14 12:05:54,452 - INFO - Epoch [23/60], Validation Accuracy: 0.7275
2024-12-14 12:07:45,901 - INFO - Epoch [24/60], Train Loss: 2.2030
2024-12-14 12:08:22,675 - INFO - Epoch [24/60], Validation Accuracy: 0.7314
2024-12-14 12:10:16,102 - INFO - Epoch [25/60], Train Loss: 2.1874
2024-12-14 12:10:52,379 - INFO - Epoch [25/60], Validation Accuracy: 0.7301
2024-12-14 12:12:45,293 - INFO - Epoch [26/60], Train Loss: 2.1431
2024-12-14 12:13:21,712 - INFO - Epoch [26/60], Validation Accuracy: 0.7431
2024-12-14 12:15:14,651 - INFO - Epoch [27/60], Train Loss: 2.1306
2024-12-14 12:15:51,123 - INFO - Epoch [27/60], Validation Accuracy: 0.7386
2024-12-14 12:17:43,704 - INFO - Epoch [28/60], Train Loss: 2.0941
2024-12-14 12:18:20,270 - INFO - Epoch [28/60], Validation Accuracy: 0.7451
2024-12-14 12:20:12,938 - INFO - Epoch [29/60], Train Loss: 2.0619
2024-12-14 12:20:49,466 - INFO - Epoch [29/60], Validation Accuracy: 0.7373
2024-12-14 12:22:41,774 - INFO - Epoch [30/60], Train Loss: 2.0367
2024-12-14 12:23:18,708 - INFO - Epoch [30/60], Validation Accuracy: 0.7477
2024-12-14 12:25:11,126 - INFO - Epoch [31/60], Train Loss: 2.0397
2024-12-14 12:25:48,083 - INFO - Epoch [31/60], Validation Accuracy: 0.7490
2024-12-14 12:27:40,433 - INFO - Epoch [32/60], Train Loss: 2.0243
2024-12-14 12:28:17,192 - INFO - Epoch [32/60], Validation Accuracy: 0.7431
2024-12-14 12:30:09,885 - INFO - Epoch [33/60], Train Loss: 2.0300
2024-12-14 12:30:46,761 - INFO - Epoch [33/60], Validation Accuracy: 0.7471
2024-12-14 12:32:38,968 - INFO - Epoch [34/60], Train Loss: 1.9856
2024-12-14 12:33:15,812 - INFO - Epoch [34/60], Validation Accuracy: 0.7484
2024-12-14 12:35:08,355 - INFO - Epoch [35/60], Train Loss: 1.9467
2024-12-14 12:35:45,101 - INFO - Epoch [35/60], Validation Accuracy: 0.7464
2024-12-14 12:37:37,596 - INFO - Epoch [36/60], Train Loss: 1.9267
2024-12-14 12:38:14,480 - INFO - Epoch [36/60], Validation Accuracy: 0.7477
2024-12-14 12:40:07,082 - INFO - Epoch [37/60], Train Loss: 1.9072
2024-12-14 12:40:43,907 - INFO - Epoch [37/60], Validation Accuracy: 0.7484
2024-12-14 12:42:37,056 - INFO - Epoch [38/60], Train Loss: 1.8843
2024-12-14 12:43:13,770 - INFO - Epoch [38/60], Validation Accuracy: 0.7471
2024-12-14 12:45:06,308 - INFO - Epoch [39/60], Train Loss: 1.9068
2024-12-14 12:45:43,147 - INFO - Epoch [39/60], Validation Accuracy: 0.7497
2024-12-14 12:47:35,823 - INFO - Epoch [40/60], Train Loss: 1.8820
2024-12-14 12:48:12,634 - INFO - Epoch [40/60], Validation Accuracy: 0.7556
2024-12-14 12:50:05,134 - INFO - Epoch [41/60], Train Loss: 1.8532
2024-12-14 12:50:41,987 - INFO - Epoch [41/60], Validation Accuracy: 0.7438
2024-12-14 12:52:34,409 - INFO - Epoch [42/60], Train Loss: 1.8233
2024-12-14 12:53:11,096 - INFO - Epoch [42/60], Validation Accuracy: 0.7542
2024-12-14 12:55:03,758 - INFO - Epoch [43/60], Train Loss: 1.7931
2024-12-14 12:55:40,528 - INFO - Epoch [43/60], Validation Accuracy: 0.7438
2024-12-14 12:57:33,079 - INFO - Epoch [44/60], Train Loss: 1.8479
2024-12-14 12:58:09,952 - INFO - Epoch [44/60], Validation Accuracy: 0.7503
2024-12-14 13:00:02,561 - INFO - Epoch [45/60], Train Loss: 1.7907
2024-12-14 13:00:39,434 - INFO - Epoch [45/60], Validation Accuracy: 0.7477
2024-12-14 13:02:31,818 - INFO - Epoch [46/60], Train Loss: 1.7731
2024-12-14 13:03:08,569 - INFO - Epoch [46/60], Validation Accuracy: 0.7490
2024-12-14 13:05:01,098 - INFO - Epoch [47/60], Train Loss: 1.7881
2024-12-14 13:05:37,954 - INFO - Epoch [47/60], Validation Accuracy: 0.7536
2024-12-14 13:07:30,340 - INFO - Epoch [48/60], Train Loss: 1.7852
2024-12-14 13:08:07,092 - INFO - Epoch [48/60], Validation Accuracy: 0.7412
2024-12-14 13:09:59,620 - INFO - Epoch [49/60], Train Loss: 1.7383
2024-12-14 13:10:36,507 - INFO - Epoch [49/60], Validation Accuracy: 0.7510
2024-12-14 13:12:29,034 - INFO - Epoch [50/60], Train Loss: 1.7374
2024-12-14 13:13:05,793 - INFO - Epoch [50/60], Validation Accuracy: 0.7575
2024-12-14 13:14:58,531 - INFO - Epoch [51/60], Train Loss: 1.7235
2024-12-14 13:15:35,357 - INFO - Epoch [51/60], Validation Accuracy: 0.7294
2024-12-14 13:17:27,361 - INFO - Epoch [52/60], Train Loss: 1.6851
2024-12-14 13:18:04,354 - INFO - Epoch [52/60], Validation Accuracy: 0.7438
2024-12-14 13:20:01,391 - INFO - Epoch [53/60], Train Loss: 1.6907
2024-12-14 13:20:37,765 - INFO - Epoch [53/60], Validation Accuracy: 0.7425
2024-12-14 13:22:30,559 - INFO - Epoch [54/60], Train Loss: 1.6658
2024-12-14 13:23:07,128 - INFO - Epoch [54/60], Validation Accuracy: 0.7379
2024-12-14 13:24:59,862 - INFO - Epoch [55/60], Train Loss: 1.6427
2024-12-14 13:25:36,423 - INFO - Epoch [55/60], Validation Accuracy: 0.7471
2024-12-14 13:27:28,645 - INFO - Epoch [56/60], Train Loss: 1.6885
2024-12-14 13:28:05,411 - INFO - Epoch [56/60], Validation Accuracy: 0.7444
2024-12-14 13:29:57,724 - INFO - Epoch [57/60], Train Loss: 1.6384
2024-12-14 13:30:34,804 - INFO - Epoch [57/60], Validation Accuracy: 0.7477
2024-12-14 13:32:27,040 - INFO - Epoch [58/60], Train Loss: 1.6164
2024-12-14 13:33:03,929 - INFO - Epoch [58/60], Validation Accuracy: 0.7464
2024-12-14 13:34:56,486 - INFO - Epoch [59/60], Train Loss: 1.6320
2024-12-14 13:35:33,360 - INFO - Epoch [59/60], Validation Accuracy: 0.7392
2024-12-14 13:37:25,866 - INFO - Epoch [60/60], Train Loss: 1.5999
2024-12-14 13:38:02,617 - INFO - Epoch [60/60], Validation Accuracy: 0.7359
2024-12-14 13:38:03,002 - INFO - load model from: https://download.openmmlab.com/mmaction/recognition/csn/ircsn_from_scratch_r50_ig65m_20210617-ce545a37.pth
2024-12-14 13:38:03,003 - INFO - load checkpoint from http path: https://download.openmmlab.com/mmaction/recognition/csn/ircsn_from_scratch_r50_ig65m_20210617-ce545a37.pth
2024-12-14 13:39:55,482 - INFO - Epoch [1/60], Train Loss: 3.9252
2024-12-14 13:40:32,084 - INFO - Epoch [1/60], Validation Accuracy: 0.2216
2024-12-14 13:42:24,356 - INFO - Epoch [2/60], Train Loss: 3.7666
2024-12-14 13:43:01,034 - INFO - Epoch [2/60], Validation Accuracy: 0.3791
2024-12-14 13:44:53,837 - INFO - Epoch [3/60], Train Loss: 3.6069
2024-12-14 13:45:30,604 - INFO - Epoch [3/60], Validation Accuracy: 0.4346
2024-12-14 13:47:22,984 - INFO - Epoch [4/60], Train Loss: 3.4568
2024-12-14 13:47:59,837 - INFO - Epoch [4/60], Validation Accuracy: 0.4771
2024-12-14 13:49:52,608 - INFO - Epoch [5/60], Train Loss: 3.3332
2024-12-14 13:50:29,478 - INFO - Epoch [5/60], Validation Accuracy: 0.5118
2024-12-14 13:50:29,864 - INFO - load model from: https://download.openmmlab.com/mmaction/recognition/csn/ircsn_from_scratch_r50_ig65m_20210617-ce545a37.pth
2024-12-14 13:50:29,865 - INFO - load checkpoint from http path: https://download.openmmlab.com/mmaction/recognition/csn/ircsn_from_scratch_r50_ig65m_20210617-ce545a37.pth
2024-12-14 13:52:22,154 - INFO - Epoch [1/60], Train Loss: 3.9189
2024-12-14 13:52:59,032 - INFO - Epoch [1/60], Validation Accuracy: 0.2948
2024-12-14 13:54:51,331 - INFO - Epoch [2/60], Train Loss: 3.7459
2024-12-14 13:55:27,966 - INFO - Epoch [2/60], Validation Accuracy: 0.4392
2024-12-14 13:57:20,416 - INFO - Epoch [3/60], Train Loss: 3.5885
2024-12-14 13:57:57,337 - INFO - Epoch [3/60], Validation Accuracy: 0.4876
2024-12-14 13:59:50,003 - INFO - Epoch [4/60], Train Loss: 3.4716
2024-12-14 14:00:26,740 - INFO - Epoch [4/60], Validation Accuracy: 0.5092
2024-12-14 14:02:19,315 - INFO - Epoch [5/60], Train Loss: 3.3183
2024-12-14 14:02:56,037 - INFO - Epoch [5/60], Validation Accuracy: 0.5248
2024-12-14 14:04:48,659 - INFO - Epoch [6/60], Train Loss: 3.2237
2024-12-14 14:05:25,403 - INFO - Epoch [6/60], Validation Accuracy: 0.5392
2024-12-14 14:05:25,788 - INFO - load model from: https://download.openmmlab.com/mmaction/recognition/csn/ircsn_from_scratch_r50_ig65m_20210617-ce545a37.pth
2024-12-14 14:05:25,789 - INFO - load checkpoint from http path: https://download.openmmlab.com/mmaction/recognition/csn/ircsn_from_scratch_r50_ig65m_20210617-ce545a37.pth
2024-12-14 14:07:18,355 - INFO - Epoch [1/60], Train Loss: 3.9123
2024-12-14 14:07:55,020 - INFO - Epoch [1/60], Validation Accuracy: 0.2667
2024-12-14 14:09:47,270 - INFO - Epoch [2/60], Train Loss: 3.7293
2024-12-14 14:10:24,228 - INFO - Epoch [2/60], Validation Accuracy: 0.3804
2024-12-14 14:12:16,753 - INFO - Epoch [3/60], Train Loss: 3.5422
2024-12-14 14:12:53,304 - INFO - Epoch [3/60], Validation Accuracy: 0.4608
2024-12-14 14:14:45,899 - INFO - Epoch [4/60], Train Loss: 3.4187
2024-12-14 14:15:22,824 - INFO - Epoch [4/60], Validation Accuracy: 0.4824
2024-12-14 14:17:15,401 - INFO - Epoch [5/60], Train Loss: 3.2862
2024-12-14 14:17:51,956 - INFO - Epoch [5/60], Validation Accuracy: 0.5320
2024-12-14 14:19:44,751 - INFO - Epoch [6/60], Train Loss: 3.1705
2024-12-14 14:20:21,344 - INFO - Epoch [6/60], Validation Accuracy: 0.5490
2024-12-14 14:22:14,345 - INFO - Epoch [7/60], Train Loss: 3.0273
2024-12-14 14:22:51,063 - INFO - Epoch [7/60], Validation Accuracy: 0.6046
2024-12-14 14:24:43,855 - INFO - Epoch [8/60], Train Loss: 2.9294
2024-12-14 14:25:20,646 - INFO - Epoch [8/60], Validation Accuracy: 0.6451
2024-12-14 14:27:13,043 - INFO - Epoch [9/60], Train Loss: 2.8296
2024-12-14 14:27:49,838 - INFO - Epoch [9/60], Validation Accuracy: 0.6477
2024-12-14 14:29:42,605 - INFO - Epoch [10/60], Train Loss: 2.7527
2024-12-14 14:30:19,417 - INFO - Epoch [10/60], Validation Accuracy: 0.6719
2024-12-14 14:32:11,676 - INFO - Epoch [11/60], Train Loss: 2.6508
2024-12-14 14:32:48,352 - INFO - Epoch [11/60], Validation Accuracy: 0.6837
2024-12-14 14:34:40,900 - INFO - Epoch [12/60], Train Loss: 2.5844
2024-12-14 14:35:17,576 - INFO - Epoch [12/60], Validation Accuracy: 0.7065
2024-12-14 14:37:09,885 - INFO - Epoch [13/60], Train Loss: 2.5168
2024-12-14 14:37:46,666 - INFO - Epoch [13/60], Validation Accuracy: 0.7190
2024-12-14 14:39:39,383 - INFO - Epoch [14/60], Train Loss: 2.4223
2024-12-14 14:40:16,304 - INFO - Epoch [14/60], Validation Accuracy: 0.7105
2024-12-14 14:42:09,323 - INFO - Epoch [15/60], Train Loss: 2.3370
2024-12-14 14:42:46,109 - INFO - Epoch [15/60], Validation Accuracy: 0.7353
2024-12-14 14:44:38,928 - INFO - Epoch [16/60], Train Loss: 2.2997
2024-12-14 14:45:15,572 - INFO - Epoch [16/60], Validation Accuracy: 0.7216
2024-12-14 14:47:07,510 - INFO - Epoch [17/60], Train Loss: 2.2313
2024-12-14 14:47:44,346 - INFO - Epoch [17/60], Validation Accuracy: 0.7386
2024-12-14 14:49:36,826 - INFO - Epoch [18/60], Train Loss: 2.1766
2024-12-14 14:50:13,441 - INFO - Epoch [18/60], Validation Accuracy: 0.7353
2024-12-14 14:52:06,292 - INFO - Epoch [19/60], Train Loss: 2.1594
2024-12-14 14:52:43,111 - INFO - Epoch [19/60], Validation Accuracy: 0.7542
2024-12-14 14:54:35,353 - INFO - Epoch [20/60], Train Loss: 2.1589
2024-12-14 14:55:12,333 - INFO - Epoch [20/60], Validation Accuracy: 0.7497
2024-12-14 14:57:04,675 - INFO - Epoch [21/60], Train Loss: 2.0951
2024-12-14 14:57:41,463 - INFO - Epoch [21/60], Validation Accuracy: 0.7529
2024-12-14 14:59:34,072 - INFO - Epoch [22/60], Train Loss: 2.0580
2024-12-14 15:00:10,888 - INFO - Epoch [22/60], Validation Accuracy: 0.7595
2024-12-14 15:02:03,391 - INFO - Epoch [23/60], Train Loss: 2.0239
2024-12-14 15:02:40,352 - INFO - Epoch [23/60], Validation Accuracy: 0.7510
2024-12-14 15:04:33,101 - INFO - Epoch [24/60], Train Loss: 1.9886
2024-12-14 15:05:09,887 - INFO - Epoch [24/60], Validation Accuracy: 0.7601
2024-12-14 15:07:02,332 - INFO - Epoch [25/60], Train Loss: 1.9430
2024-12-14 15:07:39,187 - INFO - Epoch [25/60], Validation Accuracy: 0.7542
2024-12-14 15:09:31,989 - INFO - Epoch [26/60], Train Loss: 1.9268
2024-12-14 15:10:08,812 - INFO - Epoch [26/60], Validation Accuracy: 0.7556
2024-12-14 15:12:01,205 - INFO - Epoch [27/60], Train Loss: 1.8994
2024-12-14 15:12:38,031 - INFO - Epoch [27/60], Validation Accuracy: 0.7608
2024-12-14 15:14:30,853 - INFO - Epoch [28/60], Train Loss: 1.8740
2024-12-14 15:15:07,783 - INFO - Epoch [28/60], Validation Accuracy: 0.7569
2024-12-14 15:16:59,964 - INFO - Epoch [29/60], Train Loss: 1.8331
2024-12-14 15:17:36,698 - INFO - Epoch [29/60], Validation Accuracy: 0.7608
2024-12-14 15:19:29,365 - INFO - Epoch [30/60], Train Loss: 1.8063
2024-12-14 15:20:06,006 - INFO - Epoch [30/60], Validation Accuracy: 0.7595
2024-12-14 15:21:58,962 - INFO - Epoch [31/60], Train Loss: 1.8031
2024-12-14 15:22:35,670 - INFO - Epoch [31/60], Validation Accuracy: 0.7608
2024-12-14 15:24:28,526 - INFO - Epoch [32/60], Train Loss: 1.8131
2024-12-14 15:25:05,394 - INFO - Epoch [32/60], Validation Accuracy: 0.7516
2024-12-14 15:26:57,680 - INFO - Epoch [33/60], Train Loss: 1.7736
2024-12-14 15:27:34,451 - INFO - Epoch [33/60], Validation Accuracy: 0.7549
2024-12-14 15:29:26,860 - INFO - Epoch [34/60], Train Loss: 1.6963
2024-12-14 15:30:03,818 - INFO - Epoch [34/60], Validation Accuracy: 0.7588
2024-12-14 15:31:56,782 - INFO - Epoch [35/60], Train Loss: 1.7156
2024-12-14 15:32:33,461 - INFO - Epoch [35/60], Validation Accuracy: 0.7510
2024-12-14 15:34:26,027 - INFO - Epoch [36/60], Train Loss: 1.6978
2024-12-14 15:35:02,863 - INFO - Epoch [36/60], Validation Accuracy: 0.7621
2024-12-14 15:36:55,870 - INFO - Epoch [37/60], Train Loss: 1.6889
2024-12-14 15:37:32,667 - INFO - Epoch [37/60], Validation Accuracy: 0.7490
2024-12-14 15:39:25,597 - INFO - Epoch [38/60], Train Loss: 1.6480
2024-12-14 15:40:02,500 - INFO - Epoch [38/60], Validation Accuracy: 0.7458
2024-12-14 15:41:54,549 - INFO - Epoch [39/60], Train Loss: 1.6911
2024-12-14 15:42:31,353 - INFO - Epoch [39/60], Validation Accuracy: 0.7503
2024-12-14 15:44:23,865 - INFO - Epoch [40/60], Train Loss: 1.6124
2024-12-14 15:45:00,734 - INFO - Epoch [40/60], Validation Accuracy: 0.7477
2024-12-14 15:46:53,719 - INFO - Epoch [41/60], Train Loss: 1.6161
2024-12-14 15:47:30,463 - INFO - Epoch [41/60], Validation Accuracy: 0.7516
2024-12-14 15:49:23,057 - INFO - Epoch [42/60], Train Loss: 1.6007
2024-12-14 15:49:59,818 - INFO - Epoch [42/60], Validation Accuracy: 0.7392
2024-12-14 15:51:52,483 - INFO - Epoch [43/60], Train Loss: 1.6298
2024-12-14 15:52:29,366 - INFO - Epoch [43/60], Validation Accuracy: 0.7418
2024-12-14 15:54:21,908 - INFO - Epoch [44/60], Train Loss: 1.5894
2024-12-14 15:54:58,701 - INFO - Epoch [44/60], Validation Accuracy: 0.7373
2024-12-14 15:56:51,756 - INFO - Epoch [45/60], Train Loss: 1.5546
2024-12-14 15:57:28,752 - INFO - Epoch [45/60], Validation Accuracy: 0.7536
2024-12-14 15:59:21,342 - INFO - Epoch [46/60], Train Loss: 1.5703
2024-12-14 15:59:58,111 - INFO - Epoch [46/60], Validation Accuracy: 0.7399
2024-12-14 16:01:50,750 - INFO - Epoch [47/60], Train Loss: 1.5813
2024-12-14 16:02:27,587 - INFO - Epoch [47/60], Validation Accuracy: 0.7327
2024-12-14 16:04:20,388 - INFO - Epoch [48/60], Train Loss: 1.5075
2024-12-14 16:04:57,304 - INFO - Epoch [48/60], Validation Accuracy: 0.7484
2024-12-14 16:06:50,109 - INFO - Epoch [49/60], Train Loss: 1.5504
2024-12-14 16:07:27,011 - INFO - Epoch [49/60], Validation Accuracy: 0.7418
2024-12-14 16:09:19,907 - INFO - Epoch [50/60], Train Loss: 1.5042
2024-12-14 16:09:56,765 - INFO - Epoch [50/60], Validation Accuracy: 0.7431
2024-12-14 16:11:49,715 - INFO - Epoch [51/60], Train Loss: 1.4965
2024-12-14 16:12:26,598 - INFO - Epoch [51/60], Validation Accuracy: 0.7359
2024-12-14 16:14:18,864 - INFO - Epoch [52/60], Train Loss: 1.4715
2024-12-14 16:14:55,742 - INFO - Epoch [52/60], Validation Accuracy: 0.7425
2024-12-14 16:16:48,270 - INFO - Epoch [53/60], Train Loss: 1.5042
2024-12-14 16:17:25,280 - INFO - Epoch [53/60], Validation Accuracy: 0.7399
2024-12-14 16:19:17,879 - INFO - Epoch [54/60], Train Loss: 1.4405
2024-12-14 16:19:54,701 - INFO - Epoch [54/60], Validation Accuracy: 0.7353
2024-12-14 16:21:47,436 - INFO - Epoch [55/60], Train Loss: 1.4475
2024-12-14 16:22:24,355 - INFO - Epoch [55/60], Validation Accuracy: 0.7503
2024-12-14 16:24:16,651 - INFO - Epoch [56/60], Train Loss: 1.4481
2024-12-14 16:24:53,622 - INFO - Epoch [56/60], Validation Accuracy: 0.7444
2024-12-14 16:26:46,328 - INFO - Epoch [57/60], Train Loss: 1.4167
2024-12-14 16:27:23,246 - INFO - Epoch [57/60], Validation Accuracy: 0.7346
2024-12-14 16:29:16,299 - INFO - Epoch [58/60], Train Loss: 1.4339
2024-12-14 16:29:52,972 - INFO - Epoch [58/60], Validation Accuracy: 0.7320
2024-12-14 16:31:45,847 - INFO - Epoch [59/60], Train Loss: 1.4157
2024-12-14 16:32:22,605 - INFO - Epoch [59/60], Validation Accuracy: 0.7405
2024-12-14 16:34:15,455 - INFO - Epoch [60/60], Train Loss: 1.4132
2024-12-14 16:34:52,323 - INFO - Epoch [60/60], Validation Accuracy: 0.7431
2024-12-14 16:34:52,709 - INFO - load model from: https://download.openmmlab.com/mmaction/recognition/csn/ircsn_from_scratch_r50_ig65m_20210617-ce545a37.pth
2024-12-14 16:34:52,710 - INFO - load checkpoint from http path: https://download.openmmlab.com/mmaction/recognition/csn/ircsn_from_scratch_r50_ig65m_20210617-ce545a37.pth
2024-12-14 16:36:45,008 - INFO - Epoch [1/60], Train Loss: 3.9337
2024-12-14 16:37:21,829 - INFO - Epoch [1/60], Validation Accuracy: 0.2320
2024-12-14 16:39:14,663 - INFO - Epoch [2/60], Train Loss: 3.7780
2024-12-14 16:39:51,604 - INFO - Epoch [2/60], Validation Accuracy: 0.4105
2024-12-14 16:41:44,090 - INFO - Epoch [3/60], Train Loss: 3.6236
2024-12-14 16:42:21,074 - INFO - Epoch [3/60], Validation Accuracy: 0.4523
2024-12-14 16:44:13,744 - INFO - Epoch [4/60], Train Loss: 3.4948
2024-12-14 16:44:50,761 - INFO - Epoch [4/60], Validation Accuracy: 0.4778
2024-12-14 16:46:43,240 - INFO - Epoch [5/60], Train Loss: 3.3887
2024-12-14 16:47:20,102 - INFO - Epoch [5/60], Validation Accuracy: 0.5216
2024-12-14 16:49:12,982 - INFO - Epoch [6/60], Train Loss: 3.2759
2024-12-14 16:49:49,858 - INFO - Epoch [6/60], Validation Accuracy: 0.5327
2024-12-14 16:49:50,248 - INFO - load model from: https://download.openmmlab.com/mmaction/recognition/csn/ircsn_from_scratch_r50_ig65m_20210617-ce545a37.pth
2024-12-14 16:49:50,249 - INFO - load checkpoint from http path: https://download.openmmlab.com/mmaction/recognition/csn/ircsn_from_scratch_r50_ig65m_20210617-ce545a37.pth
2024-12-14 16:51:42,903 - INFO - Epoch [1/60], Train Loss: 3.9291
2024-12-14 16:52:19,678 - INFO - Epoch [1/60], Validation Accuracy: 0.2725
2024-12-14 16:54:12,685 - INFO - Epoch [2/60], Train Loss: 3.7808
2024-12-14 16:54:49,728 - INFO - Epoch [2/60], Validation Accuracy: 0.4105
2024-12-14 16:56:41,981 - INFO - Epoch [3/60], Train Loss: 3.6140
2024-12-14 16:57:18,731 - INFO - Epoch [3/60], Validation Accuracy: 0.4843
2024-12-14 16:59:11,504 - INFO - Epoch [4/60], Train Loss: 3.4913
2024-12-14 16:59:48,209 - INFO - Epoch [4/60], Validation Accuracy: 0.5275
2024-12-14 17:01:40,649 - INFO - Epoch [5/60], Train Loss: 3.3728
2024-12-14 17:02:17,310 - INFO - Epoch [5/60], Validation Accuracy: 0.5562
2024-12-14 17:04:09,552 - INFO - Epoch [6/60], Train Loss: 3.2674
2024-12-14 17:04:46,404 - INFO - Epoch [6/60], Validation Accuracy: 0.5739
2024-12-14 17:06:39,242 - INFO - Epoch [7/60], Train Loss: 3.1442
2024-12-14 17:07:16,186 - INFO - Epoch [7/60], Validation Accuracy: 0.6085
2024-12-14 17:09:08,828 - INFO - Epoch [8/60], Train Loss: 3.0628
2024-12-14 17:09:45,808 - INFO - Epoch [8/60], Validation Accuracy: 0.6373
2024-12-14 17:11:38,260 - INFO - Epoch [9/60], Train Loss: 2.9726
2024-12-14 17:12:15,094 - INFO - Epoch [9/60], Validation Accuracy: 0.6516
2024-12-14 17:14:07,792 - INFO - Epoch [10/60], Train Loss: 2.8768
2024-12-14 17:14:44,698 - INFO - Epoch [10/60], Validation Accuracy: 0.6647
2024-12-14 17:16:37,654 - INFO - Epoch [11/60], Train Loss: 2.7970
2024-12-14 17:17:14,612 - INFO - Epoch [11/60], Validation Accuracy: 0.6778
2024-12-14 17:19:07,486 - INFO - Epoch [12/60], Train Loss: 2.7313
2024-12-14 17:19:44,497 - INFO - Epoch [12/60], Validation Accuracy: 0.6928
2024-12-14 17:21:37,312 - INFO - Epoch [13/60], Train Loss: 2.6877
2024-12-14 17:22:13,996 - INFO - Epoch [13/60], Validation Accuracy: 0.6915
2024-12-14 17:24:06,512 - INFO - Epoch [14/60], Train Loss: 2.5936
2024-12-14 17:24:43,372 - INFO - Epoch [14/60], Validation Accuracy: 0.6889
2024-12-14 17:24:43,764 - INFO - load model from: https://download.openmmlab.com/mmaction/recognition/csn/ircsn_from_scratch_r50_ig65m_20210617-ce545a37.pth
2024-12-14 17:24:43,765 - INFO - load checkpoint from http path: https://download.openmmlab.com/mmaction/recognition/csn/ircsn_from_scratch_r50_ig65m_20210617-ce545a37.pth
2024-12-14 17:26:36,211 - INFO - Epoch [1/60], Train Loss: 3.9386
2024-12-14 17:27:13,051 - INFO - Epoch [1/60], Validation Accuracy: 0.1948
2024-12-14 17:27:13,109 - INFO - Best hyperparameters: {'alpha': 9.51207163345817}
2024-12-14 17:27:13,112 - INFO - Best validation accuracy: 0.770588
