2024-12-13 03:54:04,852 - INFO - load model from: https://download.openmmlab.com/mmaction/recognition/csn/ircsn_from_scratch_r50_ig65m_20210617-ce545a37.pth
2024-12-13 03:54:04,853 - INFO - load checkpoint from http path: https://download.openmmlab.com/mmaction/recognition/csn/ircsn_from_scratch_r50_ig65m_20210617-ce545a37.pth
2024-12-13 03:56:02,664 - INFO - Epoch [1/60], Train Loss: 3.9459
2024-12-13 03:56:38,638 - INFO - Epoch [1/60], Validation Accuracy: 0.0948
2024-12-13 03:58:32,602 - INFO - Epoch [2/60], Train Loss: 3.8522
2024-12-13 03:59:08,853 - INFO - Epoch [2/60], Validation Accuracy: 0.2882
2024-12-13 04:01:02,576 - INFO - Epoch [3/60], Train Loss: 3.7460
2024-12-13 04:01:39,106 - INFO - Epoch [3/60], Validation Accuracy: 0.3268
2024-12-13 04:03:32,112 - INFO - Epoch [4/60], Train Loss: 3.6374
2024-12-13 04:04:09,079 - INFO - Epoch [4/60], Validation Accuracy: 0.3758
2024-12-13 04:06:02,896 - INFO - Epoch [5/60], Train Loss: 3.5663
2024-12-13 04:06:39,515 - INFO - Epoch [5/60], Validation Accuracy: 0.3993
2024-12-13 04:08:32,839 - INFO - Epoch [6/60], Train Loss: 3.4935
2024-12-13 04:09:09,425 - INFO - Epoch [6/60], Validation Accuracy: 0.4229
2024-12-13 04:11:02,778 - INFO - Epoch [7/60], Train Loss: 3.4060
2024-12-13 04:11:39,457 - INFO - Epoch [7/60], Validation Accuracy: 0.4569
2024-12-13 04:13:33,315 - INFO - Epoch [8/60], Train Loss: 3.3412
2024-12-13 04:14:10,149 - INFO - Epoch [8/60], Validation Accuracy: 0.4732
2024-12-13 04:16:03,886 - INFO - Epoch [9/60], Train Loss: 3.2680
2024-12-13 04:16:40,774 - INFO - Epoch [9/60], Validation Accuracy: 0.5137
2024-12-13 04:18:34,363 - INFO - Epoch [10/60], Train Loss: 3.2317
2024-12-13 04:19:11,014 - INFO - Epoch [10/60], Validation Accuracy: 0.5484
2024-12-13 04:21:04,434 - INFO - Epoch [11/60], Train Loss: 3.1453
2024-12-13 04:21:41,210 - INFO - Epoch [11/60], Validation Accuracy: 0.5608
2024-12-13 04:23:34,700 - INFO - Epoch [12/60], Train Loss: 3.0902
2024-12-13 04:24:11,587 - INFO - Epoch [12/60], Validation Accuracy: 0.5660
2024-12-13 04:26:05,201 - INFO - Epoch [13/60], Train Loss: 3.0633
2024-12-13 04:26:41,862 - INFO - Epoch [13/60], Validation Accuracy: 0.5863
2024-12-13 04:28:35,608 - INFO - Epoch [14/60], Train Loss: 3.0069
2024-12-13 04:29:12,311 - INFO - Epoch [14/60], Validation Accuracy: 0.6046
2024-12-13 04:31:05,856 - INFO - Epoch [15/60], Train Loss: 2.9663
2024-12-13 04:31:42,607 - INFO - Epoch [15/60], Validation Accuracy: 0.6111
2024-12-13 04:33:35,802 - INFO - Epoch [16/60], Train Loss: 2.9150
2024-12-13 04:34:12,756 - INFO - Epoch [16/60], Validation Accuracy: 0.6353
2024-12-13 04:36:06,260 - INFO - Epoch [17/60], Train Loss: 2.8928
2024-12-13 04:36:42,773 - INFO - Epoch [17/60], Validation Accuracy: 0.6451
2024-12-13 04:38:35,961 - INFO - Epoch [18/60], Train Loss: 2.8603
2024-12-13 04:39:12,591 - INFO - Epoch [18/60], Validation Accuracy: 0.6477
2024-12-13 04:41:06,145 - INFO - Epoch [19/60], Train Loss: 2.8143
2024-12-13 04:41:42,816 - INFO - Epoch [19/60], Validation Accuracy: 0.6562
2024-12-13 04:43:36,105 - INFO - Epoch [20/60], Train Loss: 2.7848
2024-12-13 04:44:12,947 - INFO - Epoch [20/60], Validation Accuracy: 0.6549
2024-12-13 04:46:05,882 - INFO - Epoch [21/60], Train Loss: 2.7442
2024-12-13 04:46:42,520 - INFO - Epoch [21/60], Validation Accuracy: 0.6732
2024-12-13 04:48:35,973 - INFO - Epoch [22/60], Train Loss: 2.6973
2024-12-13 04:49:12,750 - INFO - Epoch [22/60], Validation Accuracy: 0.6725
2024-12-13 04:51:06,024 - INFO - Epoch [23/60], Train Loss: 2.6989
2024-12-13 04:51:42,748 - INFO - Epoch [23/60], Validation Accuracy: 0.6810
2024-12-13 04:53:36,013 - INFO - Epoch [24/60], Train Loss: 2.6620
2024-12-13 04:54:12,745 - INFO - Epoch [24/60], Validation Accuracy: 0.6706
2024-12-13 04:56:06,148 - INFO - Epoch [25/60], Train Loss: 2.6592
2024-12-13 04:56:42,863 - INFO - Epoch [25/60], Validation Accuracy: 0.6882
2024-12-13 04:58:36,228 - INFO - Epoch [26/60], Train Loss: 2.6125
2024-12-13 04:59:12,835 - INFO - Epoch [26/60], Validation Accuracy: 0.6948
2024-12-13 05:01:06,045 - INFO - Epoch [27/60], Train Loss: 2.5958
2024-12-13 05:01:43,011 - INFO - Epoch [27/60], Validation Accuracy: 0.7020
2024-12-13 05:03:36,149 - INFO - Epoch [28/60], Train Loss: 2.5627
2024-12-13 05:04:12,839 - INFO - Epoch [28/60], Validation Accuracy: 0.7052
2024-12-13 05:06:06,041 - INFO - Epoch [29/60], Train Loss: 2.5722
2024-12-13 05:06:42,747 - INFO - Epoch [29/60], Validation Accuracy: 0.7065
2024-12-13 05:08:36,182 - INFO - Epoch [30/60], Train Loss: 2.5181
2024-12-13 05:09:12,937 - INFO - Epoch [30/60], Validation Accuracy: 0.6902
2024-12-13 05:11:06,139 - INFO - Epoch [31/60], Train Loss: 2.5140
2024-12-13 05:11:42,990 - INFO - Epoch [31/60], Validation Accuracy: 0.6954
2024-12-13 05:13:36,262 - INFO - Epoch [32/60], Train Loss: 2.4824
2024-12-13 05:14:12,797 - INFO - Epoch [32/60], Validation Accuracy: 0.6980
2024-12-13 05:16:05,992 - INFO - Epoch [33/60], Train Loss: 2.4406
2024-12-13 05:16:42,599 - INFO - Epoch [33/60], Validation Accuracy: 0.6928
2024-12-13 05:18:35,939 - INFO - Epoch [34/60], Train Loss: 2.4601
2024-12-13 05:19:12,600 - INFO - Epoch [34/60], Validation Accuracy: 0.7065
2024-12-13 05:19:12,617 - INFO - Early stopping at epoch 34 due to no improvement in validation accuracy.
2024-12-13 05:19:12,975 - INFO - load model from: https://download.openmmlab.com/mmaction/recognition/csn/ircsn_from_scratch_r50_ig65m_20210617-ce545a37.pth
2024-12-13 05:19:12,976 - INFO - load checkpoint from http path: https://download.openmmlab.com/mmaction/recognition/csn/ircsn_from_scratch_r50_ig65m_20210617-ce545a37.pth
2024-12-13 05:21:06,087 - INFO - Epoch [1/60], Train Loss: 3.9404
2024-12-13 05:21:42,828 - INFO - Epoch [1/60], Validation Accuracy: 0.1392
2024-12-13 05:23:35,802 - INFO - Epoch [2/60], Train Loss: 3.8311
2024-12-13 05:24:12,605 - INFO - Epoch [2/60], Validation Accuracy: 0.3026
2024-12-13 05:26:05,604 - INFO - Epoch [3/60], Train Loss: 3.7126
2024-12-13 05:26:42,295 - INFO - Epoch [3/60], Validation Accuracy: 0.3562
2024-12-13 05:28:35,416 - INFO - Epoch [4/60], Train Loss: 3.6234
2024-12-13 05:29:12,239 - INFO - Epoch [4/60], Validation Accuracy: 0.4020
2024-12-13 05:31:05,325 - INFO - Epoch [5/60], Train Loss: 3.5266
2024-12-13 05:31:42,142 - INFO - Epoch [5/60], Validation Accuracy: 0.4327
2024-12-13 05:33:35,329 - INFO - Epoch [6/60], Train Loss: 3.4577
2024-12-13 05:34:12,070 - INFO - Epoch [6/60], Validation Accuracy: 0.4510
2024-12-13 05:36:05,224 - INFO - Epoch [7/60], Train Loss: 3.3611
2024-12-13 05:36:42,045 - INFO - Epoch [7/60], Validation Accuracy: 0.4654
2024-12-13 05:38:34,759 - INFO - Epoch [8/60], Train Loss: 3.3057
2024-12-13 05:39:11,539 - INFO - Epoch [8/60], Validation Accuracy: 0.4869
2024-12-13 05:41:04,764 - INFO - Epoch [9/60], Train Loss: 3.2349
2024-12-13 05:41:41,757 - INFO - Epoch [9/60], Validation Accuracy: 0.4967
2024-12-13 05:43:34,961 - INFO - Epoch [10/60], Train Loss: 3.1919
2024-12-13 05:44:11,777 - INFO - Epoch [10/60], Validation Accuracy: 0.5301
2024-12-13 05:46:04,531 - INFO - Epoch [11/60], Train Loss: 3.1252
2024-12-13 05:46:41,389 - INFO - Epoch [11/60], Validation Accuracy: 0.5588
2024-12-13 05:48:34,409 - INFO - Epoch [12/60], Train Loss: 3.0639
2024-12-13 05:49:11,369 - INFO - Epoch [12/60], Validation Accuracy: 0.5791
2024-12-13 05:51:04,769 - INFO - Epoch [13/60], Train Loss: 3.0310
2024-12-13 05:51:41,645 - INFO - Epoch [13/60], Validation Accuracy: 0.6059
2024-12-13 05:53:34,819 - INFO - Epoch [14/60], Train Loss: 2.9891
2024-12-13 05:54:11,371 - INFO - Epoch [14/60], Validation Accuracy: 0.6261
2024-12-13 05:56:04,668 - INFO - Epoch [15/60], Train Loss: 2.9433
2024-12-13 05:56:41,417 - INFO - Epoch [15/60], Validation Accuracy: 0.6418
2024-12-13 05:58:34,556 - INFO - Epoch [16/60], Train Loss: 2.8908
2024-12-13 05:59:11,411 - INFO - Epoch [16/60], Validation Accuracy: 0.6392
2024-12-13 06:01:04,947 - INFO - Epoch [17/60], Train Loss: 2.8636
2024-12-13 06:01:41,754 - INFO - Epoch [17/60], Validation Accuracy: 0.6562
2024-12-13 06:03:34,869 - INFO - Epoch [18/60], Train Loss: 2.8086
2024-12-13 06:04:11,779 - INFO - Epoch [18/60], Validation Accuracy: 0.6654
2024-12-13 06:06:05,598 - INFO - Epoch [19/60], Train Loss: 2.7766
2024-12-13 06:06:42,607 - INFO - Epoch [19/60], Validation Accuracy: 0.6660
2024-12-13 06:08:35,231 - INFO - Epoch [20/60], Train Loss: 2.7271
2024-12-13 06:09:12,151 - INFO - Epoch [20/60], Validation Accuracy: 0.6745
2024-12-13 06:11:05,476 - INFO - Epoch [21/60], Train Loss: 2.7007
2024-12-13 06:11:42,311 - INFO - Epoch [21/60], Validation Accuracy: 0.6837
2024-12-13 06:13:35,750 - INFO - Epoch [22/60], Train Loss: 2.6762
2024-12-13 06:14:12,533 - INFO - Epoch [22/60], Validation Accuracy: 0.6948
2024-12-13 06:16:06,109 - INFO - Epoch [23/60], Train Loss: 2.6696
2024-12-13 06:16:43,046 - INFO - Epoch [23/60], Validation Accuracy: 0.6902
2024-12-13 06:18:36,043 - INFO - Epoch [24/60], Train Loss: 2.6362
2024-12-13 06:19:12,902 - INFO - Epoch [24/60], Validation Accuracy: 0.6941
2024-12-13 06:21:05,663 - INFO - Epoch [25/60], Train Loss: 2.6068
2024-12-13 06:21:42,527 - INFO - Epoch [25/60], Validation Accuracy: 0.7013
2024-12-13 06:23:36,108 - INFO - Epoch [26/60], Train Loss: 2.5563
2024-12-13 06:24:13,161 - INFO - Epoch [26/60], Validation Accuracy: 0.7039
2024-12-13 06:26:06,311 - INFO - Epoch [27/60], Train Loss: 2.5499
2024-12-13 06:26:43,047 - INFO - Epoch [27/60], Validation Accuracy: 0.6967
2024-12-13 06:28:36,412 - INFO - Epoch [28/60], Train Loss: 2.5183
2024-12-13 06:29:13,296 - INFO - Epoch [28/60], Validation Accuracy: 0.6967
2024-12-13 06:31:06,460 - INFO - Epoch [29/60], Train Loss: 2.4597
2024-12-13 06:31:43,372 - INFO - Epoch [29/60], Validation Accuracy: 0.6876
2024-12-13 06:33:37,148 - INFO - Epoch [30/60], Train Loss: 2.4637
2024-12-13 06:34:14,209 - INFO - Epoch [30/60], Validation Accuracy: 0.7092
2024-12-13 06:36:07,291 - INFO - Epoch [31/60], Train Loss: 2.4487
2024-12-13 06:36:44,071 - INFO - Epoch [31/60], Validation Accuracy: 0.7046
2024-12-13 06:38:36,956 - INFO - Epoch [32/60], Train Loss: 2.4027
2024-12-13 06:39:13,929 - INFO - Epoch [32/60], Validation Accuracy: 0.7059
2024-12-13 06:41:06,883 - INFO - Epoch [33/60], Train Loss: 2.3970
2024-12-13 06:41:43,841 - INFO - Epoch [33/60], Validation Accuracy: 0.7163
2024-12-13 06:43:37,084 - INFO - Epoch [34/60], Train Loss: 2.3965
2024-12-13 06:44:13,912 - INFO - Epoch [34/60], Validation Accuracy: 0.7157
2024-12-13 06:46:07,330 - INFO - Epoch [35/60], Train Loss: 2.3620
2024-12-13 06:46:44,132 - INFO - Epoch [35/60], Validation Accuracy: 0.7203
2024-12-13 06:48:36,784 - INFO - Epoch [36/60], Train Loss: 2.3687
2024-12-13 06:49:13,698 - INFO - Epoch [36/60], Validation Accuracy: 0.7190
2024-12-13 06:51:06,974 - INFO - Epoch [37/60], Train Loss: 2.3323
2024-12-13 06:51:43,763 - INFO - Epoch [37/60], Validation Accuracy: 0.7216
2024-12-13 06:53:37,119 - INFO - Epoch [38/60], Train Loss: 2.3287
2024-12-13 06:54:14,111 - INFO - Epoch [38/60], Validation Accuracy: 0.7281
2024-12-13 06:56:07,041 - INFO - Epoch [39/60], Train Loss: 2.2996
2024-12-13 06:56:44,054 - INFO - Epoch [39/60], Validation Accuracy: 0.7301
2024-12-13 06:58:37,462 - INFO - Epoch [40/60], Train Loss: 2.2858
2024-12-13 06:59:14,231 - INFO - Epoch [40/60], Validation Accuracy: 0.7203
2024-12-13 07:01:07,270 - INFO - Epoch [41/60], Train Loss: 2.2840
2024-12-13 07:01:43,995 - INFO - Epoch [41/60], Validation Accuracy: 0.7314
2024-12-13 07:03:36,898 - INFO - Epoch [42/60], Train Loss: 2.2923
2024-12-13 07:04:13,961 - INFO - Epoch [42/60], Validation Accuracy: 0.7255
2024-12-13 07:06:07,215 - INFO - Epoch [43/60], Train Loss: 2.2517
2024-12-13 07:06:44,103 - INFO - Epoch [43/60], Validation Accuracy: 0.7353
2024-12-13 07:08:37,521 - INFO - Epoch [44/60], Train Loss: 2.2178
2024-12-13 07:09:14,254 - INFO - Epoch [44/60], Validation Accuracy: 0.7301
2024-12-13 07:11:07,454 - INFO - Epoch [45/60], Train Loss: 2.2287
2024-12-13 07:11:44,330 - INFO - Epoch [45/60], Validation Accuracy: 0.7314
2024-12-13 07:13:37,810 - INFO - Epoch [46/60], Train Loss: 2.2086
2024-12-13 07:14:14,611 - INFO - Epoch [46/60], Validation Accuracy: 0.7294
2024-12-13 07:16:07,891 - INFO - Epoch [47/60], Train Loss: 2.2026
2024-12-13 07:16:44,860 - INFO - Epoch [47/60], Validation Accuracy: 0.7294
2024-12-13 07:18:38,074 - INFO - Epoch [48/60], Train Loss: 2.1515
2024-12-13 07:19:15,117 - INFO - Epoch [48/60], Validation Accuracy: 0.7288
2024-12-13 07:19:15,132 - INFO - Early stopping at epoch 48 due to no improvement in validation accuracy.
2024-12-13 07:19:15,487 - INFO - load model from: https://download.openmmlab.com/mmaction/recognition/csn/ircsn_from_scratch_r50_ig65m_20210617-ce545a37.pth
2024-12-13 07:19:15,488 - INFO - load checkpoint from http path: https://download.openmmlab.com/mmaction/recognition/csn/ircsn_from_scratch_r50_ig65m_20210617-ce545a37.pth
2024-12-13 07:21:08,973 - INFO - Epoch [1/60], Train Loss: 3.9442
2024-12-13 07:21:45,761 - INFO - Epoch [1/60], Validation Accuracy: 0.1556
2024-12-13 07:23:39,479 - INFO - Epoch [2/60], Train Loss: 3.8263
2024-12-13 07:24:16,487 - INFO - Epoch [2/60], Validation Accuracy: 0.2634
2024-12-13 07:26:10,142 - INFO - Epoch [3/60], Train Loss: 3.7091
2024-12-13 07:26:46,978 - INFO - Epoch [3/60], Validation Accuracy: 0.3627
2024-12-13 07:28:40,899 - INFO - Epoch [4/60], Train Loss: 3.6220
2024-12-13 07:29:17,807 - INFO - Epoch [4/60], Validation Accuracy: 0.4157
2024-12-13 07:31:10,977 - INFO - Epoch [5/60], Train Loss: 3.5338
2024-12-13 07:31:47,767 - INFO - Epoch [5/60], Validation Accuracy: 0.4359
2024-12-13 07:33:40,800 - INFO - Epoch [6/60], Train Loss: 3.4609
2024-12-13 07:34:17,722 - INFO - Epoch [6/60], Validation Accuracy: 0.4614
2024-12-13 07:36:11,012 - INFO - Epoch [7/60], Train Loss: 3.3699
2024-12-13 07:36:48,008 - INFO - Epoch [7/60], Validation Accuracy: 0.4908
2024-12-13 07:38:41,409 - INFO - Epoch [8/60], Train Loss: 3.3159
2024-12-13 07:39:18,280 - INFO - Epoch [8/60], Validation Accuracy: 0.5085
2024-12-13 07:41:11,487 - INFO - Epoch [9/60], Train Loss: 3.2407
2024-12-13 07:41:48,217 - INFO - Epoch [9/60], Validation Accuracy: 0.5307
2024-12-13 07:43:41,395 - INFO - Epoch [10/60], Train Loss: 3.1793
2024-12-13 07:44:18,391 - INFO - Epoch [10/60], Validation Accuracy: 0.5366
2024-12-13 07:46:11,946 - INFO - Epoch [11/60], Train Loss: 3.1467
2024-12-13 07:46:48,720 - INFO - Epoch [11/60], Validation Accuracy: 0.5634
2024-12-13 07:48:41,971 - INFO - Epoch [12/60], Train Loss: 3.0879
2024-12-13 07:49:18,772 - INFO - Epoch [12/60], Validation Accuracy: 0.5654
2024-12-13 07:51:11,746 - INFO - Epoch [13/60], Train Loss: 3.0521
2024-12-13 07:51:48,822 - INFO - Epoch [13/60], Validation Accuracy: 0.5889
2024-12-13 07:53:41,871 - INFO - Epoch [14/60], Train Loss: 2.9870
2024-12-13 07:54:18,631 - INFO - Epoch [14/60], Validation Accuracy: 0.6065
2024-12-13 07:56:11,727 - INFO - Epoch [15/60], Train Loss: 2.9478
2024-12-13 07:56:48,483 - INFO - Epoch [15/60], Validation Accuracy: 0.6176
2024-12-13 07:58:41,481 - INFO - Epoch [16/60], Train Loss: 2.9356
2024-12-13 07:59:18,520 - INFO - Epoch [16/60], Validation Accuracy: 0.6307
2024-12-13 08:01:11,831 - INFO - Epoch [17/60], Train Loss: 2.8819
2024-12-13 08:01:48,560 - INFO - Epoch [17/60], Validation Accuracy: 0.6301
2024-12-13 08:03:41,768 - INFO - Epoch [18/60], Train Loss: 2.8442
2024-12-13 08:04:18,771 - INFO - Epoch [18/60], Validation Accuracy: 0.6477
2024-12-13 08:06:11,777 - INFO - Epoch [19/60], Train Loss: 2.8008
2024-12-13 08:06:48,649 - INFO - Epoch [19/60], Validation Accuracy: 0.6641
2024-12-13 08:08:41,790 - INFO - Epoch [20/60], Train Loss: 2.7635
2024-12-13 08:09:18,663 - INFO - Epoch [20/60], Validation Accuracy: 0.6562
2024-12-13 08:11:11,974 - INFO - Epoch [21/60], Train Loss: 2.7246
2024-12-13 08:11:48,750 - INFO - Epoch [21/60], Validation Accuracy: 0.6673
2024-12-13 08:13:42,086 - INFO - Epoch [22/60], Train Loss: 2.7183
2024-12-13 08:14:18,771 - INFO - Epoch [22/60], Validation Accuracy: 0.6758
2024-12-13 08:16:12,538 - INFO - Epoch [23/60], Train Loss: 2.6652
2024-12-13 08:16:49,303 - INFO - Epoch [23/60], Validation Accuracy: 0.6948
2024-12-13 08:18:42,458 - INFO - Epoch [24/60], Train Loss: 2.6235
2024-12-13 08:19:19,376 - INFO - Epoch [24/60], Validation Accuracy: 0.6850
2024-12-13 08:21:12,907 - INFO - Epoch [25/60], Train Loss: 2.6137
2024-12-13 08:21:49,559 - INFO - Epoch [25/60], Validation Accuracy: 0.6941
2024-12-13 08:23:42,867 - INFO - Epoch [26/60], Train Loss: 2.5834
2024-12-13 08:24:19,801 - INFO - Epoch [26/60], Validation Accuracy: 0.6935
2024-12-13 08:26:12,834 - INFO - Epoch [27/60], Train Loss: 2.5422
2024-12-13 08:26:49,585 - INFO - Epoch [27/60], Validation Accuracy: 0.6974
2024-12-13 08:28:42,404 - INFO - Epoch [28/60], Train Loss: 2.5413
2024-12-13 08:29:19,264 - INFO - Epoch [28/60], Validation Accuracy: 0.7020
2024-12-13 08:31:12,577 - INFO - Epoch [29/60], Train Loss: 2.4836
2024-12-13 08:31:49,397 - INFO - Epoch [29/60], Validation Accuracy: 0.7000
2024-12-13 08:33:42,981 - INFO - Epoch [30/60], Train Loss: 2.4969
2024-12-13 08:34:19,824 - INFO - Epoch [30/60], Validation Accuracy: 0.7007
2024-12-13 08:36:13,409 - INFO - Epoch [31/60], Train Loss: 2.4657
2024-12-13 08:36:50,246 - INFO - Epoch [31/60], Validation Accuracy: 0.6993
2024-12-13 08:38:43,749 - INFO - Epoch [32/60], Train Loss: 2.4514
2024-12-13 08:39:20,274 - INFO - Epoch [32/60], Validation Accuracy: 0.7137
2024-12-13 08:41:13,523 - INFO - Epoch [33/60], Train Loss: 2.4496
2024-12-13 08:41:50,440 - INFO - Epoch [33/60], Validation Accuracy: 0.7000
2024-12-13 08:43:43,411 - INFO - Epoch [34/60], Train Loss: 2.3898
2024-12-13 08:44:20,105 - INFO - Epoch [34/60], Validation Accuracy: 0.7124
2024-12-13 08:46:13,681 - INFO - Epoch [35/60], Train Loss: 2.3803
2024-12-13 08:46:50,648 - INFO - Epoch [35/60], Validation Accuracy: 0.7150
2024-12-13 08:48:44,119 - INFO - Epoch [36/60], Train Loss: 2.3763
2024-12-13 08:49:21,010 - INFO - Epoch [36/60], Validation Accuracy: 0.7275
2024-12-13 08:51:15,072 - INFO - Epoch [37/60], Train Loss: 2.3397
2024-12-13 08:51:51,833 - INFO - Epoch [37/60], Validation Accuracy: 0.7118
2024-12-13 08:53:45,171 - INFO - Epoch [38/60], Train Loss: 2.3181
2024-12-13 08:54:21,793 - INFO - Epoch [38/60], Validation Accuracy: 0.7176
2024-12-13 08:56:15,407 - INFO - Epoch [39/60], Train Loss: 2.3210
2024-12-13 08:56:52,317 - INFO - Epoch [39/60], Validation Accuracy: 0.7183
2024-12-13 08:58:45,274 - INFO - Epoch [40/60], Train Loss: 2.2768
2024-12-13 08:59:22,088 - INFO - Epoch [40/60], Validation Accuracy: 0.7320
2024-12-13 09:01:15,541 - INFO - Epoch [41/60], Train Loss: 2.2880
2024-12-13 09:01:52,375 - INFO - Epoch [41/60], Validation Accuracy: 0.7229
2024-12-13 09:03:45,744 - INFO - Epoch [42/60], Train Loss: 2.2921
2024-12-13 09:04:22,666 - INFO - Epoch [42/60], Validation Accuracy: 0.7170
2024-12-13 09:06:16,114 - INFO - Epoch [43/60], Train Loss: 2.2694
2024-12-13 09:06:52,926 - INFO - Epoch [43/60], Validation Accuracy: 0.7085
2024-12-13 09:08:46,101 - INFO - Epoch [44/60], Train Loss: 2.2418
2024-12-13 09:09:22,960 - INFO - Epoch [44/60], Validation Accuracy: 0.7229
2024-12-13 09:11:15,944 - INFO - Epoch [45/60], Train Loss: 2.2327
2024-12-13 09:11:52,966 - INFO - Epoch [45/60], Validation Accuracy: 0.7261
2024-12-13 09:11:52,984 - INFO - Early stopping at epoch 45 due to no improvement in validation accuracy.
2024-12-13 09:11:53,353 - INFO - load model from: https://download.openmmlab.com/mmaction/recognition/csn/ircsn_from_scratch_r50_ig65m_20210617-ce545a37.pth
2024-12-13 09:11:53,353 - INFO - load checkpoint from http path: https://download.openmmlab.com/mmaction/recognition/csn/ircsn_from_scratch_r50_ig65m_20210617-ce545a37.pth
2024-12-13 09:13:46,565 - INFO - Epoch [1/60], Train Loss: 3.9384
2024-12-13 09:14:23,322 - INFO - Epoch [1/60], Validation Accuracy: 0.1725
2024-12-13 09:16:16,658 - INFO - Epoch [2/60], Train Loss: 3.8338
2024-12-13 09:16:53,516 - INFO - Epoch [2/60], Validation Accuracy: 0.3431
2024-12-13 09:18:46,691 - INFO - Epoch [3/60], Train Loss: 3.7134
2024-12-13 09:19:23,509 - INFO - Epoch [3/60], Validation Accuracy: 0.3935
2024-12-13 09:21:16,851 - INFO - Epoch [4/60], Train Loss: 3.6178
2024-12-13 09:21:53,659 - INFO - Epoch [4/60], Validation Accuracy: 0.4255
2024-12-13 09:23:46,674 - INFO - Epoch [5/60], Train Loss: 3.5322
2024-12-13 09:24:23,563 - INFO - Epoch [5/60], Validation Accuracy: 0.4477
2024-12-13 09:26:17,318 - INFO - Epoch [6/60], Train Loss: 3.4544
2024-12-13 09:26:54,250 - INFO - Epoch [6/60], Validation Accuracy: 0.4438
2024-12-13 09:28:47,913 - INFO - Epoch [7/60], Train Loss: 3.3890
2024-12-13 09:29:24,860 - INFO - Epoch [7/60], Validation Accuracy: 0.4601
2024-12-13 09:31:17,695 - INFO - Epoch [8/60], Train Loss: 3.3176
2024-12-13 09:31:54,608 - INFO - Epoch [8/60], Validation Accuracy: 0.5007
2024-12-13 09:33:47,874 - INFO - Epoch [9/60], Train Loss: 3.2501
2024-12-13 09:34:24,729 - INFO - Epoch [9/60], Validation Accuracy: 0.5000
2024-12-13 09:36:18,069 - INFO - Epoch [10/60], Train Loss: 3.1846
2024-12-13 09:36:54,942 - INFO - Epoch [10/60], Validation Accuracy: 0.5216
2024-12-13 09:38:48,603 - INFO - Epoch [11/60], Train Loss: 3.1340
2024-12-13 09:39:25,309 - INFO - Epoch [11/60], Validation Accuracy: 0.5458
2024-12-13 09:41:18,952 - INFO - Epoch [12/60], Train Loss: 3.0725
2024-12-13 09:41:55,803 - INFO - Epoch [12/60], Validation Accuracy: 0.5810
2024-12-13 09:43:49,406 - INFO - Epoch [13/60], Train Loss: 3.0095
2024-12-13 09:44:26,157 - INFO - Epoch [13/60], Validation Accuracy: 0.5922
2024-12-13 09:46:19,315 - INFO - Epoch [14/60], Train Loss: 2.9863
2024-12-13 09:46:56,132 - INFO - Epoch [14/60], Validation Accuracy: 0.6183
2024-12-13 09:48:49,128 - INFO - Epoch [15/60], Train Loss: 2.9419
2024-12-13 09:49:26,174 - INFO - Epoch [15/60], Validation Accuracy: 0.6346
2024-12-13 09:51:19,633 - INFO - Epoch [16/60], Train Loss: 2.8894
2024-12-13 09:51:56,506 - INFO - Epoch [16/60], Validation Accuracy: 0.6392
2024-12-13 09:53:49,981 - INFO - Epoch [17/60], Train Loss: 2.8466
2024-12-13 09:54:26,909 - INFO - Epoch [17/60], Validation Accuracy: 0.6634
2024-12-13 09:56:19,750 - INFO - Epoch [18/60], Train Loss: 2.8201
2024-12-13 09:56:56,822 - INFO - Epoch [18/60], Validation Accuracy: 0.6627
2024-12-13 09:58:50,736 - INFO - Epoch [19/60], Train Loss: 2.7768
2024-12-13 09:59:27,528 - INFO - Epoch [19/60], Validation Accuracy: 0.6569
2024-12-13 10:01:20,522 - INFO - Epoch [20/60], Train Loss: 2.7660
2024-12-13 10:01:57,330 - INFO - Epoch [20/60], Validation Accuracy: 0.6791
2024-12-13 10:03:51,030 - INFO - Epoch [21/60], Train Loss: 2.7454
2024-12-13 10:04:27,833 - INFO - Epoch [21/60], Validation Accuracy: 0.6843
2024-12-13 10:06:21,107 - INFO - Epoch [22/60], Train Loss: 2.7122
2024-12-13 10:06:58,070 - INFO - Epoch [22/60], Validation Accuracy: 0.6778
2024-12-13 10:08:51,330 - INFO - Epoch [23/60], Train Loss: 2.6782
2024-12-13 10:09:28,222 - INFO - Epoch [23/60], Validation Accuracy: 0.6837
2024-12-13 10:11:21,412 - INFO - Epoch [24/60], Train Loss: 2.6299
2024-12-13 10:11:58,306 - INFO - Epoch [24/60], Validation Accuracy: 0.6784
2024-12-13 10:13:51,584 - INFO - Epoch [25/60], Train Loss: 2.6008
2024-12-13 10:14:28,354 - INFO - Epoch [25/60], Validation Accuracy: 0.7026
2024-12-13 10:16:21,652 - INFO - Epoch [26/60], Train Loss: 2.5919
2024-12-13 10:16:58,476 - INFO - Epoch [26/60], Validation Accuracy: 0.7046
2024-12-13 10:18:51,185 - INFO - Epoch [27/60], Train Loss: 2.5579
2024-12-13 10:19:27,973 - INFO - Epoch [27/60], Validation Accuracy: 0.7052
2024-12-13 10:21:21,500 - INFO - Epoch [28/60], Train Loss: 2.5411
2024-12-13 10:21:58,524 - INFO - Epoch [28/60], Validation Accuracy: 0.7039
2024-12-13 10:23:51,840 - INFO - Epoch [29/60], Train Loss: 2.5231
2024-12-13 10:24:28,658 - INFO - Epoch [29/60], Validation Accuracy: 0.7052
2024-12-13 10:26:22,354 - INFO - Epoch [30/60], Train Loss: 2.5000
2024-12-13 10:26:59,313 - INFO - Epoch [30/60], Validation Accuracy: 0.7020
2024-12-13 10:28:51,951 - INFO - Epoch [31/60], Train Loss: 2.4800
2024-12-13 10:29:28,656 - INFO - Epoch [31/60], Validation Accuracy: 0.7124
2024-12-13 10:31:21,766 - INFO - Epoch [32/60], Train Loss: 2.4632
2024-12-13 10:31:58,701 - INFO - Epoch [32/60], Validation Accuracy: 0.7078
2024-12-13 10:33:52,460 - INFO - Epoch [33/60], Train Loss: 2.3996
2024-12-13 10:34:29,386 - INFO - Epoch [33/60], Validation Accuracy: 0.7131
2024-12-13 10:36:22,861 - INFO - Epoch [34/60], Train Loss: 2.4178
2024-12-13 10:36:59,971 - INFO - Epoch [34/60], Validation Accuracy: 0.7039
2024-12-13 10:38:53,286 - INFO - Epoch [35/60], Train Loss: 2.3991
2024-12-13 10:39:30,141 - INFO - Epoch [35/60], Validation Accuracy: 0.7085
2024-12-13 10:41:23,200 - INFO - Epoch [36/60], Train Loss: 2.3885
2024-12-13 10:42:00,034 - INFO - Epoch [36/60], Validation Accuracy: 0.7216
2024-12-13 10:43:53,404 - INFO - Epoch [37/60], Train Loss: 2.3595
2024-12-13 10:44:30,245 - INFO - Epoch [37/60], Validation Accuracy: 0.7137
2024-12-13 10:46:23,821 - INFO - Epoch [38/60], Train Loss: 2.3397
2024-12-13 10:47:00,601 - INFO - Epoch [38/60], Validation Accuracy: 0.7098
2024-12-13 10:48:53,986 - INFO - Epoch [39/60], Train Loss: 2.3395
2024-12-13 10:49:30,795 - INFO - Epoch [39/60], Validation Accuracy: 0.7314
2024-12-13 10:51:24,159 - INFO - Epoch [40/60], Train Loss: 2.3049
2024-12-13 10:52:00,897 - INFO - Epoch [40/60], Validation Accuracy: 0.7216
2024-12-13 10:53:54,114 - INFO - Epoch [41/60], Train Loss: 2.2850
2024-12-13 10:54:30,829 - INFO - Epoch [41/60], Validation Accuracy: 0.7242
2024-12-13 10:56:24,253 - INFO - Epoch [42/60], Train Loss: 2.2899
2024-12-13 10:57:01,237 - INFO - Epoch [42/60], Validation Accuracy: 0.7190
2024-12-13 10:58:54,720 - INFO - Epoch [43/60], Train Loss: 2.2749
2024-12-13 10:59:31,400 - INFO - Epoch [43/60], Validation Accuracy: 0.7216
2024-12-13 11:01:24,665 - INFO - Epoch [44/60], Train Loss: 2.2608
2024-12-13 11:02:01,569 - INFO - Epoch [44/60], Validation Accuracy: 0.7268
2024-12-13 11:02:01,586 - INFO - Early stopping at epoch 44 due to no improvement in validation accuracy.
2024-12-13 11:02:01,957 - INFO - load model from: https://download.openmmlab.com/mmaction/recognition/csn/ircsn_from_scratch_r50_ig65m_20210617-ce545a37.pth
2024-12-13 11:02:01,958 - INFO - load checkpoint from http path: https://download.openmmlab.com/mmaction/recognition/csn/ircsn_from_scratch_r50_ig65m_20210617-ce545a37.pth
2024-12-13 11:03:55,244 - INFO - Epoch [1/60], Train Loss: 3.9399
2024-12-13 11:04:32,201 - INFO - Epoch [1/60], Validation Accuracy: 0.1529
2024-12-13 11:06:25,603 - INFO - Epoch [2/60], Train Loss: 3.8380
2024-12-13 11:07:02,570 - INFO - Epoch [2/60], Validation Accuracy: 0.3150
2024-12-13 11:08:55,972 - INFO - Epoch [3/60], Train Loss: 3.6992
2024-12-13 11:09:32,904 - INFO - Epoch [3/60], Validation Accuracy: 0.3961
2024-12-13 11:11:25,854 - INFO - Epoch [4/60], Train Loss: 3.6053
2024-12-13 11:12:02,595 - INFO - Epoch [4/60], Validation Accuracy: 0.4216
2024-12-13 11:13:56,246 - INFO - Epoch [5/60], Train Loss: 3.5263
2024-12-13 11:14:33,111 - INFO - Epoch [5/60], Validation Accuracy: 0.4464
2024-12-13 11:16:26,383 - INFO - Epoch [6/60], Train Loss: 3.4488
2024-12-13 11:17:03,339 - INFO - Epoch [6/60], Validation Accuracy: 0.4706
2024-12-13 11:18:57,175 - INFO - Epoch [7/60], Train Loss: 3.3777
2024-12-13 11:19:34,184 - INFO - Epoch [7/60], Validation Accuracy: 0.4804
2024-12-13 11:21:28,131 - INFO - Epoch [8/60], Train Loss: 3.3093
2024-12-13 11:22:05,015 - INFO - Epoch [8/60], Validation Accuracy: 0.5046
2024-12-13 11:23:57,665 - INFO - Epoch [9/60], Train Loss: 3.2563
2024-12-13 11:24:34,547 - INFO - Epoch [9/60], Validation Accuracy: 0.5412
2024-12-13 11:26:28,332 - INFO - Epoch [10/60], Train Loss: 3.1818
2024-12-13 11:27:04,926 - INFO - Epoch [10/60], Validation Accuracy: 0.5771
2024-12-13 11:28:58,754 - INFO - Epoch [11/60], Train Loss: 3.1231
2024-12-13 11:29:35,646 - INFO - Epoch [11/60], Validation Accuracy: 0.5908
2024-12-13 11:31:29,036 - INFO - Epoch [12/60], Train Loss: 3.0753
2024-12-13 11:32:05,852 - INFO - Epoch [12/60], Validation Accuracy: 0.6039
2024-12-13 11:33:59,162 - INFO - Epoch [13/60], Train Loss: 3.0057
2024-12-13 11:34:35,969 - INFO - Epoch [13/60], Validation Accuracy: 0.6333
2024-12-13 11:36:29,711 - INFO - Epoch [14/60], Train Loss: 2.9813
2024-12-13 11:37:06,559 - INFO - Epoch [14/60], Validation Accuracy: 0.6222
2024-12-13 11:38:59,775 - INFO - Epoch [15/60], Train Loss: 2.9351
2024-12-13 11:39:36,819 - INFO - Epoch [15/60], Validation Accuracy: 0.6294
2024-12-13 11:41:30,050 - INFO - Epoch [16/60], Train Loss: 2.9047
2024-12-13 11:42:07,192 - INFO - Epoch [16/60], Validation Accuracy: 0.6379
2024-12-13 11:44:00,337 - INFO - Epoch [17/60], Train Loss: 2.8693
2024-12-13 11:44:37,288 - INFO - Epoch [17/60], Validation Accuracy: 0.6634
2024-12-13 11:46:30,895 - INFO - Epoch [18/60], Train Loss: 2.8244
2024-12-13 11:47:07,921 - INFO - Epoch [18/60], Validation Accuracy: 0.6699
2024-12-13 11:49:01,792 - INFO - Epoch [19/60], Train Loss: 2.7758
2024-12-13 11:49:38,671 - INFO - Epoch [19/60], Validation Accuracy: 0.6791
2024-12-13 11:51:32,172 - INFO - Epoch [20/60], Train Loss: 2.7717
2024-12-13 11:52:09,026 - INFO - Epoch [20/60], Validation Accuracy: 0.6588
2024-12-13 11:54:03,041 - INFO - Epoch [21/60], Train Loss: 2.7334
2024-12-13 11:54:40,040 - INFO - Epoch [21/60], Validation Accuracy: 0.6797
2024-12-13 11:56:33,366 - INFO - Epoch [22/60], Train Loss: 2.7036
2024-12-13 11:57:10,036 - INFO - Epoch [22/60], Validation Accuracy: 0.6863
2024-12-13 11:59:03,700 - INFO - Epoch [23/60], Train Loss: 2.7194
2024-12-13 11:59:40,617 - INFO - Epoch [23/60], Validation Accuracy: 0.6902
2024-12-13 12:01:34,272 - INFO - Epoch [24/60], Train Loss: 2.6699
2024-12-13 12:02:11,164 - INFO - Epoch [24/60], Validation Accuracy: 0.6882
2024-12-13 12:04:04,854 - INFO - Epoch [25/60], Train Loss: 2.6201
2024-12-13 12:04:41,879 - INFO - Epoch [25/60], Validation Accuracy: 0.6954
2024-12-13 12:06:36,323 - INFO - Epoch [26/60], Train Loss: 2.6136
2024-12-13 12:07:13,047 - INFO - Epoch [26/60], Validation Accuracy: 0.7007
2024-12-13 12:09:06,699 - INFO - Epoch [27/60], Train Loss: 2.5807
2024-12-13 12:09:43,522 - INFO - Epoch [27/60], Validation Accuracy: 0.6993
2024-12-13 12:11:37,202 - INFO - Epoch [28/60], Train Loss: 2.5486
2024-12-13 12:12:14,068 - INFO - Epoch [28/60], Validation Accuracy: 0.6974
2024-12-13 12:14:07,378 - INFO - Epoch [29/60], Train Loss: 2.5389
2024-12-13 12:14:44,335 - INFO - Epoch [29/60], Validation Accuracy: 0.7078
2024-12-13 12:16:38,148 - INFO - Epoch [30/60], Train Loss: 2.5083
2024-12-13 12:17:14,847 - INFO - Epoch [30/60], Validation Accuracy: 0.7052
2024-12-13 12:19:08,260 - INFO - Epoch [31/60], Train Loss: 2.5071
2024-12-13 12:19:45,225 - INFO - Epoch [31/60], Validation Accuracy: 0.7124
2024-12-13 12:21:41,833 - INFO - Epoch [32/60], Train Loss: 2.4691
2024-12-13 12:22:18,829 - INFO - Epoch [32/60], Validation Accuracy: 0.7176
2024-12-13 12:24:12,683 - INFO - Epoch [33/60], Train Loss: 2.4502
2024-12-13 12:24:49,029 - INFO - Epoch [33/60], Validation Accuracy: 0.7078
2024-12-13 12:26:42,348 - INFO - Epoch [34/60], Train Loss: 2.4324
2024-12-13 12:27:18,976 - INFO - Epoch [34/60], Validation Accuracy: 0.7150
2024-12-13 12:29:12,574 - INFO - Epoch [35/60], Train Loss: 2.4024
2024-12-13 12:29:48,975 - INFO - Epoch [35/60], Validation Accuracy: 0.7124
2024-12-13 12:31:42,362 - INFO - Epoch [36/60], Train Loss: 2.4155
2024-12-13 12:32:18,745 - INFO - Epoch [36/60], Validation Accuracy: 0.7118
2024-12-13 12:34:12,127 - INFO - Epoch [37/60], Train Loss: 2.3602
2024-12-13 12:34:48,504 - INFO - Epoch [37/60], Validation Accuracy: 0.7092
2024-12-13 12:34:48,522 - INFO - Early stopping at epoch 37 due to no improvement in validation accuracy.
2024-12-13 12:34:48,886 - INFO - load model from: https://download.openmmlab.com/mmaction/recognition/csn/ircsn_from_scratch_r50_ig65m_20210617-ce545a37.pth
2024-12-13 12:34:48,887 - INFO - load checkpoint from http path: https://download.openmmlab.com/mmaction/recognition/csn/ircsn_from_scratch_r50_ig65m_20210617-ce545a37.pth
2024-12-13 12:36:41,998 - INFO - Epoch [1/60], Train Loss: 3.9270
2024-12-13 12:37:18,599 - INFO - Epoch [1/60], Validation Accuracy: 0.2366
2024-12-13 12:39:12,010 - INFO - Epoch [2/60], Train Loss: 3.8137
2024-12-13 12:39:48,439 - INFO - Epoch [2/60], Validation Accuracy: 0.3157
2024-12-13 12:41:41,834 - INFO - Epoch [3/60], Train Loss: 3.7095
2024-12-13 12:42:18,135 - INFO - Epoch [3/60], Validation Accuracy: 0.3614
2024-12-13 12:44:11,477 - INFO - Epoch [4/60], Train Loss: 3.6174
2024-12-13 12:44:48,046 - INFO - Epoch [4/60], Validation Accuracy: 0.3830
2024-12-13 12:46:41,163 - INFO - Epoch [5/60], Train Loss: 3.5538
2024-12-13 12:47:17,779 - INFO - Epoch [5/60], Validation Accuracy: 0.4229
2024-12-13 12:49:11,331 - INFO - Epoch [6/60], Train Loss: 3.4667
2024-12-13 12:49:47,886 - INFO - Epoch [6/60], Validation Accuracy: 0.4719
2024-12-13 12:51:41,244 - INFO - Epoch [7/60], Train Loss: 3.3959
2024-12-13 12:52:17,607 - INFO - Epoch [7/60], Validation Accuracy: 0.4908
2024-12-13 12:54:10,832 - INFO - Epoch [8/60], Train Loss: 3.3275
2024-12-13 12:54:47,191 - INFO - Epoch [8/60], Validation Accuracy: 0.5190
2024-12-13 12:56:40,641 - INFO - Epoch [9/60], Train Loss: 3.2520
2024-12-13 12:57:17,106 - INFO - Epoch [9/60], Validation Accuracy: 0.5451
2024-12-13 12:59:09,988 - INFO - Epoch [10/60], Train Loss: 3.1983
2024-12-13 12:59:46,563 - INFO - Epoch [10/60], Validation Accuracy: 0.5647
2024-12-13 13:01:39,652 - INFO - Epoch [11/60], Train Loss: 3.1578
2024-12-13 13:02:16,016 - INFO - Epoch [11/60], Validation Accuracy: 0.5745
2024-12-13 13:04:09,364 - INFO - Epoch [12/60], Train Loss: 3.0948
2024-12-13 13:04:45,831 - INFO - Epoch [12/60], Validation Accuracy: 0.5876
2024-12-13 13:06:39,421 - INFO - Epoch [13/60], Train Loss: 3.0369
2024-12-13 13:07:15,951 - INFO - Epoch [13/60], Validation Accuracy: 0.6098
2024-12-13 13:09:09,235 - INFO - Epoch [14/60], Train Loss: 2.9982
2024-12-13 13:09:45,667 - INFO - Epoch [14/60], Validation Accuracy: 0.6190
2024-12-13 13:11:38,723 - INFO - Epoch [15/60], Train Loss: 2.9627
2024-12-13 13:12:15,236 - INFO - Epoch [15/60], Validation Accuracy: 0.6431
2024-12-13 13:14:08,612 - INFO - Epoch [16/60], Train Loss: 2.9178
2024-12-13 13:14:45,091 - INFO - Epoch [16/60], Validation Accuracy: 0.6438
2024-12-13 13:16:38,295 - INFO - Epoch [17/60], Train Loss: 2.8661
2024-12-13 13:17:14,984 - INFO - Epoch [17/60], Validation Accuracy: 0.6595
2024-12-13 13:19:08,266 - INFO - Epoch [18/60], Train Loss: 2.8364
2024-12-13 13:19:44,779 - INFO - Epoch [18/60], Validation Accuracy: 0.6575
2024-12-13 13:21:37,822 - INFO - Epoch [19/60], Train Loss: 2.8069
2024-12-13 13:22:14,359 - INFO - Epoch [19/60], Validation Accuracy: 0.6758
2024-12-13 13:24:07,426 - INFO - Epoch [20/60], Train Loss: 2.7856
2024-12-13 13:24:44,048 - INFO - Epoch [20/60], Validation Accuracy: 0.6817
2024-12-13 13:26:37,750 - INFO - Epoch [21/60], Train Loss: 2.7255
2024-12-13 13:27:14,266 - INFO - Epoch [21/60], Validation Accuracy: 0.6739
2024-12-13 13:29:07,436 - INFO - Epoch [22/60], Train Loss: 2.7014
2024-12-13 13:29:43,950 - INFO - Epoch [22/60], Validation Accuracy: 0.6928
2024-12-13 13:31:37,267 - INFO - Epoch [23/60], Train Loss: 2.6727
2024-12-13 13:32:13,846 - INFO - Epoch [23/60], Validation Accuracy: 0.6869
2024-12-13 13:34:07,316 - INFO - Epoch [24/60], Train Loss: 2.6384
2024-12-13 13:34:43,817 - INFO - Epoch [24/60], Validation Accuracy: 0.6935
2024-12-13 13:36:37,256 - INFO - Epoch [25/60], Train Loss: 2.6351
2024-12-13 13:37:13,707 - INFO - Epoch [25/60], Validation Accuracy: 0.6908
2024-12-13 13:39:07,840 - INFO - Epoch [26/60], Train Loss: 2.6040
2024-12-13 13:39:44,243 - INFO - Epoch [26/60], Validation Accuracy: 0.7007
2024-12-13 13:41:37,821 - INFO - Epoch [27/60], Train Loss: 2.5888
2024-12-13 13:42:14,099 - INFO - Epoch [27/60], Validation Accuracy: 0.7052
2024-12-13 13:44:07,354 - INFO - Epoch [28/60], Train Loss: 2.5543
2024-12-13 13:44:43,777 - INFO - Epoch [28/60], Validation Accuracy: 0.7013
2024-12-13 13:46:37,266 - INFO - Epoch [29/60], Train Loss: 2.5344
2024-12-13 13:47:13,614 - INFO - Epoch [29/60], Validation Accuracy: 0.7065
2024-12-13 13:49:07,251 - INFO - Epoch [30/60], Train Loss: 2.5252
2024-12-13 13:49:44,266 - INFO - Epoch [30/60], Validation Accuracy: 0.7111
2024-12-13 13:51:38,052 - INFO - Epoch [31/60], Train Loss: 2.5257
2024-12-13 13:52:14,677 - INFO - Epoch [31/60], Validation Accuracy: 0.7111
2024-12-13 13:54:08,628 - INFO - Epoch [32/60], Train Loss: 2.4629
2024-12-13 13:54:45,436 - INFO - Epoch [32/60], Validation Accuracy: 0.7059
2024-12-13 13:56:39,409 - INFO - Epoch [33/60], Train Loss: 2.4571
2024-12-13 13:57:15,976 - INFO - Epoch [33/60], Validation Accuracy: 0.7124
2024-12-13 13:59:09,729 - INFO - Epoch [34/60], Train Loss: 2.4415
2024-12-13 13:59:46,419 - INFO - Epoch [34/60], Validation Accuracy: 0.7144
2024-12-13 14:01:39,400 - INFO - Epoch [35/60], Train Loss: 2.4224
2024-12-13 14:02:15,944 - INFO - Epoch [35/60], Validation Accuracy: 0.7065
2024-12-13 14:04:08,929 - INFO - Epoch [36/60], Train Loss: 2.4161
2024-12-13 14:04:45,646 - INFO - Epoch [36/60], Validation Accuracy: 0.7170
2024-12-13 14:06:38,860 - INFO - Epoch [37/60], Train Loss: 2.4077
2024-12-13 14:07:15,391 - INFO - Epoch [37/60], Validation Accuracy: 0.7124
2024-12-13 14:09:08,840 - INFO - Epoch [38/60], Train Loss: 2.3715
2024-12-13 14:09:45,386 - INFO - Epoch [38/60], Validation Accuracy: 0.7092
2024-12-13 14:11:38,346 - INFO - Epoch [39/60], Train Loss: 2.3666
2024-12-13 14:12:14,885 - INFO - Epoch [39/60], Validation Accuracy: 0.7092
2024-12-13 14:14:08,257 - INFO - Epoch [40/60], Train Loss: 2.3418
2024-12-13 14:14:44,753 - INFO - Epoch [40/60], Validation Accuracy: 0.7196
2024-12-13 14:16:38,725 - INFO - Epoch [41/60], Train Loss: 2.3165
2024-12-13 14:17:15,273 - INFO - Epoch [41/60], Validation Accuracy: 0.7150
2024-12-13 14:19:08,276 - INFO - Epoch [42/60], Train Loss: 2.3175
2024-12-13 14:19:44,975 - INFO - Epoch [42/60], Validation Accuracy: 0.7190
2024-12-13 14:21:38,388 - INFO - Epoch [43/60], Train Loss: 2.2919
2024-12-13 14:22:15,179 - INFO - Epoch [43/60], Validation Accuracy: 0.7222
2024-12-13 14:24:08,574 - INFO - Epoch [44/60], Train Loss: 2.3083
2024-12-13 14:24:45,169 - INFO - Epoch [44/60], Validation Accuracy: 0.7190
2024-12-13 14:26:38,290 - INFO - Epoch [45/60], Train Loss: 2.2916
2024-12-13 14:27:14,709 - INFO - Epoch [45/60], Validation Accuracy: 0.7150
2024-12-13 14:29:08,116 - INFO - Epoch [46/60], Train Loss: 2.2553
2024-12-13 14:29:44,866 - INFO - Epoch [46/60], Validation Accuracy: 0.7183
2024-12-13 14:31:37,929 - INFO - Epoch [47/60], Train Loss: 2.2254
2024-12-13 14:32:14,557 - INFO - Epoch [47/60], Validation Accuracy: 0.7150
2024-12-13 14:34:08,190 - INFO - Epoch [48/60], Train Loss: 2.2512
2024-12-13 14:34:44,801 - INFO - Epoch [48/60], Validation Accuracy: 0.7150
2024-12-13 14:34:44,818 - INFO - Early stopping at epoch 48 due to no improvement in validation accuracy.
2024-12-13 14:34:45,159 - INFO - load model from: https://download.openmmlab.com/mmaction/recognition/csn/ircsn_from_scratch_r50_ig65m_20210617-ce545a37.pth
2024-12-13 14:34:45,160 - INFO - load checkpoint from http path: https://download.openmmlab.com/mmaction/recognition/csn/ircsn_from_scratch_r50_ig65m_20210617-ce545a37.pth
2024-12-13 14:36:38,231 - INFO - Epoch [1/60], Train Loss: 3.9401
2024-12-13 14:37:14,854 - INFO - Epoch [1/60], Validation Accuracy: 0.1810
2024-12-13 14:39:07,756 - INFO - Epoch [2/60], Train Loss: 3.8250
2024-12-13 14:39:44,254 - INFO - Epoch [2/60], Validation Accuracy: 0.3039
2024-12-13 14:41:41,211 - INFO - Epoch [3/60], Train Loss: 3.7032
2024-12-13 14:42:18,709 - INFO - Epoch [3/60], Validation Accuracy: 0.3569
