2024-12-18 03:43:37,424 - INFO - load model from: https://download.openmmlab.com/mmaction/recognition/csn/ircsn_from_scratch_r50_ig65m_20210617-ce545a37.pth
2024-12-18 03:43:37,425 - INFO - load checkpoint from http path: https://download.openmmlab.com/mmaction/recognition/csn/ircsn_from_scratch_r50_ig65m_20210617-ce545a37.pth
2024-12-18 03:45:36,523 - INFO - Epoch [1/60], Train Loss: 3.9241
2024-12-18 03:46:12,583 - INFO - Epoch [1/60], Validation Accuracy: 0.2608
2024-12-18 03:48:06,149 - INFO - Epoch [2/60], Train Loss: 3.7133
2024-12-18 03:48:42,388 - INFO - Epoch [2/60], Validation Accuracy: 0.4392
2024-12-18 03:50:35,874 - INFO - Epoch [3/60], Train Loss: 3.4823
2024-12-18 03:51:12,587 - INFO - Epoch [3/60], Validation Accuracy: 0.5026
2024-12-18 03:53:05,260 - INFO - Epoch [4/60], Train Loss: 3.3055
2024-12-18 03:53:42,206 - INFO - Epoch [4/60], Validation Accuracy: 0.5425
2024-12-18 03:55:35,123 - INFO - Epoch [5/60], Train Loss: 3.1431
2024-12-18 03:56:12,084 - INFO - Epoch [5/60], Validation Accuracy: 0.5817
2024-12-18 03:58:05,121 - INFO - Epoch [6/60], Train Loss: 3.0072
2024-12-18 03:58:41,692 - INFO - Epoch [6/60], Validation Accuracy: 0.5935
2024-12-18 04:00:34,416 - INFO - Epoch [7/60], Train Loss: 2.8860
2024-12-18 04:01:11,284 - INFO - Epoch [7/60], Validation Accuracy: 0.6150
2024-12-18 04:03:04,552 - INFO - Epoch [8/60], Train Loss: 2.7702
2024-12-18 04:03:40,986 - INFO - Epoch [8/60], Validation Accuracy: 0.6549
2024-12-18 04:05:33,912 - INFO - Epoch [9/60], Train Loss: 2.6765
2024-12-18 04:06:10,949 - INFO - Epoch [9/60], Validation Accuracy: 0.6869
2024-12-18 04:08:04,290 - INFO - Epoch [10/60], Train Loss: 2.5707
2024-12-18 04:08:41,244 - INFO - Epoch [10/60], Validation Accuracy: 0.6987
2024-12-18 04:10:34,902 - INFO - Epoch [11/60], Train Loss: 2.4743
2024-12-18 04:11:11,674 - INFO - Epoch [11/60], Validation Accuracy: 0.7013
2024-12-18 04:13:04,792 - INFO - Epoch [12/60], Train Loss: 2.4373
2024-12-18 04:13:41,613 - INFO - Epoch [12/60], Validation Accuracy: 0.7209
2024-12-18 04:15:35,097 - INFO - Epoch [13/60], Train Loss: 2.3599
2024-12-18 04:16:12,060 - INFO - Epoch [13/60], Validation Accuracy: 0.7261
2024-12-18 04:18:05,345 - INFO - Epoch [14/60], Train Loss: 2.3195
2024-12-18 04:18:42,264 - INFO - Epoch [14/60], Validation Accuracy: 0.7405
2024-12-18 04:20:35,044 - INFO - Epoch [15/60], Train Loss: 2.2387
2024-12-18 04:21:11,978 - INFO - Epoch [15/60], Validation Accuracy: 0.7418
2024-12-18 04:23:05,407 - INFO - Epoch [16/60], Train Loss: 2.1915
2024-12-18 04:23:42,256 - INFO - Epoch [16/60], Validation Accuracy: 0.7444
2024-12-18 04:25:35,461 - INFO - Epoch [17/60], Train Loss: 2.1506
2024-12-18 04:26:12,194 - INFO - Epoch [17/60], Validation Accuracy: 0.7536
2024-12-18 04:28:05,763 - INFO - Epoch [18/60], Train Loss: 2.1360
2024-12-18 04:28:42,670 - INFO - Epoch [18/60], Validation Accuracy: 0.7575
2024-12-18 04:30:35,998 - INFO - Epoch [19/60], Train Loss: 2.0751
2024-12-18 04:31:13,049 - INFO - Epoch [19/60], Validation Accuracy: 0.7608
2024-12-18 04:33:06,182 - INFO - Epoch [20/60], Train Loss: 2.0515
2024-12-18 04:33:43,073 - INFO - Epoch [20/60], Validation Accuracy: 0.7569
2024-12-18 04:35:36,462 - INFO - Epoch [21/60], Train Loss: 2.0394
2024-12-18 04:36:13,427 - INFO - Epoch [21/60], Validation Accuracy: 0.7627
2024-12-18 04:38:06,617 - INFO - Epoch [22/60], Train Loss: 2.0001
2024-12-18 04:38:43,549 - INFO - Epoch [22/60], Validation Accuracy: 0.7614
2024-12-18 04:40:36,404 - INFO - Epoch [23/60], Train Loss: 1.9580
2024-12-18 04:41:13,230 - INFO - Epoch [23/60], Validation Accuracy: 0.7562
2024-12-18 04:43:06,555 - INFO - Epoch [24/60], Train Loss: 1.9524
2024-12-18 04:43:43,566 - INFO - Epoch [24/60], Validation Accuracy: 0.7627
2024-12-18 04:45:37,103 - INFO - Epoch [25/60], Train Loss: 1.9286
2024-12-18 04:46:14,071 - INFO - Epoch [25/60], Validation Accuracy: 0.7614
2024-12-18 04:48:07,550 - INFO - Epoch [26/60], Train Loss: 1.8840
2024-12-18 04:48:44,508 - INFO - Epoch [26/60], Validation Accuracy: 0.7562
2024-12-18 04:50:37,926 - INFO - Epoch [27/60], Train Loss: 1.8927
2024-12-18 04:51:14,842 - INFO - Epoch [27/60], Validation Accuracy: 0.7608
2024-12-18 04:53:08,530 - INFO - Epoch [28/60], Train Loss: 1.8320
2024-12-18 04:53:45,566 - INFO - Epoch [28/60], Validation Accuracy: 0.7569
2024-12-18 04:55:38,622 - INFO - Epoch [29/60], Train Loss: 1.8441
2024-12-18 04:56:15,645 - INFO - Epoch [29/60], Validation Accuracy: 0.7686
2024-12-18 04:58:09,526 - INFO - Epoch [30/60], Train Loss: 1.8022
2024-12-18 04:58:46,582 - INFO - Epoch [30/60], Validation Accuracy: 0.7608
2024-12-18 05:00:39,073 - INFO - Epoch [31/60], Train Loss: 1.7835
2024-12-18 05:01:15,929 - INFO - Epoch [31/60], Validation Accuracy: 0.7418
2024-12-18 05:03:08,772 - INFO - Epoch [32/60], Train Loss: 1.7723
2024-12-18 05:03:45,552 - INFO - Epoch [32/60], Validation Accuracy: 0.7503
2024-12-18 05:05:39,017 - INFO - Epoch [33/60], Train Loss: 1.7462
2024-12-18 05:06:16,000 - INFO - Epoch [33/60], Validation Accuracy: 0.7516
2024-12-18 05:08:09,138 - INFO - Epoch [34/60], Train Loss: 1.7596
2024-12-18 05:08:46,185 - INFO - Epoch [34/60], Validation Accuracy: 0.7582
2024-12-18 05:10:39,353 - INFO - Epoch [35/60], Train Loss: 1.7345
2024-12-18 05:11:16,420 - INFO - Epoch [35/60], Validation Accuracy: 0.7477
2024-12-18 05:13:09,752 - INFO - Epoch [36/60], Train Loss: 1.7097
2024-12-18 05:13:46,718 - INFO - Epoch [36/60], Validation Accuracy: 0.7595
2024-12-18 05:15:39,765 - INFO - Epoch [37/60], Train Loss: 1.6907
2024-12-18 05:16:16,820 - INFO - Epoch [37/60], Validation Accuracy: 0.7471
2024-12-18 05:18:10,270 - INFO - Epoch [38/60], Train Loss: 1.6859
2024-12-18 05:18:47,233 - INFO - Epoch [38/60], Validation Accuracy: 0.7542
2024-12-18 05:20:40,668 - INFO - Epoch [39/60], Train Loss: 1.6924
2024-12-18 05:21:17,562 - INFO - Epoch [39/60], Validation Accuracy: 0.7634
2024-12-18 05:23:10,510 - INFO - Epoch [40/60], Train Loss: 1.6695
2024-12-18 05:23:47,468 - INFO - Epoch [40/60], Validation Accuracy: 0.7484
2024-12-18 05:25:40,619 - INFO - Epoch [41/60], Train Loss: 1.6590
2024-12-18 05:26:17,471 - INFO - Epoch [41/60], Validation Accuracy: 0.7569
2024-12-18 05:28:10,673 - INFO - Epoch [42/60], Train Loss: 1.6567
2024-12-18 05:28:47,591 - INFO - Epoch [42/60], Validation Accuracy: 0.7458
2024-12-18 05:30:40,929 - INFO - Epoch [43/60], Train Loss: 1.6425
2024-12-18 05:31:17,914 - INFO - Epoch [43/60], Validation Accuracy: 0.7601
2024-12-18 05:33:11,327 - INFO - Epoch [44/60], Train Loss: 1.6179
2024-12-18 05:33:48,150 - INFO - Epoch [44/60], Validation Accuracy: 0.7503
2024-12-18 05:35:41,217 - INFO - Epoch [45/60], Train Loss: 1.6289
2024-12-18 05:36:18,366 - INFO - Epoch [45/60], Validation Accuracy: 0.7595
2024-12-18 05:38:11,784 - INFO - Epoch [46/60], Train Loss: 1.6246
2024-12-18 05:38:48,642 - INFO - Epoch [46/60], Validation Accuracy: 0.7556
2024-12-18 05:40:42,101 - INFO - Epoch [47/60], Train Loss: 1.6108
2024-12-18 05:41:19,115 - INFO - Epoch [47/60], Validation Accuracy: 0.7608
2024-12-18 05:43:12,034 - INFO - Epoch [48/60], Train Loss: 1.6045
2024-12-18 05:43:48,963 - INFO - Epoch [48/60], Validation Accuracy: 0.7503
2024-12-18 05:45:42,385 - INFO - Epoch [49/60], Train Loss: 1.5566
2024-12-18 05:46:19,456 - INFO - Epoch [49/60], Validation Accuracy: 0.7529
2024-12-18 05:48:12,207 - INFO - Epoch [50/60], Train Loss: 1.5846
2024-12-18 05:48:49,214 - INFO - Epoch [50/60], Validation Accuracy: 0.7510
2024-12-18 05:50:42,394 - INFO - Epoch [51/60], Train Loss: 1.5555
2024-12-18 05:51:19,292 - INFO - Epoch [51/60], Validation Accuracy: 0.7444
2024-12-18 05:53:13,021 - INFO - Epoch [52/60], Train Loss: 1.5686
2024-12-18 05:53:49,891 - INFO - Epoch [52/60], Validation Accuracy: 0.7438
2024-12-18 05:55:42,826 - INFO - Epoch [53/60], Train Loss: 1.5338
2024-12-18 05:56:19,643 - INFO - Epoch [53/60], Validation Accuracy: 0.7464
2024-12-18 05:58:12,817 - INFO - Epoch [54/60], Train Loss: 1.5374
2024-12-18 05:58:49,748 - INFO - Epoch [54/60], Validation Accuracy: 0.7503
2024-12-18 06:00:43,143 - INFO - Epoch [55/60], Train Loss: 1.5153
2024-12-18 06:01:20,112 - INFO - Epoch [55/60], Validation Accuracy: 0.7497
2024-12-18 06:03:13,078 - INFO - Epoch [56/60], Train Loss: 1.5301
2024-12-18 06:03:49,953 - INFO - Epoch [56/60], Validation Accuracy: 0.7458
2024-12-18 06:05:42,873 - INFO - Epoch [57/60], Train Loss: 1.5433
2024-12-18 06:06:19,788 - INFO - Epoch [57/60], Validation Accuracy: 0.7523
2024-12-18 06:08:12,783 - INFO - Epoch [58/60], Train Loss: 1.5042
2024-12-18 06:08:49,791 - INFO - Epoch [58/60], Validation Accuracy: 0.7471
2024-12-18 06:10:43,142 - INFO - Epoch [59/60], Train Loss: 1.4932
2024-12-18 06:11:20,189 - INFO - Epoch [59/60], Validation Accuracy: 0.7353
2024-12-18 06:13:13,452 - INFO - Epoch [60/60], Train Loss: 1.4975
2024-12-18 06:13:50,472 - INFO - Epoch [60/60], Validation Accuracy: 0.7451
2024-12-18 06:13:50,861 - INFO - load model from: https://download.openmmlab.com/mmaction/recognition/csn/ircsn_from_scratch_r50_ig65m_20210617-ce545a37.pth
2024-12-18 06:13:50,862 - INFO - load checkpoint from http path: https://download.openmmlab.com/mmaction/recognition/csn/ircsn_from_scratch_r50_ig65m_20210617-ce545a37.pth
2024-12-18 06:15:43,977 - INFO - Epoch [1/60], Train Loss: 3.9248
2024-12-18 06:16:20,882 - INFO - Epoch [1/60], Validation Accuracy: 0.1837
2024-12-18 06:18:14,023 - INFO - Epoch [2/60], Train Loss: 3.7207
2024-12-18 06:18:50,932 - INFO - Epoch [2/60], Validation Accuracy: 0.4137
2024-12-18 06:20:44,195 - INFO - Epoch [3/60], Train Loss: 3.5433
2024-12-18 06:21:21,208 - INFO - Epoch [3/60], Validation Accuracy: 0.4987
2024-12-18 06:23:14,248 - INFO - Epoch [4/60], Train Loss: 3.3559
2024-12-18 06:23:51,251 - INFO - Epoch [4/60], Validation Accuracy: 0.5614
2024-12-18 06:25:45,011 - INFO - Epoch [5/60], Train Loss: 3.2185
2024-12-18 06:26:21,910 - INFO - Epoch [5/60], Validation Accuracy: 0.5908
2024-12-18 06:28:15,451 - INFO - Epoch [6/60], Train Loss: 3.0716
2024-12-18 06:28:52,054 - INFO - Epoch [6/60], Validation Accuracy: 0.6268
2024-12-18 06:30:45,281 - INFO - Epoch [7/60], Train Loss: 2.9473
2024-12-18 06:31:22,255 - INFO - Epoch [7/60], Validation Accuracy: 0.6373
2024-12-18 06:33:15,842 - INFO - Epoch [8/60], Train Loss: 2.8347
2024-12-18 06:33:52,788 - INFO - Epoch [8/60], Validation Accuracy: 0.6614
2024-12-18 06:35:46,101 - INFO - Epoch [9/60], Train Loss: 2.7028
2024-12-18 06:36:22,963 - INFO - Epoch [9/60], Validation Accuracy: 0.6627
2024-12-18 06:38:16,282 - INFO - Epoch [10/60], Train Loss: 2.6232
2024-12-18 06:38:53,403 - INFO - Epoch [10/60], Validation Accuracy: 0.6895
2024-12-18 06:40:46,173 - INFO - Epoch [11/60], Train Loss: 2.5416
2024-12-18 06:41:22,992 - INFO - Epoch [11/60], Validation Accuracy: 0.7026
2024-12-18 06:43:16,268 - INFO - Epoch [12/60], Train Loss: 2.4801
2024-12-18 06:43:53,208 - INFO - Epoch [12/60], Validation Accuracy: 0.7078
2024-12-18 06:45:46,368 - INFO - Epoch [13/60], Train Loss: 2.4222
2024-12-18 06:46:23,374 - INFO - Epoch [13/60], Validation Accuracy: 0.7190
2024-12-18 06:48:16,503 - INFO - Epoch [14/60], Train Loss: 2.3628
2024-12-18 06:48:53,493 - INFO - Epoch [14/60], Validation Accuracy: 0.7444
2024-12-18 06:50:46,861 - INFO - Epoch [15/60], Train Loss: 2.2964
2024-12-18 06:51:23,867 - INFO - Epoch [15/60], Validation Accuracy: 0.7458
2024-12-18 06:53:17,187 - INFO - Epoch [16/60], Train Loss: 2.2476
2024-12-18 06:53:54,109 - INFO - Epoch [16/60], Validation Accuracy: 0.7458
2024-12-18 06:55:47,432 - INFO - Epoch [17/60], Train Loss: 2.2229
2024-12-18 06:56:24,643 - INFO - Epoch [17/60], Validation Accuracy: 0.7458
2024-12-18 06:58:17,933 - INFO - Epoch [18/60], Train Loss: 2.1565
2024-12-18 06:58:54,827 - INFO - Epoch [18/60], Validation Accuracy: 0.7438
2024-12-18 07:00:48,333 - INFO - Epoch [19/60], Train Loss: 2.1461
2024-12-18 07:01:25,387 - INFO - Epoch [19/60], Validation Accuracy: 0.7458
2024-12-18 07:03:18,685 - INFO - Epoch [20/60], Train Loss: 2.0930
2024-12-18 07:03:55,791 - INFO - Epoch [20/60], Validation Accuracy: 0.7425
2024-12-18 07:05:49,287 - INFO - Epoch [21/60], Train Loss: 2.0861
2024-12-18 07:06:26,341 - INFO - Epoch [21/60], Validation Accuracy: 0.7503
2024-12-18 07:08:19,624 - INFO - Epoch [22/60], Train Loss: 2.0657
2024-12-18 07:08:56,588 - INFO - Epoch [22/60], Validation Accuracy: 0.7497
2024-12-18 07:10:49,845 - INFO - Epoch [23/60], Train Loss: 2.0161
2024-12-18 07:11:26,851 - INFO - Epoch [23/60], Validation Accuracy: 0.7503
2024-12-18 07:13:20,501 - INFO - Epoch [24/60], Train Loss: 1.9879
2024-12-18 07:13:57,456 - INFO - Epoch [24/60], Validation Accuracy: 0.7647
2024-12-18 07:15:51,324 - INFO - Epoch [25/60], Train Loss: 1.9803
2024-12-18 07:16:28,504 - INFO - Epoch [25/60], Validation Accuracy: 0.7654
2024-12-18 07:18:21,896 - INFO - Epoch [26/60], Train Loss: 1.9615
2024-12-18 07:18:58,916 - INFO - Epoch [26/60], Validation Accuracy: 0.7634
2024-12-18 07:20:52,158 - INFO - Epoch [27/60], Train Loss: 1.9468
2024-12-18 07:21:29,107 - INFO - Epoch [27/60], Validation Accuracy: 0.7647
2024-12-18 07:23:22,921 - INFO - Epoch [28/60], Train Loss: 1.9342
2024-12-18 07:23:59,922 - INFO - Epoch [28/60], Validation Accuracy: 0.7647
2024-12-18 07:25:52,954 - INFO - Epoch [29/60], Train Loss: 1.8855
2024-12-18 07:26:30,061 - INFO - Epoch [29/60], Validation Accuracy: 0.7562
2024-12-18 07:28:23,329 - INFO - Epoch [30/60], Train Loss: 1.8644
2024-12-18 07:29:00,324 - INFO - Epoch [30/60], Validation Accuracy: 0.7614
2024-12-18 07:30:53,577 - INFO - Epoch [31/60], Train Loss: 1.8459
2024-12-18 07:31:30,683 - INFO - Epoch [31/60], Validation Accuracy: 0.7680
2024-12-18 07:33:24,220 - INFO - Epoch [32/60], Train Loss: 1.8357
2024-12-18 07:34:01,291 - INFO - Epoch [32/60], Validation Accuracy: 0.7562
2024-12-18 07:35:54,610 - INFO - Epoch [33/60], Train Loss: 1.7993
2024-12-18 07:36:31,536 - INFO - Epoch [33/60], Validation Accuracy: 0.7536
2024-12-18 07:38:24,103 - INFO - Epoch [34/60], Train Loss: 1.8094
2024-12-18 07:39:01,098 - INFO - Epoch [34/60], Validation Accuracy: 0.7601
2024-12-18 07:40:54,651 - INFO - Epoch [35/60], Train Loss: 1.8003
2024-12-18 07:41:31,650 - INFO - Epoch [35/60], Validation Accuracy: 0.7627
2024-12-18 07:43:24,955 - INFO - Epoch [36/60], Train Loss: 1.7705
2024-12-18 07:44:01,967 - INFO - Epoch [36/60], Validation Accuracy: 0.7608
2024-12-18 07:45:55,521 - INFO - Epoch [37/60], Train Loss: 1.7570
2024-12-18 07:46:32,385 - INFO - Epoch [37/60], Validation Accuracy: 0.7562
2024-12-18 07:48:25,968 - INFO - Epoch [38/60], Train Loss: 1.7352
2024-12-18 07:49:02,876 - INFO - Epoch [38/60], Validation Accuracy: 0.7516
2024-12-18 07:50:56,320 - INFO - Epoch [39/60], Train Loss: 1.7412
2024-12-18 07:51:33,410 - INFO - Epoch [39/60], Validation Accuracy: 0.7523
2024-12-18 07:53:26,905 - INFO - Epoch [40/60], Train Loss: 1.7265
2024-12-18 07:54:03,957 - INFO - Epoch [40/60], Validation Accuracy: 0.7477
2024-12-18 07:55:57,631 - INFO - Epoch [41/60], Train Loss: 1.6945
2024-12-18 07:56:34,792 - INFO - Epoch [41/60], Validation Accuracy: 0.7595
2024-12-18 07:58:28,224 - INFO - Epoch [42/60], Train Loss: 1.6979
2024-12-18 07:59:05,321 - INFO - Epoch [42/60], Validation Accuracy: 0.7569
2024-12-18 08:00:58,749 - INFO - Epoch [43/60], Train Loss: 1.6707
2024-12-18 08:01:35,985 - INFO - Epoch [43/60], Validation Accuracy: 0.7621
2024-12-18 08:03:29,447 - INFO - Epoch [44/60], Train Loss: 1.6765
2024-12-18 08:04:06,299 - INFO - Epoch [44/60], Validation Accuracy: 0.7497
2024-12-18 08:05:59,688 - INFO - Epoch [45/60], Train Loss: 1.6744
2024-12-18 08:06:36,831 - INFO - Epoch [45/60], Validation Accuracy: 0.7556
2024-12-18 08:08:30,513 - INFO - Epoch [46/60], Train Loss: 1.6410
2024-12-18 08:09:07,469 - INFO - Epoch [46/60], Validation Accuracy: 0.7477
2024-12-18 08:11:00,606 - INFO - Epoch [47/60], Train Loss: 1.6295
2024-12-18 08:11:37,574 - INFO - Epoch [47/60], Validation Accuracy: 0.7588
2024-12-18 08:13:31,031 - INFO - Epoch [48/60], Train Loss: 1.6007
2024-12-18 08:14:08,291 - INFO - Epoch [48/60], Validation Accuracy: 0.7634
2024-12-18 08:16:01,757 - INFO - Epoch [49/60], Train Loss: 1.6105
2024-12-18 08:16:39,029 - INFO - Epoch [49/60], Validation Accuracy: 0.7562
2024-12-18 08:18:32,380 - INFO - Epoch [50/60], Train Loss: 1.6023
2024-12-18 08:19:09,500 - INFO - Epoch [50/60], Validation Accuracy: 0.7464
2024-12-18 08:21:02,825 - INFO - Epoch [51/60], Train Loss: 1.5718
2024-12-18 08:21:39,823 - INFO - Epoch [51/60], Validation Accuracy: 0.7510
2024-12-18 08:23:33,370 - INFO - Epoch [52/60], Train Loss: 1.5767
2024-12-18 08:24:10,504 - INFO - Epoch [52/60], Validation Accuracy: 0.7510
2024-12-18 08:26:04,038 - INFO - Epoch [53/60], Train Loss: 1.5643
2024-12-18 08:26:41,263 - INFO - Epoch [53/60], Validation Accuracy: 0.7549
2024-12-18 08:28:34,449 - INFO - Epoch [54/60], Train Loss: 1.5785
2024-12-18 08:29:11,335 - INFO - Epoch [54/60], Validation Accuracy: 0.7425
2024-12-18 08:31:05,151 - INFO - Epoch [55/60], Train Loss: 1.5568
2024-12-18 08:31:42,184 - INFO - Epoch [55/60], Validation Accuracy: 0.7490
2024-12-18 08:33:35,274 - INFO - Epoch [56/60], Train Loss: 1.5603
2024-12-18 08:34:12,236 - INFO - Epoch [56/60], Validation Accuracy: 0.7451
2024-12-18 08:36:05,200 - INFO - Epoch [57/60], Train Loss: 1.5591
2024-12-18 08:36:42,186 - INFO - Epoch [57/60], Validation Accuracy: 0.7477
2024-12-18 08:38:36,112 - INFO - Epoch [58/60], Train Loss: 1.5467
2024-12-18 08:39:13,106 - INFO - Epoch [58/60], Validation Accuracy: 0.7458
2024-12-18 08:41:06,876 - INFO - Epoch [59/60], Train Loss: 1.5293
2024-12-18 08:41:44,040 - INFO - Epoch [59/60], Validation Accuracy: 0.7510
2024-12-18 08:43:37,052 - INFO - Epoch [60/60], Train Loss: 1.5314
2024-12-18 08:44:14,193 - INFO - Epoch [60/60], Validation Accuracy: 0.7471
2024-12-18 08:44:14,559 - INFO - load model from: https://download.openmmlab.com/mmaction/recognition/csn/ircsn_from_scratch_r50_ig65m_20210617-ce545a37.pth
2024-12-18 08:44:14,560 - INFO - load checkpoint from http path: https://download.openmmlab.com/mmaction/recognition/csn/ircsn_from_scratch_r50_ig65m_20210617-ce545a37.pth
2024-12-18 08:46:07,976 - INFO - Epoch [1/60], Train Loss: 3.9136
2024-12-18 08:46:45,134 - INFO - Epoch [1/60], Validation Accuracy: 0.3150
2024-12-18 08:48:38,580 - INFO - Epoch [2/60], Train Loss: 3.7002
2024-12-18 08:49:15,636 - INFO - Epoch [2/60], Validation Accuracy: 0.4229
2024-12-18 08:49:16,020 - INFO - load model from: https://download.openmmlab.com/mmaction/recognition/csn/ircsn_from_scratch_r50_ig65m_20210617-ce545a37.pth
2024-12-18 08:49:16,020 - INFO - load checkpoint from http path: https://download.openmmlab.com/mmaction/recognition/csn/ircsn_from_scratch_r50_ig65m_20210617-ce545a37.pth
2024-12-18 08:51:09,409 - INFO - Epoch [1/60], Train Loss: 3.9299
2024-12-18 08:51:46,305 - INFO - Epoch [1/60], Validation Accuracy: 0.2529
2024-12-18 08:51:46,677 - INFO - load model from: https://download.openmmlab.com/mmaction/recognition/csn/ircsn_from_scratch_r50_ig65m_20210617-ce545a37.pth
2024-12-18 08:51:46,678 - INFO - load checkpoint from http path: https://download.openmmlab.com/mmaction/recognition/csn/ircsn_from_scratch_r50_ig65m_20210617-ce545a37.pth
2024-12-18 08:53:40,144 - INFO - Epoch [1/60], Train Loss: 3.9286
2024-12-18 08:54:17,275 - INFO - Epoch [1/60], Validation Accuracy: 0.2392
2024-12-18 08:54:17,661 - INFO - load model from: https://download.openmmlab.com/mmaction/recognition/csn/ircsn_from_scratch_r50_ig65m_20210617-ce545a37.pth
2024-12-18 08:54:17,662 - INFO - load checkpoint from http path: https://download.openmmlab.com/mmaction/recognition/csn/ircsn_from_scratch_r50_ig65m_20210617-ce545a37.pth
2024-12-18 08:56:11,197 - INFO - Epoch [1/60], Train Loss: 3.9103
2024-12-18 08:56:48,364 - INFO - Epoch [1/60], Validation Accuracy: 0.3176
2024-12-18 08:58:41,718 - INFO - Epoch [2/60], Train Loss: 3.6747
2024-12-18 08:59:18,967 - INFO - Epoch [2/60], Validation Accuracy: 0.4497
2024-12-18 09:01:12,432 - INFO - Epoch [3/60], Train Loss: 3.4588
2024-12-18 09:01:49,507 - INFO - Epoch [3/60], Validation Accuracy: 0.5203
2024-12-18 09:03:42,620 - INFO - Epoch [4/60], Train Loss: 3.2823
2024-12-18 09:04:19,587 - INFO - Epoch [4/60], Validation Accuracy: 0.5608
2024-12-18 09:06:12,985 - INFO - Epoch [5/60], Train Loss: 3.1064
2024-12-18 09:06:49,915 - INFO - Epoch [5/60], Validation Accuracy: 0.5915
2024-12-18 09:08:43,269 - INFO - Epoch [6/60], Train Loss: 2.9364
2024-12-18 09:09:20,448 - INFO - Epoch [6/60], Validation Accuracy: 0.6222
2024-12-18 09:11:13,278 - INFO - Epoch [7/60], Train Loss: 2.8102
2024-12-18 09:11:50,151 - INFO - Epoch [7/60], Validation Accuracy: 0.6438
2024-12-18 09:13:43,961 - INFO - Epoch [8/60], Train Loss: 2.6962
2024-12-18 09:14:20,918 - INFO - Epoch [8/60], Validation Accuracy: 0.6784
2024-12-18 09:16:14,622 - INFO - Epoch [9/60], Train Loss: 2.5791
2024-12-18 09:16:51,535 - INFO - Epoch [9/60], Validation Accuracy: 0.6765
2024-12-18 09:18:44,728 - INFO - Epoch [10/60], Train Loss: 2.4881
2024-12-18 09:19:21,858 - INFO - Epoch [10/60], Validation Accuracy: 0.6895
2024-12-18 09:21:15,289 - INFO - Epoch [11/60], Train Loss: 2.3894
2024-12-18 09:21:52,575 - INFO - Epoch [11/60], Validation Accuracy: 0.7092
2024-12-18 09:23:45,574 - INFO - Epoch [12/60], Train Loss: 2.3198
2024-12-18 09:24:22,579 - INFO - Epoch [12/60], Validation Accuracy: 0.7176
2024-12-18 09:26:16,187 - INFO - Epoch [13/60], Train Loss: 2.2417
2024-12-18 09:26:53,145 - INFO - Epoch [13/60], Validation Accuracy: 0.7255
2024-12-18 09:28:46,466 - INFO - Epoch [14/60], Train Loss: 2.1613
2024-12-18 09:29:23,526 - INFO - Epoch [14/60], Validation Accuracy: 0.7438
2024-12-18 09:31:16,908 - INFO - Epoch [15/60], Train Loss: 2.0984
2024-12-18 09:31:53,928 - INFO - Epoch [15/60], Validation Accuracy: 0.7431
2024-12-18 09:33:47,004 - INFO - Epoch [16/60], Train Loss: 2.0584
2024-12-18 09:34:23,840 - INFO - Epoch [16/60], Validation Accuracy: 0.7484
2024-12-18 09:36:16,758 - INFO - Epoch [17/60], Train Loss: 2.0062
2024-12-18 09:36:53,739 - INFO - Epoch [17/60], Validation Accuracy: 0.7471
2024-12-18 09:38:47,340 - INFO - Epoch [18/60], Train Loss: 1.9555
2024-12-18 09:39:24,287 - INFO - Epoch [18/60], Validation Accuracy: 0.7503
2024-12-18 09:41:17,606 - INFO - Epoch [19/60], Train Loss: 1.9528
2024-12-18 09:41:54,708 - INFO - Epoch [19/60], Validation Accuracy: 0.7503
2024-12-18 09:43:47,901 - INFO - Epoch [20/60], Train Loss: 1.9281
2024-12-18 09:44:24,942 - INFO - Epoch [20/60], Validation Accuracy: 0.7601
2024-12-18 09:46:18,139 - INFO - Epoch [21/60], Train Loss: 1.8793
2024-12-18 09:46:55,078 - INFO - Epoch [21/60], Validation Accuracy: 0.7556
2024-12-18 09:48:48,347 - INFO - Epoch [22/60], Train Loss: 1.8230
2024-12-18 09:49:25,320 - INFO - Epoch [22/60], Validation Accuracy: 0.7562
2024-12-18 09:51:18,452 - INFO - Epoch [23/60], Train Loss: 1.8270
2024-12-18 09:51:55,339 - INFO - Epoch [23/60], Validation Accuracy: 0.7549
2024-12-18 09:53:48,566 - INFO - Epoch [24/60], Train Loss: 1.8064
2024-12-18 09:54:25,592 - INFO - Epoch [24/60], Validation Accuracy: 0.7588
2024-12-18 09:54:25,990 - INFO - load model from: https://download.openmmlab.com/mmaction/recognition/csn/ircsn_from_scratch_r50_ig65m_20210617-ce545a37.pth
2024-12-18 09:54:25,991 - INFO - load checkpoint from http path: https://download.openmmlab.com/mmaction/recognition/csn/ircsn_from_scratch_r50_ig65m_20210617-ce545a37.pth
2024-12-18 09:56:19,065 - INFO - Epoch [1/60], Train Loss: 3.8933
2024-12-18 09:56:56,164 - INFO - Epoch [1/60], Validation Accuracy: 0.2961
2024-12-18 09:58:49,625 - INFO - Epoch [2/60], Train Loss: 3.6162
2024-12-18 09:59:26,640 - INFO - Epoch [2/60], Validation Accuracy: 0.4739
2024-12-18 10:01:19,951 - INFO - Epoch [3/60], Train Loss: 3.3952
2024-12-18 10:01:57,023 - INFO - Epoch [3/60], Validation Accuracy: 0.5379
2024-12-18 10:03:50,312 - INFO - Epoch [4/60], Train Loss: 3.1964
2024-12-18 10:04:27,217 - INFO - Epoch [4/60], Validation Accuracy: 0.5634
2024-12-18 10:06:20,946 - INFO - Epoch [5/60], Train Loss: 3.0207
2024-12-18 10:06:57,860 - INFO - Epoch [5/60], Validation Accuracy: 0.6124
2024-12-18 10:08:51,510 - INFO - Epoch [6/60], Train Loss: 2.8178
2024-12-18 10:09:28,712 - INFO - Epoch [6/60], Validation Accuracy: 0.6353
2024-12-18 10:11:22,225 - INFO - Epoch [7/60], Train Loss: 2.6952
2024-12-18 10:11:59,291 - INFO - Epoch [7/60], Validation Accuracy: 0.6510
2024-12-18 10:13:52,629 - INFO - Epoch [8/60], Train Loss: 2.5569
2024-12-18 10:14:29,744 - INFO - Epoch [8/60], Validation Accuracy: 0.6745
2024-12-18 10:16:23,430 - INFO - Epoch [9/60], Train Loss: 2.4415
2024-12-18 10:17:00,440 - INFO - Epoch [9/60], Validation Accuracy: 0.6784
2024-12-18 10:18:54,192 - INFO - Epoch [10/60], Train Loss: 2.3311
2024-12-18 10:19:31,391 - INFO - Epoch [10/60], Validation Accuracy: 0.7046
2024-12-18 10:21:24,500 - INFO - Epoch [11/60], Train Loss: 2.2193
2024-12-18 10:22:01,589 - INFO - Epoch [11/60], Validation Accuracy: 0.7039
2024-12-18 10:23:55,039 - INFO - Epoch [12/60], Train Loss: 2.1539
2024-12-18 10:24:31,980 - INFO - Epoch [12/60], Validation Accuracy: 0.7229
2024-12-18 10:26:25,555 - INFO - Epoch [13/60], Train Loss: 2.0554
2024-12-18 10:27:02,503 - INFO - Epoch [13/60], Validation Accuracy: 0.7392
2024-12-18 10:28:55,933 - INFO - Epoch [14/60], Train Loss: 1.9947
2024-12-18 10:29:33,177 - INFO - Epoch [14/60], Validation Accuracy: 0.7418
2024-12-18 10:31:26,986 - INFO - Epoch [15/60], Train Loss: 1.9312
2024-12-18 10:32:03,830 - INFO - Epoch [15/60], Validation Accuracy: 0.7516
2024-12-18 10:33:57,336 - INFO - Epoch [16/60], Train Loss: 1.8603
2024-12-18 10:34:34,212 - INFO - Epoch [16/60], Validation Accuracy: 0.7549
2024-12-18 10:36:27,280 - INFO - Epoch [17/60], Train Loss: 1.8083
2024-12-18 10:37:04,207 - INFO - Epoch [17/60], Validation Accuracy: 0.7484
2024-12-18 10:38:58,031 - INFO - Epoch [18/60], Train Loss: 1.7888
2024-12-18 10:39:35,027 - INFO - Epoch [18/60], Validation Accuracy: 0.7556
2024-12-18 10:41:28,387 - INFO - Epoch [19/60], Train Loss: 1.7026
2024-12-18 10:42:05,217 - INFO - Epoch [19/60], Validation Accuracy: 0.7523
2024-12-18 10:43:58,348 - INFO - Epoch [20/60], Train Loss: 1.6918
2024-12-18 10:44:35,228 - INFO - Epoch [20/60], Validation Accuracy: 0.7516
2024-12-18 10:46:28,824 - INFO - Epoch [21/60], Train Loss: 1.6373
2024-12-18 10:47:05,946 - INFO - Epoch [21/60], Validation Accuracy: 0.7660
2024-12-18 10:48:59,318 - INFO - Epoch [22/60], Train Loss: 1.6392
2024-12-18 10:49:36,327 - INFO - Epoch [22/60], Validation Accuracy: 0.7477
2024-12-18 10:51:29,498 - INFO - Epoch [23/60], Train Loss: 1.5741
2024-12-18 10:52:06,579 - INFO - Epoch [23/60], Validation Accuracy: 0.7562
2024-12-18 10:53:59,867 - INFO - Epoch [24/60], Train Loss: 1.5995
2024-12-18 10:54:36,941 - INFO - Epoch [24/60], Validation Accuracy: 0.7582
2024-12-18 10:56:30,356 - INFO - Epoch [25/60], Train Loss: 1.5556
2024-12-18 10:57:07,306 - INFO - Epoch [25/60], Validation Accuracy: 0.7641
2024-12-18 10:59:00,565 - INFO - Epoch [26/60], Train Loss: 1.5118
2024-12-18 10:59:37,668 - INFO - Epoch [26/60], Validation Accuracy: 0.7608
2024-12-18 11:01:31,198 - INFO - Epoch [27/60], Train Loss: 1.5153
2024-12-18 11:02:08,223 - INFO - Epoch [27/60], Validation Accuracy: 0.7582
2024-12-18 11:04:01,378 - INFO - Epoch [28/60], Train Loss: 1.4617
2024-12-18 11:04:38,496 - INFO - Epoch [28/60], Validation Accuracy: 0.7503
2024-12-18 11:06:32,006 - INFO - Epoch [29/60], Train Loss: 1.4615
2024-12-18 11:07:09,155 - INFO - Epoch [29/60], Validation Accuracy: 0.7490
2024-12-18 11:09:02,736 - INFO - Epoch [30/60], Train Loss: 1.3910
2024-12-18 11:09:39,907 - INFO - Epoch [30/60], Validation Accuracy: 0.7497
2024-12-18 11:11:32,592 - INFO - Epoch [31/60], Train Loss: 1.4260
2024-12-18 11:12:09,586 - INFO - Epoch [31/60], Validation Accuracy: 0.7529
2024-12-18 11:14:02,876 - INFO - Epoch [32/60], Train Loss: 1.4330
2024-12-18 11:14:39,735 - INFO - Epoch [32/60], Validation Accuracy: 0.7477
2024-12-18 11:16:33,428 - INFO - Epoch [33/60], Train Loss: 1.3494
2024-12-18 11:17:10,497 - INFO - Epoch [33/60], Validation Accuracy: 0.7484
2024-12-18 11:19:04,207 - INFO - Epoch [34/60], Train Loss: 1.3517
2024-12-18 11:19:41,202 - INFO - Epoch [34/60], Validation Accuracy: 0.7562
2024-12-18 11:21:34,647 - INFO - Epoch [35/60], Train Loss: 1.3722
2024-12-18 11:22:11,671 - INFO - Epoch [35/60], Validation Accuracy: 0.7464
2024-12-18 11:24:05,010 - INFO - Epoch [36/60], Train Loss: 1.3682
2024-12-18 11:24:42,335 - INFO - Epoch [36/60], Validation Accuracy: 0.7529
2024-12-18 11:26:35,241 - INFO - Epoch [37/60], Train Loss: 1.3172
2024-12-18 11:27:12,366 - INFO - Epoch [37/60], Validation Accuracy: 0.7523
2024-12-18 11:29:06,101 - INFO - Epoch [38/60], Train Loss: 1.3393
2024-12-18 11:29:42,965 - INFO - Epoch [38/60], Validation Accuracy: 0.7464
2024-12-18 11:31:36,521 - INFO - Epoch [39/60], Train Loss: 1.2984
2024-12-18 11:32:13,291 - INFO - Epoch [39/60], Validation Accuracy: 0.7497
2024-12-18 11:34:06,398 - INFO - Epoch [40/60], Train Loss: 1.2952
2024-12-18 11:34:43,280 - INFO - Epoch [40/60], Validation Accuracy: 0.7366
2024-12-18 11:36:36,779 - INFO - Epoch [41/60], Train Loss: 1.3396
2024-12-18 11:37:13,899 - INFO - Epoch [41/60], Validation Accuracy: 0.7405
2024-12-18 11:39:07,333 - INFO - Epoch [42/60], Train Loss: 1.2160
2024-12-18 11:39:44,204 - INFO - Epoch [42/60], Validation Accuracy: 0.7471
2024-12-18 11:41:38,121 - INFO - Epoch [43/60], Train Loss: 1.2755
2024-12-18 11:42:15,229 - INFO - Epoch [43/60], Validation Accuracy: 0.7444
2024-12-18 11:44:08,183 - INFO - Epoch [44/60], Train Loss: 1.2413
2024-12-18 11:44:45,252 - INFO - Epoch [44/60], Validation Accuracy: 0.7477
2024-12-18 11:46:38,872 - INFO - Epoch [45/60], Train Loss: 1.2485
2024-12-18 11:47:15,691 - INFO - Epoch [45/60], Validation Accuracy: 0.7431
2024-12-18 11:49:09,038 - INFO - Epoch [46/60], Train Loss: 1.2572
2024-12-18 11:49:45,963 - INFO - Epoch [46/60], Validation Accuracy: 0.7542
2024-12-18 11:51:39,515 - INFO - Epoch [47/60], Train Loss: 1.2091
2024-12-18 11:52:16,750 - INFO - Epoch [47/60], Validation Accuracy: 0.7503
2024-12-18 11:54:09,945 - INFO - Epoch [48/60], Train Loss: 1.2000
2024-12-18 11:54:47,030 - INFO - Epoch [48/60], Validation Accuracy: 0.7373
2024-12-18 11:56:40,197 - INFO - Epoch [49/60], Train Loss: 1.2476
2024-12-18 11:57:17,291 - INFO - Epoch [49/60], Validation Accuracy: 0.7399
2024-12-18 11:59:10,276 - INFO - Epoch [50/60], Train Loss: 1.2067
2024-12-18 11:59:47,329 - INFO - Epoch [50/60], Validation Accuracy: 0.7477
2024-12-18 12:01:40,577 - INFO - Epoch [51/60], Train Loss: 1.1950
2024-12-18 12:02:17,564 - INFO - Epoch [51/60], Validation Accuracy: 0.7366
2024-12-18 12:04:10,841 - INFO - Epoch [52/60], Train Loss: 1.1836
2024-12-18 12:04:47,861 - INFO - Epoch [52/60], Validation Accuracy: 0.7451
2024-12-18 12:06:41,100 - INFO - Epoch [53/60], Train Loss: 1.1992
2024-12-18 12:07:18,151 - INFO - Epoch [53/60], Validation Accuracy: 0.7451
2024-12-18 12:09:11,267 - INFO - Epoch [54/60], Train Loss: 1.1751
2024-12-18 12:09:48,321 - INFO - Epoch [54/60], Validation Accuracy: 0.7438
2024-12-18 12:11:41,614 - INFO - Epoch [55/60], Train Loss: 1.1404
2024-12-18 12:12:18,883 - INFO - Epoch [55/60], Validation Accuracy: 0.7399
2024-12-18 12:14:12,765 - INFO - Epoch [56/60], Train Loss: 1.2186
2024-12-18 12:14:49,761 - INFO - Epoch [56/60], Validation Accuracy: 0.7444
2024-12-18 12:16:43,048 - INFO - Epoch [57/60], Train Loss: 1.1860
2024-12-18 12:17:19,973 - INFO - Epoch [57/60], Validation Accuracy: 0.7484
2024-12-18 12:19:13,130 - INFO - Epoch [58/60], Train Loss: 1.1306
2024-12-18 12:19:50,200 - INFO - Epoch [58/60], Validation Accuracy: 0.7503
2024-12-18 12:21:43,613 - INFO - Epoch [59/60], Train Loss: 1.1317
2024-12-18 12:22:20,646 - INFO - Epoch [59/60], Validation Accuracy: 0.7503
2024-12-18 12:24:13,896 - INFO - Epoch [60/60], Train Loss: 1.1572
2024-12-18 12:24:50,710 - INFO - Epoch [60/60], Validation Accuracy: 0.7458
2024-12-18 12:24:51,096 - INFO - load model from: https://download.openmmlab.com/mmaction/recognition/csn/ircsn_from_scratch_r50_ig65m_20210617-ce545a37.pth
2024-12-18 12:24:51,097 - INFO - load checkpoint from http path: https://download.openmmlab.com/mmaction/recognition/csn/ircsn_from_scratch_r50_ig65m_20210617-ce545a37.pth
2024-12-18 12:26:44,225 - INFO - Epoch [1/60], Train Loss: 3.9305
2024-12-18 12:27:21,301 - INFO - Epoch [1/60], Validation Accuracy: 0.2719
2024-12-18 12:27:21,693 - INFO - load model from: https://download.openmmlab.com/mmaction/recognition/csn/ircsn_from_scratch_r50_ig65m_20210617-ce545a37.pth
2024-12-18 12:27:21,693 - INFO - load checkpoint from http path: https://download.openmmlab.com/mmaction/recognition/csn/ircsn_from_scratch_r50_ig65m_20210617-ce545a37.pth
2024-12-18 12:29:14,969 - INFO - Epoch [1/60], Train Loss: 3.9078
2024-12-18 12:29:51,901 - INFO - Epoch [1/60], Validation Accuracy: 0.2582
2024-12-18 12:29:52,344 - INFO - load model from: https://download.openmmlab.com/mmaction/recognition/csn/ircsn_from_scratch_r50_ig65m_20210617-ce545a37.pth
2024-12-18 12:29:52,345 - INFO - load checkpoint from http path: https://download.openmmlab.com/mmaction/recognition/csn/ircsn_from_scratch_r50_ig65m_20210617-ce545a37.pth
2024-12-18 12:31:46,085 - INFO - Epoch [1/60], Train Loss: 3.9208
2024-12-18 12:32:23,048 - INFO - Epoch [1/60], Validation Accuracy: 0.2431
2024-12-18 12:32:23,088 - INFO - Best hyperparameters: {'alpha': 3.807947176588889}
2024-12-18 12:32:23,091 - INFO - Best validation accuracy: 0.768627
