2024-12-15 03:12:40,512 - INFO - load model from: https://download.openmmlab.com/mmaction/recognition/csn/ircsn_from_scratch_r50_ig65m_20210617-ce545a37.pth
2024-12-15 03:12:40,513 - INFO - load checkpoint from http path: https://download.openmmlab.com/mmaction/recognition/csn/ircsn_from_scratch_r50_ig65m_20210617-ce545a37.pth
2024-12-15 03:14:39,777 - INFO - Epoch [1/60], Train Loss: 3.9170
2024-12-15 03:15:15,777 - INFO - Epoch [1/60], Validation Accuracy: 0.2444
2024-12-15 03:17:08,916 - INFO - Epoch [2/60], Train Loss: 3.7691
2024-12-15 03:17:44,896 - INFO - Epoch [2/60], Validation Accuracy: 0.4013
2024-12-15 03:19:37,976 - INFO - Epoch [3/60], Train Loss: 3.6314
2024-12-15 03:20:14,354 - INFO - Epoch [3/60], Validation Accuracy: 0.4745
2024-12-15 03:22:06,772 - INFO - Epoch [4/60], Train Loss: 3.5115
2024-12-15 03:22:43,187 - INFO - Epoch [4/60], Validation Accuracy: 0.4810
2024-12-15 03:24:35,915 - INFO - Epoch [5/60], Train Loss: 3.4038
2024-12-15 03:25:12,468 - INFO - Epoch [5/60], Validation Accuracy: 0.5085
2024-12-15 03:27:05,270 - INFO - Epoch [6/60], Train Loss: 3.2932
2024-12-15 03:27:41,861 - INFO - Epoch [6/60], Validation Accuracy: 0.5399
2024-12-15 03:29:34,365 - INFO - Epoch [7/60], Train Loss: 3.2190
2024-12-15 03:30:10,828 - INFO - Epoch [7/60], Validation Accuracy: 0.5680
2024-12-15 03:32:03,897 - INFO - Epoch [8/60], Train Loss: 3.1307
2024-12-15 03:32:40,544 - INFO - Epoch [8/60], Validation Accuracy: 0.5928
2024-12-15 03:34:33,474 - INFO - Epoch [9/60], Train Loss: 3.0555
2024-12-15 03:35:10,181 - INFO - Epoch [9/60], Validation Accuracy: 0.6052
2024-12-15 03:37:03,163 - INFO - Epoch [10/60], Train Loss: 2.9925
2024-12-15 03:37:39,587 - INFO - Epoch [10/60], Validation Accuracy: 0.6176
2024-12-15 03:39:32,537 - INFO - Epoch [11/60], Train Loss: 2.9280
2024-12-15 03:40:09,250 - INFO - Epoch [11/60], Validation Accuracy: 0.6484
2024-12-15 03:42:02,095 - INFO - Epoch [12/60], Train Loss: 2.8814
2024-12-15 03:42:38,822 - INFO - Epoch [12/60], Validation Accuracy: 0.6621
2024-12-15 03:44:31,478 - INFO - Epoch [13/60], Train Loss: 2.8411
2024-12-15 03:45:08,062 - INFO - Epoch [13/60], Validation Accuracy: 0.6699
2024-12-15 03:47:00,868 - INFO - Epoch [14/60], Train Loss: 2.7831
2024-12-15 03:47:37,486 - INFO - Epoch [14/60], Validation Accuracy: 0.6850
2024-12-15 03:49:30,559 - INFO - Epoch [15/60], Train Loss: 2.7314
2024-12-15 03:50:07,619 - INFO - Epoch [15/60], Validation Accuracy: 0.6974
2024-12-15 03:52:00,611 - INFO - Epoch [16/60], Train Loss: 2.6819
2024-12-15 03:52:36,953 - INFO - Epoch [16/60], Validation Accuracy: 0.6922
2024-12-15 03:54:29,937 - INFO - Epoch [17/60], Train Loss: 2.6518
2024-12-15 03:55:06,484 - INFO - Epoch [17/60], Validation Accuracy: 0.7150
2024-12-15 03:56:59,073 - INFO - Epoch [18/60], Train Loss: 2.6376
2024-12-15 03:57:35,787 - INFO - Epoch [18/60], Validation Accuracy: 0.7235
2024-12-15 03:59:28,543 - INFO - Epoch [19/60], Train Loss: 2.5917
2024-12-15 04:00:05,179 - INFO - Epoch [19/60], Validation Accuracy: 0.7255
2024-12-15 04:01:57,854 - INFO - Epoch [20/60], Train Loss: 2.5466
2024-12-15 04:02:34,407 - INFO - Epoch [20/60], Validation Accuracy: 0.7288
2024-12-15 04:04:27,089 - INFO - Epoch [21/60], Train Loss: 2.5294
2024-12-15 04:05:03,976 - INFO - Epoch [21/60], Validation Accuracy: 0.7340
2024-12-15 04:06:56,803 - INFO - Epoch [22/60], Train Loss: 2.4999
2024-12-15 04:07:33,431 - INFO - Epoch [22/60], Validation Accuracy: 0.7359
2024-12-15 04:09:26,233 - INFO - Epoch [23/60], Train Loss: 2.4788
2024-12-15 04:10:02,825 - INFO - Epoch [23/60], Validation Accuracy: 0.7405
2024-12-15 04:11:55,247 - INFO - Epoch [24/60], Train Loss: 2.4756
2024-12-15 04:12:31,888 - INFO - Epoch [24/60], Validation Accuracy: 0.7405
2024-12-15 04:14:24,913 - INFO - Epoch [25/60], Train Loss: 2.4327
2024-12-15 04:15:01,592 - INFO - Epoch [25/60], Validation Accuracy: 0.7386
2024-12-15 04:16:54,498 - INFO - Epoch [26/60], Train Loss: 2.4163
2024-12-15 04:17:31,304 - INFO - Epoch [26/60], Validation Accuracy: 0.7523
2024-12-15 04:19:24,300 - INFO - Epoch [27/60], Train Loss: 2.3821
2024-12-15 04:20:00,959 - INFO - Epoch [27/60], Validation Accuracy: 0.7458
2024-12-15 04:21:53,900 - INFO - Epoch [28/60], Train Loss: 2.3998
2024-12-15 04:22:30,450 - INFO - Epoch [28/60], Validation Accuracy: 0.7444
2024-12-15 04:24:23,101 - INFO - Epoch [29/60], Train Loss: 2.3740
2024-12-15 04:24:59,836 - INFO - Epoch [29/60], Validation Accuracy: 0.7418
2024-12-15 04:26:52,611 - INFO - Epoch [30/60], Train Loss: 2.3619
2024-12-15 04:27:29,196 - INFO - Epoch [30/60], Validation Accuracy: 0.7523
2024-12-15 04:29:22,235 - INFO - Epoch [31/60], Train Loss: 2.3299
2024-12-15 04:29:58,918 - INFO - Epoch [31/60], Validation Accuracy: 0.7556
2024-12-15 04:31:51,327 - INFO - Epoch [32/60], Train Loss: 2.3058
2024-12-15 04:32:27,991 - INFO - Epoch [32/60], Validation Accuracy: 0.7536
2024-12-15 04:34:20,646 - INFO - Epoch [33/60], Train Loss: 2.3093
2024-12-15 04:34:57,246 - INFO - Epoch [33/60], Validation Accuracy: 0.7529
2024-12-15 04:36:50,156 - INFO - Epoch [34/60], Train Loss: 2.2946
2024-12-15 04:37:26,872 - INFO - Epoch [34/60], Validation Accuracy: 0.7503
2024-12-15 04:39:19,816 - INFO - Epoch [35/60], Train Loss: 2.2566
2024-12-15 04:39:56,434 - INFO - Epoch [35/60], Validation Accuracy: 0.7510
2024-12-15 04:41:49,704 - INFO - Epoch [36/60], Train Loss: 2.2382
2024-12-15 04:42:26,246 - INFO - Epoch [36/60], Validation Accuracy: 0.7412
2024-12-15 04:44:19,650 - INFO - Epoch [37/60], Train Loss: 2.2361
2024-12-15 04:44:56,264 - INFO - Epoch [37/60], Validation Accuracy: 0.7608
2024-12-15 04:46:48,914 - INFO - Epoch [38/60], Train Loss: 2.2038
2024-12-15 04:47:25,394 - INFO - Epoch [38/60], Validation Accuracy: 0.7529
2024-12-15 04:49:18,084 - INFO - Epoch [39/60], Train Loss: 2.2539
2024-12-15 04:49:54,544 - INFO - Epoch [39/60], Validation Accuracy: 0.7418
2024-12-15 04:51:47,403 - INFO - Epoch [40/60], Train Loss: 2.2178
2024-12-15 04:52:23,888 - INFO - Epoch [40/60], Validation Accuracy: 0.7516
2024-12-15 04:54:16,810 - INFO - Epoch [41/60], Train Loss: 2.2125
2024-12-15 04:54:53,446 - INFO - Epoch [41/60], Validation Accuracy: 0.7510
2024-12-15 04:56:46,244 - INFO - Epoch [42/60], Train Loss: 2.1749
2024-12-15 04:57:22,749 - INFO - Epoch [42/60], Validation Accuracy: 0.7458
2024-12-15 04:59:15,842 - INFO - Epoch [43/60], Train Loss: 2.2056
2024-12-15 04:59:52,505 - INFO - Epoch [43/60], Validation Accuracy: 0.7601
2024-12-15 05:01:45,441 - INFO - Epoch [44/60], Train Loss: 2.1776
2024-12-15 05:02:22,340 - INFO - Epoch [44/60], Validation Accuracy: 0.7614
2024-12-15 05:04:15,223 - INFO - Epoch [45/60], Train Loss: 2.1594
2024-12-15 05:04:51,649 - INFO - Epoch [45/60], Validation Accuracy: 0.7627
2024-12-15 05:06:44,321 - INFO - Epoch [46/60], Train Loss: 2.1588
2024-12-15 05:07:20,842 - INFO - Epoch [46/60], Validation Accuracy: 0.7680
2024-12-15 05:09:14,218 - INFO - Epoch [47/60], Train Loss: 2.1390
2024-12-15 05:09:50,925 - INFO - Epoch [47/60], Validation Accuracy: 0.7660
2024-12-15 05:11:44,169 - INFO - Epoch [48/60], Train Loss: 2.1114
2024-12-15 05:12:20,825 - INFO - Epoch [48/60], Validation Accuracy: 0.7614
2024-12-15 05:14:13,417 - INFO - Epoch [49/60], Train Loss: 2.1133
2024-12-15 05:14:49,959 - INFO - Epoch [49/60], Validation Accuracy: 0.7588
2024-12-15 05:16:42,459 - INFO - Epoch [50/60], Train Loss: 2.1013
2024-12-15 05:17:19,080 - INFO - Epoch [50/60], Validation Accuracy: 0.7562
2024-12-15 05:19:11,895 - INFO - Epoch [51/60], Train Loss: 2.0633
2024-12-15 05:19:48,472 - INFO - Epoch [51/60], Validation Accuracy: 0.7712
2024-12-15 05:21:41,209 - INFO - Epoch [52/60], Train Loss: 2.0892
2024-12-15 05:22:17,763 - INFO - Epoch [52/60], Validation Accuracy: 0.7712
2024-12-15 05:24:10,655 - INFO - Epoch [53/60], Train Loss: 2.0969
2024-12-15 05:24:47,216 - INFO - Epoch [53/60], Validation Accuracy: 0.7569
2024-12-15 05:26:39,718 - INFO - Epoch [54/60], Train Loss: 2.0876
2024-12-15 05:27:16,374 - INFO - Epoch [54/60], Validation Accuracy: 0.7673
2024-12-15 05:29:09,667 - INFO - Epoch [55/60], Train Loss: 2.0892
2024-12-15 05:29:46,383 - INFO - Epoch [55/60], Validation Accuracy: 0.7542
2024-12-15 05:31:39,461 - INFO - Epoch [56/60], Train Loss: 2.0411
2024-12-15 05:32:16,096 - INFO - Epoch [56/60], Validation Accuracy: 0.7542
2024-12-15 05:34:09,050 - INFO - Epoch [57/60], Train Loss: 2.0649
2024-12-15 05:34:45,520 - INFO - Epoch [57/60], Validation Accuracy: 0.7660
2024-12-15 05:36:38,293 - INFO - Epoch [58/60], Train Loss: 2.0645
2024-12-15 05:37:15,154 - INFO - Epoch [58/60], Validation Accuracy: 0.7621
2024-12-15 05:39:07,601 - INFO - Epoch [59/60], Train Loss: 2.0580
2024-12-15 05:39:44,273 - INFO - Epoch [59/60], Validation Accuracy: 0.7556
2024-12-15 05:41:37,402 - INFO - Epoch [60/60], Train Loss: 2.0285
2024-12-15 05:42:14,142 - INFO - Epoch [60/60], Validation Accuracy: 0.7562
2024-12-15 05:42:14,531 - INFO - load model from: https://download.openmmlab.com/mmaction/recognition/csn/ircsn_from_scratch_r50_ig65m_20210617-ce545a37.pth
2024-12-15 05:42:14,532 - INFO - load checkpoint from http path: https://download.openmmlab.com/mmaction/recognition/csn/ircsn_from_scratch_r50_ig65m_20210617-ce545a37.pth
2024-12-15 05:44:07,111 - INFO - Epoch [1/60], Train Loss: 3.9325
2024-12-15 05:44:43,636 - INFO - Epoch [1/60], Validation Accuracy: 0.1680
2024-12-15 05:46:36,806 - INFO - Epoch [2/60], Train Loss: 3.8043
2024-12-15 05:47:13,346 - INFO - Epoch [2/60], Validation Accuracy: 0.3118
2024-12-15 05:49:05,935 - INFO - Epoch [3/60], Train Loss: 3.6856
2024-12-15 05:49:42,508 - INFO - Epoch [3/60], Validation Accuracy: 0.3980
2024-12-15 05:51:35,200 - INFO - Epoch [4/60], Train Loss: 3.5882
2024-12-15 05:52:11,828 - INFO - Epoch [4/60], Validation Accuracy: 0.4667
2024-12-15 05:54:04,358 - INFO - Epoch [5/60], Train Loss: 3.4926
2024-12-15 05:54:41,005 - INFO - Epoch [5/60], Validation Accuracy: 0.5216
2024-12-15 05:56:33,966 - INFO - Epoch [6/60], Train Loss: 3.4083
2024-12-15 05:57:10,468 - INFO - Epoch [6/60], Validation Accuracy: 0.5301
2024-12-15 05:59:03,298 - INFO - Epoch [7/60], Train Loss: 3.3388
2024-12-15 05:59:40,109 - INFO - Epoch [7/60], Validation Accuracy: 0.5451
2024-12-15 06:01:33,060 - INFO - Epoch [8/60], Train Loss: 3.2629
2024-12-15 06:02:09,619 - INFO - Epoch [8/60], Validation Accuracy: 0.5706
2024-12-15 06:04:02,382 - INFO - Epoch [9/60], Train Loss: 3.1850
2024-12-15 06:04:39,106 - INFO - Epoch [9/60], Validation Accuracy: 0.5902
2024-12-15 06:06:31,986 - INFO - Epoch [10/60], Train Loss: 3.1300
2024-12-15 06:07:08,733 - INFO - Epoch [10/60], Validation Accuracy: 0.6111
2024-12-15 06:09:01,644 - INFO - Epoch [11/60], Train Loss: 3.0399
2024-12-15 06:09:38,405 - INFO - Epoch [11/60], Validation Accuracy: 0.6196
2024-12-15 06:11:31,652 - INFO - Epoch [12/60], Train Loss: 3.0103
2024-12-15 06:12:08,271 - INFO - Epoch [12/60], Validation Accuracy: 0.6392
2024-12-15 06:14:00,747 - INFO - Epoch [13/60], Train Loss: 2.9624
2024-12-15 06:14:37,661 - INFO - Epoch [13/60], Validation Accuracy: 0.6614
2024-12-15 06:16:30,076 - INFO - Epoch [14/60], Train Loss: 2.9045
2024-12-15 06:17:06,856 - INFO - Epoch [14/60], Validation Accuracy: 0.6673
2024-12-15 06:18:59,832 - INFO - Epoch [15/60], Train Loss: 2.8801
2024-12-15 06:19:36,453 - INFO - Epoch [15/60], Validation Accuracy: 0.6869
2024-12-15 06:21:29,200 - INFO - Epoch [16/60], Train Loss: 2.8046
2024-12-15 06:22:05,794 - INFO - Epoch [16/60], Validation Accuracy: 0.6895
2024-12-15 06:23:58,571 - INFO - Epoch [17/60], Train Loss: 2.7996
2024-12-15 06:24:35,319 - INFO - Epoch [17/60], Validation Accuracy: 0.7033
2024-12-15 06:26:27,500 - INFO - Epoch [18/60], Train Loss: 2.7426
2024-12-15 06:27:04,251 - INFO - Epoch [18/60], Validation Accuracy: 0.7078
2024-12-15 06:28:56,751 - INFO - Epoch [19/60], Train Loss: 2.7242
2024-12-15 06:29:33,509 - INFO - Epoch [19/60], Validation Accuracy: 0.7176
2024-12-15 06:31:26,850 - INFO - Epoch [20/60], Train Loss: 2.6666
2024-12-15 06:32:03,485 - INFO - Epoch [20/60], Validation Accuracy: 0.7288
2024-12-15 06:33:56,530 - INFO - Epoch [21/60], Train Loss: 2.6612
2024-12-15 06:34:33,196 - INFO - Epoch [21/60], Validation Accuracy: 0.7327
2024-12-15 06:36:26,224 - INFO - Epoch [22/60], Train Loss: 2.6209
2024-12-15 06:37:02,923 - INFO - Epoch [22/60], Validation Accuracy: 0.7405
2024-12-15 06:38:55,580 - INFO - Epoch [23/60], Train Loss: 2.6150
2024-12-15 06:39:32,188 - INFO - Epoch [23/60], Validation Accuracy: 0.7307
2024-12-15 06:41:25,564 - INFO - Epoch [24/60], Train Loss: 2.5797
2024-12-15 06:42:01,947 - INFO - Epoch [24/60], Validation Accuracy: 0.7425
2024-12-15 06:43:54,708 - INFO - Epoch [25/60], Train Loss: 2.5618
2024-12-15 06:44:31,264 - INFO - Epoch [25/60], Validation Accuracy: 0.7340
2024-12-15 06:46:24,042 - INFO - Epoch [26/60], Train Loss: 2.5444
2024-12-15 06:47:00,717 - INFO - Epoch [26/60], Validation Accuracy: 0.7405
2024-12-15 06:48:53,620 - INFO - Epoch [27/60], Train Loss: 2.5106
2024-12-15 06:49:30,400 - INFO - Epoch [27/60], Validation Accuracy: 0.7405
2024-12-15 06:51:23,240 - INFO - Epoch [28/60], Train Loss: 2.4916
2024-12-15 06:51:59,717 - INFO - Epoch [28/60], Validation Accuracy: 0.7497
2024-12-15 06:53:52,398 - INFO - Epoch [29/60], Train Loss: 2.4687
2024-12-15 06:54:28,935 - INFO - Epoch [29/60], Validation Accuracy: 0.7464
2024-12-15 06:56:21,949 - INFO - Epoch [30/60], Train Loss: 2.4778
2024-12-15 06:56:58,532 - INFO - Epoch [30/60], Validation Accuracy: 0.7386
2024-12-15 06:58:51,400 - INFO - Epoch [31/60], Train Loss: 2.4564
2024-12-15 06:59:28,232 - INFO - Epoch [31/60], Validation Accuracy: 0.7536
2024-12-15 07:01:21,147 - INFO - Epoch [32/60], Train Loss: 2.4497
2024-12-15 07:01:57,442 - INFO - Epoch [32/60], Validation Accuracy: 0.7542
2024-12-15 07:03:50,545 - INFO - Epoch [33/60], Train Loss: 2.4132
2024-12-15 07:04:26,880 - INFO - Epoch [33/60], Validation Accuracy: 0.7575
2024-12-15 07:06:19,568 - INFO - Epoch [34/60], Train Loss: 2.3943
2024-12-15 07:06:55,843 - INFO - Epoch [34/60], Validation Accuracy: 0.7523
2024-12-15 07:08:48,528 - INFO - Epoch [35/60], Train Loss: 2.3670
2024-12-15 07:09:24,775 - INFO - Epoch [35/60], Validation Accuracy: 0.7575
2024-12-15 07:11:17,189 - INFO - Epoch [36/60], Train Loss: 2.3637
2024-12-15 07:11:53,380 - INFO - Epoch [36/60], Validation Accuracy: 0.7660
2024-12-15 07:13:46,362 - INFO - Epoch [37/60], Train Loss: 2.3675
2024-12-15 07:14:22,519 - INFO - Epoch [37/60], Validation Accuracy: 0.7680
2024-12-15 07:16:15,238 - INFO - Epoch [38/60], Train Loss: 2.3427
2024-12-15 07:16:51,487 - INFO - Epoch [38/60], Validation Accuracy: 0.7601
2024-12-15 07:18:44,086 - INFO - Epoch [39/60], Train Loss: 2.3118
2024-12-15 07:19:20,245 - INFO - Epoch [39/60], Validation Accuracy: 0.7667
2024-12-15 07:21:12,907 - INFO - Epoch [40/60], Train Loss: 2.3410
2024-12-15 07:21:49,038 - INFO - Epoch [40/60], Validation Accuracy: 0.7634
2024-12-15 07:23:41,581 - INFO - Epoch [41/60], Train Loss: 2.2865
2024-12-15 07:24:17,985 - INFO - Epoch [41/60], Validation Accuracy: 0.7621
2024-12-15 07:26:10,957 - INFO - Epoch [42/60], Train Loss: 2.2948
2024-12-15 07:26:47,211 - INFO - Epoch [42/60], Validation Accuracy: 0.7641
2024-12-15 07:28:40,002 - INFO - Epoch [43/60], Train Loss: 2.2875
2024-12-15 07:29:16,225 - INFO - Epoch [43/60], Validation Accuracy: 0.7601
2024-12-15 07:31:08,521 - INFO - Epoch [44/60], Train Loss: 2.2792
2024-12-15 07:31:45,054 - INFO - Epoch [44/60], Validation Accuracy: 0.7686
2024-12-15 07:33:37,858 - INFO - Epoch [45/60], Train Loss: 2.2174
2024-12-15 07:34:14,277 - INFO - Epoch [45/60], Validation Accuracy: 0.7686
2024-12-15 07:36:06,934 - INFO - Epoch [46/60], Train Loss: 2.2514
2024-12-15 07:36:43,328 - INFO - Epoch [46/60], Validation Accuracy: 0.7556
2024-12-15 07:38:35,804 - INFO - Epoch [47/60], Train Loss: 2.2615
2024-12-15 07:39:12,047 - INFO - Epoch [47/60], Validation Accuracy: 0.7634
2024-12-15 07:41:04,576 - INFO - Epoch [48/60], Train Loss: 2.2306
2024-12-15 07:41:40,811 - INFO - Epoch [48/60], Validation Accuracy: 0.7569
2024-12-15 07:43:33,541 - INFO - Epoch [49/60], Train Loss: 2.2333
2024-12-15 07:44:10,055 - INFO - Epoch [49/60], Validation Accuracy: 0.7575
2024-12-15 07:46:02,936 - INFO - Epoch [50/60], Train Loss: 2.2098
2024-12-15 07:46:39,102 - INFO - Epoch [50/60], Validation Accuracy: 0.7634
2024-12-15 07:48:31,685 - INFO - Epoch [51/60], Train Loss: 2.1864
2024-12-15 07:49:08,111 - INFO - Epoch [51/60], Validation Accuracy: 0.7641
2024-12-15 07:51:00,641 - INFO - Epoch [52/60], Train Loss: 2.2005
2024-12-15 07:51:36,766 - INFO - Epoch [52/60], Validation Accuracy: 0.7693
2024-12-15 07:53:29,170 - INFO - Epoch [53/60], Train Loss: 2.1922
2024-12-15 07:54:05,377 - INFO - Epoch [53/60], Validation Accuracy: 0.7549
2024-12-15 07:55:58,143 - INFO - Epoch [54/60], Train Loss: 2.1956
2024-12-15 07:56:34,474 - INFO - Epoch [54/60], Validation Accuracy: 0.7608
2024-12-15 07:58:26,958 - INFO - Epoch [55/60], Train Loss: 2.1657
2024-12-15 07:59:03,337 - INFO - Epoch [55/60], Validation Accuracy: 0.7614
2024-12-15 08:00:56,128 - INFO - Epoch [56/60], Train Loss: 2.2103
2024-12-15 08:01:32,276 - INFO - Epoch [56/60], Validation Accuracy: 0.7556
2024-12-15 08:03:25,180 - INFO - Epoch [57/60], Train Loss: 2.1471
2024-12-15 08:04:01,718 - INFO - Epoch [57/60], Validation Accuracy: 0.7484
2024-12-15 08:05:54,878 - INFO - Epoch [58/60], Train Loss: 2.1860
2024-12-15 08:06:31,195 - INFO - Epoch [58/60], Validation Accuracy: 0.7634
2024-12-15 08:08:23,715 - INFO - Epoch [59/60], Train Loss: 2.1337
2024-12-15 08:08:59,999 - INFO - Epoch [59/60], Validation Accuracy: 0.7510
2024-12-15 08:10:52,892 - INFO - Epoch [60/60], Train Loss: 2.1489
2024-12-15 08:11:29,040 - INFO - Epoch [60/60], Validation Accuracy: 0.7582
2024-12-15 08:11:29,432 - INFO - load model from: https://download.openmmlab.com/mmaction/recognition/csn/ircsn_from_scratch_r50_ig65m_20210617-ce545a37.pth
2024-12-15 08:11:29,433 - INFO - load checkpoint from http path: https://download.openmmlab.com/mmaction/recognition/csn/ircsn_from_scratch_r50_ig65m_20210617-ce545a37.pth
2024-12-15 08:13:22,437 - INFO - Epoch [1/60], Train Loss: 3.9288
2024-12-15 08:13:58,639 - INFO - Epoch [1/60], Validation Accuracy: 0.2386
2024-12-15 08:15:51,421 - INFO - Epoch [2/60], Train Loss: 3.7932
2024-12-15 08:16:27,869 - INFO - Epoch [2/60], Validation Accuracy: 0.3745
2024-12-15 08:18:20,953 - INFO - Epoch [3/60], Train Loss: 3.6634
2024-12-15 08:18:57,318 - INFO - Epoch [3/60], Validation Accuracy: 0.4092
2024-12-15 08:20:49,972 - INFO - Epoch [4/60], Train Loss: 3.5452
2024-12-15 08:21:26,006 - INFO - Epoch [4/60], Validation Accuracy: 0.4386
2024-12-15 08:23:18,777 - INFO - Epoch [5/60], Train Loss: 3.4391
2024-12-15 08:23:55,107 - INFO - Epoch [5/60], Validation Accuracy: 0.5000
2024-12-15 08:25:47,730 - INFO - Epoch [6/60], Train Loss: 3.3461
2024-12-15 08:26:23,867 - INFO - Epoch [6/60], Validation Accuracy: 0.5301
2024-12-15 08:28:16,929 - INFO - Epoch [7/60], Train Loss: 3.2953
2024-12-15 08:28:53,180 - INFO - Epoch [7/60], Validation Accuracy: 0.5673
2024-12-15 08:30:46,021 - INFO - Epoch [8/60], Train Loss: 3.2068
2024-12-15 08:31:22,186 - INFO - Epoch [8/60], Validation Accuracy: 0.5928
2024-12-15 08:33:14,905 - INFO - Epoch [9/60], Train Loss: 3.1470
2024-12-15 08:33:51,072 - INFO - Epoch [9/60], Validation Accuracy: 0.6033
2024-12-15 08:35:43,988 - INFO - Epoch [10/60], Train Loss: 3.0698
2024-12-15 08:36:20,050 - INFO - Epoch [10/60], Validation Accuracy: 0.6327
2024-12-15 08:38:12,806 - INFO - Epoch [11/60], Train Loss: 3.0229
2024-12-15 08:38:49,135 - INFO - Epoch [11/60], Validation Accuracy: 0.6431
2024-12-15 08:40:41,979 - INFO - Epoch [12/60], Train Loss: 2.9417
2024-12-15 08:41:18,596 - INFO - Epoch [12/60], Validation Accuracy: 0.6556
2024-12-15 08:43:11,498 - INFO - Epoch [13/60], Train Loss: 2.9212
2024-12-15 08:43:47,736 - INFO - Epoch [13/60], Validation Accuracy: 0.6778
2024-12-15 08:45:40,728 - INFO - Epoch [14/60], Train Loss: 2.8629
2024-12-15 08:46:17,040 - INFO - Epoch [14/60], Validation Accuracy: 0.6882
2024-12-15 08:48:09,348 - INFO - Epoch [15/60], Train Loss: 2.8147
2024-12-15 08:48:45,447 - INFO - Epoch [15/60], Validation Accuracy: 0.6967
2024-12-15 08:50:38,607 - INFO - Epoch [16/60], Train Loss: 2.7810
2024-12-15 08:51:14,742 - INFO - Epoch [16/60], Validation Accuracy: 0.7092
2024-12-15 08:53:07,655 - INFO - Epoch [17/60], Train Loss: 2.7368
2024-12-15 08:53:44,002 - INFO - Epoch [17/60], Validation Accuracy: 0.7196
2024-12-15 08:55:36,958 - INFO - Epoch [18/60], Train Loss: 2.7016
2024-12-15 08:56:13,357 - INFO - Epoch [18/60], Validation Accuracy: 0.7216
2024-12-15 08:58:05,788 - INFO - Epoch [19/60], Train Loss: 2.6690
2024-12-15 08:58:41,781 - INFO - Epoch [19/60], Validation Accuracy: 0.7294
2024-12-15 09:00:34,625 - INFO - Epoch [20/60], Train Loss: 2.6467
2024-12-15 09:01:10,916 - INFO - Epoch [20/60], Validation Accuracy: 0.7405
2024-12-15 09:03:03,651 - INFO - Epoch [21/60], Train Loss: 2.6050
2024-12-15 09:03:40,064 - INFO - Epoch [21/60], Validation Accuracy: 0.7431
2024-12-15 09:05:32,954 - INFO - Epoch [22/60], Train Loss: 2.5844
2024-12-15 09:06:09,182 - INFO - Epoch [22/60], Validation Accuracy: 0.7320
2024-12-15 09:08:02,751 - INFO - Epoch [23/60], Train Loss: 2.5660
2024-12-15 09:08:39,101 - INFO - Epoch [23/60], Validation Accuracy: 0.7386
2024-12-15 09:10:31,906 - INFO - Epoch [24/60], Train Loss: 2.5511
2024-12-15 09:11:08,249 - INFO - Epoch [24/60], Validation Accuracy: 0.7477
2024-12-15 09:13:01,054 - INFO - Epoch [25/60], Train Loss: 2.5207
2024-12-15 09:13:37,294 - INFO - Epoch [25/60], Validation Accuracy: 0.7373
2024-12-15 09:15:30,304 - INFO - Epoch [26/60], Train Loss: 2.5052
2024-12-15 09:16:06,667 - INFO - Epoch [26/60], Validation Accuracy: 0.7373
2024-12-15 09:17:59,452 - INFO - Epoch [27/60], Train Loss: 2.4944
2024-12-15 09:18:35,769 - INFO - Epoch [27/60], Validation Accuracy: 0.7379
2024-12-15 09:20:29,285 - INFO - Epoch [28/60], Train Loss: 2.4961
2024-12-15 09:21:05,496 - INFO - Epoch [28/60], Validation Accuracy: 0.7412
2024-12-15 09:22:58,645 - INFO - Epoch [29/60], Train Loss: 2.4572
2024-12-15 09:23:35,008 - INFO - Epoch [29/60], Validation Accuracy: 0.7353
2024-12-15 09:25:28,248 - INFO - Epoch [30/60], Train Loss: 2.4541
2024-12-15 09:26:04,628 - INFO - Epoch [30/60], Validation Accuracy: 0.7412
2024-12-15 09:27:57,365 - INFO - Epoch [31/60], Train Loss: 2.3949
2024-12-15 09:28:33,642 - INFO - Epoch [31/60], Validation Accuracy: 0.7418
2024-12-15 09:30:26,717 - INFO - Epoch [32/60], Train Loss: 2.3889
2024-12-15 09:31:03,091 - INFO - Epoch [32/60], Validation Accuracy: 0.7399
2024-12-15 09:32:55,862 - INFO - Epoch [33/60], Train Loss: 2.3903
2024-12-15 09:33:32,201 - INFO - Epoch [33/60], Validation Accuracy: 0.7458
2024-12-15 09:35:25,473 - INFO - Epoch [34/60], Train Loss: 2.3733
2024-12-15 09:36:01,958 - INFO - Epoch [34/60], Validation Accuracy: 0.7484
2024-12-15 09:37:54,903 - INFO - Epoch [35/60], Train Loss: 2.3384
2024-12-15 09:38:31,200 - INFO - Epoch [35/60], Validation Accuracy: 0.7471
2024-12-15 09:40:24,157 - INFO - Epoch [36/60], Train Loss: 2.3341
2024-12-15 09:41:00,415 - INFO - Epoch [36/60], Validation Accuracy: 0.7490
2024-12-15 09:42:53,146 - INFO - Epoch [37/60], Train Loss: 2.3345
2024-12-15 09:43:29,610 - INFO - Epoch [37/60], Validation Accuracy: 0.7556
2024-12-15 09:45:22,883 - INFO - Epoch [38/60], Train Loss: 2.3400
2024-12-15 09:45:59,295 - INFO - Epoch [38/60], Validation Accuracy: 0.7523
2024-12-15 09:47:51,987 - INFO - Epoch [39/60], Train Loss: 2.3020
2024-12-15 09:48:28,145 - INFO - Epoch [39/60], Validation Accuracy: 0.7484
2024-12-15 09:50:20,806 - INFO - Epoch [40/60], Train Loss: 2.2654
2024-12-15 09:50:57,249 - INFO - Epoch [40/60], Validation Accuracy: 0.7523
2024-12-15 09:52:50,093 - INFO - Epoch [41/60], Train Loss: 2.2727
2024-12-15 09:53:26,247 - INFO - Epoch [41/60], Validation Accuracy: 0.7438
2024-12-15 09:55:19,311 - INFO - Epoch [42/60], Train Loss: 2.3044
2024-12-15 09:55:55,493 - INFO - Epoch [42/60], Validation Accuracy: 0.7510
2024-12-15 09:57:48,536 - INFO - Epoch [43/60], Train Loss: 2.2623
2024-12-15 09:58:24,774 - INFO - Epoch [43/60], Validation Accuracy: 0.7484
2024-12-15 10:00:17,812 - INFO - Epoch [44/60], Train Loss: 2.2416
2024-12-15 10:00:53,905 - INFO - Epoch [44/60], Validation Accuracy: 0.7608
2024-12-15 10:02:46,801 - INFO - Epoch [45/60], Train Loss: 2.2540
2024-12-15 10:03:23,130 - INFO - Epoch [45/60], Validation Accuracy: 0.7536
2024-12-15 10:05:15,962 - INFO - Epoch [46/60], Train Loss: 2.2368
2024-12-15 10:05:52,088 - INFO - Epoch [46/60], Validation Accuracy: 0.7497
2024-12-15 10:07:44,449 - INFO - Epoch [47/60], Train Loss: 2.2171
2024-12-15 10:08:20,651 - INFO - Epoch [47/60], Validation Accuracy: 0.7516
2024-12-15 10:10:13,684 - INFO - Epoch [48/60], Train Loss: 2.2188
2024-12-15 10:10:49,990 - INFO - Epoch [48/60], Validation Accuracy: 0.7516
2024-12-15 10:12:43,020 - INFO - Epoch [49/60], Train Loss: 2.1782
2024-12-15 10:13:19,269 - INFO - Epoch [49/60], Validation Accuracy: 0.7516
2024-12-15 10:15:12,817 - INFO - Epoch [50/60], Train Loss: 2.1967
2024-12-15 10:15:49,065 - INFO - Epoch [50/60], Validation Accuracy: 0.7471
2024-12-15 10:17:43,271 - INFO - Epoch [51/60], Train Loss: 2.1783
2024-12-15 10:18:19,617 - INFO - Epoch [51/60], Validation Accuracy: 0.7529
2024-12-15 10:20:13,487 - INFO - Epoch [52/60], Train Loss: 2.1998
2024-12-15 10:20:50,080 - INFO - Epoch [52/60], Validation Accuracy: 0.7490
2024-12-15 10:22:43,756 - INFO - Epoch [53/60], Train Loss: 2.1703
2024-12-15 10:23:19,751 - INFO - Epoch [53/60], Validation Accuracy: 0.7529
2024-12-15 10:25:13,104 - INFO - Epoch [54/60], Train Loss: 2.1752
2024-12-15 10:25:49,468 - INFO - Epoch [54/60], Validation Accuracy: 0.7510
2024-12-15 10:27:42,626 - INFO - Epoch [55/60], Train Loss: 2.1287
2024-12-15 10:28:18,913 - INFO - Epoch [55/60], Validation Accuracy: 0.7497
2024-12-15 10:30:12,037 - INFO - Epoch [56/60], Train Loss: 2.1428
2024-12-15 10:30:48,481 - INFO - Epoch [56/60], Validation Accuracy: 0.7484
2024-12-15 10:32:41,374 - INFO - Epoch [57/60], Train Loss: 2.1226
2024-12-15 10:33:17,570 - INFO - Epoch [57/60], Validation Accuracy: 0.7634
2024-12-15 10:35:10,359 - INFO - Epoch [58/60], Train Loss: 2.1301
2024-12-15 10:35:46,917 - INFO - Epoch [58/60], Validation Accuracy: 0.7490
2024-12-15 10:37:39,962 - INFO - Epoch [59/60], Train Loss: 2.1237
2024-12-15 10:38:16,360 - INFO - Epoch [59/60], Validation Accuracy: 0.7529
2024-12-15 10:40:09,536 - INFO - Epoch [60/60], Train Loss: 2.1138
2024-12-15 10:40:45,820 - INFO - Epoch [60/60], Validation Accuracy: 0.7451
2024-12-15 10:40:46,198 - INFO - load model from: https://download.openmmlab.com/mmaction/recognition/csn/ircsn_from_scratch_r50_ig65m_20210617-ce545a37.pth
2024-12-15 10:40:46,199 - INFO - load checkpoint from http path: https://download.openmmlab.com/mmaction/recognition/csn/ircsn_from_scratch_r50_ig65m_20210617-ce545a37.pth
2024-12-15 10:42:39,707 - INFO - Epoch [1/60], Train Loss: 3.9376
2024-12-15 10:43:15,991 - INFO - Epoch [1/60], Validation Accuracy: 0.2359
2024-12-15 10:45:09,087 - INFO - Epoch [2/60], Train Loss: 3.7967
2024-12-15 10:45:45,285 - INFO - Epoch [2/60], Validation Accuracy: 0.4007
2024-12-15 10:47:38,027 - INFO - Epoch [3/60], Train Loss: 3.6663
2024-12-15 10:48:14,497 - INFO - Epoch [3/60], Validation Accuracy: 0.4425
2024-12-15 10:50:06,989 - INFO - Epoch [4/60], Train Loss: 3.5645
2024-12-15 10:50:43,217 - INFO - Epoch [4/60], Validation Accuracy: 0.4660
2024-12-15 10:52:35,686 - INFO - Epoch [5/60], Train Loss: 3.4474
2024-12-15 10:53:12,025 - INFO - Epoch [5/60], Validation Accuracy: 0.4895
2024-12-15 10:55:04,603 - INFO - Epoch [6/60], Train Loss: 3.3666
2024-12-15 10:55:40,876 - INFO - Epoch [6/60], Validation Accuracy: 0.5046
2024-12-15 10:57:33,942 - INFO - Epoch [7/60], Train Loss: 3.2727
2024-12-15 10:58:10,362 - INFO - Epoch [7/60], Validation Accuracy: 0.5431
2024-12-15 11:00:03,698 - INFO - Epoch [8/60], Train Loss: 3.1978
2024-12-15 11:00:39,790 - INFO - Epoch [8/60], Validation Accuracy: 0.5739
2024-12-15 11:02:32,924 - INFO - Epoch [9/60], Train Loss: 3.1035
2024-12-15 11:03:09,297 - INFO - Epoch [9/60], Validation Accuracy: 0.5980
2024-12-15 11:05:02,081 - INFO - Epoch [10/60], Train Loss: 3.0668
2024-12-15 11:05:38,634 - INFO - Epoch [10/60], Validation Accuracy: 0.6288
2024-12-15 11:07:31,786 - INFO - Epoch [11/60], Train Loss: 3.0275
2024-12-15 11:08:08,251 - INFO - Epoch [11/60], Validation Accuracy: 0.6438
2024-12-15 11:10:01,286 - INFO - Epoch [12/60], Train Loss: 2.9414
2024-12-15 11:10:37,648 - INFO - Epoch [12/60], Validation Accuracy: 0.6732
2024-12-15 11:12:30,297 - INFO - Epoch [13/60], Train Loss: 2.9063
2024-12-15 11:13:06,430 - INFO - Epoch [13/60], Validation Accuracy: 0.6824
2024-12-15 11:14:59,372 - INFO - Epoch [14/60], Train Loss: 2.8450
2024-12-15 11:15:35,644 - INFO - Epoch [14/60], Validation Accuracy: 0.6895
2024-12-15 11:17:28,023 - INFO - Epoch [15/60], Train Loss: 2.8413
2024-12-15 11:18:04,320 - INFO - Epoch [15/60], Validation Accuracy: 0.7026
2024-12-15 11:19:56,902 - INFO - Epoch [16/60], Train Loss: 2.7631
2024-12-15 11:20:33,149 - INFO - Epoch [16/60], Validation Accuracy: 0.6980
2024-12-15 11:22:26,067 - INFO - Epoch [17/60], Train Loss: 2.7322
2024-12-15 11:23:02,400 - INFO - Epoch [17/60], Validation Accuracy: 0.7078
2024-12-15 11:24:54,953 - INFO - Epoch [18/60], Train Loss: 2.6818
2024-12-15 11:25:31,545 - INFO - Epoch [18/60], Validation Accuracy: 0.7222
2024-12-15 11:27:24,184 - INFO - Epoch [19/60], Train Loss: 2.6597
2024-12-15 11:28:00,343 - INFO - Epoch [19/60], Validation Accuracy: 0.7196
2024-12-15 11:29:53,036 - INFO - Epoch [20/60], Train Loss: 2.6161
2024-12-15 11:30:29,202 - INFO - Epoch [20/60], Validation Accuracy: 0.7333
2024-12-15 11:32:21,770 - INFO - Epoch [21/60], Train Loss: 2.6402
2024-12-15 11:32:58,157 - INFO - Epoch [21/60], Validation Accuracy: 0.7366
2024-12-15 11:34:50,639 - INFO - Epoch [22/60], Train Loss: 2.5954
2024-12-15 11:35:26,996 - INFO - Epoch [22/60], Validation Accuracy: 0.7242
2024-12-15 11:37:19,746 - INFO - Epoch [23/60], Train Loss: 2.5495
2024-12-15 11:37:56,045 - INFO - Epoch [23/60], Validation Accuracy: 0.7497
2024-12-15 11:39:48,774 - INFO - Epoch [24/60], Train Loss: 2.5330
2024-12-15 11:40:25,051 - INFO - Epoch [24/60], Validation Accuracy: 0.7379
2024-12-15 11:42:17,892 - INFO - Epoch [25/60], Train Loss: 2.5347
2024-12-15 11:42:54,118 - INFO - Epoch [25/60], Validation Accuracy: 0.7438
2024-12-15 11:44:46,990 - INFO - Epoch [26/60], Train Loss: 2.4720
2024-12-15 11:45:23,319 - INFO - Epoch [26/60], Validation Accuracy: 0.7536
2024-12-15 11:47:15,840 - INFO - Epoch [27/60], Train Loss: 2.4522
2024-12-15 11:47:52,152 - INFO - Epoch [27/60], Validation Accuracy: 0.7431
2024-12-15 11:49:44,801 - INFO - Epoch [28/60], Train Loss: 2.4351
2024-12-15 11:50:20,988 - INFO - Epoch [28/60], Validation Accuracy: 0.7608
2024-12-15 11:52:13,781 - INFO - Epoch [29/60], Train Loss: 2.4393
2024-12-15 11:52:50,236 - INFO - Epoch [29/60], Validation Accuracy: 0.7582
2024-12-15 11:54:43,353 - INFO - Epoch [30/60], Train Loss: 2.4152
2024-12-15 11:55:19,653 - INFO - Epoch [30/60], Validation Accuracy: 0.7510
2024-12-15 11:57:12,793 - INFO - Epoch [31/60], Train Loss: 2.3852
2024-12-15 11:57:48,923 - INFO - Epoch [31/60], Validation Accuracy: 0.7497
2024-12-15 11:59:41,677 - INFO - Epoch [32/60], Train Loss: 2.3681
2024-12-15 12:00:18,077 - INFO - Epoch [32/60], Validation Accuracy: 0.7490
2024-12-15 12:02:11,164 - INFO - Epoch [33/60], Train Loss: 2.3921
2024-12-15 12:02:47,411 - INFO - Epoch [33/60], Validation Accuracy: 0.7582
2024-12-15 12:04:40,240 - INFO - Epoch [34/60], Train Loss: 2.3822
2024-12-15 12:05:16,382 - INFO - Epoch [34/60], Validation Accuracy: 0.7582
2024-12-15 12:07:09,283 - INFO - Epoch [35/60], Train Loss: 2.3463
2024-12-15 12:07:45,621 - INFO - Epoch [35/60], Validation Accuracy: 0.7575
2024-12-15 12:09:38,372 - INFO - Epoch [36/60], Train Loss: 2.3302
2024-12-15 12:10:14,608 - INFO - Epoch [36/60], Validation Accuracy: 0.7523
2024-12-15 12:12:07,736 - INFO - Epoch [37/60], Train Loss: 2.3158
2024-12-15 12:12:44,040 - INFO - Epoch [37/60], Validation Accuracy: 0.7549
2024-12-15 12:14:36,909 - INFO - Epoch [38/60], Train Loss: 2.3139
2024-12-15 12:15:13,004 - INFO - Epoch [38/60], Validation Accuracy: 0.7484
2024-12-15 12:17:05,968 - INFO - Epoch [39/60], Train Loss: 2.2646
2024-12-15 12:17:42,470 - INFO - Epoch [39/60], Validation Accuracy: 0.7471
2024-12-15 12:19:35,186 - INFO - Epoch [40/60], Train Loss: 2.2867
2024-12-15 12:20:11,489 - INFO - Epoch [40/60], Validation Accuracy: 0.7542
2024-12-15 12:22:04,126 - INFO - Epoch [41/60], Train Loss: 2.2809
2024-12-15 12:22:40,351 - INFO - Epoch [41/60], Validation Accuracy: 0.7588
2024-12-15 12:24:33,237 - INFO - Epoch [42/60], Train Loss: 2.2804
2024-12-15 12:25:09,488 - INFO - Epoch [42/60], Validation Accuracy: 0.7464
2024-12-15 12:27:02,124 - INFO - Epoch [43/60], Train Loss: 2.2360
2024-12-15 12:27:38,487 - INFO - Epoch [43/60], Validation Accuracy: 0.7569
2024-12-15 12:29:31,893 - INFO - Epoch [44/60], Train Loss: 2.2557
2024-12-15 12:30:08,206 - INFO - Epoch [44/60], Validation Accuracy: 0.7627
2024-12-15 12:32:00,850 - INFO - Epoch [45/60], Train Loss: 2.2435
2024-12-15 12:32:37,219 - INFO - Epoch [45/60], Validation Accuracy: 0.7569
2024-12-15 12:34:29,744 - INFO - Epoch [46/60], Train Loss: 2.1853
2024-12-15 12:35:05,982 - INFO - Epoch [46/60], Validation Accuracy: 0.7608
2024-12-15 12:36:59,176 - INFO - Epoch [47/60], Train Loss: 2.2059
2024-12-15 12:37:35,506 - INFO - Epoch [47/60], Validation Accuracy: 0.7490
2024-12-15 12:39:28,664 - INFO - Epoch [48/60], Train Loss: 2.2033
2024-12-15 12:40:05,091 - INFO - Epoch [48/60], Validation Accuracy: 0.7621
2024-12-15 12:41:57,939 - INFO - Epoch [49/60], Train Loss: 2.2136
2024-12-15 12:42:34,206 - INFO - Epoch [49/60], Validation Accuracy: 0.7634
2024-12-15 12:44:27,525 - INFO - Epoch [50/60], Train Loss: 2.1700
2024-12-15 12:45:03,793 - INFO - Epoch [50/60], Validation Accuracy: 0.7614
2024-12-15 12:46:56,572 - INFO - Epoch [51/60], Train Loss: 2.1859
2024-12-15 12:47:32,867 - INFO - Epoch [51/60], Validation Accuracy: 0.7549
2024-12-15 12:49:26,111 - INFO - Epoch [52/60], Train Loss: 2.1677
2024-12-15 12:50:02,556 - INFO - Epoch [52/60], Validation Accuracy: 0.7601
2024-12-15 12:51:55,462 - INFO - Epoch [53/60], Train Loss: 2.1388
2024-12-15 12:52:31,678 - INFO - Epoch [53/60], Validation Accuracy: 0.7536
2024-12-15 12:54:25,017 - INFO - Epoch [54/60], Train Loss: 2.1436
2024-12-15 12:55:02,516 - INFO - Epoch [54/60], Validation Accuracy: 0.7588
2024-12-15 12:56:56,057 - INFO - Epoch [55/60], Train Loss: 2.1482
2024-12-15 12:57:32,783 - INFO - Epoch [55/60], Validation Accuracy: 0.7529
2024-12-15 12:59:26,245 - INFO - Epoch [56/60], Train Loss: 2.1154
2024-12-15 13:00:02,661 - INFO - Epoch [56/60], Validation Accuracy: 0.7569
2024-12-15 13:01:56,267 - INFO - Epoch [57/60], Train Loss: 2.1350
2024-12-15 13:02:32,479 - INFO - Epoch [57/60], Validation Accuracy: 0.7542
2024-12-15 13:04:25,538 - INFO - Epoch [58/60], Train Loss: 2.0963
2024-12-15 13:05:01,819 - INFO - Epoch [58/60], Validation Accuracy: 0.7608
2024-12-15 13:06:54,552 - INFO - Epoch [59/60], Train Loss: 2.1087
2024-12-15 13:07:31,111 - INFO - Epoch [59/60], Validation Accuracy: 0.7490
2024-12-15 13:09:24,183 - INFO - Epoch [60/60], Train Loss: 2.1113
2024-12-15 13:10:00,429 - INFO - Epoch [60/60], Validation Accuracy: 0.7608
2024-12-15 13:10:00,813 - INFO - load model from: https://download.openmmlab.com/mmaction/recognition/csn/ircsn_from_scratch_r50_ig65m_20210617-ce545a37.pth
2024-12-15 13:10:00,813 - INFO - load checkpoint from http path: https://download.openmmlab.com/mmaction/recognition/csn/ircsn_from_scratch_r50_ig65m_20210617-ce545a37.pth
2024-12-15 13:11:53,433 - INFO - Epoch [1/60], Train Loss: 3.9168
2024-12-15 13:12:29,935 - INFO - Epoch [1/60], Validation Accuracy: 0.2830
2024-12-15 13:14:22,555 - INFO - Epoch [2/60], Train Loss: 3.7419
2024-12-15 13:14:58,718 - INFO - Epoch [2/60], Validation Accuracy: 0.4333
2024-12-15 13:16:51,348 - INFO - Epoch [3/60], Train Loss: 3.5765
2024-12-15 13:17:27,716 - INFO - Epoch [3/60], Validation Accuracy: 0.4758
2024-12-15 13:19:20,411 - INFO - Epoch [4/60], Train Loss: 3.4257
2024-12-15 13:19:56,695 - INFO - Epoch [4/60], Validation Accuracy: 0.5078
2024-12-15 13:21:49,740 - INFO - Epoch [5/60], Train Loss: 3.2944
2024-12-15 13:22:25,850 - INFO - Epoch [5/60], Validation Accuracy: 0.5190
2024-12-15 13:24:18,718 - INFO - Epoch [6/60], Train Loss: 3.1826
2024-12-15 13:24:54,979 - INFO - Epoch [6/60], Validation Accuracy: 0.5418
2024-12-15 13:26:47,907 - INFO - Epoch [7/60], Train Loss: 3.1021
2024-12-15 13:27:24,277 - INFO - Epoch [7/60], Validation Accuracy: 0.5725
2024-12-15 13:29:17,071 - INFO - Epoch [8/60], Train Loss: 2.9925
2024-12-15 13:29:53,203 - INFO - Epoch [8/60], Validation Accuracy: 0.6033
2024-12-15 13:31:46,328 - INFO - Epoch [9/60], Train Loss: 2.9127
2024-12-15 13:32:22,781 - INFO - Epoch [9/60], Validation Accuracy: 0.6425
2024-12-15 13:34:15,886 - INFO - Epoch [10/60], Train Loss: 2.8451
2024-12-15 13:34:52,082 - INFO - Epoch [10/60], Validation Accuracy: 0.6458
2024-12-15 13:36:44,961 - INFO - Epoch [11/60], Train Loss: 2.7780
2024-12-15 13:37:21,362 - INFO - Epoch [11/60], Validation Accuracy: 0.6739
2024-12-15 13:39:14,327 - INFO - Epoch [12/60], Train Loss: 2.7057
2024-12-15 13:39:50,854 - INFO - Epoch [12/60], Validation Accuracy: 0.6967
2024-12-15 13:41:43,782 - INFO - Epoch [13/60], Train Loss: 2.6430
2024-12-15 13:42:20,076 - INFO - Epoch [13/60], Validation Accuracy: 0.7092
2024-12-15 13:44:13,119 - INFO - Epoch [14/60], Train Loss: 2.5896
2024-12-15 13:44:49,377 - INFO - Epoch [14/60], Validation Accuracy: 0.7203
2024-12-15 13:46:42,398 - INFO - Epoch [15/60], Train Loss: 2.5336
2024-12-15 13:47:18,466 - INFO - Epoch [15/60], Validation Accuracy: 0.7327
2024-12-15 13:49:11,586 - INFO - Epoch [16/60], Train Loss: 2.4964
2024-12-15 13:49:47,951 - INFO - Epoch [16/60], Validation Accuracy: 0.7399
2024-12-15 13:51:41,280 - INFO - Epoch [17/60], Train Loss: 2.4499
2024-12-15 13:52:17,643 - INFO - Epoch [17/60], Validation Accuracy: 0.7464
2024-12-15 13:54:10,332 - INFO - Epoch [18/60], Train Loss: 2.4118
2024-12-15 13:54:46,725 - INFO - Epoch [18/60], Validation Accuracy: 0.7490
2024-12-15 13:56:39,095 - INFO - Epoch [19/60], Train Loss: 2.3528
2024-12-15 13:57:15,432 - INFO - Epoch [19/60], Validation Accuracy: 0.7542
2024-12-15 13:59:08,324 - INFO - Epoch [20/60], Train Loss: 2.3541
2024-12-15 13:59:44,593 - INFO - Epoch [20/60], Validation Accuracy: 0.7582
2024-12-15 14:01:37,655 - INFO - Epoch [21/60], Train Loss: 2.3162
2024-12-15 14:02:13,887 - INFO - Epoch [21/60], Validation Accuracy: 0.7595
2024-12-15 14:04:06,850 - INFO - Epoch [22/60], Train Loss: 2.2955
2024-12-15 14:04:43,006 - INFO - Epoch [22/60], Validation Accuracy: 0.7588
2024-12-15 14:06:35,737 - INFO - Epoch [23/60], Train Loss: 2.2326
2024-12-15 14:07:12,005 - INFO - Epoch [23/60], Validation Accuracy: 0.7523
2024-12-15 14:09:04,808 - INFO - Epoch [24/60], Train Loss: 2.2165
2024-12-15 14:09:41,251 - INFO - Epoch [24/60], Validation Accuracy: 0.7680
2024-12-15 14:11:34,299 - INFO - Epoch [25/60], Train Loss: 2.2783
2024-12-15 14:12:10,692 - INFO - Epoch [25/60], Validation Accuracy: 0.7562
2024-12-15 14:14:03,821 - INFO - Epoch [26/60], Train Loss: 2.2008
2024-12-15 14:14:40,230 - INFO - Epoch [26/60], Validation Accuracy: 0.7667
2024-12-15 14:16:32,782 - INFO - Epoch [27/60], Train Loss: 2.1810
2024-12-15 14:17:09,041 - INFO - Epoch [27/60], Validation Accuracy: 0.7621
2024-12-15 14:19:01,998 - INFO - Epoch [28/60], Train Loss: 2.1346
2024-12-15 14:19:38,182 - INFO - Epoch [28/60], Validation Accuracy: 0.7739
2024-12-15 14:21:31,236 - INFO - Epoch [29/60], Train Loss: 2.1043
2024-12-15 14:22:07,625 - INFO - Epoch [29/60], Validation Accuracy: 0.7647
2024-12-15 14:24:00,464 - INFO - Epoch [30/60], Train Loss: 2.1504
2024-12-15 14:24:36,728 - INFO - Epoch [30/60], Validation Accuracy: 0.7719
2024-12-15 14:26:29,456 - INFO - Epoch [31/60], Train Loss: 2.1108
2024-12-15 14:27:05,700 - INFO - Epoch [31/60], Validation Accuracy: 0.7758
2024-12-15 14:28:58,792 - INFO - Epoch [32/60], Train Loss: 2.0889
2024-12-15 14:29:35,183 - INFO - Epoch [32/60], Validation Accuracy: 0.7699
2024-12-15 14:31:27,937 - INFO - Epoch [33/60], Train Loss: 2.0916
2024-12-15 14:32:04,373 - INFO - Epoch [33/60], Validation Accuracy: 0.7804
2024-12-15 14:33:57,139 - INFO - Epoch [34/60], Train Loss: 2.0931
2024-12-15 14:34:33,546 - INFO - Epoch [34/60], Validation Accuracy: 0.7706
2024-12-15 14:36:26,402 - INFO - Epoch [35/60], Train Loss: 2.0285
2024-12-15 14:37:02,655 - INFO - Epoch [35/60], Validation Accuracy: 0.7641
2024-12-15 14:38:55,481 - INFO - Epoch [36/60], Train Loss: 2.0717
2024-12-15 14:39:31,611 - INFO - Epoch [36/60], Validation Accuracy: 0.7719
2024-12-15 14:41:24,641 - INFO - Epoch [37/60], Train Loss: 2.0220
2024-12-15 14:42:00,891 - INFO - Epoch [37/60], Validation Accuracy: 0.7627
2024-12-15 14:43:53,851 - INFO - Epoch [38/60], Train Loss: 2.0592
2024-12-15 14:44:30,290 - INFO - Epoch [38/60], Validation Accuracy: 0.7634
2024-12-15 14:46:23,327 - INFO - Epoch [39/60], Train Loss: 2.0185
2024-12-15 14:46:59,641 - INFO - Epoch [39/60], Validation Accuracy: 0.7647
2024-12-15 14:48:52,310 - INFO - Epoch [40/60], Train Loss: 1.9618
2024-12-15 14:49:28,522 - INFO - Epoch [40/60], Validation Accuracy: 0.7706
2024-12-15 14:51:21,235 - INFO - Epoch [41/60], Train Loss: 1.9588
2024-12-15 14:51:57,629 - INFO - Epoch [41/60], Validation Accuracy: 0.7601
2024-12-15 14:53:50,733 - INFO - Epoch [42/60], Train Loss: 1.9965
2024-12-15 14:54:27,228 - INFO - Epoch [42/60], Validation Accuracy: 0.7739
2024-12-15 14:56:20,316 - INFO - Epoch [43/60], Train Loss: 1.9424
2024-12-15 14:56:56,612 - INFO - Epoch [43/60], Validation Accuracy: 0.7771
2024-12-15 14:58:49,503 - INFO - Epoch [44/60], Train Loss: 1.9830
2024-12-15 14:59:26,152 - INFO - Epoch [44/60], Validation Accuracy: 0.7634
2024-12-15 15:01:19,002 - INFO - Epoch [45/60], Train Loss: 1.9488
2024-12-15 15:01:55,380 - INFO - Epoch [45/60], Validation Accuracy: 0.7804
2024-12-15 15:03:48,212 - INFO - Epoch [46/60], Train Loss: 1.9571
2024-12-15 15:04:24,658 - INFO - Epoch [46/60], Validation Accuracy: 0.7627
2024-12-15 15:06:17,808 - INFO - Epoch [47/60], Train Loss: 1.8938
2024-12-15 15:06:54,020 - INFO - Epoch [47/60], Validation Accuracy: 0.7706
2024-12-15 15:08:46,453 - INFO - Epoch [48/60], Train Loss: 1.9180
2024-12-15 15:09:22,880 - INFO - Epoch [48/60], Validation Accuracy: 0.7654
2024-12-15 15:11:15,931 - INFO - Epoch [49/60], Train Loss: 1.9225
2024-12-15 15:11:52,394 - INFO - Epoch [49/60], Validation Accuracy: 0.7654
2024-12-15 15:13:45,657 - INFO - Epoch [50/60], Train Loss: 1.8857
2024-12-15 15:14:22,074 - INFO - Epoch [50/60], Validation Accuracy: 0.7693
2024-12-15 15:16:14,969 - INFO - Epoch [51/60], Train Loss: 1.8608
2024-12-15 15:16:51,535 - INFO - Epoch [51/60], Validation Accuracy: 0.7745
2024-12-15 15:18:44,742 - INFO - Epoch [52/60], Train Loss: 1.8418
2024-12-15 15:19:21,048 - INFO - Epoch [52/60], Validation Accuracy: 0.7712
2024-12-15 15:21:14,360 - INFO - Epoch [53/60], Train Loss: 1.8828
2024-12-15 15:21:50,684 - INFO - Epoch [53/60], Validation Accuracy: 0.7706
2024-12-15 15:23:43,727 - INFO - Epoch [54/60], Train Loss: 1.8522
2024-12-15 15:24:20,198 - INFO - Epoch [54/60], Validation Accuracy: 0.7725
2024-12-15 15:26:13,350 - INFO - Epoch [55/60], Train Loss: 1.8505
2024-12-15 15:26:49,744 - INFO - Epoch [55/60], Validation Accuracy: 0.7686
2024-12-15 15:28:42,999 - INFO - Epoch [56/60], Train Loss: 1.8152
2024-12-15 15:29:19,417 - INFO - Epoch [56/60], Validation Accuracy: 0.7712
2024-12-15 15:31:12,467 - INFO - Epoch [57/60], Train Loss: 1.8211
2024-12-15 15:31:48,735 - INFO - Epoch [57/60], Validation Accuracy: 0.7654
2024-12-15 15:33:41,850 - INFO - Epoch [58/60], Train Loss: 1.8612
2024-12-15 15:34:18,004 - INFO - Epoch [58/60], Validation Accuracy: 0.7667
2024-12-15 15:36:10,958 - INFO - Epoch [59/60], Train Loss: 1.8098
2024-12-15 15:36:47,352 - INFO - Epoch [59/60], Validation Accuracy: 0.7699
2024-12-15 15:38:40,191 - INFO - Epoch [60/60], Train Loss: 1.8348
2024-12-15 15:39:16,607 - INFO - Epoch [60/60], Validation Accuracy: 0.7641
2024-12-15 15:39:16,992 - INFO - load model from: https://download.openmmlab.com/mmaction/recognition/csn/ircsn_from_scratch_r50_ig65m_20210617-ce545a37.pth
2024-12-15 15:39:16,993 - INFO - load checkpoint from http path: https://download.openmmlab.com/mmaction/recognition/csn/ircsn_from_scratch_r50_ig65m_20210617-ce545a37.pth
2024-12-15 15:41:09,891 - INFO - Epoch [1/60], Train Loss: 3.9264
2024-12-15 15:41:46,271 - INFO - Epoch [1/60], Validation Accuracy: 0.2601
2024-12-15 15:43:39,515 - INFO - Epoch [2/60], Train Loss: 3.7519
2024-12-15 15:44:15,885 - INFO - Epoch [2/60], Validation Accuracy: 0.4052
2024-12-15 15:46:08,764 - INFO - Epoch [3/60], Train Loss: 3.5738
2024-12-15 15:46:45,135 - INFO - Epoch [3/60], Validation Accuracy: 0.4974
2024-12-15 15:48:38,243 - INFO - Epoch [4/60], Train Loss: 3.4339
2024-12-15 15:49:14,446 - INFO - Epoch [4/60], Validation Accuracy: 0.5536
2024-12-15 15:51:07,204 - INFO - Epoch [5/60], Train Loss: 3.2918
2024-12-15 15:51:43,757 - INFO - Epoch [5/60], Validation Accuracy: 0.5614
2024-12-15 15:53:36,146 - INFO - Epoch [6/60], Train Loss: 3.1736
2024-12-15 15:54:12,584 - INFO - Epoch [6/60], Validation Accuracy: 0.5804
2024-12-15 15:56:05,776 - INFO - Epoch [7/60], Train Loss: 3.0792
2024-12-15 15:56:41,978 - INFO - Epoch [7/60], Validation Accuracy: 0.6183
2024-12-15 15:58:35,155 - INFO - Epoch [8/60], Train Loss: 2.9953
2024-12-15 15:59:11,387 - INFO - Epoch [8/60], Validation Accuracy: 0.6451
2024-12-15 16:01:04,279 - INFO - Epoch [9/60], Train Loss: 2.8997
2024-12-15 16:01:40,465 - INFO - Epoch [9/60], Validation Accuracy: 0.6601
2024-12-15 16:03:33,263 - INFO - Epoch [10/60], Train Loss: 2.8245
2024-12-15 16:04:09,682 - INFO - Epoch [10/60], Validation Accuracy: 0.6810
2024-12-15 16:06:02,919 - INFO - Epoch [11/60], Train Loss: 2.7447
2024-12-15 16:06:39,387 - INFO - Epoch [11/60], Validation Accuracy: 0.6908
2024-12-15 16:08:32,254 - INFO - Epoch [12/60], Train Loss: 2.7014
2024-12-15 16:09:08,926 - INFO - Epoch [12/60], Validation Accuracy: 0.6954
2024-12-15 16:11:01,870 - INFO - Epoch [13/60], Train Loss: 2.6548
2024-12-15 16:11:38,251 - INFO - Epoch [13/60], Validation Accuracy: 0.7118
2024-12-15 16:13:31,231 - INFO - Epoch [14/60], Train Loss: 2.5971
2024-12-15 16:14:07,759 - INFO - Epoch [14/60], Validation Accuracy: 0.7275
2024-12-15 16:16:00,830 - INFO - Epoch [15/60], Train Loss: 2.5057
2024-12-15 16:16:37,336 - INFO - Epoch [15/60], Validation Accuracy: 0.7203
2024-12-15 16:18:29,973 - INFO - Epoch [16/60], Train Loss: 2.4884
2024-12-15 16:19:06,337 - INFO - Epoch [16/60], Validation Accuracy: 0.7359
2024-12-15 16:20:59,243 - INFO - Epoch [17/60], Train Loss: 2.4573
2024-12-15 16:21:35,627 - INFO - Epoch [17/60], Validation Accuracy: 0.7444
2024-12-15 16:23:28,498 - INFO - Epoch [18/60], Train Loss: 2.3791
2024-12-15 16:24:05,017 - INFO - Epoch [18/60], Validation Accuracy: 0.7516
2024-12-15 16:25:58,199 - INFO - Epoch [19/60], Train Loss: 2.3811
2024-12-15 16:26:34,678 - INFO - Epoch [19/60], Validation Accuracy: 0.7549
2024-12-15 16:28:27,950 - INFO - Epoch [20/60], Train Loss: 2.3309
2024-12-15 16:29:04,358 - INFO - Epoch [20/60], Validation Accuracy: 0.7569
2024-12-15 16:30:57,518 - INFO - Epoch [21/60], Train Loss: 2.3391
2024-12-15 16:31:33,880 - INFO - Epoch [21/60], Validation Accuracy: 0.7556
2024-12-15 16:33:26,396 - INFO - Epoch [22/60], Train Loss: 2.3088
2024-12-15 16:34:02,931 - INFO - Epoch [22/60], Validation Accuracy: 0.7549
2024-12-15 16:35:55,662 - INFO - Epoch [23/60], Train Loss: 2.2634
2024-12-15 16:36:31,987 - INFO - Epoch [23/60], Validation Accuracy: 0.7654
2024-12-15 16:38:25,402 - INFO - Epoch [24/60], Train Loss: 2.2608
2024-12-15 16:39:01,962 - INFO - Epoch [24/60], Validation Accuracy: 0.7654
2024-12-15 16:40:54,835 - INFO - Epoch [25/60], Train Loss: 2.2135
2024-12-15 16:41:31,277 - INFO - Epoch [25/60], Validation Accuracy: 0.7686
2024-12-15 16:43:24,445 - INFO - Epoch [26/60], Train Loss: 2.1907
2024-12-15 16:44:00,694 - INFO - Epoch [26/60], Validation Accuracy: 0.7693
2024-12-15 16:45:53,762 - INFO - Epoch [27/60], Train Loss: 2.1816
2024-12-15 16:46:30,149 - INFO - Epoch [27/60], Validation Accuracy: 0.7706
2024-12-15 16:48:22,911 - INFO - Epoch [28/60], Train Loss: 2.1499
2024-12-15 16:48:59,240 - INFO - Epoch [28/60], Validation Accuracy: 0.7608
2024-12-15 16:50:52,163 - INFO - Epoch [29/60], Train Loss: 2.1620
2024-12-15 16:51:28,393 - INFO - Epoch [29/60], Validation Accuracy: 0.7771
2024-12-15 16:53:21,486 - INFO - Epoch [30/60], Train Loss: 2.1296
2024-12-15 16:53:58,096 - INFO - Epoch [30/60], Validation Accuracy: 0.7732
2024-12-15 16:55:51,032 - INFO - Epoch [31/60], Train Loss: 2.0714
2024-12-15 16:56:27,444 - INFO - Epoch [31/60], Validation Accuracy: 0.7699
2024-12-15 16:58:20,462 - INFO - Epoch [32/60], Train Loss: 2.1158
2024-12-15 16:58:56,894 - INFO - Epoch [32/60], Validation Accuracy: 0.7699
2024-12-15 17:00:49,676 - INFO - Epoch [33/60], Train Loss: 2.0123
2024-12-15 17:01:26,416 - INFO - Epoch [33/60], Validation Accuracy: 0.7634
2024-12-15 17:03:19,819 - INFO - Epoch [34/60], Train Loss: 2.0461
2024-12-15 17:03:56,443 - INFO - Epoch [34/60], Validation Accuracy: 0.7660
2024-12-15 17:05:52,328 - INFO - Epoch [35/60], Train Loss: 2.0401
2024-12-15 17:06:31,740 - INFO - Epoch [35/60], Validation Accuracy: 0.7654
2024-12-15 17:08:25,950 - INFO - Epoch [36/60], Train Loss: 2.0198
2024-12-15 17:09:02,450 - INFO - Epoch [36/60], Validation Accuracy: 0.7660
2024-12-15 17:10:56,217 - INFO - Epoch [37/60], Train Loss: 2.0040
2024-12-15 17:11:32,799 - INFO - Epoch [37/60], Validation Accuracy: 0.7706
2024-12-15 17:13:26,121 - INFO - Epoch [38/60], Train Loss: 2.0020
2024-12-15 17:14:02,703 - INFO - Epoch [38/60], Validation Accuracy: 0.7784
2024-12-15 17:15:56,142 - INFO - Epoch [39/60], Train Loss: 1.9974
2024-12-15 17:16:32,602 - INFO - Epoch [39/60], Validation Accuracy: 0.7719
2024-12-15 17:18:25,432 - INFO - Epoch [40/60], Train Loss: 1.9465
2024-12-15 17:19:02,128 - INFO - Epoch [40/60], Validation Accuracy: 0.7725
2024-12-15 17:20:55,311 - INFO - Epoch [41/60], Train Loss: 1.9540
2024-12-15 17:21:31,901 - INFO - Epoch [41/60], Validation Accuracy: 0.7699
2024-12-15 17:23:24,759 - INFO - Epoch [42/60], Train Loss: 1.9484
2024-12-15 17:24:01,256 - INFO - Epoch [42/60], Validation Accuracy: 0.7693
2024-12-15 17:25:54,190 - INFO - Epoch [43/60], Train Loss: 1.9469
2024-12-15 17:26:31,069 - INFO - Epoch [43/60], Validation Accuracy: 0.7693
2024-12-15 17:28:24,233 - INFO - Epoch [44/60], Train Loss: 1.9467
2024-12-15 17:29:00,629 - INFO - Epoch [44/60], Validation Accuracy: 0.7699
2024-12-15 17:30:53,563 - INFO - Epoch [45/60], Train Loss: 2.0061
2024-12-15 17:31:29,849 - INFO - Epoch [45/60], Validation Accuracy: 0.7699
2024-12-15 17:33:22,686 - INFO - Epoch [46/60], Train Loss: 1.8974
2024-12-15 17:33:58,878 - INFO - Epoch [46/60], Validation Accuracy: 0.7732
2024-12-15 17:35:52,104 - INFO - Epoch [47/60], Train Loss: 1.9401
2024-12-15 17:36:28,648 - INFO - Epoch [47/60], Validation Accuracy: 0.7725
2024-12-15 17:38:21,735 - INFO - Epoch [48/60], Train Loss: 1.9511
2024-12-15 17:38:58,158 - INFO - Epoch [48/60], Validation Accuracy: 0.7712
2024-12-15 17:40:50,843 - INFO - Epoch [49/60], Train Loss: 1.9492
2024-12-15 17:41:27,252 - INFO - Epoch [49/60], Validation Accuracy: 0.7641
2024-12-15 17:43:20,521 - INFO - Epoch [50/60], Train Loss: 1.8879
2024-12-15 17:43:57,047 - INFO - Epoch [50/60], Validation Accuracy: 0.7497
2024-12-15 17:45:50,063 - INFO - Epoch [51/60], Train Loss: 1.8586
2024-12-15 17:46:26,770 - INFO - Epoch [51/60], Validation Accuracy: 0.7660
2024-12-15 17:48:20,078 - INFO - Epoch [52/60], Train Loss: 1.8978
2024-12-15 17:48:56,511 - INFO - Epoch [52/60], Validation Accuracy: 0.7752
2024-12-15 17:50:49,360 - INFO - Epoch [53/60], Train Loss: 1.9077
2024-12-15 17:51:25,527 - INFO - Epoch [53/60], Validation Accuracy: 0.7765
2024-12-15 17:53:18,360 - INFO - Epoch [54/60], Train Loss: 1.8976
2024-12-15 17:53:54,803 - INFO - Epoch [54/60], Validation Accuracy: 0.7686
2024-12-15 17:55:48,173 - INFO - Epoch [55/60], Train Loss: 1.8460
2024-12-15 17:56:24,722 - INFO - Epoch [55/60], Validation Accuracy: 0.7686
2024-12-15 17:58:17,939 - INFO - Epoch [56/60], Train Loss: 1.8591
2024-12-15 17:58:54,409 - INFO - Epoch [56/60], Validation Accuracy: 0.7686
2024-12-15 18:00:47,706 - INFO - Epoch [57/60], Train Loss: 1.8594
2024-12-15 18:01:24,118 - INFO - Epoch [57/60], Validation Accuracy: 0.7765
2024-12-15 18:03:17,571 - INFO - Epoch [58/60], Train Loss: 1.8684
2024-12-15 18:03:54,178 - INFO - Epoch [58/60], Validation Accuracy: 0.7752
2024-12-15 18:05:47,264 - INFO - Epoch [59/60], Train Loss: 1.8503
2024-12-15 18:06:23,632 - INFO - Epoch [59/60], Validation Accuracy: 0.7686
2024-12-15 18:08:16,571 - INFO - Epoch [60/60], Train Loss: 1.8458
2024-12-15 18:08:53,018 - INFO - Epoch [60/60], Validation Accuracy: 0.7614
2024-12-15 18:08:53,414 - INFO - load model from: https://download.openmmlab.com/mmaction/recognition/csn/ircsn_from_scratch_r50_ig65m_20210617-ce545a37.pth
2024-12-15 18:08:53,415 - INFO - load checkpoint from http path: https://download.openmmlab.com/mmaction/recognition/csn/ircsn_from_scratch_r50_ig65m_20210617-ce545a37.pth
2024-12-15 18:10:45,838 - INFO - Epoch [1/60], Train Loss: 3.9173
2024-12-15 18:11:22,252 - INFO - Epoch [1/60], Validation Accuracy: 0.2353
2024-12-15 18:11:22,642 - INFO - load model from: https://download.openmmlab.com/mmaction/recognition/csn/ircsn_from_scratch_r50_ig65m_20210617-ce545a37.pth
2024-12-15 18:11:22,642 - INFO - load checkpoint from http path: https://download.openmmlab.com/mmaction/recognition/csn/ircsn_from_scratch_r50_ig65m_20210617-ce545a37.pth
2024-12-15 18:13:15,576 - INFO - Epoch [1/60], Train Loss: 3.9400
2024-12-15 18:13:51,996 - INFO - Epoch [1/60], Validation Accuracy: 0.1131
2024-12-15 18:13:52,391 - INFO - load model from: https://download.openmmlab.com/mmaction/recognition/csn/ircsn_from_scratch_r50_ig65m_20210617-ce545a37.pth
2024-12-15 18:13:52,391 - INFO - load checkpoint from http path: https://download.openmmlab.com/mmaction/recognition/csn/ircsn_from_scratch_r50_ig65m_20210617-ce545a37.pth
2024-12-15 18:15:45,129 - INFO - Epoch [1/60], Train Loss: 3.9344
2024-12-15 18:16:21,649 - INFO - Epoch [1/60], Validation Accuracy: 0.2007
2024-12-15 18:16:22,049 - INFO - load model from: https://download.openmmlab.com/mmaction/recognition/csn/ircsn_from_scratch_r50_ig65m_20210617-ce545a37.pth
2024-12-15 18:16:22,050 - INFO - load checkpoint from http path: https://download.openmmlab.com/mmaction/recognition/csn/ircsn_from_scratch_r50_ig65m_20210617-ce545a37.pth
2024-12-15 18:18:14,842 - INFO - Epoch [1/60], Train Loss: 3.9278
2024-12-15 18:18:51,482 - INFO - Epoch [1/60], Validation Accuracy: 0.2725
2024-12-15 18:20:44,469 - INFO - Epoch [2/60], Train Loss: 3.7665
2024-12-15 18:21:20,994 - INFO - Epoch [2/60], Validation Accuracy: 0.3654
2024-12-15 18:21:21,046 - INFO - Best hyperparameters: {'alpha': 1.6445845403801216}
2024-12-15 18:21:21,049 - INFO - Best validation accuracy: 0.780392
