2024-12-16 04:02:06,717 - INFO - load model from: https://download.openmmlab.com/mmaction/recognition/csn/ircsn_from_scratch_r50_ig65m_20210617-ce545a37.pth
2024-12-16 04:02:06,718 - INFO - load checkpoint from http path: https://download.openmmlab.com/mmaction/recognition/csn/ircsn_from_scratch_r50_ig65m_20210617-ce545a37.pth
2024-12-16 04:04:04,972 - INFO - Epoch [1/60], Train Loss: 3.9442
2024-12-16 04:04:41,079 - INFO - Epoch [1/60], Validation Accuracy: 0.1353
2024-12-16 04:06:35,086 - INFO - Epoch [2/60], Train Loss: 3.8382
2024-12-16 04:07:11,433 - INFO - Epoch [2/60], Validation Accuracy: 0.2791
2024-12-16 04:09:04,887 - INFO - Epoch [3/60], Train Loss: 3.7120
2024-12-16 04:09:41,305 - INFO - Epoch [3/60], Validation Accuracy: 0.3516
2024-12-16 04:11:35,064 - INFO - Epoch [4/60], Train Loss: 3.6111
2024-12-16 04:12:11,374 - INFO - Epoch [4/60], Validation Accuracy: 0.3863
2024-12-16 04:14:05,221 - INFO - Epoch [5/60], Train Loss: 3.5294
2024-12-16 04:14:42,088 - INFO - Epoch [5/60], Validation Accuracy: 0.4510
2024-12-16 04:16:35,684 - INFO - Epoch [6/60], Train Loss: 3.4473
2024-12-16 04:17:12,515 - INFO - Epoch [6/60], Validation Accuracy: 0.4667
2024-12-16 04:19:06,432 - INFO - Epoch [7/60], Train Loss: 3.4030
2024-12-16 04:19:43,162 - INFO - Epoch [7/60], Validation Accuracy: 0.4745
2024-12-16 04:21:36,820 - INFO - Epoch [8/60], Train Loss: 3.3033
2024-12-16 04:22:13,614 - INFO - Epoch [8/60], Validation Accuracy: 0.5065
2024-12-16 04:24:07,080 - INFO - Epoch [9/60], Train Loss: 3.2615
2024-12-16 04:24:43,827 - INFO - Epoch [9/60], Validation Accuracy: 0.5261
2024-12-16 04:26:37,593 - INFO - Epoch [10/60], Train Loss: 3.1769
2024-12-16 04:27:14,315 - INFO - Epoch [10/60], Validation Accuracy: 0.5549
2024-12-16 04:29:07,790 - INFO - Epoch [11/60], Train Loss: 3.1166
2024-12-16 04:29:44,616 - INFO - Epoch [11/60], Validation Accuracy: 0.5627
2024-12-16 04:31:38,306 - INFO - Epoch [12/60], Train Loss: 3.0918
2024-12-16 04:32:15,120 - INFO - Epoch [12/60], Validation Accuracy: 0.5797
2024-12-16 04:34:08,773 - INFO - Epoch [13/60], Train Loss: 3.0623
2024-12-16 04:34:45,805 - INFO - Epoch [13/60], Validation Accuracy: 0.6052
2024-12-16 04:36:39,502 - INFO - Epoch [14/60], Train Loss: 2.9923
2024-12-16 04:37:16,425 - INFO - Epoch [14/60], Validation Accuracy: 0.6085
2024-12-16 04:39:09,916 - INFO - Epoch [15/60], Train Loss: 2.9487
2024-12-16 04:39:46,758 - INFO - Epoch [15/60], Validation Accuracy: 0.6320
2024-12-16 04:41:40,543 - INFO - Epoch [16/60], Train Loss: 2.9036
2024-12-16 04:42:17,344 - INFO - Epoch [16/60], Validation Accuracy: 0.6373
2024-12-16 04:44:11,182 - INFO - Epoch [17/60], Train Loss: 2.8630
2024-12-16 04:44:48,118 - INFO - Epoch [17/60], Validation Accuracy: 0.6418
2024-12-16 04:46:41,407 - INFO - Epoch [18/60], Train Loss: 2.8551
2024-12-16 04:47:18,100 - INFO - Epoch [18/60], Validation Accuracy: 0.6588
2024-12-16 04:49:11,740 - INFO - Epoch [19/60], Train Loss: 2.7961
2024-12-16 04:49:48,679 - INFO - Epoch [19/60], Validation Accuracy: 0.6660
2024-12-16 04:51:42,400 - INFO - Epoch [20/60], Train Loss: 2.7472
2024-12-16 04:52:19,392 - INFO - Epoch [20/60], Validation Accuracy: 0.6614
2024-12-16 04:54:12,724 - INFO - Epoch [21/60], Train Loss: 2.7453
2024-12-16 04:54:49,431 - INFO - Epoch [21/60], Validation Accuracy: 0.6699
2024-12-16 04:56:43,177 - INFO - Epoch [22/60], Train Loss: 2.6740
2024-12-16 04:57:19,965 - INFO - Epoch [22/60], Validation Accuracy: 0.6876
2024-12-16 04:59:13,249 - INFO - Epoch [23/60], Train Loss: 2.6651
2024-12-16 04:59:50,069 - INFO - Epoch [23/60], Validation Accuracy: 0.6778
2024-12-16 05:01:43,610 - INFO - Epoch [24/60], Train Loss: 2.6611
2024-12-16 05:02:20,276 - INFO - Epoch [24/60], Validation Accuracy: 0.6784
2024-12-16 05:04:13,931 - INFO - Epoch [25/60], Train Loss: 2.5866
2024-12-16 05:04:50,665 - INFO - Epoch [25/60], Validation Accuracy: 0.6980
2024-12-16 05:06:44,786 - INFO - Epoch [26/60], Train Loss: 2.6038
2024-12-16 05:07:21,653 - INFO - Epoch [26/60], Validation Accuracy: 0.6915
2024-12-16 05:09:15,343 - INFO - Epoch [27/60], Train Loss: 2.5661
2024-12-16 05:09:52,177 - INFO - Epoch [27/60], Validation Accuracy: 0.6941
2024-12-16 05:11:46,241 - INFO - Epoch [28/60], Train Loss: 2.5299
2024-12-16 05:12:23,052 - INFO - Epoch [28/60], Validation Accuracy: 0.7078
2024-12-16 05:14:16,916 - INFO - Epoch [29/60], Train Loss: 2.5374
2024-12-16 05:14:53,744 - INFO - Epoch [29/60], Validation Accuracy: 0.7026
2024-12-16 05:16:47,357 - INFO - Epoch [30/60], Train Loss: 2.4848
2024-12-16 05:17:24,344 - INFO - Epoch [30/60], Validation Accuracy: 0.7183
2024-12-16 05:19:17,881 - INFO - Epoch [31/60], Train Loss: 2.4617
2024-12-16 05:19:54,715 - INFO - Epoch [31/60], Validation Accuracy: 0.7059
2024-12-16 05:21:48,252 - INFO - Epoch [32/60], Train Loss: 2.4425
2024-12-16 05:22:25,218 - INFO - Epoch [32/60], Validation Accuracy: 0.6967
2024-12-16 05:24:18,758 - INFO - Epoch [33/60], Train Loss: 2.4208
2024-12-16 05:24:55,629 - INFO - Epoch [33/60], Validation Accuracy: 0.7078
2024-12-16 05:26:49,562 - INFO - Epoch [34/60], Train Loss: 2.3925
2024-12-16 05:27:26,359 - INFO - Epoch [34/60], Validation Accuracy: 0.7052
2024-12-16 05:29:19,755 - INFO - Epoch [35/60], Train Loss: 2.3856
2024-12-16 05:29:56,708 - INFO - Epoch [35/60], Validation Accuracy: 0.7144
2024-12-16 05:31:50,364 - INFO - Epoch [36/60], Train Loss: 2.3573
2024-12-16 05:32:27,225 - INFO - Epoch [36/60], Validation Accuracy: 0.7046
2024-12-16 05:34:20,848 - INFO - Epoch [37/60], Train Loss: 2.3858
2024-12-16 05:34:57,773 - INFO - Epoch [37/60], Validation Accuracy: 0.7065
2024-12-16 05:36:51,780 - INFO - Epoch [38/60], Train Loss: 2.3241
2024-12-16 05:37:28,706 - INFO - Epoch [38/60], Validation Accuracy: 0.7255
2024-12-16 05:39:22,107 - INFO - Epoch [39/60], Train Loss: 2.3096
2024-12-16 05:39:58,918 - INFO - Epoch [39/60], Validation Accuracy: 0.7157
2024-12-16 05:41:52,609 - INFO - Epoch [40/60], Train Loss: 2.3152
2024-12-16 05:42:29,443 - INFO - Epoch [40/60], Validation Accuracy: 0.7118
2024-12-16 05:44:22,983 - INFO - Epoch [41/60], Train Loss: 2.2832
2024-12-16 05:44:59,681 - INFO - Epoch [41/60], Validation Accuracy: 0.7131
2024-12-16 05:46:52,790 - INFO - Epoch [42/60], Train Loss: 2.3032
2024-12-16 05:47:29,642 - INFO - Epoch [42/60], Validation Accuracy: 0.7170
2024-12-16 05:49:23,000 - INFO - Epoch [43/60], Train Loss: 2.2509
2024-12-16 05:49:59,867 - INFO - Epoch [43/60], Validation Accuracy: 0.7137
2024-12-16 05:51:53,075 - INFO - Epoch [44/60], Train Loss: 2.2351
2024-12-16 05:52:29,754 - INFO - Epoch [44/60], Validation Accuracy: 0.7137
2024-12-16 05:54:23,055 - INFO - Epoch [45/60], Train Loss: 2.2173
2024-12-16 05:55:00,004 - INFO - Epoch [45/60], Validation Accuracy: 0.7242
2024-12-16 05:56:53,394 - INFO - Epoch [46/60], Train Loss: 2.2229
2024-12-16 05:57:30,106 - INFO - Epoch [46/60], Validation Accuracy: 0.7150
2024-12-16 05:59:23,389 - INFO - Epoch [47/60], Train Loss: 2.2185
2024-12-16 06:00:00,224 - INFO - Epoch [47/60], Validation Accuracy: 0.7209
2024-12-16 06:01:53,986 - INFO - Epoch [48/60], Train Loss: 2.2268
2024-12-16 06:02:30,740 - INFO - Epoch [48/60], Validation Accuracy: 0.7203
2024-12-16 06:04:24,259 - INFO - Epoch [49/60], Train Loss: 2.1925
2024-12-16 06:05:01,076 - INFO - Epoch [49/60], Validation Accuracy: 0.7144
2024-12-16 06:06:54,651 - INFO - Epoch [50/60], Train Loss: 2.1507
2024-12-16 06:07:31,507 - INFO - Epoch [50/60], Validation Accuracy: 0.7196
2024-12-16 06:09:25,192 - INFO - Epoch [51/60], Train Loss: 2.1052
2024-12-16 06:10:02,217 - INFO - Epoch [51/60], Validation Accuracy: 0.7118
2024-12-16 06:11:55,754 - INFO - Epoch [52/60], Train Loss: 2.1471
2024-12-16 06:12:32,782 - INFO - Epoch [52/60], Validation Accuracy: 0.7065
2024-12-16 06:14:26,089 - INFO - Epoch [53/60], Train Loss: 2.1215
2024-12-16 06:15:02,745 - INFO - Epoch [53/60], Validation Accuracy: 0.7163
2024-12-16 06:16:56,552 - INFO - Epoch [54/60], Train Loss: 2.0970
2024-12-16 06:17:33,462 - INFO - Epoch [54/60], Validation Accuracy: 0.7190
2024-12-16 06:19:27,462 - INFO - Epoch [55/60], Train Loss: 2.0920
2024-12-16 06:20:04,262 - INFO - Epoch [55/60], Validation Accuracy: 0.7196
2024-12-16 06:21:57,439 - INFO - Epoch [56/60], Train Loss: 2.0753
2024-12-16 06:22:34,418 - INFO - Epoch [56/60], Validation Accuracy: 0.7170
2024-12-16 06:24:27,934 - INFO - Epoch [57/60], Train Loss: 2.0391
2024-12-16 06:25:04,668 - INFO - Epoch [57/60], Validation Accuracy: 0.7190
2024-12-16 06:26:58,007 - INFO - Epoch [58/60], Train Loss: 2.0606
2024-12-16 06:27:34,981 - INFO - Epoch [58/60], Validation Accuracy: 0.7137
2024-12-16 06:29:28,269 - INFO - Epoch [59/60], Train Loss: 2.0540
2024-12-16 06:30:05,116 - INFO - Epoch [59/60], Validation Accuracy: 0.7137
2024-12-16 06:31:58,185 - INFO - Epoch [60/60], Train Loss: 2.0406
2024-12-16 06:32:35,003 - INFO - Epoch [60/60], Validation Accuracy: 0.7170
2024-12-16 06:32:35,388 - INFO - load model from: https://download.openmmlab.com/mmaction/recognition/csn/ircsn_from_scratch_r50_ig65m_20210617-ce545a37.pth
2024-12-16 06:32:35,389 - INFO - load checkpoint from http path: https://download.openmmlab.com/mmaction/recognition/csn/ircsn_from_scratch_r50_ig65m_20210617-ce545a37.pth
2024-12-16 06:34:28,596 - INFO - Epoch [1/60], Train Loss: 3.9414
2024-12-16 06:35:05,360 - INFO - Epoch [1/60], Validation Accuracy: 0.1725
2024-12-16 06:36:58,724 - INFO - Epoch [2/60], Train Loss: 3.8256
2024-12-16 06:37:35,525 - INFO - Epoch [2/60], Validation Accuracy: 0.3549
2024-12-16 06:39:28,927 - INFO - Epoch [3/60], Train Loss: 3.6949
2024-12-16 06:40:05,822 - INFO - Epoch [3/60], Validation Accuracy: 0.4078
2024-12-16 06:41:59,158 - INFO - Epoch [4/60], Train Loss: 3.6089
2024-12-16 06:42:35,944 - INFO - Epoch [4/60], Validation Accuracy: 0.4314
2024-12-16 06:44:29,075 - INFO - Epoch [5/60], Train Loss: 3.5339
2024-12-16 06:45:05,878 - INFO - Epoch [5/60], Validation Accuracy: 0.4634
2024-12-16 06:46:59,444 - INFO - Epoch [6/60], Train Loss: 3.4443
2024-12-16 06:47:36,153 - INFO - Epoch [6/60], Validation Accuracy: 0.5026
2024-12-16 06:49:29,562 - INFO - Epoch [7/60], Train Loss: 3.3614
2024-12-16 06:50:06,191 - INFO - Epoch [7/60], Validation Accuracy: 0.5124
2024-12-16 06:51:59,413 - INFO - Epoch [8/60], Train Loss: 3.2902
2024-12-16 06:52:36,220 - INFO - Epoch [8/60], Validation Accuracy: 0.5458
2024-12-16 06:54:29,623 - INFO - Epoch [9/60], Train Loss: 3.2174
2024-12-16 06:55:06,418 - INFO - Epoch [9/60], Validation Accuracy: 0.5634
2024-12-16 06:56:59,831 - INFO - Epoch [10/60], Train Loss: 3.1497
2024-12-16 06:57:36,640 - INFO - Epoch [10/60], Validation Accuracy: 0.5824
2024-12-16 06:59:29,787 - INFO - Epoch [11/60], Train Loss: 3.0980
2024-12-16 07:00:06,549 - INFO - Epoch [11/60], Validation Accuracy: 0.6046
2024-12-16 07:01:59,884 - INFO - Epoch [12/60], Train Loss: 3.0609
2024-12-16 07:02:36,822 - INFO - Epoch [12/60], Validation Accuracy: 0.6248
2024-12-16 07:04:30,318 - INFO - Epoch [13/60], Train Loss: 3.0012
2024-12-16 07:05:07,018 - INFO - Epoch [13/60], Validation Accuracy: 0.6314
2024-12-16 07:07:00,512 - INFO - Epoch [14/60], Train Loss: 2.9463
2024-12-16 07:07:37,419 - INFO - Epoch [14/60], Validation Accuracy: 0.6418
2024-12-16 07:09:31,009 - INFO - Epoch [15/60], Train Loss: 2.8930
2024-12-16 07:10:07,763 - INFO - Epoch [15/60], Validation Accuracy: 0.6654
2024-12-16 07:12:01,359 - INFO - Epoch [16/60], Train Loss: 2.8696
2024-12-16 07:12:38,324 - INFO - Epoch [16/60], Validation Accuracy: 0.6503
2024-12-16 07:14:31,455 - INFO - Epoch [17/60], Train Loss: 2.8074
2024-12-16 07:15:08,184 - INFO - Epoch [17/60], Validation Accuracy: 0.6824
2024-12-16 07:17:01,729 - INFO - Epoch [18/60], Train Loss: 2.7783
2024-12-16 07:17:38,560 - INFO - Epoch [18/60], Validation Accuracy: 0.6817
2024-12-16 07:19:32,098 - INFO - Epoch [19/60], Train Loss: 2.7729
2024-12-16 07:20:08,789 - INFO - Epoch [19/60], Validation Accuracy: 0.6699
2024-12-16 07:22:02,510 - INFO - Epoch [20/60], Train Loss: 2.7072
2024-12-16 07:22:39,373 - INFO - Epoch [20/60], Validation Accuracy: 0.6778
2024-12-16 07:24:32,909 - INFO - Epoch [21/60], Train Loss: 2.6768
2024-12-16 07:25:09,649 - INFO - Epoch [21/60], Validation Accuracy: 0.6902
2024-12-16 07:27:02,944 - INFO - Epoch [22/60], Train Loss: 2.6647
2024-12-16 07:27:39,864 - INFO - Epoch [22/60], Validation Accuracy: 0.6797
2024-12-16 07:29:33,294 - INFO - Epoch [23/60], Train Loss: 2.6178
2024-12-16 07:30:09,984 - INFO - Epoch [23/60], Validation Accuracy: 0.6935
2024-12-16 07:32:03,540 - INFO - Epoch [24/60], Train Loss: 2.5870
2024-12-16 07:32:40,345 - INFO - Epoch [24/60], Validation Accuracy: 0.6908
2024-12-16 07:34:33,579 - INFO - Epoch [25/60], Train Loss: 2.5552
2024-12-16 07:35:10,538 - INFO - Epoch [25/60], Validation Accuracy: 0.6915
2024-12-16 07:37:03,740 - INFO - Epoch [26/60], Train Loss: 2.5588
2024-12-16 07:37:40,583 - INFO - Epoch [26/60], Validation Accuracy: 0.6941
2024-12-16 07:39:33,822 - INFO - Epoch [27/60], Train Loss: 2.5260
2024-12-16 07:40:10,592 - INFO - Epoch [27/60], Validation Accuracy: 0.7059
2024-12-16 07:42:03,821 - INFO - Epoch [28/60], Train Loss: 2.4815
2024-12-16 07:42:40,673 - INFO - Epoch [28/60], Validation Accuracy: 0.7085
2024-12-16 07:44:33,914 - INFO - Epoch [29/60], Train Loss: 2.4673
2024-12-16 07:45:10,676 - INFO - Epoch [29/60], Validation Accuracy: 0.7007
2024-12-16 07:47:03,621 - INFO - Epoch [30/60], Train Loss: 2.4411
2024-12-16 07:47:40,260 - INFO - Epoch [30/60], Validation Accuracy: 0.7052
2024-12-16 07:49:33,163 - INFO - Epoch [31/60], Train Loss: 2.4125
2024-12-16 07:50:10,070 - INFO - Epoch [31/60], Validation Accuracy: 0.7059
2024-12-16 07:52:03,429 - INFO - Epoch [32/60], Train Loss: 2.3946
2024-12-16 07:52:40,363 - INFO - Epoch [32/60], Validation Accuracy: 0.7105
2024-12-16 07:54:33,788 - INFO - Epoch [33/60], Train Loss: 2.3774
2024-12-16 07:55:10,562 - INFO - Epoch [33/60], Validation Accuracy: 0.7039
2024-12-16 07:57:03,934 - INFO - Epoch [34/60], Train Loss: 2.3574
2024-12-16 07:57:40,854 - INFO - Epoch [34/60], Validation Accuracy: 0.7170
2024-12-16 07:59:35,010 - INFO - Epoch [35/60], Train Loss: 2.3415
2024-12-16 08:00:11,832 - INFO - Epoch [35/60], Validation Accuracy: 0.7150
2024-12-16 08:02:05,300 - INFO - Epoch [36/60], Train Loss: 2.3448
2024-12-16 08:02:42,283 - INFO - Epoch [36/60], Validation Accuracy: 0.7137
2024-12-16 08:04:35,567 - INFO - Epoch [37/60], Train Loss: 2.3129
2024-12-16 08:05:12,283 - INFO - Epoch [37/60], Validation Accuracy: 0.7209
2024-12-16 08:07:05,701 - INFO - Epoch [38/60], Train Loss: 2.2752
2024-12-16 08:07:42,457 - INFO - Epoch [38/60], Validation Accuracy: 0.7229
2024-12-16 08:09:36,090 - INFO - Epoch [39/60], Train Loss: 2.2626
2024-12-16 08:10:12,829 - INFO - Epoch [39/60], Validation Accuracy: 0.7124
2024-12-16 08:12:05,976 - INFO - Epoch [40/60], Train Loss: 2.2307
2024-12-16 08:12:42,740 - INFO - Epoch [40/60], Validation Accuracy: 0.7118
2024-12-16 08:14:36,136 - INFO - Epoch [41/60], Train Loss: 2.2288
2024-12-16 08:15:12,834 - INFO - Epoch [41/60], Validation Accuracy: 0.7242
2024-12-16 08:17:06,353 - INFO - Epoch [42/60], Train Loss: 2.2140
2024-12-16 08:17:43,112 - INFO - Epoch [42/60], Validation Accuracy: 0.7261
2024-12-16 08:19:36,566 - INFO - Epoch [43/60], Train Loss: 2.2077
2024-12-16 08:20:13,533 - INFO - Epoch [43/60], Validation Accuracy: 0.7190
2024-12-16 08:22:06,818 - INFO - Epoch [44/60], Train Loss: 2.1924
2024-12-16 08:22:43,709 - INFO - Epoch [44/60], Validation Accuracy: 0.7176
2024-12-16 08:24:37,910 - INFO - Epoch [45/60], Train Loss: 2.1555
2024-12-16 08:25:14,679 - INFO - Epoch [45/60], Validation Accuracy: 0.7275
2024-12-16 08:27:08,260 - INFO - Epoch [46/60], Train Loss: 2.1533
2024-12-16 08:27:45,048 - INFO - Epoch [46/60], Validation Accuracy: 0.7150
2024-12-16 08:29:38,117 - INFO - Epoch [47/60], Train Loss: 2.1488
2024-12-16 08:30:14,883 - INFO - Epoch [47/60], Validation Accuracy: 0.7118
2024-12-16 08:32:08,295 - INFO - Epoch [48/60], Train Loss: 2.1195
2024-12-16 08:32:45,235 - INFO - Epoch [48/60], Validation Accuracy: 0.7216
2024-12-16 08:34:38,560 - INFO - Epoch [49/60], Train Loss: 2.1187
2024-12-16 08:35:15,423 - INFO - Epoch [49/60], Validation Accuracy: 0.7229
2024-12-16 08:37:08,999 - INFO - Epoch [50/60], Train Loss: 2.0949
2024-12-16 08:37:45,778 - INFO - Epoch [50/60], Validation Accuracy: 0.7203
2024-12-16 08:39:39,330 - INFO - Epoch [51/60], Train Loss: 2.0962
2024-12-16 08:40:16,153 - INFO - Epoch [51/60], Validation Accuracy: 0.7327
2024-12-16 08:42:09,717 - INFO - Epoch [52/60], Train Loss: 2.1085
2024-12-16 08:42:46,642 - INFO - Epoch [52/60], Validation Accuracy: 0.7268
2024-12-16 08:44:40,443 - INFO - Epoch [53/60], Train Loss: 2.0854
2024-12-16 08:45:17,147 - INFO - Epoch [53/60], Validation Accuracy: 0.7268
2024-12-16 08:47:10,426 - INFO - Epoch [54/60], Train Loss: 2.0588
2024-12-16 08:47:47,219 - INFO - Epoch [54/60], Validation Accuracy: 0.7294
2024-12-16 08:49:40,723 - INFO - Epoch [55/60], Train Loss: 2.0450
2024-12-16 08:50:17,566 - INFO - Epoch [55/60], Validation Accuracy: 0.7255
2024-12-16 08:52:10,947 - INFO - Epoch [56/60], Train Loss: 2.0367
2024-12-16 08:52:47,576 - INFO - Epoch [56/60], Validation Accuracy: 0.7301
2024-12-16 08:54:41,086 - INFO - Epoch [57/60], Train Loss: 2.0448
2024-12-16 08:55:17,980 - INFO - Epoch [57/60], Validation Accuracy: 0.7144
2024-12-16 08:57:11,105 - INFO - Epoch [58/60], Train Loss: 1.9936
2024-12-16 08:57:47,946 - INFO - Epoch [58/60], Validation Accuracy: 0.7307
2024-12-16 08:59:41,704 - INFO - Epoch [59/60], Train Loss: 1.9800
2024-12-16 09:00:18,474 - INFO - Epoch [59/60], Validation Accuracy: 0.7222
2024-12-16 09:02:12,005 - INFO - Epoch [60/60], Train Loss: 1.9881
2024-12-16 09:02:48,768 - INFO - Epoch [60/60], Validation Accuracy: 0.7261
2024-12-16 09:02:49,159 - INFO - load model from: https://download.openmmlab.com/mmaction/recognition/csn/ircsn_from_scratch_r50_ig65m_20210617-ce545a37.pth
2024-12-16 09:02:49,160 - INFO - load checkpoint from http path: https://download.openmmlab.com/mmaction/recognition/csn/ircsn_from_scratch_r50_ig65m_20210617-ce545a37.pth
2024-12-16 09:04:42,862 - INFO - Epoch [1/60], Train Loss: 3.9315
2024-12-16 09:05:19,560 - INFO - Epoch [1/60], Validation Accuracy: 0.2059
2024-12-16 09:07:12,644 - INFO - Epoch [2/60], Train Loss: 3.8218
2024-12-16 09:07:49,500 - INFO - Epoch [2/60], Validation Accuracy: 0.2948
2024-12-16 09:09:43,399 - INFO - Epoch [3/60], Train Loss: 3.7025
2024-12-16 09:10:20,149 - INFO - Epoch [3/60], Validation Accuracy: 0.3431
2024-12-16 09:12:13,856 - INFO - Epoch [4/60], Train Loss: 3.6028
2024-12-16 09:12:50,575 - INFO - Epoch [4/60], Validation Accuracy: 0.3974
2024-12-16 09:14:44,065 - INFO - Epoch [5/60], Train Loss: 3.5169
2024-12-16 09:15:20,784 - INFO - Epoch [5/60], Validation Accuracy: 0.4412
2024-12-16 09:17:14,107 - INFO - Epoch [6/60], Train Loss: 3.4461
2024-12-16 09:17:50,886 - INFO - Epoch [6/60], Validation Accuracy: 0.4588
2024-12-16 09:19:44,764 - INFO - Epoch [7/60], Train Loss: 3.3596
2024-12-16 09:20:21,601 - INFO - Epoch [7/60], Validation Accuracy: 0.4771
2024-12-16 09:22:15,300 - INFO - Epoch [8/60], Train Loss: 3.2973
2024-12-16 09:22:52,056 - INFO - Epoch [8/60], Validation Accuracy: 0.4935
2024-12-16 09:24:45,463 - INFO - Epoch [9/60], Train Loss: 3.2485
2024-12-16 09:25:22,386 - INFO - Epoch [9/60], Validation Accuracy: 0.5150
2024-12-16 09:27:16,243 - INFO - Epoch [10/60], Train Loss: 3.1981
2024-12-16 09:27:52,999 - INFO - Epoch [10/60], Validation Accuracy: 0.5399
2024-12-16 09:29:46,003 - INFO - Epoch [11/60], Train Loss: 3.1101
2024-12-16 09:30:22,643 - INFO - Epoch [11/60], Validation Accuracy: 0.5582
2024-12-16 09:32:16,289 - INFO - Epoch [12/60], Train Loss: 3.0643
2024-12-16 09:32:53,090 - INFO - Epoch [12/60], Validation Accuracy: 0.5837
2024-12-16 09:34:46,699 - INFO - Epoch [13/60], Train Loss: 3.0158
2024-12-16 09:35:23,553 - INFO - Epoch [13/60], Validation Accuracy: 0.5889
2024-12-16 09:37:17,093 - INFO - Epoch [14/60], Train Loss: 2.9751
2024-12-16 09:37:53,958 - INFO - Epoch [14/60], Validation Accuracy: 0.6065
2024-12-16 09:39:47,517 - INFO - Epoch [15/60], Train Loss: 2.9410
2024-12-16 09:40:24,436 - INFO - Epoch [15/60], Validation Accuracy: 0.6340
2024-12-16 09:42:17,561 - INFO - Epoch [16/60], Train Loss: 2.9025
2024-12-16 09:42:54,128 - INFO - Epoch [16/60], Validation Accuracy: 0.6634
2024-12-16 09:44:47,662 - INFO - Epoch [17/60], Train Loss: 2.8297
2024-12-16 09:45:24,550 - INFO - Epoch [17/60], Validation Accuracy: 0.6556
2024-12-16 09:47:17,553 - INFO - Epoch [18/60], Train Loss: 2.8109
2024-12-16 09:47:54,346 - INFO - Epoch [18/60], Validation Accuracy: 0.6765
2024-12-16 09:49:47,744 - INFO - Epoch [19/60], Train Loss: 2.7899
2024-12-16 09:50:24,407 - INFO - Epoch [19/60], Validation Accuracy: 0.6804
2024-12-16 09:52:18,077 - INFO - Epoch [20/60], Train Loss: 2.7469
2024-12-16 09:52:54,803 - INFO - Epoch [20/60], Validation Accuracy: 0.6817
2024-12-16 09:54:48,373 - INFO - Epoch [21/60], Train Loss: 2.6976
2024-12-16 09:55:25,348 - INFO - Epoch [21/60], Validation Accuracy: 0.6908
2024-12-16 09:57:19,137 - INFO - Epoch [22/60], Train Loss: 2.6703
2024-12-16 09:57:55,890 - INFO - Epoch [22/60], Validation Accuracy: 0.6869
2024-12-16 09:59:49,442 - INFO - Epoch [23/60], Train Loss: 2.6451
2024-12-16 10:00:26,335 - INFO - Epoch [23/60], Validation Accuracy: 0.7026
2024-12-16 10:02:20,002 - INFO - Epoch [24/60], Train Loss: 2.6036
2024-12-16 10:02:56,520 - INFO - Epoch [24/60], Validation Accuracy: 0.7059
2024-12-16 10:04:50,127 - INFO - Epoch [25/60], Train Loss: 2.5965
2024-12-16 10:05:27,084 - INFO - Epoch [25/60], Validation Accuracy: 0.6987
2024-12-16 10:07:20,495 - INFO - Epoch [26/60], Train Loss: 2.5543
2024-12-16 10:07:57,271 - INFO - Epoch [26/60], Validation Accuracy: 0.7013
2024-12-16 10:09:50,901 - INFO - Epoch [27/60], Train Loss: 2.5554
2024-12-16 10:10:27,734 - INFO - Epoch [27/60], Validation Accuracy: 0.7052
2024-12-16 10:12:21,280 - INFO - Epoch [28/60], Train Loss: 2.5022
2024-12-16 10:12:57,968 - INFO - Epoch [28/60], Validation Accuracy: 0.7144
2024-12-16 10:14:51,467 - INFO - Epoch [29/60], Train Loss: 2.4885
2024-12-16 10:15:28,473 - INFO - Epoch [29/60], Validation Accuracy: 0.7085
2024-12-16 10:17:22,546 - INFO - Epoch [30/60], Train Loss: 2.4702
2024-12-16 10:17:59,413 - INFO - Epoch [30/60], Validation Accuracy: 0.7144
2024-12-16 10:19:53,006 - INFO - Epoch [31/60], Train Loss: 2.4496
2024-12-16 10:20:29,814 - INFO - Epoch [31/60], Validation Accuracy: 0.7118
2024-12-16 10:22:23,250 - INFO - Epoch [32/60], Train Loss: 2.3953
2024-12-16 10:23:00,098 - INFO - Epoch [32/60], Validation Accuracy: 0.7092
2024-12-16 10:24:53,569 - INFO - Epoch [33/60], Train Loss: 2.3868
2024-12-16 10:25:30,532 - INFO - Epoch [33/60], Validation Accuracy: 0.7163
2024-12-16 10:27:24,202 - INFO - Epoch [34/60], Train Loss: 2.4088
2024-12-16 10:28:01,022 - INFO - Epoch [34/60], Validation Accuracy: 0.7235
2024-12-16 10:29:54,552 - INFO - Epoch [35/60], Train Loss: 2.3575
2024-12-16 10:30:31,496 - INFO - Epoch [35/60], Validation Accuracy: 0.7137
2024-12-16 10:32:25,037 - INFO - Epoch [36/60], Train Loss: 2.3143
2024-12-16 10:33:02,000 - INFO - Epoch [36/60], Validation Accuracy: 0.7248
2024-12-16 10:34:55,959 - INFO - Epoch [37/60], Train Loss: 2.3108
2024-12-16 10:35:32,709 - INFO - Epoch [37/60], Validation Accuracy: 0.7275
2024-12-16 10:37:26,299 - INFO - Epoch [38/60], Train Loss: 2.2924
2024-12-16 10:38:03,315 - INFO - Epoch [38/60], Validation Accuracy: 0.7451
2024-12-16 10:39:56,472 - INFO - Epoch [39/60], Train Loss: 2.2613
2024-12-16 10:40:33,351 - INFO - Epoch [39/60], Validation Accuracy: 0.7340
2024-12-16 10:42:26,409 - INFO - Epoch [40/60], Train Loss: 2.2671
2024-12-16 10:43:03,077 - INFO - Epoch [40/60], Validation Accuracy: 0.7301
2024-12-16 10:44:56,155 - INFO - Epoch [41/60], Train Loss: 2.2235
2024-12-16 10:45:32,800 - INFO - Epoch [41/60], Validation Accuracy: 0.7209
2024-12-16 10:47:26,694 - INFO - Epoch [42/60], Train Loss: 2.2478
2024-12-16 10:48:03,492 - INFO - Epoch [42/60], Validation Accuracy: 0.7288
2024-12-16 10:49:56,852 - INFO - Epoch [43/60], Train Loss: 2.2225
2024-12-16 10:50:33,734 - INFO - Epoch [43/60], Validation Accuracy: 0.7261
2024-12-16 10:52:27,353 - INFO - Epoch [44/60], Train Loss: 2.1946
2024-12-16 10:53:03,886 - INFO - Epoch [44/60], Validation Accuracy: 0.7248
2024-12-16 10:54:57,766 - INFO - Epoch [45/60], Train Loss: 2.1943
2024-12-16 10:55:34,788 - INFO - Epoch [45/60], Validation Accuracy: 0.7144
2024-12-16 10:57:28,709 - INFO - Epoch [46/60], Train Loss: 2.1599
2024-12-16 10:58:05,595 - INFO - Epoch [46/60], Validation Accuracy: 0.7288
2024-12-16 10:59:59,066 - INFO - Epoch [47/60], Train Loss: 2.1335
2024-12-16 11:00:36,063 - INFO - Epoch [47/60], Validation Accuracy: 0.7222
2024-12-16 11:02:30,183 - INFO - Epoch [48/60], Train Loss: 2.1278
2024-12-16 11:03:07,056 - INFO - Epoch [48/60], Validation Accuracy: 0.7255
2024-12-16 11:05:00,695 - INFO - Epoch [49/60], Train Loss: 2.1183
2024-12-16 11:05:37,799 - INFO - Epoch [49/60], Validation Accuracy: 0.7157
2024-12-16 11:07:31,368 - INFO - Epoch [50/60], Train Loss: 2.1066
2024-12-16 11:08:08,274 - INFO - Epoch [50/60], Validation Accuracy: 0.7137
2024-12-16 11:10:01,977 - INFO - Epoch [51/60], Train Loss: 2.1241
2024-12-16 11:10:38,855 - INFO - Epoch [51/60], Validation Accuracy: 0.7176
2024-12-16 11:12:32,727 - INFO - Epoch [52/60], Train Loss: 2.0960
2024-12-16 11:13:09,607 - INFO - Epoch [52/60], Validation Accuracy: 0.7268
2024-12-16 11:15:03,334 - INFO - Epoch [53/60], Train Loss: 2.0882
2024-12-16 11:15:40,244 - INFO - Epoch [53/60], Validation Accuracy: 0.7209
2024-12-16 11:17:33,845 - INFO - Epoch [54/60], Train Loss: 2.0643
2024-12-16 11:18:10,644 - INFO - Epoch [54/60], Validation Accuracy: 0.7275
2024-12-16 11:20:04,252 - INFO - Epoch [55/60], Train Loss: 2.0201
2024-12-16 11:20:41,321 - INFO - Epoch [55/60], Validation Accuracy: 0.7118
2024-12-16 11:22:34,813 - INFO - Epoch [56/60], Train Loss: 2.0411
2024-12-16 11:23:11,512 - INFO - Epoch [56/60], Validation Accuracy: 0.7261
2024-12-16 11:25:05,615 - INFO - Epoch [57/60], Train Loss: 2.0199
2024-12-16 11:25:42,316 - INFO - Epoch [57/60], Validation Accuracy: 0.7248
2024-12-16 11:27:35,847 - INFO - Epoch [58/60], Train Loss: 2.0181
2024-12-16 11:28:12,695 - INFO - Epoch [58/60], Validation Accuracy: 0.7209
2024-12-16 11:30:06,621 - INFO - Epoch [59/60], Train Loss: 2.0050
2024-12-16 11:30:43,740 - INFO - Epoch [59/60], Validation Accuracy: 0.7190
2024-12-16 11:32:37,032 - INFO - Epoch [60/60], Train Loss: 1.9864
2024-12-16 11:33:14,063 - INFO - Epoch [60/60], Validation Accuracy: 0.7190
2024-12-16 11:33:14,433 - INFO - load model from: https://download.openmmlab.com/mmaction/recognition/csn/ircsn_from_scratch_r50_ig65m_20210617-ce545a37.pth
2024-12-16 11:33:14,434 - INFO - load checkpoint from http path: https://download.openmmlab.com/mmaction/recognition/csn/ircsn_from_scratch_r50_ig65m_20210617-ce545a37.pth
2024-12-16 11:35:07,345 - INFO - Epoch [1/60], Train Loss: 3.9338
2024-12-16 11:35:44,007 - INFO - Epoch [1/60], Validation Accuracy: 0.1856
2024-12-16 11:37:37,403 - INFO - Epoch [2/60], Train Loss: 3.8258
2024-12-16 11:38:14,078 - INFO - Epoch [2/60], Validation Accuracy: 0.3111
2024-12-16 11:40:07,261 - INFO - Epoch [3/60], Train Loss: 3.7025
2024-12-16 11:40:43,922 - INFO - Epoch [3/60], Validation Accuracy: 0.3667
2024-12-16 11:42:37,116 - INFO - Epoch [4/60], Train Loss: 3.6119
2024-12-16 11:43:14,026 - INFO - Epoch [4/60], Validation Accuracy: 0.4033
2024-12-16 11:45:07,574 - INFO - Epoch [5/60], Train Loss: 3.5138
2024-12-16 11:45:44,350 - INFO - Epoch [5/60], Validation Accuracy: 0.4366
2024-12-16 11:47:37,468 - INFO - Epoch [6/60], Train Loss: 3.4331
2024-12-16 11:48:14,292 - INFO - Epoch [6/60], Validation Accuracy: 0.4660
2024-12-16 11:50:07,906 - INFO - Epoch [7/60], Train Loss: 3.3777
2024-12-16 11:50:44,655 - INFO - Epoch [7/60], Validation Accuracy: 0.4850
2024-12-16 11:52:37,814 - INFO - Epoch [8/60], Train Loss: 3.2902
2024-12-16 11:53:14,775 - INFO - Epoch [8/60], Validation Accuracy: 0.4974
2024-12-16 11:55:07,922 - INFO - Epoch [9/60], Train Loss: 3.2401
2024-12-16 11:55:44,740 - INFO - Epoch [9/60], Validation Accuracy: 0.5320
2024-12-16 11:57:37,931 - INFO - Epoch [10/60], Train Loss: 3.1904
2024-12-16 11:58:14,837 - INFO - Epoch [10/60], Validation Accuracy: 0.5503
2024-12-16 12:00:08,280 - INFO - Epoch [11/60], Train Loss: 3.1136
2024-12-16 12:00:45,277 - INFO - Epoch [11/60], Validation Accuracy: 0.5595
2024-12-16 12:02:38,628 - INFO - Epoch [12/60], Train Loss: 3.0676
2024-12-16 12:03:15,491 - INFO - Epoch [12/60], Validation Accuracy: 0.5869
2024-12-16 12:05:09,154 - INFO - Epoch [13/60], Train Loss: 3.0086
2024-12-16 12:05:45,857 - INFO - Epoch [13/60], Validation Accuracy: 0.6000
2024-12-16 12:07:39,408 - INFO - Epoch [14/60], Train Loss: 2.9570
2024-12-16 12:08:16,025 - INFO - Epoch [14/60], Validation Accuracy: 0.6314
2024-12-16 12:10:09,307 - INFO - Epoch [15/60], Train Loss: 2.9169
2024-12-16 12:10:46,301 - INFO - Epoch [15/60], Validation Accuracy: 0.6405
2024-12-16 12:12:39,659 - INFO - Epoch [16/60], Train Loss: 2.9184
2024-12-16 12:13:16,573 - INFO - Epoch [16/60], Validation Accuracy: 0.6425
2024-12-16 12:15:10,002 - INFO - Epoch [17/60], Train Loss: 2.8193
2024-12-16 12:15:47,031 - INFO - Epoch [17/60], Validation Accuracy: 0.6497
2024-12-16 12:17:40,639 - INFO - Epoch [18/60], Train Loss: 2.8005
2024-12-16 12:18:17,559 - INFO - Epoch [18/60], Validation Accuracy: 0.6595
2024-12-16 12:20:10,634 - INFO - Epoch [19/60], Train Loss: 2.7361
2024-12-16 12:20:47,552 - INFO - Epoch [19/60], Validation Accuracy: 0.6634
2024-12-16 12:22:40,564 - INFO - Epoch [20/60], Train Loss: 2.7579
2024-12-16 12:23:17,443 - INFO - Epoch [20/60], Validation Accuracy: 0.6745
2024-12-16 12:25:10,785 - INFO - Epoch [21/60], Train Loss: 2.6832
2024-12-16 12:25:47,873 - INFO - Epoch [21/60], Validation Accuracy: 0.6908
2024-12-16 12:27:40,983 - INFO - Epoch [22/60], Train Loss: 2.6483
2024-12-16 12:28:17,908 - INFO - Epoch [22/60], Validation Accuracy: 0.6876
2024-12-16 12:30:11,339 - INFO - Epoch [23/60], Train Loss: 2.6432
2024-12-16 12:30:48,359 - INFO - Epoch [23/60], Validation Accuracy: 0.6765
2024-12-16 12:32:41,789 - INFO - Epoch [24/60], Train Loss: 2.6116
2024-12-16 12:33:18,846 - INFO - Epoch [24/60], Validation Accuracy: 0.6869
2024-12-16 12:35:12,343 - INFO - Epoch [25/60], Train Loss: 2.5986
2024-12-16 12:35:49,870 - INFO - Epoch [25/60], Validation Accuracy: 0.6935
2024-12-16 12:37:49,849 - INFO - Epoch [26/60], Train Loss: 2.5543
2024-12-16 12:38:26,834 - INFO - Epoch [26/60], Validation Accuracy: 0.6915
2024-12-16 12:40:21,628 - INFO - Epoch [27/60], Train Loss: 2.5140
2024-12-16 12:40:58,252 - INFO - Epoch [27/60], Validation Accuracy: 0.6987
2024-12-16 12:42:52,774 - INFO - Epoch [28/60], Train Loss: 2.5284
2024-12-16 12:43:29,421 - INFO - Epoch [28/60], Validation Accuracy: 0.6967
2024-12-16 12:45:23,573 - INFO - Epoch [29/60], Train Loss: 2.4940
2024-12-16 12:46:00,265 - INFO - Epoch [29/60], Validation Accuracy: 0.7078
2024-12-16 12:47:54,080 - INFO - Epoch [30/60], Train Loss: 2.4755
2024-12-16 12:48:30,534 - INFO - Epoch [30/60], Validation Accuracy: 0.7157
2024-12-16 12:50:24,079 - INFO - Epoch [31/60], Train Loss: 2.4385
2024-12-16 12:51:01,005 - INFO - Epoch [31/60], Validation Accuracy: 0.7078
2024-12-16 12:52:55,099 - INFO - Epoch [32/60], Train Loss: 2.4214
2024-12-16 12:53:32,110 - INFO - Epoch [32/60], Validation Accuracy: 0.7052
2024-12-16 12:55:25,621 - INFO - Epoch [33/60], Train Loss: 2.4071
2024-12-16 12:56:02,480 - INFO - Epoch [33/60], Validation Accuracy: 0.7072
2024-12-16 12:57:56,501 - INFO - Epoch [34/60], Train Loss: 2.3650
2024-12-16 12:58:33,425 - INFO - Epoch [34/60], Validation Accuracy: 0.7163
2024-12-16 13:00:27,005 - INFO - Epoch [35/60], Train Loss: 2.3599
2024-12-16 13:01:03,994 - INFO - Epoch [35/60], Validation Accuracy: 0.7196
2024-12-16 13:02:58,293 - INFO - Epoch [36/60], Train Loss: 2.3247
2024-12-16 13:03:35,189 - INFO - Epoch [36/60], Validation Accuracy: 0.7183
2024-12-16 13:05:28,716 - INFO - Epoch [37/60], Train Loss: 2.3463
2024-12-16 13:06:05,842 - INFO - Epoch [37/60], Validation Accuracy: 0.7098
2024-12-16 13:07:59,628 - INFO - Epoch [38/60], Train Loss: 2.3342
2024-12-16 13:08:36,559 - INFO - Epoch [38/60], Validation Accuracy: 0.7261
2024-12-16 13:10:30,119 - INFO - Epoch [39/60], Train Loss: 2.2876
2024-12-16 13:11:07,263 - INFO - Epoch [39/60], Validation Accuracy: 0.7170
2024-12-16 13:13:01,001 - INFO - Epoch [40/60], Train Loss: 2.2692
2024-12-16 13:13:37,844 - INFO - Epoch [40/60], Validation Accuracy: 0.7242
2024-12-16 13:15:31,981 - INFO - Epoch [41/60], Train Loss: 2.2520
2024-12-16 13:16:08,905 - INFO - Epoch [41/60], Validation Accuracy: 0.7190
2024-12-16 13:18:02,830 - INFO - Epoch [42/60], Train Loss: 2.2592
2024-12-16 13:18:39,759 - INFO - Epoch [42/60], Validation Accuracy: 0.7340
2024-12-16 13:20:32,987 - INFO - Epoch [43/60], Train Loss: 2.2181
2024-12-16 13:21:10,073 - INFO - Epoch [43/60], Validation Accuracy: 0.7222
2024-12-16 13:23:03,437 - INFO - Epoch [44/60], Train Loss: 2.2325
2024-12-16 13:23:40,151 - INFO - Epoch [44/60], Validation Accuracy: 0.7340
2024-12-16 13:25:33,768 - INFO - Epoch [45/60], Train Loss: 2.2168
2024-12-16 13:26:10,936 - INFO - Epoch [45/60], Validation Accuracy: 0.7275
2024-12-16 13:28:04,704 - INFO - Epoch [46/60], Train Loss: 2.1983
2024-12-16 13:28:41,636 - INFO - Epoch [46/60], Validation Accuracy: 0.7242
2024-12-16 13:30:35,357 - INFO - Epoch [47/60], Train Loss: 2.1648
2024-12-16 13:31:12,269 - INFO - Epoch [47/60], Validation Accuracy: 0.7248
2024-12-16 13:33:05,803 - INFO - Epoch [48/60], Train Loss: 2.1505
2024-12-16 13:33:42,736 - INFO - Epoch [48/60], Validation Accuracy: 0.7268
2024-12-16 13:35:36,045 - INFO - Epoch [49/60], Train Loss: 2.1637
2024-12-16 13:36:13,072 - INFO - Epoch [49/60], Validation Accuracy: 0.7288
2024-12-16 13:38:06,790 - INFO - Epoch [50/60], Train Loss: 2.1050
2024-12-16 13:38:43,782 - INFO - Epoch [50/60], Validation Accuracy: 0.7320
2024-12-16 13:40:37,616 - INFO - Epoch [51/60], Train Loss: 2.1349
2024-12-16 13:41:14,495 - INFO - Epoch [51/60], Validation Accuracy: 0.7216
2024-12-16 13:43:07,740 - INFO - Epoch [52/60], Train Loss: 2.0704
2024-12-16 13:43:44,858 - INFO - Epoch [52/60], Validation Accuracy: 0.7268
2024-12-16 13:45:38,522 - INFO - Epoch [53/60], Train Loss: 2.0729
2024-12-16 13:46:15,466 - INFO - Epoch [53/60], Validation Accuracy: 0.7255
2024-12-16 13:48:09,062 - INFO - Epoch [54/60], Train Loss: 2.1055
2024-12-16 13:48:45,918 - INFO - Epoch [54/60], Validation Accuracy: 0.7150
2024-12-16 13:50:39,459 - INFO - Epoch [55/60], Train Loss: 2.0738
2024-12-16 13:51:16,427 - INFO - Epoch [55/60], Validation Accuracy: 0.7288
2024-12-16 13:53:09,769 - INFO - Epoch [56/60], Train Loss: 2.0416
2024-12-16 13:53:46,443 - INFO - Epoch [56/60], Validation Accuracy: 0.7268
2024-12-16 13:55:40,241 - INFO - Epoch [57/60], Train Loss: 2.0367
2024-12-16 13:56:17,050 - INFO - Epoch [57/60], Validation Accuracy: 0.7183
2024-12-16 13:58:10,402 - INFO - Epoch [58/60], Train Loss: 2.0187
2024-12-16 13:58:47,184 - INFO - Epoch [58/60], Validation Accuracy: 0.7281
2024-12-16 14:00:40,889 - INFO - Epoch [59/60], Train Loss: 2.0281
2024-12-16 14:01:17,909 - INFO - Epoch [59/60], Validation Accuracy: 0.7268
2024-12-16 14:03:11,450 - INFO - Epoch [60/60], Train Loss: 2.0165
2024-12-16 14:03:48,329 - INFO - Epoch [60/60], Validation Accuracy: 0.7242
2024-12-16 14:03:48,716 - INFO - load model from: https://download.openmmlab.com/mmaction/recognition/csn/ircsn_from_scratch_r50_ig65m_20210617-ce545a37.pth
2024-12-16 14:03:48,717 - INFO - load checkpoint from http path: https://download.openmmlab.com/mmaction/recognition/csn/ircsn_from_scratch_r50_ig65m_20210617-ce545a37.pth
2024-12-16 14:05:42,064 - INFO - Epoch [1/60], Train Loss: 3.9346
2024-12-16 14:06:19,150 - INFO - Epoch [1/60], Validation Accuracy: 0.1928
2024-12-16 14:08:13,021 - INFO - Epoch [2/60], Train Loss: 3.8248
2024-12-16 14:08:49,939 - INFO - Epoch [2/60], Validation Accuracy: 0.3379
2024-12-16 14:10:43,925 - INFO - Epoch [3/60], Train Loss: 3.6989
2024-12-16 14:11:21,050 - INFO - Epoch [3/60], Validation Accuracy: 0.3778
2024-12-16 14:13:14,188 - INFO - Epoch [4/60], Train Loss: 3.6142
2024-12-16 14:13:51,210 - INFO - Epoch [4/60], Validation Accuracy: 0.3967
2024-12-16 14:15:44,442 - INFO - Epoch [5/60], Train Loss: 3.5353
2024-12-16 14:16:21,256 - INFO - Epoch [5/60], Validation Accuracy: 0.4131
2024-12-16 14:18:14,695 - INFO - Epoch [6/60], Train Loss: 3.4458
2024-12-16 14:18:51,739 - INFO - Epoch [6/60], Validation Accuracy: 0.4575
2024-12-16 14:20:45,973 - INFO - Epoch [7/60], Train Loss: 3.3821
2024-12-16 14:21:22,964 - INFO - Epoch [7/60], Validation Accuracy: 0.4895
2024-12-16 14:23:16,731 - INFO - Epoch [8/60], Train Loss: 3.3010
2024-12-16 14:23:53,687 - INFO - Epoch [8/60], Validation Accuracy: 0.5196
2024-12-16 14:25:47,357 - INFO - Epoch [9/60], Train Loss: 3.2419
2024-12-16 14:26:24,239 - INFO - Epoch [9/60], Validation Accuracy: 0.5431
2024-12-16 14:28:17,976 - INFO - Epoch [10/60], Train Loss: 3.1865
2024-12-16 14:28:55,035 - INFO - Epoch [10/60], Validation Accuracy: 0.5588
2024-12-16 14:30:48,473 - INFO - Epoch [11/60], Train Loss: 3.1174
2024-12-16 14:31:25,329 - INFO - Epoch [11/60], Validation Accuracy: 0.5680
2024-12-16 14:33:19,461 - INFO - Epoch [12/60], Train Loss: 3.0613
2024-12-16 14:33:56,448 - INFO - Epoch [12/60], Validation Accuracy: 0.5863
2024-12-16 14:35:50,411 - INFO - Epoch [13/60], Train Loss: 3.0228
2024-12-16 14:36:27,341 - INFO - Epoch [13/60], Validation Accuracy: 0.6150
2024-12-16 14:38:21,373 - INFO - Epoch [14/60], Train Loss: 2.9534
2024-12-16 14:38:58,230 - INFO - Epoch [14/60], Validation Accuracy: 0.6275
2024-12-16 14:40:52,261 - INFO - Epoch [15/60], Train Loss: 2.9545
2024-12-16 14:41:29,271 - INFO - Epoch [15/60], Validation Accuracy: 0.6516
2024-12-16 14:43:22,910 - INFO - Epoch [16/60], Train Loss: 2.8866
2024-12-16 14:43:59,938 - INFO - Epoch [16/60], Validation Accuracy: 0.6477
2024-12-16 14:45:53,922 - INFO - Epoch [17/60], Train Loss: 2.8472
2024-12-16 14:46:30,907 - INFO - Epoch [17/60], Validation Accuracy: 0.6556
2024-12-16 14:48:24,412 - INFO - Epoch [18/60], Train Loss: 2.8221
2024-12-16 14:49:01,395 - INFO - Epoch [18/60], Validation Accuracy: 0.6699
2024-12-16 14:50:54,789 - INFO - Epoch [19/60], Train Loss: 2.7953
2024-12-16 14:51:31,745 - INFO - Epoch [19/60], Validation Accuracy: 0.6693
2024-12-16 14:53:25,390 - INFO - Epoch [20/60], Train Loss: 2.7714
2024-12-16 14:54:02,296 - INFO - Epoch [20/60], Validation Accuracy: 0.6850
2024-12-16 14:55:56,146 - INFO - Epoch [21/60], Train Loss: 2.7349
2024-12-16 14:56:33,249 - INFO - Epoch [21/60], Validation Accuracy: 0.6895
2024-12-16 14:58:27,005 - INFO - Epoch [22/60], Train Loss: 2.7114
2024-12-16 14:59:04,077 - INFO - Epoch [22/60], Validation Accuracy: 0.6908
2024-12-16 15:00:57,661 - INFO - Epoch [23/60], Train Loss: 2.6635
2024-12-16 15:01:34,616 - INFO - Epoch [23/60], Validation Accuracy: 0.6869
2024-12-16 15:03:27,888 - INFO - Epoch [24/60], Train Loss: 2.6132
2024-12-16 15:04:04,929 - INFO - Epoch [24/60], Validation Accuracy: 0.7046
2024-12-16 15:05:58,747 - INFO - Epoch [25/60], Train Loss: 2.6098
2024-12-16 15:06:35,605 - INFO - Epoch [25/60], Validation Accuracy: 0.7026
2024-12-16 15:08:29,582 - INFO - Epoch [26/60], Train Loss: 2.5832
2024-12-16 15:09:06,363 - INFO - Epoch [26/60], Validation Accuracy: 0.7052
2024-12-16 15:11:00,031 - INFO - Epoch [27/60], Train Loss: 2.5801
2024-12-16 15:11:36,900 - INFO - Epoch [27/60], Validation Accuracy: 0.6987
2024-12-16 15:13:30,263 - INFO - Epoch [28/60], Train Loss: 2.5403
2024-12-16 15:14:07,261 - INFO - Epoch [28/60], Validation Accuracy: 0.7059
2024-12-16 15:16:01,450 - INFO - Epoch [29/60], Train Loss: 2.5370
2024-12-16 15:16:38,433 - INFO - Epoch [29/60], Validation Accuracy: 0.7131
2024-12-16 15:18:31,817 - INFO - Epoch [30/60], Train Loss: 2.4988
2024-12-16 15:19:08,640 - INFO - Epoch [30/60], Validation Accuracy: 0.7124
2024-12-16 15:21:02,502 - INFO - Epoch [31/60], Train Loss: 2.4648
2024-12-16 15:21:39,338 - INFO - Epoch [31/60], Validation Accuracy: 0.7046
2024-12-16 15:23:33,071 - INFO - Epoch [32/60], Train Loss: 2.4386
2024-12-16 15:24:09,805 - INFO - Epoch [32/60], Validation Accuracy: 0.7052
2024-12-16 15:26:03,283 - INFO - Epoch [33/60], Train Loss: 2.4375
2024-12-16 15:26:40,127 - INFO - Epoch [33/60], Validation Accuracy: 0.7085
2024-12-16 15:28:34,000 - INFO - Epoch [34/60], Train Loss: 2.4270
2024-12-16 15:29:10,993 - INFO - Epoch [34/60], Validation Accuracy: 0.7033
2024-12-16 15:31:04,878 - INFO - Epoch [35/60], Train Loss: 2.3764
2024-12-16 15:31:41,607 - INFO - Epoch [35/60], Validation Accuracy: 0.7092
2024-12-16 15:33:34,898 - INFO - Epoch [36/60], Train Loss: 2.3612
2024-12-16 15:34:11,836 - INFO - Epoch [36/60], Validation Accuracy: 0.7118
2024-12-16 15:36:05,728 - INFO - Epoch [37/60], Train Loss: 2.3722
2024-12-16 15:36:42,655 - INFO - Epoch [37/60], Validation Accuracy: 0.7170
2024-12-16 15:38:36,620 - INFO - Epoch [38/60], Train Loss: 2.3305
2024-12-16 15:39:13,543 - INFO - Epoch [38/60], Validation Accuracy: 0.7170
2024-12-16 15:41:07,311 - INFO - Epoch [39/60], Train Loss: 2.3031
2024-12-16 15:41:44,287 - INFO - Epoch [39/60], Validation Accuracy: 0.7078
2024-12-16 15:43:37,658 - INFO - Epoch [40/60], Train Loss: 2.2937
2024-12-16 15:44:14,663 - INFO - Epoch [40/60], Validation Accuracy: 0.7118
2024-12-16 15:46:08,281 - INFO - Epoch [41/60], Train Loss: 2.3071
2024-12-16 15:46:45,106 - INFO - Epoch [41/60], Validation Accuracy: 0.7118
2024-12-16 15:48:38,312 - INFO - Epoch [42/60], Train Loss: 2.2866
2024-12-16 15:49:15,074 - INFO - Epoch [42/60], Validation Accuracy: 0.7144
2024-12-16 15:51:08,482 - INFO - Epoch [43/60], Train Loss: 2.2558
2024-12-16 15:51:45,362 - INFO - Epoch [43/60], Validation Accuracy: 0.7052
2024-12-16 15:53:38,518 - INFO - Epoch [44/60], Train Loss: 2.2414
2024-12-16 15:54:15,667 - INFO - Epoch [44/60], Validation Accuracy: 0.7163
2024-12-16 15:56:09,461 - INFO - Epoch [45/60], Train Loss: 2.2351
2024-12-16 15:56:46,341 - INFO - Epoch [45/60], Validation Accuracy: 0.7137
2024-12-16 15:58:39,915 - INFO - Epoch [46/60], Train Loss: 2.2008
2024-12-16 15:59:16,728 - INFO - Epoch [46/60], Validation Accuracy: 0.7137
2024-12-16 16:01:09,970 - INFO - Epoch [47/60], Train Loss: 2.2096
2024-12-16 16:01:46,917 - INFO - Epoch [47/60], Validation Accuracy: 0.7150
2024-12-16 16:03:40,153 - INFO - Epoch [48/60], Train Loss: 2.1810
2024-12-16 16:04:16,932 - INFO - Epoch [48/60], Validation Accuracy: 0.7059
2024-12-16 16:06:10,643 - INFO - Epoch [49/60], Train Loss: 2.1892
2024-12-16 16:06:47,545 - INFO - Epoch [49/60], Validation Accuracy: 0.7092
2024-12-16 16:08:41,021 - INFO - Epoch [50/60], Train Loss: 2.1649
2024-12-16 16:09:17,930 - INFO - Epoch [50/60], Validation Accuracy: 0.7261
2024-12-16 16:11:11,360 - INFO - Epoch [51/60], Train Loss: 2.1661
2024-12-16 16:11:48,265 - INFO - Epoch [51/60], Validation Accuracy: 0.7150
2024-12-16 16:13:41,739 - INFO - Epoch [52/60], Train Loss: 2.1306
2024-12-16 16:14:18,591 - INFO - Epoch [52/60], Validation Accuracy: 0.7065
2024-12-16 16:16:12,413 - INFO - Epoch [53/60], Train Loss: 2.1165
2024-12-16 16:16:49,244 - INFO - Epoch [53/60], Validation Accuracy: 0.7157
2024-12-16 16:18:43,015 - INFO - Epoch [54/60], Train Loss: 2.1354
2024-12-16 16:19:19,784 - INFO - Epoch [54/60], Validation Accuracy: 0.7085
2024-12-16 16:21:13,768 - INFO - Epoch [55/60], Train Loss: 2.0993
2024-12-16 16:21:50,043 - INFO - Epoch [55/60], Validation Accuracy: 0.7203
2024-12-16 16:23:44,056 - INFO - Epoch [56/60], Train Loss: 2.0990
2024-12-16 16:24:20,616 - INFO - Epoch [56/60], Validation Accuracy: 0.7118
2024-12-16 16:26:14,105 - INFO - Epoch [57/60], Train Loss: 2.0843
2024-12-16 16:26:50,987 - INFO - Epoch [57/60], Validation Accuracy: 0.7196
2024-12-16 16:28:44,648 - INFO - Epoch [58/60], Train Loss: 2.0765
2024-12-16 16:29:21,547 - INFO - Epoch [58/60], Validation Accuracy: 0.7235
2024-12-16 16:31:15,555 - INFO - Epoch [59/60], Train Loss: 2.0721
2024-12-16 16:31:52,438 - INFO - Epoch [59/60], Validation Accuracy: 0.7072
2024-12-16 16:33:46,549 - INFO - Epoch [60/60], Train Loss: 2.0550
2024-12-16 16:34:23,053 - INFO - Epoch [60/60], Validation Accuracy: 0.7052
2024-12-16 16:34:23,448 - INFO - load model from: https://download.openmmlab.com/mmaction/recognition/csn/ircsn_from_scratch_r50_ig65m_20210617-ce545a37.pth
2024-12-16 16:34:23,449 - INFO - load checkpoint from http path: https://download.openmmlab.com/mmaction/recognition/csn/ircsn_from_scratch_r50_ig65m_20210617-ce545a37.pth
2024-12-16 16:36:17,008 - INFO - Epoch [1/60], Train Loss: 3.9442
2024-12-16 16:36:53,874 - INFO - Epoch [1/60], Validation Accuracy: 0.1569
2024-12-16 16:36:54,273 - INFO - load model from: https://download.openmmlab.com/mmaction/recognition/csn/ircsn_from_scratch_r50_ig65m_20210617-ce545a37.pth
2024-12-16 16:36:54,274 - INFO - load checkpoint from http path: https://download.openmmlab.com/mmaction/recognition/csn/ircsn_from_scratch_r50_ig65m_20210617-ce545a37.pth
2024-12-16 16:38:47,901 - INFO - Epoch [1/60], Train Loss: 3.9455
2024-12-16 16:39:24,595 - INFO - Epoch [1/60], Validation Accuracy: 0.1752
2024-12-16 16:39:24,961 - INFO - load model from: https://download.openmmlab.com/mmaction/recognition/csn/ircsn_from_scratch_r50_ig65m_20210617-ce545a37.pth
2024-12-16 16:39:24,962 - INFO - load checkpoint from http path: https://download.openmmlab.com/mmaction/recognition/csn/ircsn_from_scratch_r50_ig65m_20210617-ce545a37.pth
2024-12-16 16:41:18,464 - INFO - Epoch [1/60], Train Loss: 3.9394
2024-12-16 16:41:55,171 - INFO - Epoch [1/60], Validation Accuracy: 0.1556
2024-12-16 16:41:55,539 - INFO - load model from: https://download.openmmlab.com/mmaction/recognition/csn/ircsn_from_scratch_r50_ig65m_20210617-ce545a37.pth
2024-12-16 16:41:55,540 - INFO - load checkpoint from http path: https://download.openmmlab.com/mmaction/recognition/csn/ircsn_from_scratch_r50_ig65m_20210617-ce545a37.pth
2024-12-16 16:43:49,394 - INFO - Epoch [1/60], Train Loss: 3.9485
2024-12-16 16:44:26,309 - INFO - Epoch [1/60], Validation Accuracy: 0.1784
2024-12-16 16:44:26,686 - INFO - load model from: https://download.openmmlab.com/mmaction/recognition/csn/ircsn_from_scratch_r50_ig65m_20210617-ce545a37.pth
2024-12-16 16:44:26,686 - INFO - load checkpoint from http path: https://download.openmmlab.com/mmaction/recognition/csn/ircsn_from_scratch_r50_ig65m_20210617-ce545a37.pth
2024-12-16 16:46:20,670 - INFO - Epoch [1/60], Train Loss: 3.9342
2024-12-16 16:46:57,518 - INFO - Epoch [1/60], Validation Accuracy: 0.2444
2024-12-16 16:48:50,887 - INFO - Epoch [2/60], Train Loss: 3.8158
2024-12-16 16:49:27,556 - INFO - Epoch [2/60], Validation Accuracy: 0.3549
2024-12-16 16:51:21,134 - INFO - Epoch [3/60], Train Loss: 3.6959
2024-12-16 16:51:58,007 - INFO - Epoch [3/60], Validation Accuracy: 0.4078
2024-12-16 16:53:51,511 - INFO - Epoch [4/60], Train Loss: 3.6133
2024-12-16 16:54:28,455 - INFO - Epoch [4/60], Validation Accuracy: 0.4105
2024-12-16 16:56:21,912 - INFO - Epoch [5/60], Train Loss: 3.5152
2024-12-16 16:56:59,001 - INFO - Epoch [5/60], Validation Accuracy: 0.4268
2024-12-16 16:56:59,044 - INFO - Best hyperparameters: {'alpha': 7.34674002393291}
2024-12-16 16:56:59,047 - INFO - Best validation accuracy: 0.745098
