2024-11-15 10:46:01,162 - INFO - load model from: https://download.openmmlab.com/mmaction/recognition/csn/ircsn_from_scratch_r50_ig65m_20210617-ce545a37.pth
2024-11-15 10:46:01,163 - INFO - load checkpoint from http path: https://download.openmmlab.com/mmaction/recognition/csn/ircsn_from_scratch_r50_ig65m_20210617-ce545a37.pth
2024-11-15 10:48:06,694 - INFO - Epoch [1/60], Train Loss: 3.3568, Train Accuracy: 0.1507
2024-11-15 10:50:33,175 - INFO - Epoch [2/60], Train Loss: 2.1331, Train Accuracy: 0.4146
2024-11-15 10:52:44,048 - INFO - Epoch [3/60], Train Loss: 1.6973, Train Accuracy: 0.5325
2024-11-15 10:54:54,802 - INFO - Epoch [4/60], Train Loss: 1.4741, Train Accuracy: 0.5798
2024-11-15 10:57:04,354 - INFO - Epoch [5/60], Train Loss: 1.2848, Train Accuracy: 0.6406
2024-11-15 10:59:14,490 - INFO - Epoch [6/60], Train Loss: 1.2040, Train Accuracy: 0.6566
2024-11-15 11:01:24,165 - INFO - Epoch [7/60], Train Loss: 1.1258, Train Accuracy: 0.6896
2024-11-15 11:03:34,478 - INFO - Epoch [8/60], Train Loss: 0.9975, Train Accuracy: 0.7165
2024-11-15 11:05:44,177 - INFO - Epoch [9/60], Train Loss: 0.9842, Train Accuracy: 0.7300
2024-11-15 11:07:54,006 - INFO - Epoch [10/60], Train Loss: 0.9069, Train Accuracy: 0.7451
2024-11-15 11:10:03,923 - INFO - Epoch [11/60], Train Loss: 0.8584, Train Accuracy: 0.7552
2024-11-15 11:12:13,926 - INFO - Epoch [12/60], Train Loss: 0.8298, Train Accuracy: 0.7613
2024-11-15 11:14:24,197 - INFO - Epoch [13/60], Train Loss: 0.7843, Train Accuracy: 0.7725
2024-11-15 11:16:34,271 - INFO - Epoch [14/60], Train Loss: 0.7727, Train Accuracy: 0.7796
2024-11-15 11:17:02,049 - INFO - Early stopping at epoch 14 due to no improvement in validation accuracy.
2024-11-15 11:17:02,443 - INFO - load model from: https://download.openmmlab.com/mmaction/recognition/csn/ircsn_from_scratch_r50_ig65m_20210617-ce545a37.pth
2024-11-15 11:17:02,444 - INFO - load checkpoint from http path: https://download.openmmlab.com/mmaction/recognition/csn/ircsn_from_scratch_r50_ig65m_20210617-ce545a37.pth
2024-11-15 11:17:02,478 - WARNING - The model and loaded state dict do not match exactly

size mismatch for layer1.0.conv2.0.conv.weight: copying a param with shape torch.Size([64, 1, 3, 3, 3]) from checkpoint, the shape in current model is torch.Size([64, 64, 1, 1, 1]).
size mismatch for layer1.1.conv2.0.conv.weight: copying a param with shape torch.Size([64, 1, 3, 3, 3]) from checkpoint, the shape in current model is torch.Size([64, 64, 1, 1, 1]).
size mismatch for layer1.2.conv2.0.conv.weight: copying a param with shape torch.Size([64, 1, 3, 3, 3]) from checkpoint, the shape in current model is torch.Size([64, 64, 1, 1, 1]).
size mismatch for layer2.0.conv2.0.conv.weight: copying a param with shape torch.Size([128, 1, 3, 3, 3]) from checkpoint, the shape in current model is torch.Size([128, 128, 1, 1, 1]).
size mismatch for layer2.1.conv2.0.conv.weight: copying a param with shape torch.Size([128, 1, 3, 3, 3]) from checkpoint, the shape in current model is torch.Size([128, 128, 1, 1, 1]).
size mismatch for layer2.2.conv2.0.conv.weight: copying a param with shape torch.Size([128, 1, 3, 3, 3]) from checkpoint, the shape in current model is torch.Size([128, 128, 1, 1, 1]).
size mismatch for layer2.3.conv2.0.conv.weight: copying a param with shape torch.Size([128, 1, 3, 3, 3]) from checkpoint, the shape in current model is torch.Size([128, 128, 1, 1, 1]).
size mismatch for layer3.0.conv2.0.conv.weight: copying a param with shape torch.Size([256, 1, 3, 3, 3]) from checkpoint, the shape in current model is torch.Size([256, 256, 1, 1, 1]).
size mismatch for layer3.1.conv2.0.conv.weight: copying a param with shape torch.Size([256, 1, 3, 3, 3]) from checkpoint, the shape in current model is torch.Size([256, 256, 1, 1, 1]).
size mismatch for layer3.2.conv2.0.conv.weight: copying a param with shape torch.Size([256, 1, 3, 3, 3]) from checkpoint, the shape in current model is torch.Size([256, 256, 1, 1, 1]).
size mismatch for layer3.3.conv2.0.conv.weight: copying a param with shape torch.Size([256, 1, 3, 3, 3]) from checkpoint, the shape in current model is torch.Size([256, 256, 1, 1, 1]).
size mismatch for layer3.4.conv2.0.conv.weight: copying a param with shape torch.Size([256, 1, 3, 3, 3]) from checkpoint, the shape in current model is torch.Size([256, 256, 1, 1, 1]).
size mismatch for layer3.5.conv2.0.conv.weight: copying a param with shape torch.Size([256, 1, 3, 3, 3]) from checkpoint, the shape in current model is torch.Size([256, 256, 1, 1, 1]).
size mismatch for layer4.0.conv2.0.conv.weight: copying a param with shape torch.Size([512, 1, 3, 3, 3]) from checkpoint, the shape in current model is torch.Size([512, 512, 1, 1, 1]).
size mismatch for layer4.1.conv2.0.conv.weight: copying a param with shape torch.Size([512, 1, 3, 3, 3]) from checkpoint, the shape in current model is torch.Size([512, 512, 1, 1, 1]).
size mismatch for layer4.2.conv2.0.conv.weight: copying a param with shape torch.Size([512, 1, 3, 3, 3]) from checkpoint, the shape in current model is torch.Size([512, 512, 1, 1, 1]).
missing keys in source state_dict: layer1.0.conv2.1.conv.weight, layer1.0.conv2.1.bn.weight, layer1.0.conv2.1.bn.bias, layer1.0.conv2.1.bn.running_mean, layer1.0.conv2.1.bn.running_var, layer1.1.conv2.1.conv.weight, layer1.1.conv2.1.bn.weight, layer1.1.conv2.1.bn.bias, layer1.1.conv2.1.bn.running_mean, layer1.1.conv2.1.bn.running_var, layer1.2.conv2.1.conv.weight, layer1.2.conv2.1.bn.weight, layer1.2.conv2.1.bn.bias, layer1.2.conv2.1.bn.running_mean, layer1.2.conv2.1.bn.running_var, layer2.0.conv2.1.conv.weight, layer2.0.conv2.1.bn.weight, layer2.0.conv2.1.bn.bias, layer2.0.conv2.1.bn.running_mean, layer2.0.conv2.1.bn.running_var, layer2.1.conv2.1.conv.weight, layer2.1.conv2.1.bn.weight, layer2.1.conv2.1.bn.bias, layer2.1.conv2.1.bn.running_mean, layer2.1.conv2.1.bn.running_var, layer2.2.conv2.1.conv.weight, layer2.2.conv2.1.bn.weight, layer2.2.conv2.1.bn.bias, layer2.2.conv2.1.bn.running_mean, layer2.2.conv2.1.bn.running_var, layer2.3.conv2.1.conv.weight, layer2.3.conv2.1.bn.weight, layer2.3.conv2.1.bn.bias, layer2.3.conv2.1.bn.running_mean, layer2.3.conv2.1.bn.running_var, layer3.0.conv2.1.conv.weight, layer3.0.conv2.1.bn.weight, layer3.0.conv2.1.bn.bias, layer3.0.conv2.1.bn.running_mean, layer3.0.conv2.1.bn.running_var, layer3.1.conv2.1.conv.weight, layer3.1.conv2.1.bn.weight, layer3.1.conv2.1.bn.bias, layer3.1.conv2.1.bn.running_mean, layer3.1.conv2.1.bn.running_var, layer3.2.conv2.1.conv.weight, layer3.2.conv2.1.bn.weight, layer3.2.conv2.1.bn.bias, layer3.2.conv2.1.bn.running_mean, layer3.2.conv2.1.bn.running_var, layer3.3.conv2.1.conv.weight, layer3.3.conv2.1.bn.weight, layer3.3.conv2.1.bn.bias, layer3.3.conv2.1.bn.running_mean, layer3.3.conv2.1.bn.running_var, layer3.4.conv2.1.conv.weight, layer3.4.conv2.1.bn.weight, layer3.4.conv2.1.bn.bias, layer3.4.conv2.1.bn.running_mean, layer3.4.conv2.1.bn.running_var, layer3.5.conv2.1.conv.weight, layer3.5.conv2.1.bn.weight, layer3.5.conv2.1.bn.bias, layer3.5.conv2.1.bn.running_mean, layer3.5.conv2.1.bn.running_var, layer4.0.conv2.1.conv.weight, layer4.0.conv2.1.bn.weight, layer4.0.conv2.1.bn.bias, layer4.0.conv2.1.bn.running_mean, layer4.0.conv2.1.bn.running_var, layer4.1.conv2.1.conv.weight, layer4.1.conv2.1.bn.weight, layer4.1.conv2.1.bn.bias, layer4.1.conv2.1.bn.running_mean, layer4.1.conv2.1.bn.running_var, layer4.2.conv2.1.conv.weight, layer4.2.conv2.1.bn.weight, layer4.2.conv2.1.bn.bias, layer4.2.conv2.1.bn.running_mean, layer4.2.conv2.1.bn.running_var

2024-11-15 11:19:12,129 - INFO - Epoch [1/60], Train Loss: 3.9970, Train Accuracy: 0.0213
2024-11-15 11:19:41,302 - INFO - load model from: https://download.openmmlab.com/mmaction/recognition/csn/ircsn_from_scratch_r50_ig65m_20210617-ce545a37.pth
2024-11-15 11:19:41,303 - INFO - load checkpoint from http path: https://download.openmmlab.com/mmaction/recognition/csn/ircsn_from_scratch_r50_ig65m_20210617-ce545a37.pth
2024-11-15 11:19:41,335 - WARNING - The model and loaded state dict do not match exactly

size mismatch for layer1.0.conv2.0.conv.weight: copying a param with shape torch.Size([64, 1, 3, 3, 3]) from checkpoint, the shape in current model is torch.Size([64, 64, 1, 1, 1]).
size mismatch for layer1.1.conv2.0.conv.weight: copying a param with shape torch.Size([64, 1, 3, 3, 3]) from checkpoint, the shape in current model is torch.Size([64, 64, 1, 1, 1]).
size mismatch for layer1.2.conv2.0.conv.weight: copying a param with shape torch.Size([64, 1, 3, 3, 3]) from checkpoint, the shape in current model is torch.Size([64, 64, 1, 1, 1]).
size mismatch for layer2.0.conv2.0.conv.weight: copying a param with shape torch.Size([128, 1, 3, 3, 3]) from checkpoint, the shape in current model is torch.Size([128, 128, 1, 1, 1]).
size mismatch for layer2.1.conv2.0.conv.weight: copying a param with shape torch.Size([128, 1, 3, 3, 3]) from checkpoint, the shape in current model is torch.Size([128, 128, 1, 1, 1]).
size mismatch for layer2.2.conv2.0.conv.weight: copying a param with shape torch.Size([128, 1, 3, 3, 3]) from checkpoint, the shape in current model is torch.Size([128, 128, 1, 1, 1]).
size mismatch for layer2.3.conv2.0.conv.weight: copying a param with shape torch.Size([128, 1, 3, 3, 3]) from checkpoint, the shape in current model is torch.Size([128, 128, 1, 1, 1]).
size mismatch for layer3.0.conv2.0.conv.weight: copying a param with shape torch.Size([256, 1, 3, 3, 3]) from checkpoint, the shape in current model is torch.Size([256, 256, 1, 1, 1]).
size mismatch for layer3.1.conv2.0.conv.weight: copying a param with shape torch.Size([256, 1, 3, 3, 3]) from checkpoint, the shape in current model is torch.Size([256, 256, 1, 1, 1]).
size mismatch for layer3.2.conv2.0.conv.weight: copying a param with shape torch.Size([256, 1, 3, 3, 3]) from checkpoint, the shape in current model is torch.Size([256, 256, 1, 1, 1]).
size mismatch for layer3.3.conv2.0.conv.weight: copying a param with shape torch.Size([256, 1, 3, 3, 3]) from checkpoint, the shape in current model is torch.Size([256, 256, 1, 1, 1]).
size mismatch for layer3.4.conv2.0.conv.weight: copying a param with shape torch.Size([256, 1, 3, 3, 3]) from checkpoint, the shape in current model is torch.Size([256, 256, 1, 1, 1]).
size mismatch for layer3.5.conv2.0.conv.weight: copying a param with shape torch.Size([256, 1, 3, 3, 3]) from checkpoint, the shape in current model is torch.Size([256, 256, 1, 1, 1]).
size mismatch for layer4.0.conv2.0.conv.weight: copying a param with shape torch.Size([512, 1, 3, 3, 3]) from checkpoint, the shape in current model is torch.Size([512, 512, 1, 1, 1]).
size mismatch for layer4.1.conv2.0.conv.weight: copying a param with shape torch.Size([512, 1, 3, 3, 3]) from checkpoint, the shape in current model is torch.Size([512, 512, 1, 1, 1]).
size mismatch for layer4.2.conv2.0.conv.weight: copying a param with shape torch.Size([512, 1, 3, 3, 3]) from checkpoint, the shape in current model is torch.Size([512, 512, 1, 1, 1]).
missing keys in source state_dict: layer1.0.conv2.1.conv.weight, layer1.0.conv2.1.bn.weight, layer1.0.conv2.1.bn.bias, layer1.0.conv2.1.bn.running_mean, layer1.0.conv2.1.bn.running_var, layer1.1.conv2.1.conv.weight, layer1.1.conv2.1.bn.weight, layer1.1.conv2.1.bn.bias, layer1.1.conv2.1.bn.running_mean, layer1.1.conv2.1.bn.running_var, layer1.2.conv2.1.conv.weight, layer1.2.conv2.1.bn.weight, layer1.2.conv2.1.bn.bias, layer1.2.conv2.1.bn.running_mean, layer1.2.conv2.1.bn.running_var, layer2.0.conv2.1.conv.weight, layer2.0.conv2.1.bn.weight, layer2.0.conv2.1.bn.bias, layer2.0.conv2.1.bn.running_mean, layer2.0.conv2.1.bn.running_var, layer2.1.conv2.1.conv.weight, layer2.1.conv2.1.bn.weight, layer2.1.conv2.1.bn.bias, layer2.1.conv2.1.bn.running_mean, layer2.1.conv2.1.bn.running_var, layer2.2.conv2.1.conv.weight, layer2.2.conv2.1.bn.weight, layer2.2.conv2.1.bn.bias, layer2.2.conv2.1.bn.running_mean, layer2.2.conv2.1.bn.running_var, layer2.3.conv2.1.conv.weight, layer2.3.conv2.1.bn.weight, layer2.3.conv2.1.bn.bias, layer2.3.conv2.1.bn.running_mean, layer2.3.conv2.1.bn.running_var, layer3.0.conv2.1.conv.weight, layer3.0.conv2.1.bn.weight, layer3.0.conv2.1.bn.bias, layer3.0.conv2.1.bn.running_mean, layer3.0.conv2.1.bn.running_var, layer3.1.conv2.1.conv.weight, layer3.1.conv2.1.bn.weight, layer3.1.conv2.1.bn.bias, layer3.1.conv2.1.bn.running_mean, layer3.1.conv2.1.bn.running_var, layer3.2.conv2.1.conv.weight, layer3.2.conv2.1.bn.weight, layer3.2.conv2.1.bn.bias, layer3.2.conv2.1.bn.running_mean, layer3.2.conv2.1.bn.running_var, layer3.3.conv2.1.conv.weight, layer3.3.conv2.1.bn.weight, layer3.3.conv2.1.bn.bias, layer3.3.conv2.1.bn.running_mean, layer3.3.conv2.1.bn.running_var, layer3.4.conv2.1.conv.weight, layer3.4.conv2.1.bn.weight, layer3.4.conv2.1.bn.bias, layer3.4.conv2.1.bn.running_mean, layer3.4.conv2.1.bn.running_var, layer3.5.conv2.1.conv.weight, layer3.5.conv2.1.bn.weight, layer3.5.conv2.1.bn.bias, layer3.5.conv2.1.bn.running_mean, layer3.5.conv2.1.bn.running_var, layer4.0.conv2.1.conv.weight, layer4.0.conv2.1.bn.weight, layer4.0.conv2.1.bn.bias, layer4.0.conv2.1.bn.running_mean, layer4.0.conv2.1.bn.running_var, layer4.1.conv2.1.conv.weight, layer4.1.conv2.1.bn.weight, layer4.1.conv2.1.bn.bias, layer4.1.conv2.1.bn.running_mean, layer4.1.conv2.1.bn.running_var, layer4.2.conv2.1.conv.weight, layer4.2.conv2.1.bn.weight, layer4.2.conv2.1.bn.bias, layer4.2.conv2.1.bn.running_mean, layer4.2.conv2.1.bn.running_var

2024-11-15 11:21:50,776 - INFO - Epoch [1/60], Train Loss: 3.9720, Train Accuracy: 0.0185
2024-11-15 11:22:19,714 - INFO - load model from: https://download.openmmlab.com/mmaction/recognition/csn/ircsn_from_scratch_r50_ig65m_20210617-ce545a37.pth
2024-11-15 11:22:19,715 - INFO - load checkpoint from http path: https://download.openmmlab.com/mmaction/recognition/csn/ircsn_from_scratch_r50_ig65m_20210617-ce545a37.pth
2024-11-15 11:24:16,564 - INFO - Epoch [1/60], Train Loss: 3.8524, Train Accuracy: 0.0667
2024-11-15 11:26:41,520 - INFO - Epoch [2/60], Train Loss: 3.4872, Train Accuracy: 0.2339
2024-11-15 11:29:06,357 - INFO - Epoch [3/60], Train Loss: 3.1917, Train Accuracy: 0.3317
2024-11-15 11:31:31,317 - INFO - Epoch [4/60], Train Loss: 2.9173, Train Accuracy: 0.4118
2024-11-15 11:33:56,567 - INFO - Epoch [5/60], Train Loss: 2.6406, Train Accuracy: 0.4762
2024-11-15 11:36:21,616 - INFO - Epoch [6/60], Train Loss: 2.4276, Train Accuracy: 0.5157
2024-11-15 11:38:46,636 - INFO - Epoch [7/60], Train Loss: 2.1957, Train Accuracy: 0.5686
2024-11-15 11:41:12,161 - INFO - Epoch [8/60], Train Loss: 2.0022, Train Accuracy: 0.6011
2024-11-15 11:43:37,337 - INFO - Epoch [9/60], Train Loss: 1.8423, Train Accuracy: 0.6322
2024-11-15 11:46:02,567 - INFO - Epoch [10/60], Train Loss: 1.7086, Train Accuracy: 0.6577
2024-11-15 11:48:27,714 - INFO - Epoch [11/60], Train Loss: 1.5632, Train Accuracy: 0.6908
2024-11-15 11:50:52,541 - INFO - Epoch [12/60], Train Loss: 1.4699, Train Accuracy: 0.6989
2024-11-15 11:53:17,522 - INFO - Epoch [13/60], Train Loss: 1.3782, Train Accuracy: 0.7204
2024-11-15 11:55:42,514 - INFO - Epoch [14/60], Train Loss: 1.2658, Train Accuracy: 0.7420
2024-11-15 11:58:07,904 - INFO - Epoch [15/60], Train Loss: 1.1765, Train Accuracy: 0.7613
2024-11-15 12:00:32,754 - INFO - Epoch [16/60], Train Loss: 1.0906, Train Accuracy: 0.7765
2024-11-15 12:02:57,578 - INFO - Epoch [17/60], Train Loss: 1.0478, Train Accuracy: 0.7821
2024-11-15 12:03:26,351 - INFO - load model from: https://download.openmmlab.com/mmaction/recognition/csn/ircsn_from_scratch_r50_ig65m_20210617-ce545a37.pth
2024-11-15 12:03:26,352 - INFO - load checkpoint from http path: https://download.openmmlab.com/mmaction/recognition/csn/ircsn_from_scratch_r50_ig65m_20210617-ce545a37.pth
2024-11-15 12:03:26,381 - WARNING - The model and loaded state dict do not match exactly

size mismatch for layer1.0.conv2.0.conv.weight: copying a param with shape torch.Size([64, 1, 3, 3, 3]) from checkpoint, the shape in current model is torch.Size([64, 64, 1, 1, 1]).
size mismatch for layer1.1.conv2.0.conv.weight: copying a param with shape torch.Size([64, 1, 3, 3, 3]) from checkpoint, the shape in current model is torch.Size([64, 64, 1, 1, 1]).
size mismatch for layer1.2.conv2.0.conv.weight: copying a param with shape torch.Size([64, 1, 3, 3, 3]) from checkpoint, the shape in current model is torch.Size([64, 64, 1, 1, 1]).
size mismatch for layer2.0.conv2.0.conv.weight: copying a param with shape torch.Size([128, 1, 3, 3, 3]) from checkpoint, the shape in current model is torch.Size([128, 128, 1, 1, 1]).
size mismatch for layer2.1.conv2.0.conv.weight: copying a param with shape torch.Size([128, 1, 3, 3, 3]) from checkpoint, the shape in current model is torch.Size([128, 128, 1, 1, 1]).
size mismatch for layer2.2.conv2.0.conv.weight: copying a param with shape torch.Size([128, 1, 3, 3, 3]) from checkpoint, the shape in current model is torch.Size([128, 128, 1, 1, 1]).
size mismatch for layer2.3.conv2.0.conv.weight: copying a param with shape torch.Size([128, 1, 3, 3, 3]) from checkpoint, the shape in current model is torch.Size([128, 128, 1, 1, 1]).
size mismatch for layer3.0.conv2.0.conv.weight: copying a param with shape torch.Size([256, 1, 3, 3, 3]) from checkpoint, the shape in current model is torch.Size([256, 256, 1, 1, 1]).
size mismatch for layer3.1.conv2.0.conv.weight: copying a param with shape torch.Size([256, 1, 3, 3, 3]) from checkpoint, the shape in current model is torch.Size([256, 256, 1, 1, 1]).
size mismatch for layer3.2.conv2.0.conv.weight: copying a param with shape torch.Size([256, 1, 3, 3, 3]) from checkpoint, the shape in current model is torch.Size([256, 256, 1, 1, 1]).
size mismatch for layer3.3.conv2.0.conv.weight: copying a param with shape torch.Size([256, 1, 3, 3, 3]) from checkpoint, the shape in current model is torch.Size([256, 256, 1, 1, 1]).
size mismatch for layer3.4.conv2.0.conv.weight: copying a param with shape torch.Size([256, 1, 3, 3, 3]) from checkpoint, the shape in current model is torch.Size([256, 256, 1, 1, 1]).
size mismatch for layer3.5.conv2.0.conv.weight: copying a param with shape torch.Size([256, 1, 3, 3, 3]) from checkpoint, the shape in current model is torch.Size([256, 256, 1, 1, 1]).
size mismatch for layer4.0.conv2.0.conv.weight: copying a param with shape torch.Size([512, 1, 3, 3, 3]) from checkpoint, the shape in current model is torch.Size([512, 512, 1, 1, 1]).
size mismatch for layer4.1.conv2.0.conv.weight: copying a param with shape torch.Size([512, 1, 3, 3, 3]) from checkpoint, the shape in current model is torch.Size([512, 512, 1, 1, 1]).
size mismatch for layer4.2.conv2.0.conv.weight: copying a param with shape torch.Size([512, 1, 3, 3, 3]) from checkpoint, the shape in current model is torch.Size([512, 512, 1, 1, 1]).
missing keys in source state_dict: layer1.0.conv2.1.conv.weight, layer1.0.conv2.1.bn.weight, layer1.0.conv2.1.bn.bias, layer1.0.conv2.1.bn.running_mean, layer1.0.conv2.1.bn.running_var, layer1.1.conv2.1.conv.weight, layer1.1.conv2.1.bn.weight, layer1.1.conv2.1.bn.bias, layer1.1.conv2.1.bn.running_mean, layer1.1.conv2.1.bn.running_var, layer1.2.conv2.1.conv.weight, layer1.2.conv2.1.bn.weight, layer1.2.conv2.1.bn.bias, layer1.2.conv2.1.bn.running_mean, layer1.2.conv2.1.bn.running_var, layer2.0.conv2.1.conv.weight, layer2.0.conv2.1.bn.weight, layer2.0.conv2.1.bn.bias, layer2.0.conv2.1.bn.running_mean, layer2.0.conv2.1.bn.running_var, layer2.1.conv2.1.conv.weight, layer2.1.conv2.1.bn.weight, layer2.1.conv2.1.bn.bias, layer2.1.conv2.1.bn.running_mean, layer2.1.conv2.1.bn.running_var, layer2.2.conv2.1.conv.weight, layer2.2.conv2.1.bn.weight, layer2.2.conv2.1.bn.bias, layer2.2.conv2.1.bn.running_mean, layer2.2.conv2.1.bn.running_var, layer2.3.conv2.1.conv.weight, layer2.3.conv2.1.bn.weight, layer2.3.conv2.1.bn.bias, layer2.3.conv2.1.bn.running_mean, layer2.3.conv2.1.bn.running_var, layer3.0.conv2.1.conv.weight, layer3.0.conv2.1.bn.weight, layer3.0.conv2.1.bn.bias, layer3.0.conv2.1.bn.running_mean, layer3.0.conv2.1.bn.running_var, layer3.1.conv2.1.conv.weight, layer3.1.conv2.1.bn.weight, layer3.1.conv2.1.bn.bias, layer3.1.conv2.1.bn.running_mean, layer3.1.conv2.1.bn.running_var, layer3.2.conv2.1.conv.weight, layer3.2.conv2.1.bn.weight, layer3.2.conv2.1.bn.bias, layer3.2.conv2.1.bn.running_mean, layer3.2.conv2.1.bn.running_var, layer3.3.conv2.1.conv.weight, layer3.3.conv2.1.bn.weight, layer3.3.conv2.1.bn.bias, layer3.3.conv2.1.bn.running_mean, layer3.3.conv2.1.bn.running_var, layer3.4.conv2.1.conv.weight, layer3.4.conv2.1.bn.weight, layer3.4.conv2.1.bn.bias, layer3.4.conv2.1.bn.running_mean, layer3.4.conv2.1.bn.running_var, layer3.5.conv2.1.conv.weight, layer3.5.conv2.1.bn.weight, layer3.5.conv2.1.bn.bias, layer3.5.conv2.1.bn.running_mean, layer3.5.conv2.1.bn.running_var, layer4.0.conv2.1.conv.weight, layer4.0.conv2.1.bn.weight, layer4.0.conv2.1.bn.bias, layer4.0.conv2.1.bn.running_mean, layer4.0.conv2.1.bn.running_var, layer4.1.conv2.1.conv.weight, layer4.1.conv2.1.bn.weight, layer4.1.conv2.1.bn.bias, layer4.1.conv2.1.bn.running_mean, layer4.1.conv2.1.bn.running_var, layer4.2.conv2.1.conv.weight, layer4.2.conv2.1.bn.weight, layer4.2.conv2.1.bn.bias, layer4.2.conv2.1.bn.running_mean, layer4.2.conv2.1.bn.running_var

2024-11-15 12:06:01,167 - INFO - Epoch [1/60], Train Loss: 3.9602, Train Accuracy: 0.0146
2024-11-15 12:06:30,264 - INFO - load model from: https://download.openmmlab.com/mmaction/recognition/csn/ircsn_from_scratch_r50_ig65m_20210617-ce545a37.pth
2024-11-15 12:06:30,265 - INFO - load checkpoint from http path: https://download.openmmlab.com/mmaction/recognition/csn/ircsn_from_scratch_r50_ig65m_20210617-ce545a37.pth
2024-11-15 12:08:27,185 - INFO - Epoch [1/60], Train Loss: 3.9692, Train Accuracy: 0.0190
2024-11-15 12:08:55,550 - INFO - load model from: https://download.openmmlab.com/mmaction/recognition/csn/ircsn_from_scratch_r50_ig65m_20210617-ce545a37.pth
2024-11-15 12:08:55,551 - INFO - load checkpoint from http path: https://download.openmmlab.com/mmaction/recognition/csn/ircsn_from_scratch_r50_ig65m_20210617-ce545a37.pth
2024-11-15 12:10:48,667 - INFO - Epoch [1/60], Train Loss: 3.9311, Train Accuracy: 0.0322
2024-11-15 12:11:17,271 - INFO - load model from: https://download.openmmlab.com/mmaction/recognition/csn/ircsn_from_scratch_r50_ig65m_20210617-ce545a37.pth
2024-11-15 12:11:17,272 - INFO - load checkpoint from http path: https://download.openmmlab.com/mmaction/recognition/csn/ircsn_from_scratch_r50_ig65m_20210617-ce545a37.pth
2024-11-15 12:13:10,152 - INFO - Epoch [1/60], Train Loss: 3.6040, Train Accuracy: 0.1045
2024-11-15 12:15:30,975 - INFO - Epoch [2/60], Train Loss: 2.4153, Train Accuracy: 0.3706
2024-11-15 12:17:51,846 - INFO - Epoch [3/60], Train Loss: 1.8675, Train Accuracy: 0.4964
2024-11-15 12:20:12,737 - INFO - Epoch [4/60], Train Loss: 1.5912, Train Accuracy: 0.5647
2024-11-15 12:22:33,892 - INFO - Epoch [5/60], Train Loss: 1.3910, Train Accuracy: 0.6081
2024-11-15 12:24:55,041 - INFO - Epoch [6/60], Train Loss: 1.2816, Train Accuracy: 0.6347
2024-11-15 12:27:16,258 - INFO - Epoch [7/60], Train Loss: 1.1847, Train Accuracy: 0.6734
2024-11-15 12:29:37,246 - INFO - Epoch [8/60], Train Loss: 1.1338, Train Accuracy: 0.6888
2024-11-15 12:31:57,961 - INFO - Epoch [9/60], Train Loss: 1.0692, Train Accuracy: 0.7028
2024-11-15 12:34:19,050 - INFO - Epoch [10/60], Train Loss: 0.9846, Train Accuracy: 0.7207
2024-11-15 12:36:39,863 - INFO - Epoch [11/60], Train Loss: 0.9489, Train Accuracy: 0.7331
2024-11-15 12:39:00,893 - INFO - Epoch [12/60], Train Loss: 0.9036, Train Accuracy: 0.7389
2024-11-15 12:39:29,545 - INFO - load model from: https://download.openmmlab.com/mmaction/recognition/csn/ircsn_from_scratch_r50_ig65m_20210617-ce545a37.pth
2024-11-15 12:39:29,546 - INFO - load checkpoint from http path: https://download.openmmlab.com/mmaction/recognition/csn/ircsn_from_scratch_r50_ig65m_20210617-ce545a37.pth
2024-11-15 12:41:22,503 - INFO - Epoch [1/60], Train Loss: 3.4953, Train Accuracy: 0.1308
2024-11-15 12:43:43,598 - INFO - Epoch [2/60], Train Loss: 2.1810, Train Accuracy: 0.4112
2024-11-15 12:46:04,203 - INFO - Epoch [3/60], Train Loss: 1.7185, Train Accuracy: 0.5294
2024-11-15 12:48:25,151 - INFO - Epoch [4/60], Train Loss: 1.5291, Train Accuracy: 0.5860
2024-11-15 12:50:46,489 - INFO - Epoch [5/60], Train Loss: 1.3710, Train Accuracy: 0.6252
2024-11-15 12:53:07,460 - INFO - Epoch [6/60], Train Loss: 1.2269, Train Accuracy: 0.6658
2024-11-15 12:55:28,308 - INFO - Epoch [7/60], Train Loss: 1.1667, Train Accuracy: 0.6793
2024-11-15 12:57:49,338 - INFO - Epoch [8/60], Train Loss: 1.0949, Train Accuracy: 0.6871
2024-11-15 13:00:10,397 - INFO - Epoch [9/60], Train Loss: 1.0139, Train Accuracy: 0.7162
2024-11-15 13:02:31,677 - INFO - Epoch [10/60], Train Loss: 0.9343, Train Accuracy: 0.7445
2024-11-15 13:03:00,307 - INFO - load model from: https://download.openmmlab.com/mmaction/recognition/csn/ircsn_from_scratch_r50_ig65m_20210617-ce545a37.pth
2024-11-15 13:03:00,308 - INFO - load checkpoint from http path: https://download.openmmlab.com/mmaction/recognition/csn/ircsn_from_scratch_r50_ig65m_20210617-ce545a37.pth
2024-11-15 13:04:57,265 - INFO - Epoch [1/60], Train Loss: 3.9635, Train Accuracy: 0.0179
2024-11-15 13:05:25,826 - INFO - load model from: https://download.openmmlab.com/mmaction/recognition/csn/ircsn_from_scratch_r50_ig65m_20210617-ce545a37.pth
2024-11-15 13:05:25,827 - INFO - load checkpoint from http path: https://download.openmmlab.com/mmaction/recognition/csn/ircsn_from_scratch_r50_ig65m_20210617-ce545a37.pth
2024-11-15 13:07:18,763 - INFO - Epoch [1/60], Train Loss: 3.9607, Train Accuracy: 0.0224
2024-11-15 13:07:47,209 - INFO - load model from: https://download.openmmlab.com/mmaction/recognition/csn/ircsn_from_scratch_r50_ig65m_20210617-ce545a37.pth
2024-11-15 13:07:47,210 - INFO - load checkpoint from http path: https://download.openmmlab.com/mmaction/recognition/csn/ircsn_from_scratch_r50_ig65m_20210617-ce545a37.pth
2024-11-15 13:09:40,057 - INFO - Epoch [1/60], Train Loss: 3.7807, Train Accuracy: 0.0658
2024-11-15 13:12:01,431 - INFO - Epoch [2/60], Train Loss: 3.0797, Train Accuracy: 0.2151
2024-11-15 13:14:22,223 - INFO - Epoch [3/60], Train Loss: 2.4264, Train Accuracy: 0.3471
2024-11-15 13:16:42,899 - INFO - Epoch [4/60], Train Loss: 2.0818, Train Accuracy: 0.4403
2024-11-15 13:19:03,840 - INFO - Epoch [5/60], Train Loss: 1.8781, Train Accuracy: 0.4874
2024-11-15 13:21:24,950 - INFO - Epoch [6/60], Train Loss: 1.7068, Train Accuracy: 0.5249
2024-11-15 13:23:46,198 - INFO - Epoch [7/60], Train Loss: 1.5545, Train Accuracy: 0.5585
2024-11-15 13:26:07,431 - INFO - Epoch [8/60], Train Loss: 1.4702, Train Accuracy: 0.5983
2024-11-15 13:28:28,279 - INFO - Epoch [9/60], Train Loss: 1.3795, Train Accuracy: 0.6154
2024-11-15 13:30:49,364 - INFO - Epoch [10/60], Train Loss: 1.2673, Train Accuracy: 0.6443
2024-11-15 13:31:17,918 - INFO - load model from: https://download.openmmlab.com/mmaction/recognition/csn/ircsn_from_scratch_r50_ig65m_20210617-ce545a37.pth
2024-11-15 13:31:17,919 - INFO - load checkpoint from http path: https://download.openmmlab.com/mmaction/recognition/csn/ircsn_from_scratch_r50_ig65m_20210617-ce545a37.pth
2024-11-15 13:33:14,605 - INFO - Epoch [1/60], Train Loss: 3.9740, Train Accuracy: 0.0190
2024-11-15 13:33:43,286 - INFO - load model from: https://download.openmmlab.com/mmaction/recognition/csn/ircsn_from_scratch_r50_ig65m_20210617-ce545a37.pth
2024-11-15 13:33:43,287 - INFO - load checkpoint from http path: https://download.openmmlab.com/mmaction/recognition/csn/ircsn_from_scratch_r50_ig65m_20210617-ce545a37.pth
2024-11-15 13:35:54,130 - INFO - Epoch [1/60], Train Loss: 3.9463, Train Accuracy: 0.0261
2024-11-15 13:36:22,981 - INFO - load model from: https://download.openmmlab.com/mmaction/recognition/csn/ircsn_from_scratch_r50_ig65m_20210617-ce545a37.pth
2024-11-15 13:36:22,981 - INFO - load checkpoint from http path: https://download.openmmlab.com/mmaction/recognition/csn/ircsn_from_scratch_r50_ig65m_20210617-ce545a37.pth
2024-11-15 13:38:05,745 - INFO - Epoch [1/60], Train Loss: 3.9410, Train Accuracy: 0.0261
2024-11-15 13:38:34,217 - INFO - load model from: https://download.openmmlab.com/mmaction/recognition/csn/ircsn_from_scratch_r50_ig65m_20210617-ce545a37.pth
2024-11-15 13:38:34,218 - INFO - load checkpoint from http path: https://download.openmmlab.com/mmaction/recognition/csn/ircsn_from_scratch_r50_ig65m_20210617-ce545a37.pth
2024-11-15 13:40:31,186 - INFO - Epoch [1/60], Train Loss: 3.8941, Train Accuracy: 0.0454
2024-11-15 13:42:56,565 - INFO - Epoch [2/60], Train Loss: 3.6197, Train Accuracy: 0.1796
2024-11-15 13:45:21,768 - INFO - Epoch [3/60], Train Loss: 3.3808, Train Accuracy: 0.2807
2024-11-15 13:47:46,944 - INFO - Epoch [4/60], Train Loss: 3.1595, Train Accuracy: 0.3768
2024-11-15 13:50:12,333 - INFO - Epoch [5/60], Train Loss: 2.9618, Train Accuracy: 0.4008
2024-11-15 13:52:37,291 - INFO - Epoch [6/60], Train Loss: 2.7633, Train Accuracy: 0.4597
2024-11-15 13:55:02,498 - INFO - Epoch [7/60], Train Loss: 2.5708, Train Accuracy: 0.5000
2024-11-15 13:57:27,539 - INFO - Epoch [8/60], Train Loss: 2.4083, Train Accuracy: 0.5277
2024-11-15 13:59:52,472 - INFO - Epoch [9/60], Train Loss: 2.2488, Train Accuracy: 0.5577
2024-11-15 14:02:17,385 - INFO - Epoch [10/60], Train Loss: 2.1130, Train Accuracy: 0.5885
2024-11-15 14:02:46,006 - INFO - load model from: https://download.openmmlab.com/mmaction/recognition/csn/ircsn_from_scratch_r50_ig65m_20210617-ce545a37.pth
2024-11-15 14:02:46,007 - INFO - load checkpoint from http path: https://download.openmmlab.com/mmaction/recognition/csn/ircsn_from_scratch_r50_ig65m_20210617-ce545a37.pth
2024-11-15 14:04:28,620 - INFO - Epoch [1/60], Train Loss: 3.4401, Train Accuracy: 0.1417
2024-11-15 14:06:40,026 - INFO - Epoch [2/60], Train Loss: 2.2662, Train Accuracy: 0.3902
2024-11-15 14:08:50,942 - INFO - Epoch [3/60], Train Loss: 1.7959, Train Accuracy: 0.5014
2024-11-15 14:11:01,203 - INFO - Epoch [4/60], Train Loss: 1.5343, Train Accuracy: 0.5697
2024-11-15 14:13:11,784 - INFO - Epoch [5/60], Train Loss: 1.3669, Train Accuracy: 0.6224
2024-11-15 14:15:22,458 - INFO - Epoch [6/60], Train Loss: 1.2120, Train Accuracy: 0.6597
2024-11-15 14:17:33,076 - INFO - Epoch [7/60], Train Loss: 1.1559, Train Accuracy: 0.6759
2024-11-15 14:19:44,028 - INFO - Epoch [8/60], Train Loss: 1.0690, Train Accuracy: 0.6927
2024-11-15 14:21:54,993 - INFO - Epoch [9/60], Train Loss: 1.0096, Train Accuracy: 0.7123
2024-11-15 14:24:06,251 - INFO - Epoch [10/60], Train Loss: 0.9170, Train Accuracy: 0.7398
2024-11-15 14:26:17,012 - INFO - Epoch [11/60], Train Loss: 0.9150, Train Accuracy: 0.7356
2024-11-15 14:28:27,992 - INFO - Epoch [12/60], Train Loss: 0.8610, Train Accuracy: 0.7599
2024-11-15 14:30:38,889 - INFO - Epoch [13/60], Train Loss: 0.8217, Train Accuracy: 0.7709
2024-11-15 14:32:49,463 - INFO - Epoch [14/60], Train Loss: 0.7804, Train Accuracy: 0.7714
2024-11-15 14:33:17,818 - INFO - Early stopping at epoch 14 due to no improvement in validation accuracy.
2024-11-15 14:33:18,218 - INFO - load model from: https://download.openmmlab.com/mmaction/recognition/csn/ircsn_from_scratch_r50_ig65m_20210617-ce545a37.pth
2024-11-15 14:33:18,219 - INFO - load checkpoint from http path: https://download.openmmlab.com/mmaction/recognition/csn/ircsn_from_scratch_r50_ig65m_20210617-ce545a37.pth
2024-11-15 14:35:00,844 - INFO - Epoch [1/60], Train Loss: 3.5079, Train Accuracy: 0.1356
2024-11-15 14:37:10,975 - INFO - Epoch [2/60], Train Loss: 2.2848, Train Accuracy: 0.3838
2024-11-15 14:39:21,434 - INFO - Epoch [3/60], Train Loss: 1.7748, Train Accuracy: 0.5193
2024-11-15 14:41:32,203 - INFO - Epoch [4/60], Train Loss: 1.5223, Train Accuracy: 0.5695
2024-11-15 14:43:42,282 - INFO - Epoch [5/60], Train Loss: 1.3539, Train Accuracy: 0.6266
2024-11-15 14:45:52,639 - INFO - Epoch [6/60], Train Loss: 1.2400, Train Accuracy: 0.6535
2024-11-15 14:48:03,844 - INFO - Epoch [7/60], Train Loss: 1.1296, Train Accuracy: 0.6846
2024-11-15 14:50:15,430 - INFO - Epoch [8/60], Train Loss: 1.0744, Train Accuracy: 0.7028
2024-11-15 14:52:26,237 - INFO - Epoch [9/60], Train Loss: 0.9953, Train Accuracy: 0.7182
2024-11-15 14:52:55,017 - INFO - load model from: https://download.openmmlab.com/mmaction/recognition/csn/ircsn_from_scratch_r50_ig65m_20210617-ce545a37.pth
2024-11-15 14:52:55,018 - INFO - load checkpoint from http path: https://download.openmmlab.com/mmaction/recognition/csn/ircsn_from_scratch_r50_ig65m_20210617-ce545a37.pth
2024-11-15 14:54:37,538 - INFO - Epoch [1/60], Train Loss: 3.3539, Train Accuracy: 0.1619
2024-11-15 14:56:48,069 - INFO - Epoch [2/60], Train Loss: 2.0505, Train Accuracy: 0.4311
2024-11-15 14:58:58,591 - INFO - Epoch [3/60], Train Loss: 1.6088, Train Accuracy: 0.5622
2024-11-15 15:01:09,884 - INFO - Epoch [4/60], Train Loss: 1.3917, Train Accuracy: 0.6174
2024-11-15 15:03:20,964 - INFO - Epoch [5/60], Train Loss: 1.2542, Train Accuracy: 0.6403
2024-11-15 15:05:31,733 - INFO - Epoch [6/60], Train Loss: 1.1759, Train Accuracy: 0.6633
2024-11-15 15:07:43,245 - INFO - Epoch [7/60], Train Loss: 1.0700, Train Accuracy: 0.7017
2024-11-15 15:09:56,088 - INFO - Epoch [8/60], Train Loss: 1.0424, Train Accuracy: 0.7092
2024-11-15 15:12:07,219 - INFO - Epoch [9/60], Train Loss: 0.9833, Train Accuracy: 0.7275
2024-11-15 15:14:17,715 - INFO - Epoch [10/60], Train Loss: 0.9011, Train Accuracy: 0.7549
2024-11-15 15:16:28,182 - INFO - Epoch [11/60], Train Loss: 0.8638, Train Accuracy: 0.7521
2024-11-15 15:16:56,510 - INFO - Early stopping at epoch 11 due to no improvement in validation accuracy.
2024-11-15 15:16:56,914 - INFO - load model from: https://download.openmmlab.com/mmaction/recognition/csn/ircsn_from_scratch_r50_ig65m_20210617-ce545a37.pth
2024-11-15 15:16:56,914 - INFO - load checkpoint from http path: https://download.openmmlab.com/mmaction/recognition/csn/ircsn_from_scratch_r50_ig65m_20210617-ce545a37.pth
2024-11-15 15:18:39,322 - INFO - Epoch [1/60], Train Loss: 3.8129, Train Accuracy: 0.0543
2024-11-15 15:19:08,010 - INFO - load model from: https://download.openmmlab.com/mmaction/recognition/csn/ircsn_from_scratch_r50_ig65m_20210617-ce545a37.pth
2024-11-15 15:19:08,011 - INFO - load checkpoint from http path: https://download.openmmlab.com/mmaction/recognition/csn/ircsn_from_scratch_r50_ig65m_20210617-ce545a37.pth
2024-11-15 15:20:51,103 - INFO - Epoch [1/60], Train Loss: 3.4871, Train Accuracy: 0.1356
2024-11-15 15:21:19,769 - INFO - load model from: https://download.openmmlab.com/mmaction/recognition/csn/ircsn_from_scratch_r50_ig65m_20210617-ce545a37.pth
2024-11-15 15:21:19,769 - INFO - load checkpoint from http path: https://download.openmmlab.com/mmaction/recognition/csn/ircsn_from_scratch_r50_ig65m_20210617-ce545a37.pth
2024-11-15 15:23:27,815 - INFO - Epoch [1/60], Train Loss: 3.8760, Train Accuracy: 0.0476
2024-11-15 15:23:56,450 - INFO - load model from: https://download.openmmlab.com/mmaction/recognition/csn/ircsn_from_scratch_r50_ig65m_20210617-ce545a37.pth
2024-11-15 15:23:56,451 - INFO - load checkpoint from http path: https://download.openmmlab.com/mmaction/recognition/csn/ircsn_from_scratch_r50_ig65m_20210617-ce545a37.pth
2024-11-15 15:25:39,512 - INFO - Epoch [1/60], Train Loss: 3.9528, Train Accuracy: 0.0218
2024-11-15 15:26:08,021 - INFO - load model from: https://download.openmmlab.com/mmaction/recognition/csn/ircsn_from_scratch_r50_ig65m_20210617-ce545a37.pth
2024-11-15 15:26:08,022 - INFO - load checkpoint from http path: https://download.openmmlab.com/mmaction/recognition/csn/ircsn_from_scratch_r50_ig65m_20210617-ce545a37.pth
2024-11-15 15:28:05,138 - INFO - Epoch [1/60], Train Loss: 3.9599, Train Accuracy: 0.0179
2024-11-15 15:28:34,151 - INFO - load model from: https://download.openmmlab.com/mmaction/recognition/csn/ircsn_from_scratch_r50_ig65m_20210617-ce545a37.pth
2024-11-15 15:28:34,152 - INFO - load checkpoint from http path: https://download.openmmlab.com/mmaction/recognition/csn/ircsn_from_scratch_r50_ig65m_20210617-ce545a37.pth
2024-11-15 15:30:17,167 - INFO - Epoch [1/60], Train Loss: 3.4828, Train Accuracy: 0.1364
2024-11-15 15:32:27,854 - INFO - Epoch [2/60], Train Loss: 2.2942, Train Accuracy: 0.3894
2024-11-15 15:34:38,895 - INFO - Epoch [3/60], Train Loss: 1.8108, Train Accuracy: 0.5022
2024-11-15 15:36:49,824 - INFO - Epoch [4/60], Train Loss: 1.5082, Train Accuracy: 0.5768
2024-11-15 15:39:00,783 - INFO - Epoch [5/60], Train Loss: 1.3383, Train Accuracy: 0.6269
2024-11-15 15:41:11,963 - INFO - Epoch [6/60], Train Loss: 1.2537, Train Accuracy: 0.6468
2024-11-15 15:43:22,737 - INFO - Epoch [7/60], Train Loss: 1.1496, Train Accuracy: 0.6751
2024-11-15 15:45:33,358 - INFO - Epoch [8/60], Train Loss: 1.0661, Train Accuracy: 0.6871
2024-11-15 15:47:44,154 - INFO - Epoch [9/60], Train Loss: 0.9914, Train Accuracy: 0.7221
2024-11-15 15:49:55,164 - INFO - Epoch [10/60], Train Loss: 0.9448, Train Accuracy: 0.7342
2024-11-15 15:52:05,923 - INFO - Epoch [11/60], Train Loss: 0.9000, Train Accuracy: 0.7465
2024-11-15 15:54:17,201 - INFO - Epoch [12/60], Train Loss: 0.8951, Train Accuracy: 0.7462
2024-11-15 15:56:27,649 - INFO - Epoch [13/60], Train Loss: 0.8144, Train Accuracy: 0.7681
2024-11-15 15:58:38,708 - INFO - Epoch [14/60], Train Loss: 0.7934, Train Accuracy: 0.7793
2024-11-15 16:00:50,060 - INFO - Epoch [15/60], Train Loss: 0.7443, Train Accuracy: 0.7902
2024-11-15 16:03:01,248 - INFO - Epoch [16/60], Train Loss: 0.7374, Train Accuracy: 0.7860
2024-11-15 16:05:11,971 - INFO - Epoch [17/60], Train Loss: 0.6963, Train Accuracy: 0.8073
2024-11-15 16:05:40,446 - INFO - Early stopping at epoch 17 due to no improvement in validation accuracy.
2024-11-15 16:05:40,834 - INFO - load model from: https://download.openmmlab.com/mmaction/recognition/csn/ircsn_from_scratch_r50_ig65m_20210617-ce545a37.pth
2024-11-15 16:05:40,835 - INFO - load checkpoint from http path: https://download.openmmlab.com/mmaction/recognition/csn/ircsn_from_scratch_r50_ig65m_20210617-ce545a37.pth
2024-11-15 16:07:23,341 - INFO - Epoch [1/60], Train Loss: 3.9614, Train Accuracy: 0.0241
2024-11-15 16:07:51,721 - INFO - load model from: https://download.openmmlab.com/mmaction/recognition/csn/ircsn_from_scratch_r50_ig65m_20210617-ce545a37.pth
2024-11-15 16:07:51,722 - INFO - load checkpoint from http path: https://download.openmmlab.com/mmaction/recognition/csn/ircsn_from_scratch_r50_ig65m_20210617-ce545a37.pth
2024-11-15 16:09:34,659 - INFO - Epoch [1/60], Train Loss: 3.4227, Train Accuracy: 0.1406
2024-11-15 16:11:45,506 - INFO - Epoch [2/60], Train Loss: 2.2188, Train Accuracy: 0.4028
2024-11-15 16:13:56,341 - INFO - Epoch [3/60], Train Loss: 1.7348, Train Accuracy: 0.5314
2024-11-15 16:16:07,751 - INFO - Epoch [4/60], Train Loss: 1.4873, Train Accuracy: 0.5843
2024-11-15 16:18:19,323 - INFO - Epoch [5/60], Train Loss: 1.3002, Train Accuracy: 0.6367
2024-11-15 16:20:29,861 - INFO - Epoch [6/60], Train Loss: 1.1937, Train Accuracy: 0.6613
2024-11-15 16:22:41,517 - INFO - Epoch [7/60], Train Loss: 1.1343, Train Accuracy: 0.6860
2024-11-15 16:24:52,535 - INFO - Epoch [8/60], Train Loss: 1.0202, Train Accuracy: 0.7140
2024-11-15 16:27:03,384 - INFO - Epoch [9/60], Train Loss: 0.9852, Train Accuracy: 0.7230
2024-11-15 16:29:14,442 - INFO - Epoch [10/60], Train Loss: 0.9661, Train Accuracy: 0.7356
2024-11-15 16:31:25,793 - INFO - Epoch [11/60], Train Loss: 0.8919, Train Accuracy: 0.7445
2024-11-15 16:33:37,223 - INFO - Epoch [12/60], Train Loss: 0.8691, Train Accuracy: 0.7569
2024-11-15 16:35:47,813 - INFO - Epoch [13/60], Train Loss: 0.8350, Train Accuracy: 0.7647
2024-11-15 16:37:58,285 - INFO - Epoch [14/60], Train Loss: 0.7688, Train Accuracy: 0.7793
2024-11-15 16:40:08,920 - INFO - Epoch [15/60], Train Loss: 0.7530, Train Accuracy: 0.7874
2024-11-15 16:42:20,048 - INFO - Epoch [16/60], Train Loss: 0.7217, Train Accuracy: 0.7933
2024-11-15 16:44:30,387 - INFO - Epoch [17/60], Train Loss: 0.6742, Train Accuracy: 0.8073
2024-11-15 16:46:41,276 - INFO - Epoch [18/60], Train Loss: 0.6734, Train Accuracy: 0.8148
2024-11-15 16:47:09,501 - INFO - Early stopping at epoch 18 due to no improvement in validation accuracy.
2024-11-15 16:47:09,879 - INFO - load model from: https://download.openmmlab.com/mmaction/recognition/csn/ircsn_from_scratch_r50_ig65m_20210617-ce545a37.pth
2024-11-15 16:47:09,880 - INFO - load checkpoint from http path: https://download.openmmlab.com/mmaction/recognition/csn/ircsn_from_scratch_r50_ig65m_20210617-ce545a37.pth
2024-11-15 16:48:52,545 - INFO - Epoch [1/60], Train Loss: 3.5003, Train Accuracy: 0.1286
2024-11-15 16:49:21,549 - INFO - load model from: https://download.openmmlab.com/mmaction/recognition/csn/ircsn_from_scratch_r50_ig65m_20210617-ce545a37.pth
2024-11-15 16:49:21,550 - INFO - load checkpoint from http path: https://download.openmmlab.com/mmaction/recognition/csn/ircsn_from_scratch_r50_ig65m_20210617-ce545a37.pth
2024-11-15 16:51:04,085 - INFO - Epoch [1/60], Train Loss: 3.6738, Train Accuracy: 0.0978
2024-11-15 16:51:32,600 - INFO - load model from: https://download.openmmlab.com/mmaction/recognition/csn/ircsn_from_scratch_r50_ig65m_20210617-ce545a37.pth
2024-11-15 16:51:32,600 - INFO - load checkpoint from http path: https://download.openmmlab.com/mmaction/recognition/csn/ircsn_from_scratch_r50_ig65m_20210617-ce545a37.pth
2024-11-15 16:51:32,631 - WARNING - The model and loaded state dict do not match exactly

size mismatch for layer1.0.conv2.0.conv.weight: copying a param with shape torch.Size([64, 1, 3, 3, 3]) from checkpoint, the shape in current model is torch.Size([64, 64, 1, 1, 1]).
size mismatch for layer1.1.conv2.0.conv.weight: copying a param with shape torch.Size([64, 1, 3, 3, 3]) from checkpoint, the shape in current model is torch.Size([64, 64, 1, 1, 1]).
size mismatch for layer1.2.conv2.0.conv.weight: copying a param with shape torch.Size([64, 1, 3, 3, 3]) from checkpoint, the shape in current model is torch.Size([64, 64, 1, 1, 1]).
size mismatch for layer2.0.conv2.0.conv.weight: copying a param with shape torch.Size([128, 1, 3, 3, 3]) from checkpoint, the shape in current model is torch.Size([128, 128, 1, 1, 1]).
size mismatch for layer2.1.conv2.0.conv.weight: copying a param with shape torch.Size([128, 1, 3, 3, 3]) from checkpoint, the shape in current model is torch.Size([128, 128, 1, 1, 1]).
size mismatch for layer2.2.conv2.0.conv.weight: copying a param with shape torch.Size([128, 1, 3, 3, 3]) from checkpoint, the shape in current model is torch.Size([128, 128, 1, 1, 1]).
size mismatch for layer2.3.conv2.0.conv.weight: copying a param with shape torch.Size([128, 1, 3, 3, 3]) from checkpoint, the shape in current model is torch.Size([128, 128, 1, 1, 1]).
size mismatch for layer3.0.conv2.0.conv.weight: copying a param with shape torch.Size([256, 1, 3, 3, 3]) from checkpoint, the shape in current model is torch.Size([256, 256, 1, 1, 1]).
size mismatch for layer3.1.conv2.0.conv.weight: copying a param with shape torch.Size([256, 1, 3, 3, 3]) from checkpoint, the shape in current model is torch.Size([256, 256, 1, 1, 1]).
size mismatch for layer3.2.conv2.0.conv.weight: copying a param with shape torch.Size([256, 1, 3, 3, 3]) from checkpoint, the shape in current model is torch.Size([256, 256, 1, 1, 1]).
size mismatch for layer3.3.conv2.0.conv.weight: copying a param with shape torch.Size([256, 1, 3, 3, 3]) from checkpoint, the shape in current model is torch.Size([256, 256, 1, 1, 1]).
size mismatch for layer3.4.conv2.0.conv.weight: copying a param with shape torch.Size([256, 1, 3, 3, 3]) from checkpoint, the shape in current model is torch.Size([256, 256, 1, 1, 1]).
size mismatch for layer3.5.conv2.0.conv.weight: copying a param with shape torch.Size([256, 1, 3, 3, 3]) from checkpoint, the shape in current model is torch.Size([256, 256, 1, 1, 1]).
size mismatch for layer4.0.conv2.0.conv.weight: copying a param with shape torch.Size([512, 1, 3, 3, 3]) from checkpoint, the shape in current model is torch.Size([512, 512, 1, 1, 1]).
size mismatch for layer4.1.conv2.0.conv.weight: copying a param with shape torch.Size([512, 1, 3, 3, 3]) from checkpoint, the shape in current model is torch.Size([512, 512, 1, 1, 1]).
size mismatch for layer4.2.conv2.0.conv.weight: copying a param with shape torch.Size([512, 1, 3, 3, 3]) from checkpoint, the shape in current model is torch.Size([512, 512, 1, 1, 1]).
missing keys in source state_dict: layer1.0.conv2.1.conv.weight, layer1.0.conv2.1.bn.weight, layer1.0.conv2.1.bn.bias, layer1.0.conv2.1.bn.running_mean, layer1.0.conv2.1.bn.running_var, layer1.1.conv2.1.conv.weight, layer1.1.conv2.1.bn.weight, layer1.1.conv2.1.bn.bias, layer1.1.conv2.1.bn.running_mean, layer1.1.conv2.1.bn.running_var, layer1.2.conv2.1.conv.weight, layer1.2.conv2.1.bn.weight, layer1.2.conv2.1.bn.bias, layer1.2.conv2.1.bn.running_mean, layer1.2.conv2.1.bn.running_var, layer2.0.conv2.1.conv.weight, layer2.0.conv2.1.bn.weight, layer2.0.conv2.1.bn.bias, layer2.0.conv2.1.bn.running_mean, layer2.0.conv2.1.bn.running_var, layer2.1.conv2.1.conv.weight, layer2.1.conv2.1.bn.weight, layer2.1.conv2.1.bn.bias, layer2.1.conv2.1.bn.running_mean, layer2.1.conv2.1.bn.running_var, layer2.2.conv2.1.conv.weight, layer2.2.conv2.1.bn.weight, layer2.2.conv2.1.bn.bias, layer2.2.conv2.1.bn.running_mean, layer2.2.conv2.1.bn.running_var, layer2.3.conv2.1.conv.weight, layer2.3.conv2.1.bn.weight, layer2.3.conv2.1.bn.bias, layer2.3.conv2.1.bn.running_mean, layer2.3.conv2.1.bn.running_var, layer3.0.conv2.1.conv.weight, layer3.0.conv2.1.bn.weight, layer3.0.conv2.1.bn.bias, layer3.0.conv2.1.bn.running_mean, layer3.0.conv2.1.bn.running_var, layer3.1.conv2.1.conv.weight, layer3.1.conv2.1.bn.weight, layer3.1.conv2.1.bn.bias, layer3.1.conv2.1.bn.running_mean, layer3.1.conv2.1.bn.running_var, layer3.2.conv2.1.conv.weight, layer3.2.conv2.1.bn.weight, layer3.2.conv2.1.bn.bias, layer3.2.conv2.1.bn.running_mean, layer3.2.conv2.1.bn.running_var, layer3.3.conv2.1.conv.weight, layer3.3.conv2.1.bn.weight, layer3.3.conv2.1.bn.bias, layer3.3.conv2.1.bn.running_mean, layer3.3.conv2.1.bn.running_var, layer3.4.conv2.1.conv.weight, layer3.4.conv2.1.bn.weight, layer3.4.conv2.1.bn.bias, layer3.4.conv2.1.bn.running_mean, layer3.4.conv2.1.bn.running_var, layer3.5.conv2.1.conv.weight, layer3.5.conv2.1.bn.weight, layer3.5.conv2.1.bn.bias, layer3.5.conv2.1.bn.running_mean, layer3.5.conv2.1.bn.running_var, layer4.0.conv2.1.conv.weight, layer4.0.conv2.1.bn.weight, layer4.0.conv2.1.bn.bias, layer4.0.conv2.1.bn.running_mean, layer4.0.conv2.1.bn.running_var, layer4.1.conv2.1.conv.weight, layer4.1.conv2.1.bn.weight, layer4.1.conv2.1.bn.bias, layer4.1.conv2.1.bn.running_mean, layer4.1.conv2.1.bn.running_var, layer4.2.conv2.1.conv.weight, layer4.2.conv2.1.bn.weight, layer4.2.conv2.1.bn.bias, layer4.2.conv2.1.bn.running_mean, layer4.2.conv2.1.bn.running_var

2024-11-15 16:53:42,263 - INFO - Epoch [1/60], Train Loss: 3.9834, Train Accuracy: 0.0140
2024-11-15 16:54:11,643 - INFO - load model from: https://download.openmmlab.com/mmaction/recognition/csn/ircsn_from_scratch_r50_ig65m_20210617-ce545a37.pth
2024-11-15 16:54:11,643 - INFO - load checkpoint from http path: https://download.openmmlab.com/mmaction/recognition/csn/ircsn_from_scratch_r50_ig65m_20210617-ce545a37.pth
2024-11-15 16:55:54,560 - INFO - Epoch [1/60], Train Loss: 3.6010, Train Accuracy: 0.1090
2024-11-15 16:56:23,458 - INFO - load model from: https://download.openmmlab.com/mmaction/recognition/csn/ircsn_from_scratch_r50_ig65m_20210617-ce545a37.pth
2024-11-15 16:56:23,459 - INFO - load checkpoint from http path: https://download.openmmlab.com/mmaction/recognition/csn/ircsn_from_scratch_r50_ig65m_20210617-ce545a37.pth
2024-11-15 16:56:23,490 - WARNING - The model and loaded state dict do not match exactly

size mismatch for layer1.0.conv2.0.conv.weight: copying a param with shape torch.Size([64, 1, 3, 3, 3]) from checkpoint, the shape in current model is torch.Size([64, 64, 1, 1, 1]).
size mismatch for layer1.1.conv2.0.conv.weight: copying a param with shape torch.Size([64, 1, 3, 3, 3]) from checkpoint, the shape in current model is torch.Size([64, 64, 1, 1, 1]).
size mismatch for layer1.2.conv2.0.conv.weight: copying a param with shape torch.Size([64, 1, 3, 3, 3]) from checkpoint, the shape in current model is torch.Size([64, 64, 1, 1, 1]).
size mismatch for layer2.0.conv2.0.conv.weight: copying a param with shape torch.Size([128, 1, 3, 3, 3]) from checkpoint, the shape in current model is torch.Size([128, 128, 1, 1, 1]).
size mismatch for layer2.1.conv2.0.conv.weight: copying a param with shape torch.Size([128, 1, 3, 3, 3]) from checkpoint, the shape in current model is torch.Size([128, 128, 1, 1, 1]).
size mismatch for layer2.2.conv2.0.conv.weight: copying a param with shape torch.Size([128, 1, 3, 3, 3]) from checkpoint, the shape in current model is torch.Size([128, 128, 1, 1, 1]).
size mismatch for layer2.3.conv2.0.conv.weight: copying a param with shape torch.Size([128, 1, 3, 3, 3]) from checkpoint, the shape in current model is torch.Size([128, 128, 1, 1, 1]).
size mismatch for layer3.0.conv2.0.conv.weight: copying a param with shape torch.Size([256, 1, 3, 3, 3]) from checkpoint, the shape in current model is torch.Size([256, 256, 1, 1, 1]).
size mismatch for layer3.1.conv2.0.conv.weight: copying a param with shape torch.Size([256, 1, 3, 3, 3]) from checkpoint, the shape in current model is torch.Size([256, 256, 1, 1, 1]).
size mismatch for layer3.2.conv2.0.conv.weight: copying a param with shape torch.Size([256, 1, 3, 3, 3]) from checkpoint, the shape in current model is torch.Size([256, 256, 1, 1, 1]).
size mismatch for layer3.3.conv2.0.conv.weight: copying a param with shape torch.Size([256, 1, 3, 3, 3]) from checkpoint, the shape in current model is torch.Size([256, 256, 1, 1, 1]).
size mismatch for layer3.4.conv2.0.conv.weight: copying a param with shape torch.Size([256, 1, 3, 3, 3]) from checkpoint, the shape in current model is torch.Size([256, 256, 1, 1, 1]).
size mismatch for layer3.5.conv2.0.conv.weight: copying a param with shape torch.Size([256, 1, 3, 3, 3]) from checkpoint, the shape in current model is torch.Size([256, 256, 1, 1, 1]).
size mismatch for layer4.0.conv2.0.conv.weight: copying a param with shape torch.Size([512, 1, 3, 3, 3]) from checkpoint, the shape in current model is torch.Size([512, 512, 1, 1, 1]).
size mismatch for layer4.1.conv2.0.conv.weight: copying a param with shape torch.Size([512, 1, 3, 3, 3]) from checkpoint, the shape in current model is torch.Size([512, 512, 1, 1, 1]).
size mismatch for layer4.2.conv2.0.conv.weight: copying a param with shape torch.Size([512, 1, 3, 3, 3]) from checkpoint, the shape in current model is torch.Size([512, 512, 1, 1, 1]).
missing keys in source state_dict: layer1.0.conv2.1.conv.weight, layer1.0.conv2.1.bn.weight, layer1.0.conv2.1.bn.bias, layer1.0.conv2.1.bn.running_mean, layer1.0.conv2.1.bn.running_var, layer1.1.conv2.1.conv.weight, layer1.1.conv2.1.bn.weight, layer1.1.conv2.1.bn.bias, layer1.1.conv2.1.bn.running_mean, layer1.1.conv2.1.bn.running_var, layer1.2.conv2.1.conv.weight, layer1.2.conv2.1.bn.weight, layer1.2.conv2.1.bn.bias, layer1.2.conv2.1.bn.running_mean, layer1.2.conv2.1.bn.running_var, layer2.0.conv2.1.conv.weight, layer2.0.conv2.1.bn.weight, layer2.0.conv2.1.bn.bias, layer2.0.conv2.1.bn.running_mean, layer2.0.conv2.1.bn.running_var, layer2.1.conv2.1.conv.weight, layer2.1.conv2.1.bn.weight, layer2.1.conv2.1.bn.bias, layer2.1.conv2.1.bn.running_mean, layer2.1.conv2.1.bn.running_var, layer2.2.conv2.1.conv.weight, layer2.2.conv2.1.bn.weight, layer2.2.conv2.1.bn.bias, layer2.2.conv2.1.bn.running_mean, layer2.2.conv2.1.bn.running_var, layer2.3.conv2.1.conv.weight, layer2.3.conv2.1.bn.weight, layer2.3.conv2.1.bn.bias, layer2.3.conv2.1.bn.running_mean, layer2.3.conv2.1.bn.running_var, layer3.0.conv2.1.conv.weight, layer3.0.conv2.1.bn.weight, layer3.0.conv2.1.bn.bias, layer3.0.conv2.1.bn.running_mean, layer3.0.conv2.1.bn.running_var, layer3.1.conv2.1.conv.weight, layer3.1.conv2.1.bn.weight, layer3.1.conv2.1.bn.bias, layer3.1.conv2.1.bn.running_mean, layer3.1.conv2.1.bn.running_var, layer3.2.conv2.1.conv.weight, layer3.2.conv2.1.bn.weight, layer3.2.conv2.1.bn.bias, layer3.2.conv2.1.bn.running_mean, layer3.2.conv2.1.bn.running_var, layer3.3.conv2.1.conv.weight, layer3.3.conv2.1.bn.weight, layer3.3.conv2.1.bn.bias, layer3.3.conv2.1.bn.running_mean, layer3.3.conv2.1.bn.running_var, layer3.4.conv2.1.conv.weight, layer3.4.conv2.1.bn.weight, layer3.4.conv2.1.bn.bias, layer3.4.conv2.1.bn.running_mean, layer3.4.conv2.1.bn.running_var, layer3.5.conv2.1.conv.weight, layer3.5.conv2.1.bn.weight, layer3.5.conv2.1.bn.bias, layer3.5.conv2.1.bn.running_mean, layer3.5.conv2.1.bn.running_var, layer4.0.conv2.1.conv.weight, layer4.0.conv2.1.bn.weight, layer4.0.conv2.1.bn.bias, layer4.0.conv2.1.bn.running_mean, layer4.0.conv2.1.bn.running_var, layer4.1.conv2.1.conv.weight, layer4.1.conv2.1.bn.weight, layer4.1.conv2.1.bn.bias, layer4.1.conv2.1.bn.running_mean, layer4.1.conv2.1.bn.running_var, layer4.2.conv2.1.conv.weight, layer4.2.conv2.1.bn.weight, layer4.2.conv2.1.bn.bias, layer4.2.conv2.1.bn.running_mean, layer4.2.conv2.1.bn.running_var

2024-11-15 16:58:16,179 - INFO - Epoch [1/60], Train Loss: 3.9797, Train Accuracy: 0.0140
2024-11-15 16:58:45,709 - INFO - load model from: https://download.openmmlab.com/mmaction/recognition/csn/ircsn_from_scratch_r50_ig65m_20210617-ce545a37.pth
2024-11-15 16:58:45,710 - INFO - load checkpoint from http path: https://download.openmmlab.com/mmaction/recognition/csn/ircsn_from_scratch_r50_ig65m_20210617-ce545a37.pth
2024-11-15 17:00:56,890 - INFO - Epoch [1/60], Train Loss: 3.9405, Train Accuracy: 0.0249
2024-11-15 17:01:25,604 - INFO - load model from: https://download.openmmlab.com/mmaction/recognition/csn/ircsn_from_scratch_r50_ig65m_20210617-ce545a37.pth
2024-11-15 17:01:25,605 - INFO - load checkpoint from http path: https://download.openmmlab.com/mmaction/recognition/csn/ircsn_from_scratch_r50_ig65m_20210617-ce545a37.pth
2024-11-15 17:01:25,634 - WARNING - The model and loaded state dict do not match exactly

size mismatch for layer1.0.conv2.0.conv.weight: copying a param with shape torch.Size([64, 1, 3, 3, 3]) from checkpoint, the shape in current model is torch.Size([64, 64, 1, 1, 1]).
size mismatch for layer1.1.conv2.0.conv.weight: copying a param with shape torch.Size([64, 1, 3, 3, 3]) from checkpoint, the shape in current model is torch.Size([64, 64, 1, 1, 1]).
size mismatch for layer1.2.conv2.0.conv.weight: copying a param with shape torch.Size([64, 1, 3, 3, 3]) from checkpoint, the shape in current model is torch.Size([64, 64, 1, 1, 1]).
size mismatch for layer2.0.conv2.0.conv.weight: copying a param with shape torch.Size([128, 1, 3, 3, 3]) from checkpoint, the shape in current model is torch.Size([128, 128, 1, 1, 1]).
size mismatch for layer2.1.conv2.0.conv.weight: copying a param with shape torch.Size([128, 1, 3, 3, 3]) from checkpoint, the shape in current model is torch.Size([128, 128, 1, 1, 1]).
size mismatch for layer2.2.conv2.0.conv.weight: copying a param with shape torch.Size([128, 1, 3, 3, 3]) from checkpoint, the shape in current model is torch.Size([128, 128, 1, 1, 1]).
size mismatch for layer2.3.conv2.0.conv.weight: copying a param with shape torch.Size([128, 1, 3, 3, 3]) from checkpoint, the shape in current model is torch.Size([128, 128, 1, 1, 1]).
size mismatch for layer3.0.conv2.0.conv.weight: copying a param with shape torch.Size([256, 1, 3, 3, 3]) from checkpoint, the shape in current model is torch.Size([256, 256, 1, 1, 1]).
size mismatch for layer3.1.conv2.0.conv.weight: copying a param with shape torch.Size([256, 1, 3, 3, 3]) from checkpoint, the shape in current model is torch.Size([256, 256, 1, 1, 1]).
size mismatch for layer3.2.conv2.0.conv.weight: copying a param with shape torch.Size([256, 1, 3, 3, 3]) from checkpoint, the shape in current model is torch.Size([256, 256, 1, 1, 1]).
size mismatch for layer3.3.conv2.0.conv.weight: copying a param with shape torch.Size([256, 1, 3, 3, 3]) from checkpoint, the shape in current model is torch.Size([256, 256, 1, 1, 1]).
size mismatch for layer3.4.conv2.0.conv.weight: copying a param with shape torch.Size([256, 1, 3, 3, 3]) from checkpoint, the shape in current model is torch.Size([256, 256, 1, 1, 1]).
size mismatch for layer3.5.conv2.0.conv.weight: copying a param with shape torch.Size([256, 1, 3, 3, 3]) from checkpoint, the shape in current model is torch.Size([256, 256, 1, 1, 1]).
size mismatch for layer4.0.conv2.0.conv.weight: copying a param with shape torch.Size([512, 1, 3, 3, 3]) from checkpoint, the shape in current model is torch.Size([512, 512, 1, 1, 1]).
size mismatch for layer4.1.conv2.0.conv.weight: copying a param with shape torch.Size([512, 1, 3, 3, 3]) from checkpoint, the shape in current model is torch.Size([512, 512, 1, 1, 1]).
size mismatch for layer4.2.conv2.0.conv.weight: copying a param with shape torch.Size([512, 1, 3, 3, 3]) from checkpoint, the shape in current model is torch.Size([512, 512, 1, 1, 1]).
missing keys in source state_dict: layer1.0.conv2.1.conv.weight, layer1.0.conv2.1.bn.weight, layer1.0.conv2.1.bn.bias, layer1.0.conv2.1.bn.running_mean, layer1.0.conv2.1.bn.running_var, layer1.1.conv2.1.conv.weight, layer1.1.conv2.1.bn.weight, layer1.1.conv2.1.bn.bias, layer1.1.conv2.1.bn.running_mean, layer1.1.conv2.1.bn.running_var, layer1.2.conv2.1.conv.weight, layer1.2.conv2.1.bn.weight, layer1.2.conv2.1.bn.bias, layer1.2.conv2.1.bn.running_mean, layer1.2.conv2.1.bn.running_var, layer2.0.conv2.1.conv.weight, layer2.0.conv2.1.bn.weight, layer2.0.conv2.1.bn.bias, layer2.0.conv2.1.bn.running_mean, layer2.0.conv2.1.bn.running_var, layer2.1.conv2.1.conv.weight, layer2.1.conv2.1.bn.weight, layer2.1.conv2.1.bn.bias, layer2.1.conv2.1.bn.running_mean, layer2.1.conv2.1.bn.running_var, layer2.2.conv2.1.conv.weight, layer2.2.conv2.1.bn.weight, layer2.2.conv2.1.bn.bias, layer2.2.conv2.1.bn.running_mean, layer2.2.conv2.1.bn.running_var, layer2.3.conv2.1.conv.weight, layer2.3.conv2.1.bn.weight, layer2.3.conv2.1.bn.bias, layer2.3.conv2.1.bn.running_mean, layer2.3.conv2.1.bn.running_var, layer3.0.conv2.1.conv.weight, layer3.0.conv2.1.bn.weight, layer3.0.conv2.1.bn.bias, layer3.0.conv2.1.bn.running_mean, layer3.0.conv2.1.bn.running_var, layer3.1.conv2.1.conv.weight, layer3.1.conv2.1.bn.weight, layer3.1.conv2.1.bn.bias, layer3.1.conv2.1.bn.running_mean, layer3.1.conv2.1.bn.running_var, layer3.2.conv2.1.conv.weight, layer3.2.conv2.1.bn.weight, layer3.2.conv2.1.bn.bias, layer3.2.conv2.1.bn.running_mean, layer3.2.conv2.1.bn.running_var, layer3.3.conv2.1.conv.weight, layer3.3.conv2.1.bn.weight, layer3.3.conv2.1.bn.bias, layer3.3.conv2.1.bn.running_mean, layer3.3.conv2.1.bn.running_var, layer3.4.conv2.1.conv.weight, layer3.4.conv2.1.bn.weight, layer3.4.conv2.1.bn.bias, layer3.4.conv2.1.bn.running_mean, layer3.4.conv2.1.bn.running_var, layer3.5.conv2.1.conv.weight, layer3.5.conv2.1.bn.weight, layer3.5.conv2.1.bn.bias, layer3.5.conv2.1.bn.running_mean, layer3.5.conv2.1.bn.running_var, layer4.0.conv2.1.conv.weight, layer4.0.conv2.1.bn.weight, layer4.0.conv2.1.bn.bias, layer4.0.conv2.1.bn.running_mean, layer4.0.conv2.1.bn.running_var, layer4.1.conv2.1.conv.weight, layer4.1.conv2.1.bn.weight, layer4.1.conv2.1.bn.bias, layer4.1.conv2.1.bn.running_mean, layer4.1.conv2.1.bn.running_var, layer4.2.conv2.1.conv.weight, layer4.2.conv2.1.bn.weight, layer4.2.conv2.1.bn.bias, layer4.2.conv2.1.bn.running_mean, layer4.2.conv2.1.bn.running_var

2024-11-15 17:03:18,507 - INFO - Epoch [1/60], Train Loss: 3.9694, Train Accuracy: 0.0134
2024-11-15 17:03:47,785 - INFO - load model from: https://download.openmmlab.com/mmaction/recognition/csn/ircsn_from_scratch_r50_ig65m_20210617-ce545a37.pth
2024-11-15 17:03:47,786 - INFO - load checkpoint from http path: https://download.openmmlab.com/mmaction/recognition/csn/ircsn_from_scratch_r50_ig65m_20210617-ce545a37.pth
2024-11-15 17:05:44,722 - INFO - Epoch [1/60], Train Loss: 3.7300, Train Accuracy: 0.1350
2024-11-15 17:06:13,397 - INFO - load model from: https://download.openmmlab.com/mmaction/recognition/csn/ircsn_from_scratch_r50_ig65m_20210617-ce545a37.pth
2024-11-15 17:06:13,398 - INFO - load checkpoint from http path: https://download.openmmlab.com/mmaction/recognition/csn/ircsn_from_scratch_r50_ig65m_20210617-ce545a37.pth
2024-11-15 17:06:13,426 - WARNING - The model and loaded state dict do not match exactly

size mismatch for layer1.0.conv2.0.conv.weight: copying a param with shape torch.Size([64, 1, 3, 3, 3]) from checkpoint, the shape in current model is torch.Size([64, 64, 1, 1, 1]).
size mismatch for layer1.1.conv2.0.conv.weight: copying a param with shape torch.Size([64, 1, 3, 3, 3]) from checkpoint, the shape in current model is torch.Size([64, 64, 1, 1, 1]).
size mismatch for layer1.2.conv2.0.conv.weight: copying a param with shape torch.Size([64, 1, 3, 3, 3]) from checkpoint, the shape in current model is torch.Size([64, 64, 1, 1, 1]).
size mismatch for layer2.0.conv2.0.conv.weight: copying a param with shape torch.Size([128, 1, 3, 3, 3]) from checkpoint, the shape in current model is torch.Size([128, 128, 1, 1, 1]).
size mismatch for layer2.1.conv2.0.conv.weight: copying a param with shape torch.Size([128, 1, 3, 3, 3]) from checkpoint, the shape in current model is torch.Size([128, 128, 1, 1, 1]).
size mismatch for layer2.2.conv2.0.conv.weight: copying a param with shape torch.Size([128, 1, 3, 3, 3]) from checkpoint, the shape in current model is torch.Size([128, 128, 1, 1, 1]).
size mismatch for layer2.3.conv2.0.conv.weight: copying a param with shape torch.Size([128, 1, 3, 3, 3]) from checkpoint, the shape in current model is torch.Size([128, 128, 1, 1, 1]).
size mismatch for layer3.0.conv2.0.conv.weight: copying a param with shape torch.Size([256, 1, 3, 3, 3]) from checkpoint, the shape in current model is torch.Size([256, 256, 1, 1, 1]).
size mismatch for layer3.1.conv2.0.conv.weight: copying a param with shape torch.Size([256, 1, 3, 3, 3]) from checkpoint, the shape in current model is torch.Size([256, 256, 1, 1, 1]).
size mismatch for layer3.2.conv2.0.conv.weight: copying a param with shape torch.Size([256, 1, 3, 3, 3]) from checkpoint, the shape in current model is torch.Size([256, 256, 1, 1, 1]).
size mismatch for layer3.3.conv2.0.conv.weight: copying a param with shape torch.Size([256, 1, 3, 3, 3]) from checkpoint, the shape in current model is torch.Size([256, 256, 1, 1, 1]).
size mismatch for layer3.4.conv2.0.conv.weight: copying a param with shape torch.Size([256, 1, 3, 3, 3]) from checkpoint, the shape in current model is torch.Size([256, 256, 1, 1, 1]).
size mismatch for layer3.5.conv2.0.conv.weight: copying a param with shape torch.Size([256, 1, 3, 3, 3]) from checkpoint, the shape in current model is torch.Size([256, 256, 1, 1, 1]).
size mismatch for layer4.0.conv2.0.conv.weight: copying a param with shape torch.Size([512, 1, 3, 3, 3]) from checkpoint, the shape in current model is torch.Size([512, 512, 1, 1, 1]).
size mismatch for layer4.1.conv2.0.conv.weight: copying a param with shape torch.Size([512, 1, 3, 3, 3]) from checkpoint, the shape in current model is torch.Size([512, 512, 1, 1, 1]).
size mismatch for layer4.2.conv2.0.conv.weight: copying a param with shape torch.Size([512, 1, 3, 3, 3]) from checkpoint, the shape in current model is torch.Size([512, 512, 1, 1, 1]).
missing keys in source state_dict: layer1.0.conv2.1.conv.weight, layer1.0.conv2.1.bn.weight, layer1.0.conv2.1.bn.bias, layer1.0.conv2.1.bn.running_mean, layer1.0.conv2.1.bn.running_var, layer1.1.conv2.1.conv.weight, layer1.1.conv2.1.bn.weight, layer1.1.conv2.1.bn.bias, layer1.1.conv2.1.bn.running_mean, layer1.1.conv2.1.bn.running_var, layer1.2.conv2.1.conv.weight, layer1.2.conv2.1.bn.weight, layer1.2.conv2.1.bn.bias, layer1.2.conv2.1.bn.running_mean, layer1.2.conv2.1.bn.running_var, layer2.0.conv2.1.conv.weight, layer2.0.conv2.1.bn.weight, layer2.0.conv2.1.bn.bias, layer2.0.conv2.1.bn.running_mean, layer2.0.conv2.1.bn.running_var, layer2.1.conv2.1.conv.weight, layer2.1.conv2.1.bn.weight, layer2.1.conv2.1.bn.bias, layer2.1.conv2.1.bn.running_mean, layer2.1.conv2.1.bn.running_var, layer2.2.conv2.1.conv.weight, layer2.2.conv2.1.bn.weight, layer2.2.conv2.1.bn.bias, layer2.2.conv2.1.bn.running_mean, layer2.2.conv2.1.bn.running_var, layer2.3.conv2.1.conv.weight, layer2.3.conv2.1.bn.weight, layer2.3.conv2.1.bn.bias, layer2.3.conv2.1.bn.running_mean, layer2.3.conv2.1.bn.running_var, layer3.0.conv2.1.conv.weight, layer3.0.conv2.1.bn.weight, layer3.0.conv2.1.bn.bias, layer3.0.conv2.1.bn.running_mean, layer3.0.conv2.1.bn.running_var, layer3.1.conv2.1.conv.weight, layer3.1.conv2.1.bn.weight, layer3.1.conv2.1.bn.bias, layer3.1.conv2.1.bn.running_mean, layer3.1.conv2.1.bn.running_var, layer3.2.conv2.1.conv.weight, layer3.2.conv2.1.bn.weight, layer3.2.conv2.1.bn.bias, layer3.2.conv2.1.bn.running_mean, layer3.2.conv2.1.bn.running_var, layer3.3.conv2.1.conv.weight, layer3.3.conv2.1.bn.weight, layer3.3.conv2.1.bn.bias, layer3.3.conv2.1.bn.running_mean, layer3.3.conv2.1.bn.running_var, layer3.4.conv2.1.conv.weight, layer3.4.conv2.1.bn.weight, layer3.4.conv2.1.bn.bias, layer3.4.conv2.1.bn.running_mean, layer3.4.conv2.1.bn.running_var, layer3.5.conv2.1.conv.weight, layer3.5.conv2.1.bn.weight, layer3.5.conv2.1.bn.bias, layer3.5.conv2.1.bn.running_mean, layer3.5.conv2.1.bn.running_var, layer4.0.conv2.1.conv.weight, layer4.0.conv2.1.bn.weight, layer4.0.conv2.1.bn.bias, layer4.0.conv2.1.bn.running_mean, layer4.0.conv2.1.bn.running_var, layer4.1.conv2.1.conv.weight, layer4.1.conv2.1.bn.weight, layer4.1.conv2.1.bn.bias, layer4.1.conv2.1.bn.running_mean, layer4.1.conv2.1.bn.running_var, layer4.2.conv2.1.conv.weight, layer4.2.conv2.1.bn.weight, layer4.2.conv2.1.bn.bias, layer4.2.conv2.1.bn.running_mean, layer4.2.conv2.1.bn.running_var

2024-11-15 17:08:23,088 - INFO - Epoch [1/60], Train Loss: 3.9898, Train Accuracy: 0.0193
2024-11-15 17:08:52,209 - INFO - load model from: https://download.openmmlab.com/mmaction/recognition/csn/ircsn_from_scratch_r50_ig65m_20210617-ce545a37.pth
2024-11-15 17:08:52,210 - INFO - load checkpoint from http path: https://download.openmmlab.com/mmaction/recognition/csn/ircsn_from_scratch_r50_ig65m_20210617-ce545a37.pth
2024-11-15 17:10:35,012 - INFO - Epoch [1/60], Train Loss: 3.3099, Train Accuracy: 0.1731
2024-11-15 17:12:45,779 - INFO - Epoch [2/60], Train Loss: 2.1175, Train Accuracy: 0.4367
2024-11-15 17:13:14,343 - INFO - load model from: https://download.openmmlab.com/mmaction/recognition/csn/ircsn_from_scratch_r50_ig65m_20210617-ce545a37.pth
2024-11-15 17:13:14,343 - INFO - load checkpoint from http path: https://download.openmmlab.com/mmaction/recognition/csn/ircsn_from_scratch_r50_ig65m_20210617-ce545a37.pth
2024-11-15 17:14:57,223 - INFO - Epoch [1/60], Train Loss: 3.7315, Train Accuracy: 0.0835
2024-11-15 17:15:25,852 - INFO - load model from: https://download.openmmlab.com/mmaction/recognition/csn/ircsn_from_scratch_r50_ig65m_20210617-ce545a37.pth
2024-11-15 17:15:25,853 - INFO - load checkpoint from http path: https://download.openmmlab.com/mmaction/recognition/csn/ircsn_from_scratch_r50_ig65m_20210617-ce545a37.pth
2024-11-15 17:17:08,813 - INFO - Epoch [1/60], Train Loss: 3.3883, Train Accuracy: 0.1504
2024-11-15 17:19:19,877 - INFO - Epoch [2/60], Train Loss: 2.1692, Train Accuracy: 0.4146
2024-11-15 17:21:30,591 - INFO - Epoch [3/60], Train Loss: 1.7165, Train Accuracy: 0.5221
2024-11-15 17:23:41,543 - INFO - Epoch [4/60], Train Loss: 1.4698, Train Accuracy: 0.5815
2024-11-15 17:25:52,378 - INFO - Epoch [5/60], Train Loss: 1.3162, Train Accuracy: 0.6322
2024-11-15 17:28:03,012 - INFO - Epoch [6/60], Train Loss: 1.2071, Train Accuracy: 0.6669
2024-11-15 17:30:13,618 - INFO - Epoch [7/60], Train Loss: 1.1126, Train Accuracy: 0.6857
2024-11-15 17:32:24,688 - INFO - Epoch [8/60], Train Loss: 1.0273, Train Accuracy: 0.7098
2024-11-15 17:34:35,917 - INFO - Epoch [9/60], Train Loss: 0.9963, Train Accuracy: 0.7154
2024-11-15 17:36:46,881 - INFO - Epoch [10/60], Train Loss: 0.9623, Train Accuracy: 0.7303
2024-11-15 17:38:58,102 - INFO - Epoch [11/60], Train Loss: 0.8806, Train Accuracy: 0.7529
2024-11-15 17:41:09,236 - INFO - Epoch [12/60], Train Loss: 0.8803, Train Accuracy: 0.7549
2024-11-15 17:41:37,953 - INFO - load model from: https://download.openmmlab.com/mmaction/recognition/csn/ircsn_from_scratch_r50_ig65m_20210617-ce545a37.pth
2024-11-15 17:41:37,954 - INFO - load checkpoint from http path: https://download.openmmlab.com/mmaction/recognition/csn/ircsn_from_scratch_r50_ig65m_20210617-ce545a37.pth
2024-11-15 17:43:34,606 - INFO - Epoch [1/60], Train Loss: 3.8509, Train Accuracy: 0.0812
2024-11-15 17:44:03,440 - INFO - load model from: https://download.openmmlab.com/mmaction/recognition/csn/ircsn_from_scratch_r50_ig65m_20210617-ce545a37.pth
2024-11-15 17:44:03,441 - INFO - load checkpoint from http path: https://download.openmmlab.com/mmaction/recognition/csn/ircsn_from_scratch_r50_ig65m_20210617-ce545a37.pth
2024-11-15 17:45:45,944 - INFO - Epoch [1/60], Train Loss: 3.7352, Train Accuracy: 0.0796
2024-11-15 17:46:14,419 - INFO - load model from: https://download.openmmlab.com/mmaction/recognition/csn/ircsn_from_scratch_r50_ig65m_20210617-ce545a37.pth
2024-11-15 17:46:14,420 - INFO - load checkpoint from http path: https://download.openmmlab.com/mmaction/recognition/csn/ircsn_from_scratch_r50_ig65m_20210617-ce545a37.pth
2024-11-15 17:48:07,480 - INFO - Epoch [1/60], Train Loss: 3.6349, Train Accuracy: 0.1008
2024-11-15 17:48:36,164 - INFO - load model from: https://download.openmmlab.com/mmaction/recognition/csn/ircsn_from_scratch_r50_ig65m_20210617-ce545a37.pth
2024-11-15 17:48:36,165 - INFO - load checkpoint from http path: https://download.openmmlab.com/mmaction/recognition/csn/ircsn_from_scratch_r50_ig65m_20210617-ce545a37.pth
2024-11-15 17:48:36,194 - WARNING - The model and loaded state dict do not match exactly

size mismatch for layer1.0.conv2.0.conv.weight: copying a param with shape torch.Size([64, 1, 3, 3, 3]) from checkpoint, the shape in current model is torch.Size([64, 64, 1, 1, 1]).
size mismatch for layer1.1.conv2.0.conv.weight: copying a param with shape torch.Size([64, 1, 3, 3, 3]) from checkpoint, the shape in current model is torch.Size([64, 64, 1, 1, 1]).
size mismatch for layer1.2.conv2.0.conv.weight: copying a param with shape torch.Size([64, 1, 3, 3, 3]) from checkpoint, the shape in current model is torch.Size([64, 64, 1, 1, 1]).
size mismatch for layer2.0.conv2.0.conv.weight: copying a param with shape torch.Size([128, 1, 3, 3, 3]) from checkpoint, the shape in current model is torch.Size([128, 128, 1, 1, 1]).
size mismatch for layer2.1.conv2.0.conv.weight: copying a param with shape torch.Size([128, 1, 3, 3, 3]) from checkpoint, the shape in current model is torch.Size([128, 128, 1, 1, 1]).
size mismatch for layer2.2.conv2.0.conv.weight: copying a param with shape torch.Size([128, 1, 3, 3, 3]) from checkpoint, the shape in current model is torch.Size([128, 128, 1, 1, 1]).
size mismatch for layer2.3.conv2.0.conv.weight: copying a param with shape torch.Size([128, 1, 3, 3, 3]) from checkpoint, the shape in current model is torch.Size([128, 128, 1, 1, 1]).
size mismatch for layer3.0.conv2.0.conv.weight: copying a param with shape torch.Size([256, 1, 3, 3, 3]) from checkpoint, the shape in current model is torch.Size([256, 256, 1, 1, 1]).
size mismatch for layer3.1.conv2.0.conv.weight: copying a param with shape torch.Size([256, 1, 3, 3, 3]) from checkpoint, the shape in current model is torch.Size([256, 256, 1, 1, 1]).
size mismatch for layer3.2.conv2.0.conv.weight: copying a param with shape torch.Size([256, 1, 3, 3, 3]) from checkpoint, the shape in current model is torch.Size([256, 256, 1, 1, 1]).
size mismatch for layer3.3.conv2.0.conv.weight: copying a param with shape torch.Size([256, 1, 3, 3, 3]) from checkpoint, the shape in current model is torch.Size([256, 256, 1, 1, 1]).
size mismatch for layer3.4.conv2.0.conv.weight: copying a param with shape torch.Size([256, 1, 3, 3, 3]) from checkpoint, the shape in current model is torch.Size([256, 256, 1, 1, 1]).
size mismatch for layer3.5.conv2.0.conv.weight: copying a param with shape torch.Size([256, 1, 3, 3, 3]) from checkpoint, the shape in current model is torch.Size([256, 256, 1, 1, 1]).
size mismatch for layer4.0.conv2.0.conv.weight: copying a param with shape torch.Size([512, 1, 3, 3, 3]) from checkpoint, the shape in current model is torch.Size([512, 512, 1, 1, 1]).
size mismatch for layer4.1.conv2.0.conv.weight: copying a param with shape torch.Size([512, 1, 3, 3, 3]) from checkpoint, the shape in current model is torch.Size([512, 512, 1, 1, 1]).
size mismatch for layer4.2.conv2.0.conv.weight: copying a param with shape torch.Size([512, 1, 3, 3, 3]) from checkpoint, the shape in current model is torch.Size([512, 512, 1, 1, 1]).
missing keys in source state_dict: layer1.0.conv2.1.conv.weight, layer1.0.conv2.1.bn.weight, layer1.0.conv2.1.bn.bias, layer1.0.conv2.1.bn.running_mean, layer1.0.conv2.1.bn.running_var, layer1.1.conv2.1.conv.weight, layer1.1.conv2.1.bn.weight, layer1.1.conv2.1.bn.bias, layer1.1.conv2.1.bn.running_mean, layer1.1.conv2.1.bn.running_var, layer1.2.conv2.1.conv.weight, layer1.2.conv2.1.bn.weight, layer1.2.conv2.1.bn.bias, layer1.2.conv2.1.bn.running_mean, layer1.2.conv2.1.bn.running_var, layer2.0.conv2.1.conv.weight, layer2.0.conv2.1.bn.weight, layer2.0.conv2.1.bn.bias, layer2.0.conv2.1.bn.running_mean, layer2.0.conv2.1.bn.running_var, layer2.1.conv2.1.conv.weight, layer2.1.conv2.1.bn.weight, layer2.1.conv2.1.bn.bias, layer2.1.conv2.1.bn.running_mean, layer2.1.conv2.1.bn.running_var, layer2.2.conv2.1.conv.weight, layer2.2.conv2.1.bn.weight, layer2.2.conv2.1.bn.bias, layer2.2.conv2.1.bn.running_mean, layer2.2.conv2.1.bn.running_var, layer2.3.conv2.1.conv.weight, layer2.3.conv2.1.bn.weight, layer2.3.conv2.1.bn.bias, layer2.3.conv2.1.bn.running_mean, layer2.3.conv2.1.bn.running_var, layer3.0.conv2.1.conv.weight, layer3.0.conv2.1.bn.weight, layer3.0.conv2.1.bn.bias, layer3.0.conv2.1.bn.running_mean, layer3.0.conv2.1.bn.running_var, layer3.1.conv2.1.conv.weight, layer3.1.conv2.1.bn.weight, layer3.1.conv2.1.bn.bias, layer3.1.conv2.1.bn.running_mean, layer3.1.conv2.1.bn.running_var, layer3.2.conv2.1.conv.weight, layer3.2.conv2.1.bn.weight, layer3.2.conv2.1.bn.bias, layer3.2.conv2.1.bn.running_mean, layer3.2.conv2.1.bn.running_var, layer3.3.conv2.1.conv.weight, layer3.3.conv2.1.bn.weight, layer3.3.conv2.1.bn.bias, layer3.3.conv2.1.bn.running_mean, layer3.3.conv2.1.bn.running_var, layer3.4.conv2.1.conv.weight, layer3.4.conv2.1.bn.weight, layer3.4.conv2.1.bn.bias, layer3.4.conv2.1.bn.running_mean, layer3.4.conv2.1.bn.running_var, layer3.5.conv2.1.conv.weight, layer3.5.conv2.1.bn.weight, layer3.5.conv2.1.bn.bias, layer3.5.conv2.1.bn.running_mean, layer3.5.conv2.1.bn.running_var, layer4.0.conv2.1.conv.weight, layer4.0.conv2.1.bn.weight, layer4.0.conv2.1.bn.bias, layer4.0.conv2.1.bn.running_mean, layer4.0.conv2.1.bn.running_var, layer4.1.conv2.1.conv.weight, layer4.1.conv2.1.bn.weight, layer4.1.conv2.1.bn.bias, layer4.1.conv2.1.bn.running_mean, layer4.1.conv2.1.bn.running_var, layer4.2.conv2.1.conv.weight, layer4.2.conv2.1.bn.weight, layer4.2.conv2.1.bn.bias, layer4.2.conv2.1.bn.running_mean, layer4.2.conv2.1.bn.running_var

2024-11-15 17:50:45,163 - INFO - Epoch [1/60], Train Loss: 3.9627, Train Accuracy: 0.0227
2024-11-15 17:51:14,265 - INFO - load model from: https://download.openmmlab.com/mmaction/recognition/csn/ircsn_from_scratch_r50_ig65m_20210617-ce545a37.pth
2024-11-15 17:51:14,266 - INFO - load checkpoint from http path: https://download.openmmlab.com/mmaction/recognition/csn/ircsn_from_scratch_r50_ig65m_20210617-ce545a37.pth
2024-11-15 17:53:07,404 - INFO - Epoch [1/60], Train Loss: 3.9591, Train Accuracy: 0.0207
2024-11-15 17:53:36,223 - INFO - load model from: https://download.openmmlab.com/mmaction/recognition/csn/ircsn_from_scratch_r50_ig65m_20210617-ce545a37.pth
2024-11-15 17:53:36,224 - INFO - load checkpoint from http path: https://download.openmmlab.com/mmaction/recognition/csn/ircsn_from_scratch_r50_ig65m_20210617-ce545a37.pth
2024-11-15 17:55:33,153 - INFO - Epoch [1/60], Train Loss: 3.9273, Train Accuracy: 0.0314
2024-11-15 17:56:01,811 - INFO - load model from: https://download.openmmlab.com/mmaction/recognition/csn/ircsn_from_scratch_r50_ig65m_20210617-ce545a37.pth
2024-11-15 17:56:01,812 - INFO - load checkpoint from http path: https://download.openmmlab.com/mmaction/recognition/csn/ircsn_from_scratch_r50_ig65m_20210617-ce545a37.pth
2024-11-15 17:58:07,430 - INFO - Epoch [1/60], Train Loss: 3.9780, Train Accuracy: 0.0218
2024-11-15 17:58:36,289 - INFO - load model from: https://download.openmmlab.com/mmaction/recognition/csn/ircsn_from_scratch_r50_ig65m_20210617-ce545a37.pth
2024-11-15 17:58:36,290 - INFO - load checkpoint from http path: https://download.openmmlab.com/mmaction/recognition/csn/ircsn_from_scratch_r50_ig65m_20210617-ce545a37.pth
2024-11-15 18:00:18,403 - INFO - Epoch [1/60], Train Loss: 3.2507, Train Accuracy: 0.1762
2024-11-15 18:02:29,128 - INFO - Epoch [2/60], Train Loss: 2.0606, Train Accuracy: 0.4398
2024-11-15 18:04:40,222 - INFO - Epoch [3/60], Train Loss: 1.6248, Train Accuracy: 0.5507
2024-11-15 18:06:51,575 - INFO - Epoch [4/60], Train Loss: 1.4457, Train Accuracy: 0.6034
2024-11-15 18:09:02,675 - INFO - Epoch [5/60], Train Loss: 1.2774, Train Accuracy: 0.6398
2024-11-15 18:11:13,451 - INFO - Epoch [6/60], Train Loss: 1.1283, Train Accuracy: 0.6860
2024-11-15 18:13:24,246 - INFO - Epoch [7/60], Train Loss: 1.0728, Train Accuracy: 0.7034
2024-11-15 18:15:35,063 - INFO - Epoch [8/60], Train Loss: 0.9954, Train Accuracy: 0.7176
2024-11-15 18:17:45,529 - INFO - Epoch [9/60], Train Loss: 0.9749, Train Accuracy: 0.7266
2024-11-15 18:19:56,182 - INFO - Epoch [10/60], Train Loss: 0.8926, Train Accuracy: 0.7493
2024-11-15 18:20:24,816 - INFO - load model from: https://download.openmmlab.com/mmaction/recognition/csn/ircsn_from_scratch_r50_ig65m_20210617-ce545a37.pth
2024-11-15 18:20:24,817 - INFO - load checkpoint from http path: https://download.openmmlab.com/mmaction/recognition/csn/ircsn_from_scratch_r50_ig65m_20210617-ce545a37.pth
2024-11-15 18:22:07,563 - INFO - Epoch [1/60], Train Loss: 3.7130, Train Accuracy: 0.0941
2024-11-15 18:22:36,183 - INFO - load model from: https://download.openmmlab.com/mmaction/recognition/csn/ircsn_from_scratch_r50_ig65m_20210617-ce545a37.pth
2024-11-15 18:22:36,184 - INFO - load checkpoint from http path: https://download.openmmlab.com/mmaction/recognition/csn/ircsn_from_scratch_r50_ig65m_20210617-ce545a37.pth
2024-11-15 18:24:18,745 - INFO - Epoch [1/60], Train Loss: 3.6502, Train Accuracy: 0.1039
2024-11-15 18:24:47,518 - INFO - load model from: https://download.openmmlab.com/mmaction/recognition/csn/ircsn_from_scratch_r50_ig65m_20210617-ce545a37.pth
2024-11-15 18:24:47,518 - INFO - load checkpoint from http path: https://download.openmmlab.com/mmaction/recognition/csn/ircsn_from_scratch_r50_ig65m_20210617-ce545a37.pth
2024-11-15 18:26:30,314 - INFO - Epoch [1/60], Train Loss: 3.3196, Train Accuracy: 0.1664
2024-11-15 18:28:40,911 - INFO - Epoch [2/60], Train Loss: 2.1332, Train Accuracy: 0.4244
2024-11-15 18:30:52,008 - INFO - Epoch [3/60], Train Loss: 1.6903, Train Accuracy: 0.5367
2024-11-15 18:33:03,354 - INFO - Epoch [4/60], Train Loss: 1.4806, Train Accuracy: 0.5936
2024-11-15 18:35:14,303 - INFO - Epoch [5/60], Train Loss: 1.2720, Train Accuracy: 0.6403
2024-11-15 18:37:25,596 - INFO - Epoch [6/60], Train Loss: 1.2015, Train Accuracy: 0.6639
2024-11-15 18:37:53,893 - INFO - Best hyperparameters: {'dropout_ratio': 0.6795542149013333, 'lr': 7.886714129990479e-06, 'max_norm': 41, 'with_pool2': True, 'bottleneck_mode': 'ir', 'norm_eval': False, 'bn_frozen': False}
2024-11-15 18:37:53,896 - INFO - Best validation accuracy: 0.774510
